[2023-12-09T07:05:55.984+0530] {processor.py:157} INFO - Started process (PID=4765) to work on /home/rajabala/Desktop/projects/Airflow/airflow_env/lib/python3.9/site-packages/airflow/example_dags/subdags/subdag.py
[2023-12-09T07:05:55.984+0530] {processor.py:829} INFO - Processing file /home/rajabala/Desktop/projects/Airflow/airflow_env/lib/python3.9/site-packages/airflow/example_dags/subdags/subdag.py for tasks to queue
[2023-12-09T07:05:55.985+0530] {logging_mixin.py:154} INFO - [2023-12-09T07:05:55.985+0530] {dagbag.py:536} INFO - Filling up the DagBag from /home/rajabala/Desktop/projects/Airflow/airflow_env/lib/python3.9/site-packages/airflow/example_dags/subdags/subdag.py
[2023-12-09T07:05:55.987+0530] {processor.py:841} WARNING - No viable dags retrieved from /home/rajabala/Desktop/projects/Airflow/airflow_env/lib/python3.9/site-packages/airflow/example_dags/subdags/subdag.py
[2023-12-09T07:05:55.995+0530] {processor.py:179} INFO - Processing /home/rajabala/Desktop/projects/Airflow/airflow_env/lib/python3.9/site-packages/airflow/example_dags/subdags/subdag.py took 0.013 seconds
[2023-12-09T07:06:48.904+0530] {processor.py:157} INFO - Started process (PID=5626) to work on /home/rajabala/Desktop/projects/Airflow/airflow_env/lib/python3.9/site-packages/airflow/example_dags/subdags/subdag.py
[2023-12-09T07:06:48.907+0530] {processor.py:829} INFO - Processing file /home/rajabala/Desktop/projects/Airflow/airflow_env/lib/python3.9/site-packages/airflow/example_dags/subdags/subdag.py for tasks to queue
[2023-12-09T07:06:48.908+0530] {logging_mixin.py:154} INFO - [2023-12-09T07:06:48.908+0530] {dagbag.py:536} INFO - Filling up the DagBag from /home/rajabala/Desktop/projects/Airflow/airflow_env/lib/python3.9/site-packages/airflow/example_dags/subdags/subdag.py
[2023-12-09T07:06:48.911+0530] {processor.py:841} WARNING - No viable dags retrieved from /home/rajabala/Desktop/projects/Airflow/airflow_env/lib/python3.9/site-packages/airflow/example_dags/subdags/subdag.py
[2023-12-09T07:06:48.921+0530] {processor.py:179} INFO - Processing /home/rajabala/Desktop/projects/Airflow/airflow_env/lib/python3.9/site-packages/airflow/example_dags/subdags/subdag.py took 0.020 seconds
[2023-12-09T07:07:25.810+0530] {processor.py:157} INFO - Started process (PID=5881) to work on /home/rajabala/Desktop/projects/Airflow/airflow_env/lib/python3.9/site-packages/airflow/example_dags/subdags/subdag.py
[2023-12-09T07:07:25.812+0530] {processor.py:829} INFO - Processing file /home/rajabala/Desktop/projects/Airflow/airflow_env/lib/python3.9/site-packages/airflow/example_dags/subdags/subdag.py for tasks to queue
[2023-12-09T07:07:25.812+0530] {logging_mixin.py:154} INFO - [2023-12-09T07:07:25.812+0530] {dagbag.py:536} INFO - Filling up the DagBag from /home/rajabala/Desktop/projects/Airflow/airflow_env/lib/python3.9/site-packages/airflow/example_dags/subdags/subdag.py
[2023-12-09T07:07:25.815+0530] {processor.py:841} WARNING - No viable dags retrieved from /home/rajabala/Desktop/projects/Airflow/airflow_env/lib/python3.9/site-packages/airflow/example_dags/subdags/subdag.py
[2023-12-09T07:07:25.824+0530] {processor.py:179} INFO - Processing /home/rajabala/Desktop/projects/Airflow/airflow_env/lib/python3.9/site-packages/airflow/example_dags/subdags/subdag.py took 0.017 seconds
[2023-12-09T07:08:09.032+0530] {processor.py:157} INFO - Started process (PID=6152) to work on /home/rajabala/Desktop/projects/Airflow/airflow_env/lib/python3.9/site-packages/airflow/example_dags/subdags/subdag.py
[2023-12-09T07:08:09.035+0530] {processor.py:829} INFO - Processing file /home/rajabala/Desktop/projects/Airflow/airflow_env/lib/python3.9/site-packages/airflow/example_dags/subdags/subdag.py for tasks to queue
[2023-12-09T07:08:09.036+0530] {logging_mixin.py:154} INFO - [2023-12-09T07:08:09.036+0530] {dagbag.py:536} INFO - Filling up the DagBag from /home/rajabala/Desktop/projects/Airflow/airflow_env/lib/python3.9/site-packages/airflow/example_dags/subdags/subdag.py
[2023-12-09T07:08:09.038+0530] {processor.py:841} WARNING - No viable dags retrieved from /home/rajabala/Desktop/projects/Airflow/airflow_env/lib/python3.9/site-packages/airflow/example_dags/subdags/subdag.py
[2023-12-09T07:08:09.049+0530] {processor.py:179} INFO - Processing /home/rajabala/Desktop/projects/Airflow/airflow_env/lib/python3.9/site-packages/airflow/example_dags/subdags/subdag.py took 0.020 seconds
[2023-12-09T07:08:54.360+0530] {processor.py:157} INFO - Started process (PID=6323) to work on /home/rajabala/Desktop/projects/Airflow/airflow_env/lib/python3.9/site-packages/airflow/example_dags/subdags/subdag.py
[2023-12-09T07:08:54.361+0530] {processor.py:829} INFO - Processing file /home/rajabala/Desktop/projects/Airflow/airflow_env/lib/python3.9/site-packages/airflow/example_dags/subdags/subdag.py for tasks to queue
[2023-12-09T07:08:54.362+0530] {logging_mixin.py:154} INFO - [2023-12-09T07:08:54.362+0530] {dagbag.py:536} INFO - Filling up the DagBag from /home/rajabala/Desktop/projects/Airflow/airflow_env/lib/python3.9/site-packages/airflow/example_dags/subdags/subdag.py
[2023-12-09T07:08:54.364+0530] {processor.py:841} WARNING - No viable dags retrieved from /home/rajabala/Desktop/projects/Airflow/airflow_env/lib/python3.9/site-packages/airflow/example_dags/subdags/subdag.py
[2023-12-09T07:08:54.371+0530] {processor.py:179} INFO - Processing /home/rajabala/Desktop/projects/Airflow/airflow_env/lib/python3.9/site-packages/airflow/example_dags/subdags/subdag.py took 0.014 seconds
[2023-12-09T07:09:25.198+0530] {processor.py:157} INFO - Started process (PID=6435) to work on /home/rajabala/Desktop/projects/Airflow/airflow_env/lib/python3.9/site-packages/airflow/example_dags/subdags/subdag.py
[2023-12-09T07:09:25.198+0530] {processor.py:829} INFO - Processing file /home/rajabala/Desktop/projects/Airflow/airflow_env/lib/python3.9/site-packages/airflow/example_dags/subdags/subdag.py for tasks to queue
[2023-12-09T07:09:25.199+0530] {logging_mixin.py:154} INFO - [2023-12-09T07:09:25.199+0530] {dagbag.py:536} INFO - Filling up the DagBag from /home/rajabala/Desktop/projects/Airflow/airflow_env/lib/python3.9/site-packages/airflow/example_dags/subdags/subdag.py
[2023-12-09T07:09:25.201+0530] {processor.py:841} WARNING - No viable dags retrieved from /home/rajabala/Desktop/projects/Airflow/airflow_env/lib/python3.9/site-packages/airflow/example_dags/subdags/subdag.py
[2023-12-09T07:09:25.208+0530] {processor.py:179} INFO - Processing /home/rajabala/Desktop/projects/Airflow/airflow_env/lib/python3.9/site-packages/airflow/example_dags/subdags/subdag.py took 0.013 seconds
