[2024-01-02T18:54:54.605+0530] {taskinstance.py:1159} INFO - Dependencies all met for dep_context=non-requeueable deps ti=<TaskInstance: Cricbuzz_ETL.Extract manual__2024-01-02T13:24:50.979232+00:00 [queued]>
[2024-01-02T18:54:54.610+0530] {taskinstance.py:1159} INFO - Dependencies all met for dep_context=requeueable deps ti=<TaskInstance: Cricbuzz_ETL.Extract manual__2024-01-02T13:24:50.979232+00:00 [queued]>
[2024-01-02T18:54:54.610+0530] {taskinstance.py:1361} INFO - Starting attempt 1 of 2
[2024-01-02T18:54:54.619+0530] {taskinstance.py:1382} INFO - Executing <Task(PythonOperator): Extract> on 2024-01-02 13:24:50.979232+00:00
[2024-01-02T18:54:54.621+0530] {standard_task_runner.py:57} INFO - Started process 19733 to run task
[2024-01-02T18:54:54.623+0530] {standard_task_runner.py:84} INFO - Running: ['airflow', 'tasks', 'run', 'Cricbuzz_ETL', 'Extract', 'manual__2024-01-02T13:24:50.979232+00:00', '--job-id', '569', '--raw', '--subdir', 'DAGS_FOLDER/Crickbuzz_dag.py', '--cfg-path', '/tmp/tmp9raq41x_']
[2024-01-02T18:54:54.624+0530] {standard_task_runner.py:85} INFO - Job 569: Subtask Extract
[2024-01-02T18:54:54.644+0530] {task_command.py:416} INFO - Running <TaskInstance: Cricbuzz_ETL.Extract manual__2024-01-02T13:24:50.979232+00:00 [running]> on host Iris
[2024-01-02T18:54:54.678+0530] {taskinstance.py:1662} INFO - Exporting env vars: AIRFLOW_CTX_DAG_OWNER='airflow' AIRFLOW_CTX_DAG_ID='Cricbuzz_ETL' AIRFLOW_CTX_TASK_ID='Extract' AIRFLOW_CTX_EXECUTION_DATE='2024-01-02T13:24:50.979232+00:00' AIRFLOW_CTX_TRY_NUMBER='1' AIRFLOW_CTX_DAG_RUN_ID='manual__2024-01-02T13:24:50.979232+00:00'
[2024-01-02T18:54:54.681+0530] {logging_mixin.py:154} INFO - ['https://www.cricbuzz.com/cricket-full-commentary/66183/srh-vs-rr-4th-match-indian-premier-league-2023']
[2024-01-02T18:54:54.681+0530] {logging_mixin.py:154} INFO - <class 'list'>
[2024-01-02T18:54:54.681+0530] {logging_mixin.py:154} INFO - 1-link ['https://www.cricbuzz.com/cricket-full-commentary/66183/srh-vs-rr-4th-match-indian-premier-league-2023']
[2024-01-02T18:54:55.084+0530] {taskinstance.py:1937} ERROR - Task failed with exception
Traceback (most recent call last):
  File "/home/rajabala/Desktop/projects/Airflow/airflow_env/lib/python3.9/site-packages/airflow/operators/python.py", line 192, in execute
    return_value = self.execute_callable()
  File "/home/rajabala/Desktop/projects/Airflow/airflow_env/lib/python3.9/site-packages/airflow/operators/python.py", line 209, in execute_callable
    return self.python_callable(*self.op_args, **self.op_kwargs)
  File "/home/rajabala/Desktop/projects/Airflow/dags/Cricbuzz_files/Extract.py", line 269, in Scrap_multiple_sites
    web_scrap(url)
  File "/home/rajabala/Desktop/projects/Airflow/dags/Cricbuzz_files/Extract.py", line 36, in web_scrap
    driver.get(cricbuzz_highlights_url)
  File "/home/rajabala/Desktop/projects/Airflow/airflow_env/lib/python3.9/site-packages/selenium/webdriver/remote/webdriver.py", line 357, in get
    self.execute(Command.GET, {"url": url})
  File "/home/rajabala/Desktop/projects/Airflow/airflow_env/lib/python3.9/site-packages/selenium/webdriver/remote/webdriver.py", line 348, in execute
    self.error_handler.check_response(response)
  File "/home/rajabala/Desktop/projects/Airflow/airflow_env/lib/python3.9/site-packages/selenium/webdriver/remote/errorhandler.py", line 229, in check_response
    raise exception_class(message, screen, stacktrace)
selenium.common.exceptions.InvalidArgumentException: Message: invalid argument: 'url' must be a string
  (Session info: chrome-headless-shell=120.0.6099.71)
Stacktrace:
#0 0x55a834b3dd33 <unknown>
#1 0x55a8347faf87 <unknown>
#2 0x55a834893b29 <unknown>
#3 0x55a834874342 <unknown>
#4 0x55a834893297 <unknown>
#5 0x55a8348740e3 <unknown>
#6 0x55a83483c044 <unknown>
#7 0x55a83483d44e <unknown>
#8 0x55a834b02861 <unknown>
#9 0x55a834b06785 <unknown>
#10 0x55a834af0285 <unknown>
#11 0x55a834b0741f <unknown>
#12 0x55a834ad420f <unknown>
#13 0x55a834b2b028 <unknown>
#14 0x55a834b2b1f7 <unknown>
#15 0x55a834b3ced4 <unknown>
#16 0x7fb5a4174ac3 <unknown>

[2024-01-02T18:54:55.087+0530] {taskinstance.py:1400} INFO - Marking task as UP_FOR_RETRY. dag_id=Cricbuzz_ETL, task_id=Extract, execution_date=20240102T132450, start_date=20240102T132454, end_date=20240102T132455
[2024-01-02T18:54:55.096+0530] {standard_task_runner.py:104} ERROR - Failed to execute job 569 for task Extract (Message: invalid argument: 'url' must be a string
  (Session info: chrome-headless-shell=120.0.6099.71)
Stacktrace:
#0 0x55a834b3dd33 <unknown>
#1 0x55a8347faf87 <unknown>
#2 0x55a834893b29 <unknown>
#3 0x55a834874342 <unknown>
#4 0x55a834893297 <unknown>
#5 0x55a8348740e3 <unknown>
#6 0x55a83483c044 <unknown>
#7 0x55a83483d44e <unknown>
#8 0x55a834b02861 <unknown>
#9 0x55a834b06785 <unknown>
#10 0x55a834af0285 <unknown>
#11 0x55a834b0741f <unknown>
#12 0x55a834ad420f <unknown>
#13 0x55a834b2b028 <unknown>
#14 0x55a834b2b1f7 <unknown>
#15 0x55a834b3ced4 <unknown>
#16 0x7fb5a4174ac3 <unknown>
; 19733)
[2024-01-02T18:54:55.116+0530] {local_task_job_runner.py:228} INFO - Task exited with return code 1
[2024-01-02T18:54:55.128+0530] {taskinstance.py:2778} INFO - 0 downstream tasks scheduled from follow-on schedule check
