[2024-01-01T12:48:23.443+0530] {taskinstance.py:1159} INFO - Dependencies all met for dep_context=non-requeueable deps ti=<TaskInstance: Cricbuzz_ETL.branch_task scheduled__2023-12-31T00:00:00+00:00 [queued]>
[2024-01-01T12:48:23.446+0530] {taskinstance.py:1159} INFO - Dependencies all met for dep_context=requeueable deps ti=<TaskInstance: Cricbuzz_ETL.branch_task scheduled__2023-12-31T00:00:00+00:00 [queued]>
[2024-01-01T12:48:23.446+0530] {taskinstance.py:1361} INFO - Starting attempt 1 of 2
[2024-01-01T12:48:23.456+0530] {taskinstance.py:1382} INFO - Executing <Task(BranchPythonOperator): branch_task> on 2023-12-31 00:00:00+00:00
[2024-01-01T12:48:23.457+0530] {standard_task_runner.py:57} INFO - Started process 6892 to run task
[2024-01-01T12:48:23.459+0530] {standard_task_runner.py:84} INFO - Running: ['airflow', 'tasks', 'run', 'Cricbuzz_ETL', 'branch_task', 'scheduled__2023-12-31T00:00:00+00:00', '--job-id', '499', '--raw', '--subdir', 'DAGS_FOLDER/Crickbuzz_dag.py', '--cfg-path', '/tmp/tmp8ih8gxfk']
[2024-01-01T12:48:23.460+0530] {standard_task_runner.py:85} INFO - Job 499: Subtask branch_task
[2024-01-01T12:48:23.479+0530] {task_command.py:416} INFO - Running <TaskInstance: Cricbuzz_ETL.branch_task scheduled__2023-12-31T00:00:00+00:00 [running]> on host Iris
[2024-01-01T12:48:23.515+0530] {taskinstance.py:1662} INFO - Exporting env vars: AIRFLOW_CTX_DAG_OWNER='airflow' AIRFLOW_CTX_DAG_ID='Cricbuzz_ETL' AIRFLOW_CTX_TASK_ID='branch_task' AIRFLOW_CTX_EXECUTION_DATE='2023-12-31T00:00:00+00:00' AIRFLOW_CTX_TRY_NUMBER='1' AIRFLOW_CTX_DAG_RUN_ID='scheduled__2023-12-31T00:00:00+00:00'
[2024-01-01T12:48:23.515+0530] {logging_mixin.py:154} INFO - execution_date = 2023-12-31
[2024-01-01T12:48:23.522+0530] {python.py:194} INFO - Done. Returned value was: run_task
[2024-01-01T12:48:23.522+0530] {python.py:227} INFO - Branch callable return run_task
[2024-01-01T12:48:23.522+0530] {skipmixin.py:173} INFO - Following branch run_task
[2024-01-01T12:48:23.529+0530] {skipmixin.py:239} INFO - Skipping tasks [('trigger_task', -1), ('skip_task', -1)]
[2024-01-01T12:48:23.548+0530] {taskinstance.py:1400} INFO - Marking task as SUCCESS. dag_id=Cricbuzz_ETL, task_id=branch_task, execution_date=20231231T000000, start_date=20240101T071823, end_date=20240101T071823
[2024-01-01T12:48:23.591+0530] {local_task_job_runner.py:228} INFO - Task exited with return code 0
[2024-01-01T12:48:23.617+0530] {taskinstance.py:2778} INFO - 1 downstream tasks scheduled from follow-on schedule check
[2024-01-02T17:20:27.361+0530] {taskinstance.py:1159} INFO - Dependencies all met for dep_context=non-requeueable deps ti=<TaskInstance: Cricbuzz_ETL.branch_task scheduled__2023-12-31T00:00:00+00:00 [queued]>
[2024-01-02T17:20:27.367+0530] {taskinstance.py:1159} INFO - Dependencies all met for dep_context=requeueable deps ti=<TaskInstance: Cricbuzz_ETL.branch_task scheduled__2023-12-31T00:00:00+00:00 [queued]>
[2024-01-02T17:20:27.367+0530] {taskinstance.py:1361} INFO - Starting attempt 1 of 2
[2024-01-02T17:20:27.382+0530] {taskinstance.py:1382} INFO - Executing <Task(BranchPythonOperator): branch_task> on 2023-12-31 00:00:00+00:00
[2024-01-02T17:20:27.384+0530] {standard_task_runner.py:57} INFO - Started process 11478 to run task
[2024-01-02T17:20:27.388+0530] {standard_task_runner.py:84} INFO - Running: ['airflow', 'tasks', 'run', 'Cricbuzz_ETL', 'branch_task', 'scheduled__2023-12-31T00:00:00+00:00', '--job-id', '530', '--raw', '--subdir', 'DAGS_FOLDER/Crickbuzz_dag.py', '--cfg-path', '/tmp/tmpi3hf2nps']
[2024-01-02T17:20:27.389+0530] {standard_task_runner.py:85} INFO - Job 530: Subtask branch_task
[2024-01-02T17:20:27.422+0530] {task_command.py:416} INFO - Running <TaskInstance: Cricbuzz_ETL.branch_task scheduled__2023-12-31T00:00:00+00:00 [running]> on host Iris
[2024-01-02T17:20:27.469+0530] {taskinstance.py:1662} INFO - Exporting env vars: AIRFLOW_CTX_DAG_OWNER='airflow' AIRFLOW_CTX_DAG_ID='Cricbuzz_ETL' AIRFLOW_CTX_TASK_ID='branch_task' AIRFLOW_CTX_EXECUTION_DATE='2023-12-31T00:00:00+00:00' AIRFLOW_CTX_TRY_NUMBER='1' AIRFLOW_CTX_DAG_RUN_ID='scheduled__2023-12-31T00:00:00+00:00'
[2024-01-02T17:20:27.471+0530] {logging_mixin.py:154} INFO - execution_date = 2023-12-31
[2024-01-02T17:20:27.479+0530] {python.py:194} INFO - Done. Returned value was: run_task
[2024-01-02T17:20:27.480+0530] {python.py:227} INFO - Branch callable return run_task
[2024-01-02T17:20:27.480+0530] {skipmixin.py:173} INFO - Following branch run_task
[2024-01-02T17:20:27.488+0530] {skipmixin.py:239} INFO - Skipping tasks [('skip_task', -1)]
[2024-01-02T17:20:27.522+0530] {taskinstance.py:1400} INFO - Marking task as SUCCESS. dag_id=Cricbuzz_ETL, task_id=branch_task, execution_date=20231231T000000, start_date=20240102T115027, end_date=20240102T115027
[2024-01-02T17:20:27.559+0530] {local_task_job_runner.py:228} INFO - Task exited with return code 0
[2024-01-02T17:20:27.590+0530] {taskinstance.py:2778} INFO - 1 downstream tasks scheduled from follow-on schedule check
[2024-01-02T17:26:22.532+0530] {taskinstance.py:1159} INFO - Dependencies all met for dep_context=non-requeueable deps ti=<TaskInstance: Cricbuzz_ETL.branch_task scheduled__2023-12-31T00:00:00+00:00 [queued]>
[2024-01-02T17:26:22.539+0530] {taskinstance.py:1159} INFO - Dependencies all met for dep_context=requeueable deps ti=<TaskInstance: Cricbuzz_ETL.branch_task scheduled__2023-12-31T00:00:00+00:00 [queued]>
[2024-01-02T17:26:22.539+0530] {taskinstance.py:1361} INFO - Starting attempt 1 of 2
[2024-01-02T17:26:22.551+0530] {taskinstance.py:1382} INFO - Executing <Task(BranchPythonOperator): branch_task> on 2023-12-31 00:00:00+00:00
[2024-01-02T17:26:22.553+0530] {standard_task_runner.py:57} INFO - Started process 14473 to run task
[2024-01-02T17:26:22.557+0530] {standard_task_runner.py:84} INFO - Running: ['airflow', 'tasks', 'run', 'Cricbuzz_ETL', 'branch_task', 'scheduled__2023-12-31T00:00:00+00:00', '--job-id', '534', '--raw', '--subdir', 'DAGS_FOLDER/Crickbuzz_dag.py', '--cfg-path', '/tmp/tmpf8t0olry']
[2024-01-02T17:26:22.558+0530] {standard_task_runner.py:85} INFO - Job 534: Subtask branch_task
[2024-01-02T17:26:22.587+0530] {task_command.py:416} INFO - Running <TaskInstance: Cricbuzz_ETL.branch_task scheduled__2023-12-31T00:00:00+00:00 [running]> on host Iris
[2024-01-02T17:26:22.634+0530] {taskinstance.py:1662} INFO - Exporting env vars: AIRFLOW_CTX_DAG_OWNER='airflow' AIRFLOW_CTX_DAG_ID='Cricbuzz_ETL' AIRFLOW_CTX_TASK_ID='branch_task' AIRFLOW_CTX_EXECUTION_DATE='2023-12-31T00:00:00+00:00' AIRFLOW_CTX_TRY_NUMBER='1' AIRFLOW_CTX_DAG_RUN_ID='scheduled__2023-12-31T00:00:00+00:00'
[2024-01-02T17:26:22.635+0530] {logging_mixin.py:154} INFO - execution_date = 2023-12-31
[2024-01-02T17:26:22.644+0530] {python.py:194} INFO - Done. Returned value was: run_task
[2024-01-02T17:26:22.644+0530] {python.py:227} INFO - Branch callable return run_task
[2024-01-02T17:26:22.644+0530] {skipmixin.py:173} INFO - Following branch run_task
[2024-01-02T17:26:22.650+0530] {skipmixin.py:239} INFO - Skipping tasks [('skip_task', -1)]
[2024-01-02T17:26:22.674+0530] {taskinstance.py:1400} INFO - Marking task as SUCCESS. dag_id=Cricbuzz_ETL, task_id=branch_task, execution_date=20231231T000000, start_date=20240102T115622, end_date=20240102T115622
[2024-01-02T17:26:22.689+0530] {local_task_job_runner.py:228} INFO - Task exited with return code 0
[2024-01-02T17:26:22.714+0530] {taskinstance.py:2778} INFO - 1 downstream tasks scheduled from follow-on schedule check
[2024-01-02T17:55:00.078+0530] {taskinstance.py:1159} INFO - Dependencies all met for dep_context=non-requeueable deps ti=<TaskInstance: Cricbuzz_ETL.branch_task scheduled__2023-12-31T00:00:00+00:00 [queued]>
[2024-01-02T17:55:00.083+0530] {taskinstance.py:1159} INFO - Dependencies all met for dep_context=requeueable deps ti=<TaskInstance: Cricbuzz_ETL.branch_task scheduled__2023-12-31T00:00:00+00:00 [queued]>
[2024-01-02T17:55:00.084+0530] {taskinstance.py:1361} INFO - Starting attempt 1 of 2
[2024-01-02T17:55:00.096+0530] {taskinstance.py:1382} INFO - Executing <Task(BranchPythonOperator): branch_task> on 2023-12-31 00:00:00+00:00
[2024-01-02T17:55:00.099+0530] {standard_task_runner.py:57} INFO - Started process 24892 to run task
[2024-01-02T17:55:00.101+0530] {standard_task_runner.py:84} INFO - Running: ['airflow', 'tasks', 'run', 'Cricbuzz_ETL', 'branch_task', 'scheduled__2023-12-31T00:00:00+00:00', '--job-id', '541', '--raw', '--subdir', 'DAGS_FOLDER/Crickbuzz_dag.py', '--cfg-path', '/tmp/tmphj59b4x2']
[2024-01-02T17:55:00.102+0530] {standard_task_runner.py:85} INFO - Job 541: Subtask branch_task
[2024-01-02T17:55:00.142+0530] {task_command.py:416} INFO - Running <TaskInstance: Cricbuzz_ETL.branch_task scheduled__2023-12-31T00:00:00+00:00 [running]> on host Iris
[2024-01-02T17:55:00.215+0530] {taskinstance.py:1662} INFO - Exporting env vars: AIRFLOW_CTX_DAG_OWNER='airflow' AIRFLOW_CTX_DAG_ID='Cricbuzz_ETL' AIRFLOW_CTX_TASK_ID='branch_task' AIRFLOW_CTX_EXECUTION_DATE='2023-12-31T00:00:00+00:00' AIRFLOW_CTX_TRY_NUMBER='1' AIRFLOW_CTX_DAG_RUN_ID='scheduled__2023-12-31T00:00:00+00:00'
[2024-01-02T17:55:00.216+0530] {logging_mixin.py:154} INFO - execution_date = 2023-12-31
[2024-01-02T17:55:00.216+0530] {python.py:194} INFO - Done. Returned value was: skip_task
[2024-01-02T17:55:00.216+0530] {python.py:227} INFO - Branch callable return skip_task
[2024-01-02T17:55:00.217+0530] {skipmixin.py:173} INFO - Following branch skip_task
[2024-01-02T17:55:00.228+0530] {skipmixin.py:239} INFO - Skipping tasks [('run_task', -1)]
[2024-01-02T17:55:00.255+0530] {taskinstance.py:1400} INFO - Marking task as SUCCESS. dag_id=Cricbuzz_ETL, task_id=branch_task, execution_date=20231231T000000, start_date=20240102T122500, end_date=20240102T122500
[2024-01-02T17:55:00.273+0530] {local_task_job_runner.py:228} INFO - Task exited with return code 0
[2024-01-02T17:55:00.315+0530] {taskinstance.py:2778} INFO - 1 downstream tasks scheduled from follow-on schedule check
[2024-01-02T18:46:39.010+0530] {taskinstance.py:1159} INFO - Dependencies all met for dep_context=non-requeueable deps ti=<TaskInstance: Cricbuzz_ETL.branch_task scheduled__2023-12-31T00:00:00+00:00 [queued]>
[2024-01-02T18:46:39.014+0530] {taskinstance.py:1159} INFO - Dependencies all met for dep_context=requeueable deps ti=<TaskInstance: Cricbuzz_ETL.branch_task scheduled__2023-12-31T00:00:00+00:00 [queued]>
[2024-01-02T18:46:39.014+0530] {taskinstance.py:1361} INFO - Starting attempt 1 of 2
[2024-01-02T18:46:39.023+0530] {taskinstance.py:1382} INFO - Executing <Task(BranchPythonOperator): branch_task> on 2023-12-31 00:00:00+00:00
[2024-01-02T18:46:39.025+0530] {standard_task_runner.py:57} INFO - Started process 16057 to run task
[2024-01-02T18:46:39.027+0530] {standard_task_runner.py:84} INFO - Running: ['airflow', 'tasks', 'run', 'Cricbuzz_ETL', 'branch_task', 'scheduled__2023-12-31T00:00:00+00:00', '--job-id', '568', '--raw', '--subdir', 'DAGS_FOLDER/Crickbuzz_dag.py', '--cfg-path', '/tmp/tmpyz3qiofl']
[2024-01-02T18:46:39.027+0530] {standard_task_runner.py:85} INFO - Job 568: Subtask branch_task
[2024-01-02T18:46:39.048+0530] {task_command.py:416} INFO - Running <TaskInstance: Cricbuzz_ETL.branch_task scheduled__2023-12-31T00:00:00+00:00 [running]> on host Iris
[2024-01-02T18:46:39.084+0530] {taskinstance.py:1662} INFO - Exporting env vars: AIRFLOW_CTX_DAG_OWNER='airflow' AIRFLOW_CTX_DAG_ID='Cricbuzz_ETL' AIRFLOW_CTX_TASK_ID='branch_task' AIRFLOW_CTX_EXECUTION_DATE='2023-12-31T00:00:00+00:00' AIRFLOW_CTX_TRY_NUMBER='1' AIRFLOW_CTX_DAG_RUN_ID='scheduled__2023-12-31T00:00:00+00:00'
[2024-01-02T18:46:39.084+0530] {logging_mixin.py:154} INFO - execution_date = 2023-12-31
[2024-01-02T18:46:39.084+0530] {python.py:194} INFO - Done. Returned value was: skip_task
[2024-01-02T18:46:39.085+0530] {python.py:227} INFO - Branch callable return skip_task
[2024-01-02T18:46:39.085+0530] {skipmixin.py:173} INFO - Following branch skip_task
[2024-01-02T18:46:39.091+0530] {skipmixin.py:239} INFO - Skipping tasks [('run_task', -1)]
[2024-01-02T18:46:39.113+0530] {taskinstance.py:1400} INFO - Marking task as SUCCESS. dag_id=Cricbuzz_ETL, task_id=branch_task, execution_date=20231231T000000, start_date=20240102T131639, end_date=20240102T131639
[2024-01-02T18:46:39.159+0530] {local_task_job_runner.py:228} INFO - Task exited with return code 0
[2024-01-02T18:46:39.183+0530] {taskinstance.py:2778} INFO - 1 downstream tasks scheduled from follow-on schedule check
