[2023-12-09T07:06:44.017+0530] {processor.py:157} INFO - Started process (PID=5574) to work on /home/rajabala/Desktop/projects/Airflow/airflow_env/lib/python3.9/site-packages/airflow/example_dags/example_branch_day_of_week_operator.py
[2023-12-09T07:06:44.017+0530] {processor.py:829} INFO - Processing file /home/rajabala/Desktop/projects/Airflow/airflow_env/lib/python3.9/site-packages/airflow/example_dags/example_branch_day_of_week_operator.py for tasks to queue
[2023-12-09T07:06:44.019+0530] {logging_mixin.py:154} INFO - [2023-12-09T07:06:44.018+0530] {dagbag.py:536} INFO - Filling up the DagBag from /home/rajabala/Desktop/projects/Airflow/airflow_env/lib/python3.9/site-packages/airflow/example_dags/example_branch_day_of_week_operator.py
[2023-12-09T07:06:44.030+0530] {processor.py:839} INFO - DAG(s) dict_keys(['example_weekday_branch_operator']) retrieved from /home/rajabala/Desktop/projects/Airflow/airflow_env/lib/python3.9/site-packages/airflow/example_dags/example_branch_day_of_week_operator.py
[2023-12-09T07:06:44.148+0530] {logging_mixin.py:154} INFO - [2023-12-09T07:06:44.147+0530] {manager.py:499} INFO - Created Permission View: %s
[2023-12-09T07:06:44.163+0530] {logging_mixin.py:154} INFO - [2023-12-09T07:06:44.162+0530] {manager.py:499} INFO - Created Permission View: %s
[2023-12-09T07:06:44.174+0530] {logging_mixin.py:154} INFO - [2023-12-09T07:06:44.174+0530] {manager.py:499} INFO - Created Permission View: %s
[2023-12-09T07:06:44.174+0530] {logging_mixin.py:154} INFO - [2023-12-09T07:06:44.174+0530] {dag.py:2941} INFO - Sync 1 DAGs
[2023-12-09T07:06:44.188+0530] {logging_mixin.py:154} INFO - [2023-12-09T07:06:44.188+0530] {dag.py:2963} INFO - Creating ORM DAG for example_weekday_branch_operator
[2023-12-09T07:06:44.201+0530] {logging_mixin.py:154} INFO - [2023-12-09T07:06:44.201+0530] {dag.py:3722} INFO - Setting next_dagrun for example_weekday_branch_operator to 2023-12-08T00:00:00+00:00, run_after=2023-12-09T00:00:00+00:00
[2023-12-09T07:06:44.222+0530] {processor.py:179} INFO - Processing /home/rajabala/Desktop/projects/Airflow/airflow_env/lib/python3.9/site-packages/airflow/example_dags/example_branch_day_of_week_operator.py took 0.208 seconds
[2023-12-09T07:07:39.288+0530] {processor.py:157} INFO - Started process (PID=5906) to work on /home/rajabala/Desktop/projects/Airflow/airflow_env/lib/python3.9/site-packages/airflow/example_dags/example_branch_day_of_week_operator.py
[2023-12-09T07:07:39.292+0530] {processor.py:829} INFO - Processing file /home/rajabala/Desktop/projects/Airflow/airflow_env/lib/python3.9/site-packages/airflow/example_dags/example_branch_day_of_week_operator.py for tasks to queue
[2023-12-09T07:07:39.293+0530] {logging_mixin.py:154} INFO - [2023-12-09T07:07:39.293+0530] {dagbag.py:536} INFO - Filling up the DagBag from /home/rajabala/Desktop/projects/Airflow/airflow_env/lib/python3.9/site-packages/airflow/example_dags/example_branch_day_of_week_operator.py
[2023-12-09T07:07:39.301+0530] {processor.py:839} INFO - DAG(s) dict_keys(['example_weekday_branch_operator']) retrieved from /home/rajabala/Desktop/projects/Airflow/airflow_env/lib/python3.9/site-packages/airflow/example_dags/example_branch_day_of_week_operator.py
[2023-12-09T07:07:39.319+0530] {logging_mixin.py:154} INFO - [2023-12-09T07:07:39.319+0530] {dag.py:2941} INFO - Sync 1 DAGs
[2023-12-09T07:07:39.338+0530] {logging_mixin.py:154} INFO - [2023-12-09T07:07:39.338+0530] {dag.py:3722} INFO - Setting next_dagrun for example_weekday_branch_operator to 2023-12-08T00:00:00+00:00, run_after=2023-12-09T00:00:00+00:00
[2023-12-09T07:07:39.357+0530] {processor.py:179} INFO - Processing /home/rajabala/Desktop/projects/Airflow/airflow_env/lib/python3.9/site-packages/airflow/example_dags/example_branch_day_of_week_operator.py took 0.073 seconds
[2023-12-09T07:08:34.902+0530] {processor.py:157} INFO - Started process (PID=6259) to work on /home/rajabala/Desktop/projects/Airflow/airflow_env/lib/python3.9/site-packages/airflow/example_dags/example_branch_day_of_week_operator.py
[2023-12-09T07:08:34.904+0530] {processor.py:829} INFO - Processing file /home/rajabala/Desktop/projects/Airflow/airflow_env/lib/python3.9/site-packages/airflow/example_dags/example_branch_day_of_week_operator.py for tasks to queue
[2023-12-09T07:08:34.905+0530] {logging_mixin.py:154} INFO - [2023-12-09T07:08:34.905+0530] {dagbag.py:536} INFO - Filling up the DagBag from /home/rajabala/Desktop/projects/Airflow/airflow_env/lib/python3.9/site-packages/airflow/example_dags/example_branch_day_of_week_operator.py
[2023-12-09T07:08:34.915+0530] {processor.py:839} INFO - DAG(s) dict_keys(['example_weekday_branch_operator']) retrieved from /home/rajabala/Desktop/projects/Airflow/airflow_env/lib/python3.9/site-packages/airflow/example_dags/example_branch_day_of_week_operator.py
[2023-12-09T07:08:34.926+0530] {logging_mixin.py:154} INFO - [2023-12-09T07:08:34.926+0530] {dag.py:2941} INFO - Sync 1 DAGs
[2023-12-09T07:08:34.940+0530] {logging_mixin.py:154} INFO - [2023-12-09T07:08:34.940+0530] {dag.py:3722} INFO - Setting next_dagrun for example_weekday_branch_operator to 2023-12-08T00:00:00+00:00, run_after=2023-12-09T00:00:00+00:00
[2023-12-09T07:08:34.956+0530] {processor.py:179} INFO - Processing /home/rajabala/Desktop/projects/Airflow/airflow_env/lib/python3.9/site-packages/airflow/example_dags/example_branch_day_of_week_operator.py took 0.057 seconds
[2023-12-09T07:09:23.482+0530] {processor.py:157} INFO - Started process (PID=6428) to work on /home/rajabala/Desktop/projects/Airflow/airflow_env/lib/python3.9/site-packages/airflow/example_dags/example_branch_day_of_week_operator.py
[2023-12-09T07:09:23.485+0530] {processor.py:829} INFO - Processing file /home/rajabala/Desktop/projects/Airflow/airflow_env/lib/python3.9/site-packages/airflow/example_dags/example_branch_day_of_week_operator.py for tasks to queue
[2023-12-09T07:09:23.486+0530] {logging_mixin.py:154} INFO - [2023-12-09T07:09:23.486+0530] {dagbag.py:536} INFO - Filling up the DagBag from /home/rajabala/Desktop/projects/Airflow/airflow_env/lib/python3.9/site-packages/airflow/example_dags/example_branch_day_of_week_operator.py
[2023-12-09T07:09:23.494+0530] {processor.py:839} INFO - DAG(s) dict_keys(['example_weekday_branch_operator']) retrieved from /home/rajabala/Desktop/projects/Airflow/airflow_env/lib/python3.9/site-packages/airflow/example_dags/example_branch_day_of_week_operator.py
[2023-12-09T07:09:23.510+0530] {logging_mixin.py:154} INFO - [2023-12-09T07:09:23.510+0530] {dag.py:2941} INFO - Sync 1 DAGs
[2023-12-09T07:09:23.529+0530] {logging_mixin.py:154} INFO - [2023-12-09T07:09:23.529+0530] {dag.py:3722} INFO - Setting next_dagrun for example_weekday_branch_operator to 2023-12-08T00:00:00+00:00, run_after=2023-12-09T00:00:00+00:00
[2023-12-09T07:09:23.550+0530] {processor.py:179} INFO - Processing /home/rajabala/Desktop/projects/Airflow/airflow_env/lib/python3.9/site-packages/airflow/example_dags/example_branch_day_of_week_operator.py took 0.070 seconds
