[2023-12-09T07:06:22.985+0530] {processor.py:157} INFO - Started process (PID=5261) to work on /home/rajabala/Desktop/projects/Airflow/airflow_env/lib/python3.9/site-packages/airflow/example_dags/example_subdag_operator.py
[2023-12-09T07:06:22.986+0530] {processor.py:829} INFO - Processing file /home/rajabala/Desktop/projects/Airflow/airflow_env/lib/python3.9/site-packages/airflow/example_dags/example_subdag_operator.py for tasks to queue
[2023-12-09T07:06:22.987+0530] {logging_mixin.py:154} INFO - [2023-12-09T07:06:22.986+0530] {dagbag.py:536} INFO - Filling up the DagBag from /home/rajabala/Desktop/projects/Airflow/airflow_env/lib/python3.9/site-packages/airflow/example_dags/example_subdag_operator.py
[2023-12-09T07:06:23.005+0530] {processor.py:839} INFO - DAG(s) dict_keys(['example_subdag_operator.section-1', 'example_subdag_operator.section-2', 'example_subdag_operator']) retrieved from /home/rajabala/Desktop/projects/Airflow/airflow_env/lib/python3.9/site-packages/airflow/example_dags/example_subdag_operator.py
[2023-12-09T07:06:23.099+0530] {logging_mixin.py:154} INFO - [2023-12-09T07:06:23.099+0530] {manager.py:499} INFO - Created Permission View: %s
[2023-12-09T07:06:23.118+0530] {logging_mixin.py:154} INFO - [2023-12-09T07:06:23.117+0530] {manager.py:499} INFO - Created Permission View: %s
[2023-12-09T07:06:23.135+0530] {logging_mixin.py:154} INFO - [2023-12-09T07:06:23.134+0530] {manager.py:499} INFO - Created Permission View: %s
[2023-12-09T07:06:23.135+0530] {logging_mixin.py:154} INFO - [2023-12-09T07:06:23.135+0530] {dag.py:2941} INFO - Sync 3 DAGs
[2023-12-09T07:06:23.143+0530] {logging_mixin.py:154} INFO - [2023-12-09T07:06:23.143+0530] {dag.py:2963} INFO - Creating ORM DAG for example_subdag_operator.section-1
[2023-12-09T07:06:23.144+0530] {logging_mixin.py:154} INFO - [2023-12-09T07:06:23.144+0530] {dag.py:2963} INFO - Creating ORM DAG for example_subdag_operator
[2023-12-09T07:06:23.144+0530] {logging_mixin.py:154} INFO - [2023-12-09T07:06:23.144+0530] {dag.py:2963} INFO - Creating ORM DAG for example_subdag_operator.section-2
[2023-12-09T07:06:23.150+0530] {logging_mixin.py:154} INFO - [2023-12-09T07:06:23.150+0530] {dag.py:3722} INFO - Setting next_dagrun for example_subdag_operator to 2022-01-01T00:00:00+00:00, run_after=2022-01-01T00:00:00+00:00
[2023-12-09T07:06:23.150+0530] {logging_mixin.py:154} INFO - [2023-12-09T07:06:23.150+0530] {dag.py:3722} INFO - Setting next_dagrun for example_subdag_operator.section-1 to None, run_after=None
[2023-12-09T07:06:23.150+0530] {logging_mixin.py:154} INFO - [2023-12-09T07:06:23.150+0530] {dag.py:3722} INFO - Setting next_dagrun for example_subdag_operator.section-2 to None, run_after=None
[2023-12-09T07:06:23.154+0530] {logging_mixin.py:154} INFO - [2023-12-09T07:06:23.154+0530] {dag.py:2941} INFO - Sync 2 DAGs
[2023-12-09T07:06:23.159+0530] {logging_mixin.py:154} INFO - [2023-12-09T07:06:23.158+0530] {dag.py:3722} INFO - Setting next_dagrun for example_subdag_operator.section-1 to None, run_after=None
[2023-12-09T07:06:23.160+0530] {logging_mixin.py:154} INFO - [2023-12-09T07:06:23.160+0530] {dag.py:3722} INFO - Setting next_dagrun for example_subdag_operator.section-2 to None, run_after=None
[2023-12-09T07:06:23.175+0530] {processor.py:179} INFO - Processing /home/rajabala/Desktop/projects/Airflow/airflow_env/lib/python3.9/site-packages/airflow/example_dags/example_subdag_operator.py took 0.193 seconds
[2023-12-09T07:07:11.238+0530] {processor.py:157} INFO - Started process (PID=5814) to work on /home/rajabala/Desktop/projects/Airflow/airflow_env/lib/python3.9/site-packages/airflow/example_dags/example_subdag_operator.py
[2023-12-09T07:07:11.238+0530] {processor.py:829} INFO - Processing file /home/rajabala/Desktop/projects/Airflow/airflow_env/lib/python3.9/site-packages/airflow/example_dags/example_subdag_operator.py for tasks to queue
[2023-12-09T07:07:11.239+0530] {logging_mixin.py:154} INFO - [2023-12-09T07:07:11.239+0530] {dagbag.py:536} INFO - Filling up the DagBag from /home/rajabala/Desktop/projects/Airflow/airflow_env/lib/python3.9/site-packages/airflow/example_dags/example_subdag_operator.py
[2023-12-09T07:07:11.255+0530] {processor.py:839} INFO - DAG(s) dict_keys(['example_subdag_operator.section-1', 'example_subdag_operator.section-2', 'example_subdag_operator']) retrieved from /home/rajabala/Desktop/projects/Airflow/airflow_env/lib/python3.9/site-packages/airflow/example_dags/example_subdag_operator.py
[2023-12-09T07:07:11.267+0530] {logging_mixin.py:154} INFO - [2023-12-09T07:07:11.267+0530] {dag.py:2941} INFO - Sync 3 DAGs
[2023-12-09T07:07:11.285+0530] {logging_mixin.py:154} INFO - [2023-12-09T07:07:11.285+0530] {dag.py:3722} INFO - Setting next_dagrun for example_subdag_operator to 2022-01-01T00:00:00+00:00, run_after=2022-01-01T00:00:00+00:00
[2023-12-09T07:07:11.289+0530] {logging_mixin.py:154} INFO - [2023-12-09T07:07:11.289+0530] {dag.py:3722} INFO - Setting next_dagrun for example_subdag_operator.section-1 to None, run_after=None
[2023-12-09T07:07:11.290+0530] {logging_mixin.py:154} INFO - [2023-12-09T07:07:11.289+0530] {dag.py:3722} INFO - Setting next_dagrun for example_subdag_operator.section-2 to None, run_after=None
[2023-12-09T07:07:11.294+0530] {logging_mixin.py:154} INFO - [2023-12-09T07:07:11.294+0530] {dag.py:2941} INFO - Sync 2 DAGs
[2023-12-09T07:07:11.297+0530] {logging_mixin.py:154} INFO - [2023-12-09T07:07:11.297+0530] {dag.py:3722} INFO - Setting next_dagrun for example_subdag_operator.section-1 to None, run_after=None
[2023-12-09T07:07:11.298+0530] {logging_mixin.py:154} INFO - [2023-12-09T07:07:11.298+0530] {dag.py:3722} INFO - Setting next_dagrun for example_subdag_operator.section-2 to None, run_after=None
[2023-12-09T07:07:11.310+0530] {processor.py:179} INFO - Processing /home/rajabala/Desktop/projects/Airflow/airflow_env/lib/python3.9/site-packages/airflow/example_dags/example_subdag_operator.py took 0.075 seconds
[2023-12-09T07:07:57.397+0530] {processor.py:157} INFO - Started process (PID=6132) to work on /home/rajabala/Desktop/projects/Airflow/airflow_env/lib/python3.9/site-packages/airflow/example_dags/example_subdag_operator.py
[2023-12-09T07:07:57.400+0530] {processor.py:829} INFO - Processing file /home/rajabala/Desktop/projects/Airflow/airflow_env/lib/python3.9/site-packages/airflow/example_dags/example_subdag_operator.py for tasks to queue
[2023-12-09T07:07:57.401+0530] {logging_mixin.py:154} INFO - [2023-12-09T07:07:57.401+0530] {dagbag.py:536} INFO - Filling up the DagBag from /home/rajabala/Desktop/projects/Airflow/airflow_env/lib/python3.9/site-packages/airflow/example_dags/example_subdag_operator.py
[2023-12-09T07:07:57.421+0530] {processor.py:839} INFO - DAG(s) dict_keys(['example_subdag_operator.section-1', 'example_subdag_operator.section-2', 'example_subdag_operator']) retrieved from /home/rajabala/Desktop/projects/Airflow/airflow_env/lib/python3.9/site-packages/airflow/example_dags/example_subdag_operator.py
[2023-12-09T07:07:57.431+0530] {logging_mixin.py:154} INFO - [2023-12-09T07:07:57.431+0530] {dag.py:2941} INFO - Sync 3 DAGs
[2023-12-09T07:07:57.444+0530] {logging_mixin.py:154} INFO - [2023-12-09T07:07:57.444+0530] {dag.py:3722} INFO - Setting next_dagrun for example_subdag_operator to 2022-01-01T00:00:00+00:00, run_after=2022-01-01T00:00:00+00:00
[2023-12-09T07:07:57.446+0530] {logging_mixin.py:154} INFO - [2023-12-09T07:07:57.446+0530] {dag.py:3722} INFO - Setting next_dagrun for example_subdag_operator.section-1 to None, run_after=None
[2023-12-09T07:07:57.447+0530] {logging_mixin.py:154} INFO - [2023-12-09T07:07:57.447+0530] {dag.py:3722} INFO - Setting next_dagrun for example_subdag_operator.section-2 to None, run_after=None
[2023-12-09T07:07:57.451+0530] {logging_mixin.py:154} INFO - [2023-12-09T07:07:57.451+0530] {dag.py:2941} INFO - Sync 2 DAGs
[2023-12-09T07:07:57.454+0530] {logging_mixin.py:154} INFO - [2023-12-09T07:07:57.454+0530] {dag.py:3722} INFO - Setting next_dagrun for example_subdag_operator.section-1 to None, run_after=None
[2023-12-09T07:07:57.454+0530] {logging_mixin.py:154} INFO - [2023-12-09T07:07:57.454+0530] {dag.py:3722} INFO - Setting next_dagrun for example_subdag_operator.section-2 to None, run_after=None
[2023-12-09T07:07:57.464+0530] {processor.py:179} INFO - Processing /home/rajabala/Desktop/projects/Airflow/airflow_env/lib/python3.9/site-packages/airflow/example_dags/example_subdag_operator.py took 0.069 seconds
[2023-12-09T07:08:43.470+0530] {processor.py:157} INFO - Started process (PID=6275) to work on /home/rajabala/Desktop/projects/Airflow/airflow_env/lib/python3.9/site-packages/airflow/example_dags/example_subdag_operator.py
[2023-12-09T07:08:43.473+0530] {processor.py:829} INFO - Processing file /home/rajabala/Desktop/projects/Airflow/airflow_env/lib/python3.9/site-packages/airflow/example_dags/example_subdag_operator.py for tasks to queue
[2023-12-09T07:08:43.474+0530] {logging_mixin.py:154} INFO - [2023-12-09T07:08:43.474+0530] {dagbag.py:536} INFO - Filling up the DagBag from /home/rajabala/Desktop/projects/Airflow/airflow_env/lib/python3.9/site-packages/airflow/example_dags/example_subdag_operator.py
[2023-12-09T07:08:43.494+0530] {processor.py:839} INFO - DAG(s) dict_keys(['example_subdag_operator.section-1', 'example_subdag_operator.section-2', 'example_subdag_operator']) retrieved from /home/rajabala/Desktop/projects/Airflow/airflow_env/lib/python3.9/site-packages/airflow/example_dags/example_subdag_operator.py
[2023-12-09T07:08:43.504+0530] {logging_mixin.py:154} INFO - [2023-12-09T07:08:43.504+0530] {dag.py:2941} INFO - Sync 3 DAGs
[2023-12-09T07:08:43.516+0530] {logging_mixin.py:154} INFO - [2023-12-09T07:08:43.516+0530] {dag.py:3722} INFO - Setting next_dagrun for example_subdag_operator to 2022-01-01T00:00:00+00:00, run_after=2022-01-01T00:00:00+00:00
[2023-12-09T07:08:43.518+0530] {logging_mixin.py:154} INFO - [2023-12-09T07:08:43.518+0530] {dag.py:3722} INFO - Setting next_dagrun for example_subdag_operator.section-1 to None, run_after=None
[2023-12-09T07:08:43.518+0530] {logging_mixin.py:154} INFO - [2023-12-09T07:08:43.518+0530] {dag.py:3722} INFO - Setting next_dagrun for example_subdag_operator.section-2 to None, run_after=None
[2023-12-09T07:08:43.522+0530] {logging_mixin.py:154} INFO - [2023-12-09T07:08:43.522+0530] {dag.py:2941} INFO - Sync 2 DAGs
[2023-12-09T07:08:43.525+0530] {logging_mixin.py:154} INFO - [2023-12-09T07:08:43.525+0530] {dag.py:3722} INFO - Setting next_dagrun for example_subdag_operator.section-1 to None, run_after=None
[2023-12-09T07:08:43.525+0530] {logging_mixin.py:154} INFO - [2023-12-09T07:08:43.525+0530] {dag.py:3722} INFO - Setting next_dagrun for example_subdag_operator.section-2 to None, run_after=None
[2023-12-09T07:08:43.535+0530] {processor.py:179} INFO - Processing /home/rajabala/Desktop/projects/Airflow/airflow_env/lib/python3.9/site-packages/airflow/example_dags/example_subdag_operator.py took 0.068 seconds
[2023-12-09T07:09:28.641+0530] {processor.py:157} INFO - Started process (PID=6550) to work on /home/rajabala/Desktop/projects/Airflow/airflow_env/lib/python3.9/site-packages/airflow/example_dags/example_subdag_operator.py
[2023-12-09T07:09:28.644+0530] {processor.py:829} INFO - Processing file /home/rajabala/Desktop/projects/Airflow/airflow_env/lib/python3.9/site-packages/airflow/example_dags/example_subdag_operator.py for tasks to queue
[2023-12-09T07:09:28.645+0530] {logging_mixin.py:154} INFO - [2023-12-09T07:09:28.644+0530] {dagbag.py:536} INFO - Filling up the DagBag from /home/rajabala/Desktop/projects/Airflow/airflow_env/lib/python3.9/site-packages/airflow/example_dags/example_subdag_operator.py
[2023-12-09T07:09:28.662+0530] {processor.py:839} INFO - DAG(s) dict_keys(['example_subdag_operator.section-1', 'example_subdag_operator.section-2', 'example_subdag_operator']) retrieved from /home/rajabala/Desktop/projects/Airflow/airflow_env/lib/python3.9/site-packages/airflow/example_dags/example_subdag_operator.py
[2023-12-09T07:09:28.677+0530] {logging_mixin.py:154} INFO - [2023-12-09T07:09:28.676+0530] {dag.py:2941} INFO - Sync 3 DAGs
[2023-12-09T07:09:28.693+0530] {logging_mixin.py:154} INFO - [2023-12-09T07:09:28.693+0530] {dag.py:3722} INFO - Setting next_dagrun for example_subdag_operator to 2022-01-01T00:00:00+00:00, run_after=2022-01-01T00:00:00+00:00
[2023-12-09T07:09:28.695+0530] {logging_mixin.py:154} INFO - [2023-12-09T07:09:28.695+0530] {dag.py:3722} INFO - Setting next_dagrun for example_subdag_operator.section-1 to None, run_after=None
[2023-12-09T07:09:28.696+0530] {logging_mixin.py:154} INFO - [2023-12-09T07:09:28.696+0530] {dag.py:3722} INFO - Setting next_dagrun for example_subdag_operator.section-2 to None, run_after=None
[2023-12-09T07:09:28.701+0530] {logging_mixin.py:154} INFO - [2023-12-09T07:09:28.701+0530] {dag.py:2941} INFO - Sync 2 DAGs
[2023-12-09T07:09:28.704+0530] {logging_mixin.py:154} INFO - [2023-12-09T07:09:28.704+0530] {dag.py:3722} INFO - Setting next_dagrun for example_subdag_operator.section-1 to None, run_after=None
[2023-12-09T07:09:28.705+0530] {logging_mixin.py:154} INFO - [2023-12-09T07:09:28.705+0530] {dag.py:3722} INFO - Setting next_dagrun for example_subdag_operator.section-2 to None, run_after=None
[2023-12-09T07:09:28.718+0530] {processor.py:179} INFO - Processing /home/rajabala/Desktop/projects/Airflow/airflow_env/lib/python3.9/site-packages/airflow/example_dags/example_subdag_operator.py took 0.080 seconds
