[2023-12-09T07:06:40.110+0530] {processor.py:157} INFO - Started process (PID=5552) to work on /home/rajabala/Desktop/projects/Airflow/airflow_env/lib/python3.9/site-packages/airflow/example_dags/example_branch_python_dop_operator_3.py
[2023-12-09T07:06:40.111+0530] {processor.py:829} INFO - Processing file /home/rajabala/Desktop/projects/Airflow/airflow_env/lib/python3.9/site-packages/airflow/example_dags/example_branch_python_dop_operator_3.py for tasks to queue
[2023-12-09T07:06:40.112+0530] {logging_mixin.py:154} INFO - [2023-12-09T07:06:40.111+0530] {dagbag.py:536} INFO - Filling up the DagBag from /home/rajabala/Desktop/projects/Airflow/airflow_env/lib/python3.9/site-packages/airflow/example_dags/example_branch_python_dop_operator_3.py
[2023-12-09T07:06:40.119+0530] {processor.py:839} INFO - DAG(s) dict_keys(['example_branch_dop_operator_v3']) retrieved from /home/rajabala/Desktop/projects/Airflow/airflow_env/lib/python3.9/site-packages/airflow/example_dags/example_branch_python_dop_operator_3.py
[2023-12-09T07:06:40.236+0530] {logging_mixin.py:154} INFO - [2023-12-09T07:06:40.235+0530] {manager.py:499} INFO - Created Permission View: %s
[2023-12-09T07:06:40.253+0530] {logging_mixin.py:154} INFO - [2023-12-09T07:06:40.253+0530] {manager.py:499} INFO - Created Permission View: %s
[2023-12-09T07:06:40.268+0530] {logging_mixin.py:154} INFO - [2023-12-09T07:06:40.267+0530] {manager.py:499} INFO - Created Permission View: %s
[2023-12-09T07:06:40.268+0530] {logging_mixin.py:154} INFO - [2023-12-09T07:06:40.268+0530] {dag.py:2941} INFO - Sync 1 DAGs
[2023-12-09T07:06:40.284+0530] {logging_mixin.py:154} INFO - [2023-12-09T07:06:40.283+0530] {dag.py:2963} INFO - Creating ORM DAG for example_branch_dop_operator_v3
[2023-12-09T07:06:40.308+0530] {logging_mixin.py:154} INFO - [2023-12-09T07:06:40.308+0530] {dag.py:3722} INFO - Setting next_dagrun for example_branch_dop_operator_v3 to 2023-12-09T01:35:00+00:00, run_after=2023-12-09T01:36:00+00:00
[2023-12-09T07:06:40.340+0530] {processor.py:179} INFO - Processing /home/rajabala/Desktop/projects/Airflow/airflow_env/lib/python3.9/site-packages/airflow/example_dags/example_branch_python_dop_operator_3.py took 0.234 seconds
[2023-12-09T07:07:35.956+0530] {processor.py:157} INFO - Started process (PID=5903) to work on /home/rajabala/Desktop/projects/Airflow/airflow_env/lib/python3.9/site-packages/airflow/example_dags/example_branch_python_dop_operator_3.py
[2023-12-09T07:07:35.959+0530] {processor.py:829} INFO - Processing file /home/rajabala/Desktop/projects/Airflow/airflow_env/lib/python3.9/site-packages/airflow/example_dags/example_branch_python_dop_operator_3.py for tasks to queue
[2023-12-09T07:07:35.960+0530] {logging_mixin.py:154} INFO - [2023-12-09T07:07:35.959+0530] {dagbag.py:536} INFO - Filling up the DagBag from /home/rajabala/Desktop/projects/Airflow/airflow_env/lib/python3.9/site-packages/airflow/example_dags/example_branch_python_dop_operator_3.py
[2023-12-09T07:07:35.967+0530] {processor.py:839} INFO - DAG(s) dict_keys(['example_branch_dop_operator_v3']) retrieved from /home/rajabala/Desktop/projects/Airflow/airflow_env/lib/python3.9/site-packages/airflow/example_dags/example_branch_python_dop_operator_3.py
[2023-12-09T07:07:35.985+0530] {logging_mixin.py:154} INFO - [2023-12-09T07:07:35.985+0530] {dag.py:2941} INFO - Sync 1 DAGs
[2023-12-09T07:07:36.013+0530] {logging_mixin.py:154} INFO - [2023-12-09T07:07:36.013+0530] {dag.py:3722} INFO - Setting next_dagrun for example_branch_dop_operator_v3 to 2023-12-09T01:36:00+00:00, run_after=2023-12-09T01:37:00+00:00
[2023-12-09T07:07:36.035+0530] {processor.py:179} INFO - Processing /home/rajabala/Desktop/projects/Airflow/airflow_env/lib/python3.9/site-packages/airflow/example_dags/example_branch_python_dop_operator_3.py took 0.084 seconds
[2023-12-09T07:08:19.334+0530] {processor.py:157} INFO - Started process (PID=6228) to work on /home/rajabala/Desktop/projects/Airflow/airflow_env/lib/python3.9/site-packages/airflow/example_dags/example_branch_python_dop_operator_3.py
[2023-12-09T07:08:19.337+0530] {processor.py:829} INFO - Processing file /home/rajabala/Desktop/projects/Airflow/airflow_env/lib/python3.9/site-packages/airflow/example_dags/example_branch_python_dop_operator_3.py for tasks to queue
[2023-12-09T07:08:19.338+0530] {logging_mixin.py:154} INFO - [2023-12-09T07:08:19.337+0530] {dagbag.py:536} INFO - Filling up the DagBag from /home/rajabala/Desktop/projects/Airflow/airflow_env/lib/python3.9/site-packages/airflow/example_dags/example_branch_python_dop_operator_3.py
[2023-12-09T07:08:19.347+0530] {processor.py:839} INFO - DAG(s) dict_keys(['example_branch_dop_operator_v3']) retrieved from /home/rajabala/Desktop/projects/Airflow/airflow_env/lib/python3.9/site-packages/airflow/example_dags/example_branch_python_dop_operator_3.py
[2023-12-09T07:08:19.359+0530] {logging_mixin.py:154} INFO - [2023-12-09T07:08:19.359+0530] {dag.py:2941} INFO - Sync 1 DAGs
[2023-12-09T07:08:19.376+0530] {logging_mixin.py:154} INFO - [2023-12-09T07:08:19.376+0530] {dag.py:3722} INFO - Setting next_dagrun for example_branch_dop_operator_v3 to 2023-12-09T01:37:00+00:00, run_after=2023-12-09T01:38:00+00:00
[2023-12-09T07:08:19.392+0530] {processor.py:179} INFO - Processing /home/rajabala/Desktop/projects/Airflow/airflow_env/lib/python3.9/site-packages/airflow/example_dags/example_branch_python_dop_operator_3.py took 0.061 seconds
[2023-12-09T07:09:07.215+0530] {processor.py:157} INFO - Started process (PID=6393) to work on /home/rajabala/Desktop/projects/Airflow/airflow_env/lib/python3.9/site-packages/airflow/example_dags/example_branch_python_dop_operator_3.py
[2023-12-09T07:09:07.218+0530] {processor.py:829} INFO - Processing file /home/rajabala/Desktop/projects/Airflow/airflow_env/lib/python3.9/site-packages/airflow/example_dags/example_branch_python_dop_operator_3.py for tasks to queue
[2023-12-09T07:09:07.219+0530] {logging_mixin.py:154} INFO - [2023-12-09T07:09:07.218+0530] {dagbag.py:536} INFO - Filling up the DagBag from /home/rajabala/Desktop/projects/Airflow/airflow_env/lib/python3.9/site-packages/airflow/example_dags/example_branch_python_dop_operator_3.py
[2023-12-09T07:09:07.229+0530] {processor.py:839} INFO - DAG(s) dict_keys(['example_branch_dop_operator_v3']) retrieved from /home/rajabala/Desktop/projects/Airflow/airflow_env/lib/python3.9/site-packages/airflow/example_dags/example_branch_python_dop_operator_3.py
[2023-12-09T07:09:07.240+0530] {logging_mixin.py:154} INFO - [2023-12-09T07:09:07.240+0530] {dag.py:2941} INFO - Sync 1 DAGs
[2023-12-09T07:09:07.258+0530] {logging_mixin.py:154} INFO - [2023-12-09T07:09:07.257+0530] {dag.py:3722} INFO - Setting next_dagrun for example_branch_dop_operator_v3 to 2023-12-09T01:38:00+00:00, run_after=2023-12-09T01:39:00+00:00
[2023-12-09T07:09:07.275+0530] {processor.py:179} INFO - Processing /home/rajabala/Desktop/projects/Airflow/airflow_env/lib/python3.9/site-packages/airflow/example_dags/example_branch_python_dop_operator_3.py took 0.062 seconds
[2023-12-09T07:09:53.231+0530] {processor.py:157} INFO - Started process (PID=6735) to work on /home/rajabala/Desktop/projects/Airflow/airflow_env/lib/python3.9/site-packages/airflow/example_dags/example_branch_python_dop_operator_3.py
[2023-12-09T07:09:53.232+0530] {processor.py:829} INFO - Processing file /home/rajabala/Desktop/projects/Airflow/airflow_env/lib/python3.9/site-packages/airflow/example_dags/example_branch_python_dop_operator_3.py for tasks to queue
[2023-12-09T07:09:53.233+0530] {logging_mixin.py:154} INFO - [2023-12-09T07:09:53.233+0530] {dagbag.py:536} INFO - Filling up the DagBag from /home/rajabala/Desktop/projects/Airflow/airflow_env/lib/python3.9/site-packages/airflow/example_dags/example_branch_python_dop_operator_3.py
[2023-12-09T07:09:53.242+0530] {processor.py:839} INFO - DAG(s) dict_keys(['example_branch_dop_operator_v3']) retrieved from /home/rajabala/Desktop/projects/Airflow/airflow_env/lib/python3.9/site-packages/airflow/example_dags/example_branch_python_dop_operator_3.py
[2023-12-09T07:09:53.258+0530] {logging_mixin.py:154} INFO - [2023-12-09T07:09:53.258+0530] {dag.py:2941} INFO - Sync 1 DAGs
[2023-12-09T07:09:53.293+0530] {logging_mixin.py:154} INFO - [2023-12-09T07:09:53.292+0530] {dag.py:3722} INFO - Setting next_dagrun for example_branch_dop_operator_v3 to 2023-12-09T01:38:00+00:00, run_after=2023-12-09T01:39:00+00:00
[2023-12-09T07:09:53.318+0530] {processor.py:179} INFO - Processing /home/rajabala/Desktop/projects/Airflow/airflow_env/lib/python3.9/site-packages/airflow/example_dags/example_branch_python_dop_operator_3.py took 0.090 seconds
