[2023-12-09T07:06:17.662+0530] {processor.py:157} INFO - Started process (PID=4937) to work on /home/rajabala/Desktop/projects/Airflow/airflow_env/lib/python3.9/site-packages/airflow/example_dags/example_short_circuit_decorator.py
[2023-12-09T07:06:17.663+0530] {processor.py:829} INFO - Processing file /home/rajabala/Desktop/projects/Airflow/airflow_env/lib/python3.9/site-packages/airflow/example_dags/example_short_circuit_decorator.py for tasks to queue
[2023-12-09T07:06:17.664+0530] {logging_mixin.py:154} INFO - [2023-12-09T07:06:17.664+0530] {dagbag.py:536} INFO - Filling up the DagBag from /home/rajabala/Desktop/projects/Airflow/airflow_env/lib/python3.9/site-packages/airflow/example_dags/example_short_circuit_decorator.py
[2023-12-09T07:06:17.676+0530] {processor.py:839} INFO - DAG(s) dict_keys(['example_short_circuit_decorator']) retrieved from /home/rajabala/Desktop/projects/Airflow/airflow_env/lib/python3.9/site-packages/airflow/example_dags/example_short_circuit_decorator.py
[2023-12-09T07:06:17.791+0530] {logging_mixin.py:154} INFO - [2023-12-09T07:06:17.790+0530] {manager.py:499} INFO - Created Permission View: %s
[2023-12-09T07:06:17.803+0530] {logging_mixin.py:154} INFO - [2023-12-09T07:06:17.803+0530] {manager.py:499} INFO - Created Permission View: %s
[2023-12-09T07:06:17.811+0530] {logging_mixin.py:154} INFO - [2023-12-09T07:06:17.811+0530] {manager.py:499} INFO - Created Permission View: %s
[2023-12-09T07:06:17.811+0530] {logging_mixin.py:154} INFO - [2023-12-09T07:06:17.811+0530] {dag.py:2941} INFO - Sync 1 DAGs
[2023-12-09T07:06:17.822+0530] {logging_mixin.py:154} INFO - [2023-12-09T07:06:17.822+0530] {dag.py:2963} INFO - Creating ORM DAG for example_short_circuit_decorator
[2023-12-09T07:06:17.832+0530] {logging_mixin.py:154} INFO - [2023-12-09T07:06:17.832+0530] {dag.py:3722} INFO - Setting next_dagrun for example_short_circuit_decorator to 2023-12-08T01:36:17.832293+00:00, run_after=2023-12-09T01:36:17.832293+00:00
[2023-12-09T07:06:17.853+0530] {processor.py:179} INFO - Processing /home/rajabala/Desktop/projects/Airflow/airflow_env/lib/python3.9/site-packages/airflow/example_dags/example_short_circuit_decorator.py took 0.194 seconds
[2023-12-09T07:07:07.246+0530] {processor.py:157} INFO - Started process (PID=5793) to work on /home/rajabala/Desktop/projects/Airflow/airflow_env/lib/python3.9/site-packages/airflow/example_dags/example_short_circuit_decorator.py
[2023-12-09T07:07:07.249+0530] {processor.py:829} INFO - Processing file /home/rajabala/Desktop/projects/Airflow/airflow_env/lib/python3.9/site-packages/airflow/example_dags/example_short_circuit_decorator.py for tasks to queue
[2023-12-09T07:07:07.250+0530] {logging_mixin.py:154} INFO - [2023-12-09T07:07:07.250+0530] {dagbag.py:536} INFO - Filling up the DagBag from /home/rajabala/Desktop/projects/Airflow/airflow_env/lib/python3.9/site-packages/airflow/example_dags/example_short_circuit_decorator.py
[2023-12-09T07:07:07.261+0530] {processor.py:839} INFO - DAG(s) dict_keys(['example_short_circuit_decorator']) retrieved from /home/rajabala/Desktop/projects/Airflow/airflow_env/lib/python3.9/site-packages/airflow/example_dags/example_short_circuit_decorator.py
[2023-12-09T07:07:07.275+0530] {logging_mixin.py:154} INFO - [2023-12-09T07:07:07.275+0530] {dag.py:2941} INFO - Sync 1 DAGs
[2023-12-09T07:07:07.292+0530] {logging_mixin.py:154} INFO - [2023-12-09T07:07:07.291+0530] {dag.py:3722} INFO - Setting next_dagrun for example_short_circuit_decorator to 2023-12-08T01:37:07.291840+00:00, run_after=2023-12-09T01:37:07.291840+00:00
[2023-12-09T07:07:07.310+0530] {processor.py:179} INFO - Processing /home/rajabala/Desktop/projects/Airflow/airflow_env/lib/python3.9/site-packages/airflow/example_dags/example_short_circuit_decorator.py took 0.068 seconds
[2023-12-09T07:07:53.271+0530] {processor.py:157} INFO - Started process (PID=6060) to work on /home/rajabala/Desktop/projects/Airflow/airflow_env/lib/python3.9/site-packages/airflow/example_dags/example_short_circuit_decorator.py
[2023-12-09T07:07:53.274+0530] {processor.py:829} INFO - Processing file /home/rajabala/Desktop/projects/Airflow/airflow_env/lib/python3.9/site-packages/airflow/example_dags/example_short_circuit_decorator.py for tasks to queue
[2023-12-09T07:07:53.275+0530] {logging_mixin.py:154} INFO - [2023-12-09T07:07:53.275+0530] {dagbag.py:536} INFO - Filling up the DagBag from /home/rajabala/Desktop/projects/Airflow/airflow_env/lib/python3.9/site-packages/airflow/example_dags/example_short_circuit_decorator.py
[2023-12-09T07:07:53.285+0530] {processor.py:839} INFO - DAG(s) dict_keys(['example_short_circuit_decorator']) retrieved from /home/rajabala/Desktop/projects/Airflow/airflow_env/lib/python3.9/site-packages/airflow/example_dags/example_short_circuit_decorator.py
[2023-12-09T07:07:53.298+0530] {logging_mixin.py:154} INFO - [2023-12-09T07:07:53.298+0530] {dag.py:2941} INFO - Sync 1 DAGs
[2023-12-09T07:07:53.312+0530] {logging_mixin.py:154} INFO - [2023-12-09T07:07:53.312+0530] {dag.py:3722} INFO - Setting next_dagrun for example_short_circuit_decorator to 2023-12-08T01:37:53.311956+00:00, run_after=2023-12-09T01:37:53.311956+00:00
[2023-12-09T07:07:53.327+0530] {processor.py:179} INFO - Processing /home/rajabala/Desktop/projects/Airflow/airflow_env/lib/python3.9/site-packages/airflow/example_dags/example_short_circuit_decorator.py took 0.059 seconds
[2023-12-09T07:08:38.898+0530] {processor.py:157} INFO - Started process (PID=6264) to work on /home/rajabala/Desktop/projects/Airflow/airflow_env/lib/python3.9/site-packages/airflow/example_dags/example_short_circuit_decorator.py
[2023-12-09T07:08:38.901+0530] {processor.py:829} INFO - Processing file /home/rajabala/Desktop/projects/Airflow/airflow_env/lib/python3.9/site-packages/airflow/example_dags/example_short_circuit_decorator.py for tasks to queue
[2023-12-09T07:08:38.902+0530] {logging_mixin.py:154} INFO - [2023-12-09T07:08:38.902+0530] {dagbag.py:536} INFO - Filling up the DagBag from /home/rajabala/Desktop/projects/Airflow/airflow_env/lib/python3.9/site-packages/airflow/example_dags/example_short_circuit_decorator.py
[2023-12-09T07:08:38.913+0530] {processor.py:839} INFO - DAG(s) dict_keys(['example_short_circuit_decorator']) retrieved from /home/rajabala/Desktop/projects/Airflow/airflow_env/lib/python3.9/site-packages/airflow/example_dags/example_short_circuit_decorator.py
[2023-12-09T07:08:38.926+0530] {logging_mixin.py:154} INFO - [2023-12-09T07:08:38.926+0530] {dag.py:2941} INFO - Sync 1 DAGs
[2023-12-09T07:08:38.939+0530] {logging_mixin.py:154} INFO - [2023-12-09T07:08:38.939+0530] {dag.py:3722} INFO - Setting next_dagrun for example_short_circuit_decorator to 2023-12-08T01:38:38.939549+00:00, run_after=2023-12-09T01:38:38.939549+00:00
[2023-12-09T07:08:38.955+0530] {processor.py:179} INFO - Processing /home/rajabala/Desktop/projects/Airflow/airflow_env/lib/python3.9/site-packages/airflow/example_dags/example_short_circuit_decorator.py took 0.060 seconds
[2023-12-09T07:09:22.342+0530] {processor.py:157} INFO - Started process (PID=6424) to work on /home/rajabala/Desktop/projects/Airflow/airflow_env/lib/python3.9/site-packages/airflow/example_dags/example_short_circuit_decorator.py
[2023-12-09T07:09:22.345+0530] {processor.py:829} INFO - Processing file /home/rajabala/Desktop/projects/Airflow/airflow_env/lib/python3.9/site-packages/airflow/example_dags/example_short_circuit_decorator.py for tasks to queue
[2023-12-09T07:09:22.346+0530] {logging_mixin.py:154} INFO - [2023-12-09T07:09:22.345+0530] {dagbag.py:536} INFO - Filling up the DagBag from /home/rajabala/Desktop/projects/Airflow/airflow_env/lib/python3.9/site-packages/airflow/example_dags/example_short_circuit_decorator.py
[2023-12-09T07:09:22.355+0530] {processor.py:839} INFO - DAG(s) dict_keys(['example_short_circuit_decorator']) retrieved from /home/rajabala/Desktop/projects/Airflow/airflow_env/lib/python3.9/site-packages/airflow/example_dags/example_short_circuit_decorator.py
[2023-12-09T07:09:22.369+0530] {logging_mixin.py:154} INFO - [2023-12-09T07:09:22.369+0530] {dag.py:2941} INFO - Sync 1 DAGs
[2023-12-09T07:09:22.383+0530] {logging_mixin.py:154} INFO - [2023-12-09T07:09:22.383+0530] {dag.py:3722} INFO - Setting next_dagrun for example_short_circuit_decorator to 2023-12-08T01:39:22.383418+00:00, run_after=2023-12-09T01:39:22.383418+00:00
[2023-12-09T07:09:22.401+0530] {processor.py:179} INFO - Processing /home/rajabala/Desktop/projects/Airflow/airflow_env/lib/python3.9/site-packages/airflow/example_dags/example_short_circuit_decorator.py took 0.063 seconds
[2023-12-09T07:10:07.180+0530] {processor.py:157} INFO - Started process (PID=6923) to work on /home/rajabala/Desktop/projects/Airflow/airflow_env/lib/python3.9/site-packages/airflow/example_dags/example_short_circuit_decorator.py
[2023-12-09T07:10:07.183+0530] {processor.py:829} INFO - Processing file /home/rajabala/Desktop/projects/Airflow/airflow_env/lib/python3.9/site-packages/airflow/example_dags/example_short_circuit_decorator.py for tasks to queue
[2023-12-09T07:10:07.185+0530] {logging_mixin.py:154} INFO - [2023-12-09T07:10:07.184+0530] {dagbag.py:536} INFO - Filling up the DagBag from /home/rajabala/Desktop/projects/Airflow/airflow_env/lib/python3.9/site-packages/airflow/example_dags/example_short_circuit_decorator.py
[2023-12-09T07:10:07.196+0530] {processor.py:839} INFO - DAG(s) dict_keys(['example_short_circuit_decorator']) retrieved from /home/rajabala/Desktop/projects/Airflow/airflow_env/lib/python3.9/site-packages/airflow/example_dags/example_short_circuit_decorator.py
[2023-12-09T07:10:07.208+0530] {logging_mixin.py:154} INFO - [2023-12-09T07:10:07.208+0530] {dag.py:2941} INFO - Sync 1 DAGs
[2023-12-09T07:10:07.222+0530] {logging_mixin.py:154} INFO - [2023-12-09T07:10:07.222+0530] {dag.py:3722} INFO - Setting next_dagrun for example_short_circuit_decorator to 2023-12-08T01:40:07.222271+00:00, run_after=2023-12-09T01:40:07.222271+00:00
[2023-12-09T07:10:07.237+0530] {processor.py:179} INFO - Processing /home/rajabala/Desktop/projects/Airflow/airflow_env/lib/python3.9/site-packages/airflow/example_dags/example_short_circuit_decorator.py took 0.061 seconds
