[2023-12-09T07:06:28.151+0530] {processor.py:157} INFO - Started process (PID=5338) to work on /home/rajabala/Desktop/projects/Airflow/airflow_env/lib/python3.9/site-packages/airflow/example_dags/example_params_ui_tutorial.py
[2023-12-09T07:06:28.151+0530] {processor.py:829} INFO - Processing file /home/rajabala/Desktop/projects/Airflow/airflow_env/lib/python3.9/site-packages/airflow/example_dags/example_params_ui_tutorial.py for tasks to queue
[2023-12-09T07:06:28.152+0530] {logging_mixin.py:154} INFO - [2023-12-09T07:06:28.152+0530] {dagbag.py:536} INFO - Filling up the DagBag from /home/rajabala/Desktop/projects/Airflow/airflow_env/lib/python3.9/site-packages/airflow/example_dags/example_params_ui_tutorial.py
[2023-12-09T07:06:28.171+0530] {processor.py:839} INFO - DAG(s) dict_keys(['example_params_ui_tutorial']) retrieved from /home/rajabala/Desktop/projects/Airflow/airflow_env/lib/python3.9/site-packages/airflow/example_dags/example_params_ui_tutorial.py
[2023-12-09T07:06:28.260+0530] {logging_mixin.py:154} INFO - [2023-12-09T07:06:28.259+0530] {manager.py:499} INFO - Created Permission View: %s
[2023-12-09T07:06:28.268+0530] {logging_mixin.py:154} INFO - [2023-12-09T07:06:28.268+0530] {manager.py:499} INFO - Created Permission View: %s
[2023-12-09T07:06:28.275+0530] {logging_mixin.py:154} INFO - [2023-12-09T07:06:28.275+0530] {manager.py:499} INFO - Created Permission View: %s
[2023-12-09T07:06:28.275+0530] {logging_mixin.py:154} INFO - [2023-12-09T07:06:28.275+0530] {dag.py:2941} INFO - Sync 1 DAGs
[2023-12-09T07:06:28.282+0530] {logging_mixin.py:154} INFO - [2023-12-09T07:06:28.282+0530] {dag.py:2963} INFO - Creating ORM DAG for example_params_ui_tutorial
[2023-12-09T07:06:28.282+0530] {logging_mixin.py:154} INFO - [2023-12-09T07:06:28.282+0530] {dag.py:3722} INFO - Setting next_dagrun for example_params_ui_tutorial to None, run_after=None
[2023-12-09T07:06:28.298+0530] {processor.py:179} INFO - Processing /home/rajabala/Desktop/projects/Airflow/airflow_env/lib/python3.9/site-packages/airflow/example_dags/example_params_ui_tutorial.py took 0.150 seconds
[2023-12-09T07:07:16.382+0530] {processor.py:157} INFO - Started process (PID=5839) to work on /home/rajabala/Desktop/projects/Airflow/airflow_env/lib/python3.9/site-packages/airflow/example_dags/example_params_ui_tutorial.py
[2023-12-09T07:07:16.384+0530] {processor.py:829} INFO - Processing file /home/rajabala/Desktop/projects/Airflow/airflow_env/lib/python3.9/site-packages/airflow/example_dags/example_params_ui_tutorial.py for tasks to queue
[2023-12-09T07:07:16.385+0530] {logging_mixin.py:154} INFO - [2023-12-09T07:07:16.384+0530] {dagbag.py:536} INFO - Filling up the DagBag from /home/rajabala/Desktop/projects/Airflow/airflow_env/lib/python3.9/site-packages/airflow/example_dags/example_params_ui_tutorial.py
[2023-12-09T07:07:16.409+0530] {processor.py:839} INFO - DAG(s) dict_keys(['example_params_ui_tutorial']) retrieved from /home/rajabala/Desktop/projects/Airflow/airflow_env/lib/python3.9/site-packages/airflow/example_dags/example_params_ui_tutorial.py
[2023-12-09T07:07:16.438+0530] {logging_mixin.py:154} INFO - [2023-12-09T07:07:16.438+0530] {dag.py:2941} INFO - Sync 1 DAGs
[2023-12-09T07:07:16.446+0530] {logging_mixin.py:154} INFO - [2023-12-09T07:07:16.445+0530] {dag.py:3722} INFO - Setting next_dagrun for example_params_ui_tutorial to None, run_after=None
[2023-12-09T07:07:16.461+0530] {processor.py:179} INFO - Processing /home/rajabala/Desktop/projects/Airflow/airflow_env/lib/python3.9/site-packages/airflow/example_dags/example_params_ui_tutorial.py took 0.082 seconds
[2023-12-09T07:08:02.151+0530] {processor.py:157} INFO - Started process (PID=6137) to work on /home/rajabala/Desktop/projects/Airflow/airflow_env/lib/python3.9/site-packages/airflow/example_dags/example_params_ui_tutorial.py
[2023-12-09T07:08:02.155+0530] {processor.py:829} INFO - Processing file /home/rajabala/Desktop/projects/Airflow/airflow_env/lib/python3.9/site-packages/airflow/example_dags/example_params_ui_tutorial.py for tasks to queue
[2023-12-09T07:08:02.156+0530] {logging_mixin.py:154} INFO - [2023-12-09T07:08:02.155+0530] {dagbag.py:536} INFO - Filling up the DagBag from /home/rajabala/Desktop/projects/Airflow/airflow_env/lib/python3.9/site-packages/airflow/example_dags/example_params_ui_tutorial.py
[2023-12-09T07:08:02.180+0530] {processor.py:839} INFO - DAG(s) dict_keys(['example_params_ui_tutorial']) retrieved from /home/rajabala/Desktop/projects/Airflow/airflow_env/lib/python3.9/site-packages/airflow/example_dags/example_params_ui_tutorial.py
[2023-12-09T07:08:02.210+0530] {logging_mixin.py:154} INFO - [2023-12-09T07:08:02.210+0530] {dag.py:2941} INFO - Sync 1 DAGs
[2023-12-09T07:08:02.219+0530] {logging_mixin.py:154} INFO - [2023-12-09T07:08:02.219+0530] {dag.py:3722} INFO - Setting next_dagrun for example_params_ui_tutorial to None, run_after=None
[2023-12-09T07:08:02.235+0530] {processor.py:179} INFO - Processing /home/rajabala/Desktop/projects/Airflow/airflow_env/lib/python3.9/site-packages/airflow/example_dags/example_params_ui_tutorial.py took 0.088 seconds
[2023-12-09T07:08:48.069+0530] {processor.py:157} INFO - Started process (PID=6281) to work on /home/rajabala/Desktop/projects/Airflow/airflow_env/lib/python3.9/site-packages/airflow/example_dags/example_params_ui_tutorial.py
[2023-12-09T07:08:48.072+0530] {processor.py:829} INFO - Processing file /home/rajabala/Desktop/projects/Airflow/airflow_env/lib/python3.9/site-packages/airflow/example_dags/example_params_ui_tutorial.py for tasks to queue
[2023-12-09T07:08:48.073+0530] {logging_mixin.py:154} INFO - [2023-12-09T07:08:48.072+0530] {dagbag.py:536} INFO - Filling up the DagBag from /home/rajabala/Desktop/projects/Airflow/airflow_env/lib/python3.9/site-packages/airflow/example_dags/example_params_ui_tutorial.py
[2023-12-09T07:08:48.098+0530] {processor.py:839} INFO - DAG(s) dict_keys(['example_params_ui_tutorial']) retrieved from /home/rajabala/Desktop/projects/Airflow/airflow_env/lib/python3.9/site-packages/airflow/example_dags/example_params_ui_tutorial.py
[2023-12-09T07:08:48.128+0530] {logging_mixin.py:154} INFO - [2023-12-09T07:08:48.128+0530] {dag.py:2941} INFO - Sync 1 DAGs
[2023-12-09T07:08:48.137+0530] {logging_mixin.py:154} INFO - [2023-12-09T07:08:48.137+0530] {dag.py:3722} INFO - Setting next_dagrun for example_params_ui_tutorial to None, run_after=None
[2023-12-09T07:08:48.155+0530] {processor.py:179} INFO - Processing /home/rajabala/Desktop/projects/Airflow/airflow_env/lib/python3.9/site-packages/airflow/example_dags/example_params_ui_tutorial.py took 0.089 seconds
[2023-12-09T07:09:33.789+0530] {processor.py:157} INFO - Started process (PID=6650) to work on /home/rajabala/Desktop/projects/Airflow/airflow_env/lib/python3.9/site-packages/airflow/example_dags/example_params_ui_tutorial.py
[2023-12-09T07:09:33.792+0530] {processor.py:829} INFO - Processing file /home/rajabala/Desktop/projects/Airflow/airflow_env/lib/python3.9/site-packages/airflow/example_dags/example_params_ui_tutorial.py for tasks to queue
[2023-12-09T07:09:33.792+0530] {logging_mixin.py:154} INFO - [2023-12-09T07:09:33.792+0530] {dagbag.py:536} INFO - Filling up the DagBag from /home/rajabala/Desktop/projects/Airflow/airflow_env/lib/python3.9/site-packages/airflow/example_dags/example_params_ui_tutorial.py
[2023-12-09T07:09:33.817+0530] {processor.py:839} INFO - DAG(s) dict_keys(['example_params_ui_tutorial']) retrieved from /home/rajabala/Desktop/projects/Airflow/airflow_env/lib/python3.9/site-packages/airflow/example_dags/example_params_ui_tutorial.py
[2023-12-09T07:09:33.846+0530] {logging_mixin.py:154} INFO - [2023-12-09T07:09:33.846+0530] {dag.py:2941} INFO - Sync 1 DAGs
[2023-12-09T07:09:33.854+0530] {logging_mixin.py:154} INFO - [2023-12-09T07:09:33.854+0530] {dag.py:3722} INFO - Setting next_dagrun for example_params_ui_tutorial to None, run_after=None
[2023-12-09T07:09:33.869+0530] {processor.py:179} INFO - Processing /home/rajabala/Desktop/projects/Airflow/airflow_env/lib/python3.9/site-packages/airflow/example_dags/example_params_ui_tutorial.py took 0.083 seconds
