[2023-12-09T07:06:38.761+0530] {processor.py:157} INFO - Started process (PID=5489) to work on /home/rajabala/Desktop/projects/Airflow/airflow_env/lib/python3.9/site-packages/airflow/example_dags/example_branch_datetime_operator.py
[2023-12-09T07:06:38.762+0530] {processor.py:829} INFO - Processing file /home/rajabala/Desktop/projects/Airflow/airflow_env/lib/python3.9/site-packages/airflow/example_dags/example_branch_datetime_operator.py for tasks to queue
[2023-12-09T07:06:38.764+0530] {logging_mixin.py:154} INFO - [2023-12-09T07:06:38.763+0530] {dagbag.py:536} INFO - Filling up the DagBag from /home/rajabala/Desktop/projects/Airflow/airflow_env/lib/python3.9/site-packages/airflow/example_dags/example_branch_datetime_operator.py
[2023-12-09T07:06:38.771+0530] {processor.py:839} INFO - DAG(s) dict_keys(['example_branch_datetime_operator_3', 'example_branch_datetime_operator', 'example_branch_datetime_operator_2']) retrieved from /home/rajabala/Desktop/projects/Airflow/airflow_env/lib/python3.9/site-packages/airflow/example_dags/example_branch_datetime_operator.py
[2023-12-09T07:06:38.861+0530] {logging_mixin.py:154} INFO - [2023-12-09T07:06:38.861+0530] {manager.py:499} INFO - Created Permission View: %s
[2023-12-09T07:06:38.870+0530] {logging_mixin.py:154} INFO - [2023-12-09T07:06:38.870+0530] {manager.py:499} INFO - Created Permission View: %s
[2023-12-09T07:06:38.877+0530] {logging_mixin.py:154} INFO - [2023-12-09T07:06:38.877+0530] {manager.py:499} INFO - Created Permission View: %s
[2023-12-09T07:06:38.892+0530] {logging_mixin.py:154} INFO - [2023-12-09T07:06:38.892+0530] {manager.py:499} INFO - Created Permission View: %s
[2023-12-09T07:06:38.899+0530] {logging_mixin.py:154} INFO - [2023-12-09T07:06:38.899+0530] {manager.py:499} INFO - Created Permission View: %s
[2023-12-09T07:06:38.907+0530] {logging_mixin.py:154} INFO - [2023-12-09T07:06:38.907+0530] {manager.py:499} INFO - Created Permission View: %s
[2023-12-09T07:06:38.926+0530] {logging_mixin.py:154} INFO - [2023-12-09T07:06:38.926+0530] {manager.py:499} INFO - Created Permission View: %s
[2023-12-09T07:06:38.933+0530] {logging_mixin.py:154} INFO - [2023-12-09T07:06:38.933+0530] {manager.py:499} INFO - Created Permission View: %s
[2023-12-09T07:06:38.940+0530] {logging_mixin.py:154} INFO - [2023-12-09T07:06:38.940+0530] {manager.py:499} INFO - Created Permission View: %s
[2023-12-09T07:06:38.940+0530] {logging_mixin.py:154} INFO - [2023-12-09T07:06:38.940+0530] {dag.py:2941} INFO - Sync 3 DAGs
[2023-12-09T07:06:38.950+0530] {logging_mixin.py:154} INFO - [2023-12-09T07:06:38.950+0530] {dag.py:2963} INFO - Creating ORM DAG for example_branch_datetime_operator_3
[2023-12-09T07:06:38.950+0530] {logging_mixin.py:154} INFO - [2023-12-09T07:06:38.950+0530] {dag.py:2963} INFO - Creating ORM DAG for example_branch_datetime_operator
[2023-12-09T07:06:38.951+0530] {logging_mixin.py:154} INFO - [2023-12-09T07:06:38.951+0530] {dag.py:2963} INFO - Creating ORM DAG for example_branch_datetime_operator_2
[2023-12-09T07:06:38.961+0530] {logging_mixin.py:154} INFO - [2023-12-09T07:06:38.961+0530] {dag.py:3722} INFO - Setting next_dagrun for example_branch_datetime_operator to 2023-12-08T00:00:00+00:00, run_after=2023-12-09T00:00:00+00:00
[2023-12-09T07:06:38.963+0530] {logging_mixin.py:154} INFO - [2023-12-09T07:06:38.963+0530] {dag.py:3722} INFO - Setting next_dagrun for example_branch_datetime_operator_2 to 2023-12-08T00:00:00+00:00, run_after=2023-12-09T00:00:00+00:00
[2023-12-09T07:06:38.966+0530] {logging_mixin.py:154} INFO - [2023-12-09T07:06:38.966+0530] {dag.py:3722} INFO - Setting next_dagrun for example_branch_datetime_operator_3 to 2023-12-08T00:00:00+00:00, run_after=2023-12-09T00:00:00+00:00
[2023-12-09T07:06:38.989+0530] {processor.py:179} INFO - Processing /home/rajabala/Desktop/projects/Airflow/airflow_env/lib/python3.9/site-packages/airflow/example_dags/example_branch_datetime_operator.py took 0.232 seconds
[2023-12-09T07:07:34.811+0530] {processor.py:157} INFO - Started process (PID=5896) to work on /home/rajabala/Desktop/projects/Airflow/airflow_env/lib/python3.9/site-packages/airflow/example_dags/example_branch_datetime_operator.py
[2023-12-09T07:07:34.813+0530] {processor.py:829} INFO - Processing file /home/rajabala/Desktop/projects/Airflow/airflow_env/lib/python3.9/site-packages/airflow/example_dags/example_branch_datetime_operator.py for tasks to queue
[2023-12-09T07:07:34.814+0530] {logging_mixin.py:154} INFO - [2023-12-09T07:07:34.813+0530] {dagbag.py:536} INFO - Filling up the DagBag from /home/rajabala/Desktop/projects/Airflow/airflow_env/lib/python3.9/site-packages/airflow/example_dags/example_branch_datetime_operator.py
[2023-12-09T07:07:34.823+0530] {processor.py:839} INFO - DAG(s) dict_keys(['example_branch_datetime_operator_2', 'example_branch_datetime_operator_3', 'example_branch_datetime_operator']) retrieved from /home/rajabala/Desktop/projects/Airflow/airflow_env/lib/python3.9/site-packages/airflow/example_dags/example_branch_datetime_operator.py
[2023-12-09T07:07:34.839+0530] {logging_mixin.py:154} INFO - [2023-12-09T07:07:34.839+0530] {dag.py:2941} INFO - Sync 3 DAGs
[2023-12-09T07:07:34.857+0530] {logging_mixin.py:154} INFO - [2023-12-09T07:07:34.856+0530] {dag.py:3722} INFO - Setting next_dagrun for example_branch_datetime_operator to 2023-12-08T00:00:00+00:00, run_after=2023-12-09T00:00:00+00:00
[2023-12-09T07:07:34.861+0530] {logging_mixin.py:154} INFO - [2023-12-09T07:07:34.860+0530] {dag.py:3722} INFO - Setting next_dagrun for example_branch_datetime_operator_2 to 2023-12-08T00:00:00+00:00, run_after=2023-12-09T00:00:00+00:00
[2023-12-09T07:07:34.863+0530] {logging_mixin.py:154} INFO - [2023-12-09T07:07:34.863+0530] {dag.py:3722} INFO - Setting next_dagrun for example_branch_datetime_operator_3 to 2023-12-08T00:00:00+00:00, run_after=2023-12-09T00:00:00+00:00
[2023-12-09T07:07:34.881+0530] {processor.py:179} INFO - Processing /home/rajabala/Desktop/projects/Airflow/airflow_env/lib/python3.9/site-packages/airflow/example_dags/example_branch_datetime_operator.py took 0.073 seconds
[2023-12-09T07:08:18.187+0530] {processor.py:157} INFO - Started process (PID=6222) to work on /home/rajabala/Desktop/projects/Airflow/airflow_env/lib/python3.9/site-packages/airflow/example_dags/example_branch_datetime_operator.py
[2023-12-09T07:08:18.190+0530] {processor.py:829} INFO - Processing file /home/rajabala/Desktop/projects/Airflow/airflow_env/lib/python3.9/site-packages/airflow/example_dags/example_branch_datetime_operator.py for tasks to queue
[2023-12-09T07:08:18.192+0530] {logging_mixin.py:154} INFO - [2023-12-09T07:08:18.191+0530] {dagbag.py:536} INFO - Filling up the DagBag from /home/rajabala/Desktop/projects/Airflow/airflow_env/lib/python3.9/site-packages/airflow/example_dags/example_branch_datetime_operator.py
[2023-12-09T07:08:18.203+0530] {processor.py:839} INFO - DAG(s) dict_keys(['example_branch_datetime_operator_2', 'example_branch_datetime_operator_3', 'example_branch_datetime_operator']) retrieved from /home/rajabala/Desktop/projects/Airflow/airflow_env/lib/python3.9/site-packages/airflow/example_dags/example_branch_datetime_operator.py
[2023-12-09T07:08:18.220+0530] {logging_mixin.py:154} INFO - [2023-12-09T07:08:18.220+0530] {dag.py:2941} INFO - Sync 3 DAGs
[2023-12-09T07:08:18.235+0530] {logging_mixin.py:154} INFO - [2023-12-09T07:08:18.235+0530] {dag.py:3722} INFO - Setting next_dagrun for example_branch_datetime_operator to 2023-12-08T00:00:00+00:00, run_after=2023-12-09T00:00:00+00:00
[2023-12-09T07:08:18.238+0530] {logging_mixin.py:154} INFO - [2023-12-09T07:08:18.238+0530] {dag.py:3722} INFO - Setting next_dagrun for example_branch_datetime_operator_2 to 2023-12-08T00:00:00+00:00, run_after=2023-12-09T00:00:00+00:00
[2023-12-09T07:08:18.240+0530] {logging_mixin.py:154} INFO - [2023-12-09T07:08:18.240+0530] {dag.py:3722} INFO - Setting next_dagrun for example_branch_datetime_operator_3 to 2023-12-08T00:00:00+00:00, run_after=2023-12-09T00:00:00+00:00
[2023-12-09T07:08:18.256+0530] {processor.py:179} INFO - Processing /home/rajabala/Desktop/projects/Airflow/airflow_env/lib/python3.9/site-packages/airflow/example_dags/example_branch_datetime_operator.py took 0.073 seconds
[2023-12-09T07:09:06.065+0530] {processor.py:157} INFO - Started process (PID=6391) to work on /home/rajabala/Desktop/projects/Airflow/airflow_env/lib/python3.9/site-packages/airflow/example_dags/example_branch_datetime_operator.py
[2023-12-09T07:09:06.068+0530] {processor.py:829} INFO - Processing file /home/rajabala/Desktop/projects/Airflow/airflow_env/lib/python3.9/site-packages/airflow/example_dags/example_branch_datetime_operator.py for tasks to queue
[2023-12-09T07:09:06.069+0530] {logging_mixin.py:154} INFO - [2023-12-09T07:09:06.068+0530] {dagbag.py:536} INFO - Filling up the DagBag from /home/rajabala/Desktop/projects/Airflow/airflow_env/lib/python3.9/site-packages/airflow/example_dags/example_branch_datetime_operator.py
[2023-12-09T07:09:06.081+0530] {processor.py:839} INFO - DAG(s) dict_keys(['example_branch_datetime_operator_2', 'example_branch_datetime_operator', 'example_branch_datetime_operator_3']) retrieved from /home/rajabala/Desktop/projects/Airflow/airflow_env/lib/python3.9/site-packages/airflow/example_dags/example_branch_datetime_operator.py
[2023-12-09T07:09:06.096+0530] {logging_mixin.py:154} INFO - [2023-12-09T07:09:06.096+0530] {dag.py:2941} INFO - Sync 3 DAGs
[2023-12-09T07:09:06.111+0530] {logging_mixin.py:154} INFO - [2023-12-09T07:09:06.110+0530] {dag.py:3722} INFO - Setting next_dagrun for example_branch_datetime_operator to 2023-12-08T00:00:00+00:00, run_after=2023-12-09T00:00:00+00:00
[2023-12-09T07:09:06.114+0530] {logging_mixin.py:154} INFO - [2023-12-09T07:09:06.114+0530] {dag.py:3722} INFO - Setting next_dagrun for example_branch_datetime_operator_2 to 2023-12-08T00:00:00+00:00, run_after=2023-12-09T00:00:00+00:00
[2023-12-09T07:09:06.115+0530] {logging_mixin.py:154} INFO - [2023-12-09T07:09:06.115+0530] {dag.py:3722} INFO - Setting next_dagrun for example_branch_datetime_operator_3 to 2023-12-08T00:00:00+00:00, run_after=2023-12-09T00:00:00+00:00
[2023-12-09T07:09:06.129+0530] {processor.py:179} INFO - Processing /home/rajabala/Desktop/projects/Airflow/airflow_env/lib/python3.9/site-packages/airflow/example_dags/example_branch_datetime_operator.py took 0.067 seconds
[2023-12-09T07:09:52.094+0530] {processor.py:157} INFO - Started process (PID=6708) to work on /home/rajabala/Desktop/projects/Airflow/airflow_env/lib/python3.9/site-packages/airflow/example_dags/example_branch_datetime_operator.py
[2023-12-09T07:09:52.094+0530] {processor.py:829} INFO - Processing file /home/rajabala/Desktop/projects/Airflow/airflow_env/lib/python3.9/site-packages/airflow/example_dags/example_branch_datetime_operator.py for tasks to queue
[2023-12-09T07:09:52.095+0530] {logging_mixin.py:154} INFO - [2023-12-09T07:09:52.095+0530] {dagbag.py:536} INFO - Filling up the DagBag from /home/rajabala/Desktop/projects/Airflow/airflow_env/lib/python3.9/site-packages/airflow/example_dags/example_branch_datetime_operator.py
[2023-12-09T07:09:52.104+0530] {processor.py:839} INFO - DAG(s) dict_keys(['example_branch_datetime_operator_2', 'example_branch_datetime_operator', 'example_branch_datetime_operator_3']) retrieved from /home/rajabala/Desktop/projects/Airflow/airflow_env/lib/python3.9/site-packages/airflow/example_dags/example_branch_datetime_operator.py
[2023-12-09T07:09:52.131+0530] {logging_mixin.py:154} INFO - [2023-12-09T07:09:52.131+0530] {dag.py:2941} INFO - Sync 3 DAGs
[2023-12-09T07:09:52.158+0530] {logging_mixin.py:154} INFO - [2023-12-09T07:09:52.158+0530] {dag.py:3722} INFO - Setting next_dagrun for example_branch_datetime_operator to 2023-12-08T00:00:00+00:00, run_after=2023-12-09T00:00:00+00:00
[2023-12-09T07:09:52.163+0530] {logging_mixin.py:154} INFO - [2023-12-09T07:09:52.163+0530] {dag.py:3722} INFO - Setting next_dagrun for example_branch_datetime_operator_2 to 2023-12-08T00:00:00+00:00, run_after=2023-12-09T00:00:00+00:00
[2023-12-09T07:09:52.167+0530] {logging_mixin.py:154} INFO - [2023-12-09T07:09:52.167+0530] {dag.py:3722} INFO - Setting next_dagrun for example_branch_datetime_operator_3 to 2023-12-08T00:00:00+00:00, run_after=2023-12-09T00:00:00+00:00
[2023-12-09T07:09:52.184+0530] {processor.py:179} INFO - Processing /home/rajabala/Desktop/projects/Airflow/airflow_env/lib/python3.9/site-packages/airflow/example_dags/example_branch_datetime_operator.py took 0.092 seconds
