[2023-12-09T07:06:16.424+0530] {processor.py:157} INFO - Started process (PID=4917) to work on /home/rajabala/Desktop/projects/Airflow/airflow_env/lib/python3.9/site-packages/airflow/example_dags/example_sensors.py
[2023-12-09T07:06:16.425+0530] {processor.py:829} INFO - Processing file /home/rajabala/Desktop/projects/Airflow/airflow_env/lib/python3.9/site-packages/airflow/example_dags/example_sensors.py for tasks to queue
[2023-12-09T07:06:16.426+0530] {logging_mixin.py:154} INFO - [2023-12-09T07:06:16.425+0530] {dagbag.py:536} INFO - Filling up the DagBag from /home/rajabala/Desktop/projects/Airflow/airflow_env/lib/python3.9/site-packages/airflow/example_dags/example_sensors.py
[2023-12-09T07:06:16.438+0530] {processor.py:839} INFO - DAG(s) dict_keys(['example_sensors']) retrieved from /home/rajabala/Desktop/projects/Airflow/airflow_env/lib/python3.9/site-packages/airflow/example_dags/example_sensors.py
[2023-12-09T07:06:16.520+0530] {logging_mixin.py:154} INFO - [2023-12-09T07:06:16.520+0530] {manager.py:499} INFO - Created Permission View: %s
[2023-12-09T07:06:16.528+0530] {logging_mixin.py:154} INFO - [2023-12-09T07:06:16.528+0530] {manager.py:499} INFO - Created Permission View: %s
[2023-12-09T07:06:16.536+0530] {logging_mixin.py:154} INFO - [2023-12-09T07:06:16.536+0530] {manager.py:499} INFO - Created Permission View: %s
[2023-12-09T07:06:16.536+0530] {logging_mixin.py:154} INFO - [2023-12-09T07:06:16.536+0530] {dag.py:2941} INFO - Sync 1 DAGs
[2023-12-09T07:06:16.544+0530] {logging_mixin.py:154} INFO - [2023-12-09T07:06:16.543+0530] {dag.py:2963} INFO - Creating ORM DAG for example_sensors
[2023-12-09T07:06:16.544+0530] {logging_mixin.py:154} INFO - [2023-12-09T07:06:16.544+0530] {dag.py:3722} INFO - Setting next_dagrun for example_sensors to None, run_after=None
[2023-12-09T07:06:16.559+0530] {processor.py:179} INFO - Processing /home/rajabala/Desktop/projects/Airflow/airflow_env/lib/python3.9/site-packages/airflow/example_dags/example_sensors.py took 0.139 seconds
[2023-12-09T07:07:06.088+0530] {processor.py:157} INFO - Started process (PID=5790) to work on /home/rajabala/Desktop/projects/Airflow/airflow_env/lib/python3.9/site-packages/airflow/example_dags/example_sensors.py
[2023-12-09T07:07:06.092+0530] {processor.py:829} INFO - Processing file /home/rajabala/Desktop/projects/Airflow/airflow_env/lib/python3.9/site-packages/airflow/example_dags/example_sensors.py for tasks to queue
[2023-12-09T07:07:06.093+0530] {logging_mixin.py:154} INFO - [2023-12-09T07:07:06.093+0530] {dagbag.py:536} INFO - Filling up the DagBag from /home/rajabala/Desktop/projects/Airflow/airflow_env/lib/python3.9/site-packages/airflow/example_dags/example_sensors.py
[2023-12-09T07:07:06.104+0530] {processor.py:839} INFO - DAG(s) dict_keys(['example_sensors']) retrieved from /home/rajabala/Desktop/projects/Airflow/airflow_env/lib/python3.9/site-packages/airflow/example_dags/example_sensors.py
[2023-12-09T07:07:06.119+0530] {logging_mixin.py:154} INFO - [2023-12-09T07:07:06.118+0530] {dag.py:2941} INFO - Sync 1 DAGs
[2023-12-09T07:07:06.126+0530] {logging_mixin.py:154} INFO - [2023-12-09T07:07:06.126+0530] {dag.py:3722} INFO - Setting next_dagrun for example_sensors to None, run_after=None
[2023-12-09T07:07:06.142+0530] {processor.py:179} INFO - Processing /home/rajabala/Desktop/projects/Airflow/airflow_env/lib/python3.9/site-packages/airflow/example_dags/example_sensors.py took 0.058 seconds
[2023-12-09T07:07:52.414+0530] {processor.py:157} INFO - Started process (PID=6059) to work on /home/rajabala/Desktop/projects/Airflow/airflow_env/lib/python3.9/site-packages/airflow/example_dags/example_sensors.py
[2023-12-09T07:07:52.415+0530] {processor.py:829} INFO - Processing file /home/rajabala/Desktop/projects/Airflow/airflow_env/lib/python3.9/site-packages/airflow/example_dags/example_sensors.py for tasks to queue
[2023-12-09T07:07:52.416+0530] {logging_mixin.py:154} INFO - [2023-12-09T07:07:52.416+0530] {dagbag.py:536} INFO - Filling up the DagBag from /home/rajabala/Desktop/projects/Airflow/airflow_env/lib/python3.9/site-packages/airflow/example_dags/example_sensors.py
[2023-12-09T07:07:52.427+0530] {processor.py:839} INFO - DAG(s) dict_keys(['example_sensors']) retrieved from /home/rajabala/Desktop/projects/Airflow/airflow_env/lib/python3.9/site-packages/airflow/example_dags/example_sensors.py
[2023-12-09T07:07:52.440+0530] {logging_mixin.py:154} INFO - [2023-12-09T07:07:52.440+0530] {dag.py:2941} INFO - Sync 1 DAGs
[2023-12-09T07:07:52.448+0530] {logging_mixin.py:154} INFO - [2023-12-09T07:07:52.448+0530] {dag.py:3722} INFO - Setting next_dagrun for example_sensors to None, run_after=None
[2023-12-09T07:07:52.463+0530] {processor.py:179} INFO - Processing /home/rajabala/Desktop/projects/Airflow/airflow_env/lib/python3.9/site-packages/airflow/example_dags/example_sensors.py took 0.052 seconds
[2023-12-09T07:08:33.749+0530] {processor.py:157} INFO - Started process (PID=6257) to work on /home/rajabala/Desktop/projects/Airflow/airflow_env/lib/python3.9/site-packages/airflow/example_dags/example_sensors.py
[2023-12-09T07:08:33.752+0530] {processor.py:829} INFO - Processing file /home/rajabala/Desktop/projects/Airflow/airflow_env/lib/python3.9/site-packages/airflow/example_dags/example_sensors.py for tasks to queue
[2023-12-09T07:08:33.753+0530] {logging_mixin.py:154} INFO - [2023-12-09T07:08:33.753+0530] {dagbag.py:536} INFO - Filling up the DagBag from /home/rajabala/Desktop/projects/Airflow/airflow_env/lib/python3.9/site-packages/airflow/example_dags/example_sensors.py
[2023-12-09T07:08:33.761+0530] {processor.py:839} INFO - DAG(s) dict_keys(['example_sensors']) retrieved from /home/rajabala/Desktop/projects/Airflow/airflow_env/lib/python3.9/site-packages/airflow/example_dags/example_sensors.py
[2023-12-09T07:08:33.774+0530] {logging_mixin.py:154} INFO - [2023-12-09T07:08:33.774+0530] {dag.py:2941} INFO - Sync 1 DAGs
[2023-12-09T07:08:33.781+0530] {logging_mixin.py:154} INFO - [2023-12-09T07:08:33.781+0530] {dag.py:3722} INFO - Setting next_dagrun for example_sensors to None, run_after=None
[2023-12-09T07:08:33.796+0530] {processor.py:179} INFO - Processing /home/rajabala/Desktop/projects/Airflow/airflow_env/lib/python3.9/site-packages/airflow/example_dags/example_sensors.py took 0.049 seconds
[2023-12-09T07:09:21.197+0530] {processor.py:157} INFO - Started process (PID=6423) to work on /home/rajabala/Desktop/projects/Airflow/airflow_env/lib/python3.9/site-packages/airflow/example_dags/example_sensors.py
[2023-12-09T07:09:21.198+0530] {processor.py:829} INFO - Processing file /home/rajabala/Desktop/projects/Airflow/airflow_env/lib/python3.9/site-packages/airflow/example_dags/example_sensors.py for tasks to queue
[2023-12-09T07:09:21.199+0530] {logging_mixin.py:154} INFO - [2023-12-09T07:09:21.198+0530] {dagbag.py:536} INFO - Filling up the DagBag from /home/rajabala/Desktop/projects/Airflow/airflow_env/lib/python3.9/site-packages/airflow/example_dags/example_sensors.py
[2023-12-09T07:09:21.209+0530] {processor.py:839} INFO - DAG(s) dict_keys(['example_sensors']) retrieved from /home/rajabala/Desktop/projects/Airflow/airflow_env/lib/python3.9/site-packages/airflow/example_dags/example_sensors.py
[2023-12-09T07:09:21.224+0530] {logging_mixin.py:154} INFO - [2023-12-09T07:09:21.224+0530] {dag.py:2941} INFO - Sync 1 DAGs
[2023-12-09T07:09:21.231+0530] {logging_mixin.py:154} INFO - [2023-12-09T07:09:21.231+0530] {dag.py:3722} INFO - Setting next_dagrun for example_sensors to None, run_after=None
[2023-12-09T07:09:21.248+0530] {processor.py:179} INFO - Processing /home/rajabala/Desktop/projects/Airflow/airflow_env/lib/python3.9/site-packages/airflow/example_dags/example_sensors.py took 0.054 seconds
[2023-12-09T07:10:06.407+0530] {processor.py:157} INFO - Started process (PID=6920) to work on /home/rajabala/Desktop/projects/Airflow/airflow_env/lib/python3.9/site-packages/airflow/example_dags/example_sensors.py
[2023-12-09T07:10:06.410+0530] {processor.py:829} INFO - Processing file /home/rajabala/Desktop/projects/Airflow/airflow_env/lib/python3.9/site-packages/airflow/example_dags/example_sensors.py for tasks to queue
[2023-12-09T07:10:06.411+0530] {logging_mixin.py:154} INFO - [2023-12-09T07:10:06.411+0530] {dagbag.py:536} INFO - Filling up the DagBag from /home/rajabala/Desktop/projects/Airflow/airflow_env/lib/python3.9/site-packages/airflow/example_dags/example_sensors.py
[2023-12-09T07:10:06.422+0530] {processor.py:839} INFO - DAG(s) dict_keys(['example_sensors']) retrieved from /home/rajabala/Desktop/projects/Airflow/airflow_env/lib/python3.9/site-packages/airflow/example_dags/example_sensors.py
[2023-12-09T07:10:06.438+0530] {logging_mixin.py:154} INFO - [2023-12-09T07:10:06.438+0530] {dag.py:2941} INFO - Sync 1 DAGs
[2023-12-09T07:10:06.448+0530] {logging_mixin.py:154} INFO - [2023-12-09T07:10:06.448+0530] {dag.py:3722} INFO - Setting next_dagrun for example_sensors to None, run_after=None
[2023-12-09T07:10:06.467+0530] {processor.py:179} INFO - Processing /home/rajabala/Desktop/projects/Airflow/airflow_env/lib/python3.9/site-packages/airflow/example_dags/example_sensors.py took 0.064 seconds
