[2023-12-09T07:06:03.413+0530] {processor.py:157} INFO - Started process (PID=4888) to work on /home/rajabala/Desktop/projects/Airflow/airflow_env/lib/python3.9/site-packages/airflow/example_dags/example_task_group_decorator.py
[2023-12-09T07:06:03.414+0530] {processor.py:829} INFO - Processing file /home/rajabala/Desktop/projects/Airflow/airflow_env/lib/python3.9/site-packages/airflow/example_dags/example_task_group_decorator.py for tasks to queue
[2023-12-09T07:06:03.415+0530] {logging_mixin.py:154} INFO - [2023-12-09T07:06:03.414+0530] {dagbag.py:536} INFO - Filling up the DagBag from /home/rajabala/Desktop/projects/Airflow/airflow_env/lib/python3.9/site-packages/airflow/example_dags/example_task_group_decorator.py
[2023-12-09T07:06:03.428+0530] {processor.py:839} INFO - DAG(s) dict_keys(['example_task_group_decorator']) retrieved from /home/rajabala/Desktop/projects/Airflow/airflow_env/lib/python3.9/site-packages/airflow/example_dags/example_task_group_decorator.py
[2023-12-09T07:06:03.500+0530] {logging_mixin.py:154} INFO - [2023-12-09T07:06:03.499+0530] {manager.py:499} INFO - Created Permission View: %s
[2023-12-09T07:06:03.508+0530] {logging_mixin.py:154} INFO - [2023-12-09T07:06:03.508+0530] {manager.py:499} INFO - Created Permission View: %s
[2023-12-09T07:06:03.515+0530] {logging_mixin.py:154} INFO - [2023-12-09T07:06:03.514+0530] {manager.py:499} INFO - Created Permission View: %s
[2023-12-09T07:06:03.515+0530] {logging_mixin.py:154} INFO - [2023-12-09T07:06:03.515+0530] {dag.py:2941} INFO - Sync 1 DAGs
[2023-12-09T07:06:03.522+0530] {logging_mixin.py:154} INFO - [2023-12-09T07:06:03.522+0530] {dag.py:2963} INFO - Creating ORM DAG for example_task_group_decorator
[2023-12-09T07:06:03.528+0530] {logging_mixin.py:154} INFO - [2023-12-09T07:06:03.528+0530] {dag.py:3722} INFO - Setting next_dagrun for example_task_group_decorator to 2023-12-08T01:36:03.527871+00:00, run_after=2023-12-09T01:36:03.527871+00:00
[2023-12-09T07:06:03.542+0530] {processor.py:179} INFO - Processing /home/rajabala/Desktop/projects/Airflow/airflow_env/lib/python3.9/site-packages/airflow/example_dags/example_task_group_decorator.py took 0.131 seconds
[2023-12-09T07:06:54.368+0530] {processor.py:157} INFO - Started process (PID=5729) to work on /home/rajabala/Desktop/projects/Airflow/airflow_env/lib/python3.9/site-packages/airflow/example_dags/example_task_group_decorator.py
[2023-12-09T07:06:54.371+0530] {processor.py:829} INFO - Processing file /home/rajabala/Desktop/projects/Airflow/airflow_env/lib/python3.9/site-packages/airflow/example_dags/example_task_group_decorator.py for tasks to queue
[2023-12-09T07:06:54.372+0530] {logging_mixin.py:154} INFO - [2023-12-09T07:06:54.372+0530] {dagbag.py:536} INFO - Filling up the DagBag from /home/rajabala/Desktop/projects/Airflow/airflow_env/lib/python3.9/site-packages/airflow/example_dags/example_task_group_decorator.py
[2023-12-09T07:06:54.387+0530] {processor.py:839} INFO - DAG(s) dict_keys(['example_task_group_decorator']) retrieved from /home/rajabala/Desktop/projects/Airflow/airflow_env/lib/python3.9/site-packages/airflow/example_dags/example_task_group_decorator.py
[2023-12-09T07:06:54.403+0530] {logging_mixin.py:154} INFO - [2023-12-09T07:06:54.403+0530] {dag.py:2941} INFO - Sync 1 DAGs
[2023-12-09T07:06:54.421+0530] {logging_mixin.py:154} INFO - [2023-12-09T07:06:54.420+0530] {dag.py:3722} INFO - Setting next_dagrun for example_task_group_decorator to 2023-12-08T01:36:54.420686+00:00, run_after=2023-12-09T01:36:54.420686+00:00
[2023-12-09T07:06:54.440+0530] {processor.py:179} INFO - Processing /home/rajabala/Desktop/projects/Airflow/airflow_env/lib/python3.9/site-packages/airflow/example_dags/example_task_group_decorator.py took 0.077 seconds
[2023-12-09T07:07:40.711+0530] {processor.py:157} INFO - Started process (PID=5908) to work on /home/rajabala/Desktop/projects/Airflow/airflow_env/lib/python3.9/site-packages/airflow/example_dags/example_task_group_decorator.py
[2023-12-09T07:07:40.714+0530] {processor.py:829} INFO - Processing file /home/rajabala/Desktop/projects/Airflow/airflow_env/lib/python3.9/site-packages/airflow/example_dags/example_task_group_decorator.py for tasks to queue
[2023-12-09T07:07:40.715+0530] {logging_mixin.py:154} INFO - [2023-12-09T07:07:40.715+0530] {dagbag.py:536} INFO - Filling up the DagBag from /home/rajabala/Desktop/projects/Airflow/airflow_env/lib/python3.9/site-packages/airflow/example_dags/example_task_group_decorator.py
[2023-12-09T07:07:40.728+0530] {processor.py:839} INFO - DAG(s) dict_keys(['example_task_group_decorator']) retrieved from /home/rajabala/Desktop/projects/Airflow/airflow_env/lib/python3.9/site-packages/airflow/example_dags/example_task_group_decorator.py
[2023-12-09T07:07:40.746+0530] {logging_mixin.py:154} INFO - [2023-12-09T07:07:40.746+0530] {dag.py:2941} INFO - Sync 1 DAGs
[2023-12-09T07:07:40.762+0530] {logging_mixin.py:154} INFO - [2023-12-09T07:07:40.762+0530] {dag.py:3722} INFO - Setting next_dagrun for example_task_group_decorator to 2023-12-08T01:37:40.762025+00:00, run_after=2023-12-09T01:37:40.762025+00:00
[2023-12-09T07:07:40.782+0530] {processor.py:179} INFO - Processing /home/rajabala/Desktop/projects/Airflow/airflow_env/lib/python3.9/site-packages/airflow/example_dags/example_task_group_decorator.py took 0.074 seconds
[2023-12-09T07:08:22.757+0530] {processor.py:157} INFO - Started process (PID=6234) to work on /home/rajabala/Desktop/projects/Airflow/airflow_env/lib/python3.9/site-packages/airflow/example_dags/example_task_group_decorator.py
[2023-12-09T07:08:22.760+0530] {processor.py:829} INFO - Processing file /home/rajabala/Desktop/projects/Airflow/airflow_env/lib/python3.9/site-packages/airflow/example_dags/example_task_group_decorator.py for tasks to queue
[2023-12-09T07:08:22.761+0530] {logging_mixin.py:154} INFO - [2023-12-09T07:08:22.761+0530] {dagbag.py:536} INFO - Filling up the DagBag from /home/rajabala/Desktop/projects/Airflow/airflow_env/lib/python3.9/site-packages/airflow/example_dags/example_task_group_decorator.py
[2023-12-09T07:08:22.776+0530] {processor.py:839} INFO - DAG(s) dict_keys(['example_task_group_decorator']) retrieved from /home/rajabala/Desktop/projects/Airflow/airflow_env/lib/python3.9/site-packages/airflow/example_dags/example_task_group_decorator.py
[2023-12-09T07:08:22.788+0530] {logging_mixin.py:154} INFO - [2023-12-09T07:08:22.788+0530] {dag.py:2941} INFO - Sync 1 DAGs
[2023-12-09T07:08:22.801+0530] {logging_mixin.py:154} INFO - [2023-12-09T07:08:22.801+0530] {dag.py:3722} INFO - Setting next_dagrun for example_task_group_decorator to 2023-12-08T01:38:22.801128+00:00, run_after=2023-12-09T01:38:22.801128+00:00
[2023-12-09T07:08:22.816+0530] {processor.py:179} INFO - Processing /home/rajabala/Desktop/projects/Airflow/airflow_env/lib/python3.9/site-packages/airflow/example_dags/example_task_group_decorator.py took 0.062 seconds
[2023-12-09T07:09:00.664+0530] {processor.py:157} INFO - Started process (PID=6375) to work on /home/rajabala/Desktop/projects/Airflow/airflow_env/lib/python3.9/site-packages/airflow/example_dags/example_task_group_decorator.py
[2023-12-09T07:09:00.665+0530] {processor.py:829} INFO - Processing file /home/rajabala/Desktop/projects/Airflow/airflow_env/lib/python3.9/site-packages/airflow/example_dags/example_task_group_decorator.py for tasks to queue
[2023-12-09T07:09:00.666+0530] {logging_mixin.py:154} INFO - [2023-12-09T07:09:00.665+0530] {dagbag.py:536} INFO - Filling up the DagBag from /home/rajabala/Desktop/projects/Airflow/airflow_env/lib/python3.9/site-packages/airflow/example_dags/example_task_group_decorator.py
[2023-12-09T07:09:00.679+0530] {processor.py:839} INFO - DAG(s) dict_keys(['example_task_group_decorator']) retrieved from /home/rajabala/Desktop/projects/Airflow/airflow_env/lib/python3.9/site-packages/airflow/example_dags/example_task_group_decorator.py
[2023-12-09T07:09:00.695+0530] {logging_mixin.py:154} INFO - [2023-12-09T07:09:00.695+0530] {dag.py:2941} INFO - Sync 1 DAGs
[2023-12-09T07:09:00.710+0530] {logging_mixin.py:154} INFO - [2023-12-09T07:09:00.710+0530] {dag.py:3722} INFO - Setting next_dagrun for example_task_group_decorator to 2023-12-08T01:39:00.709901+00:00, run_after=2023-12-09T01:39:00.709901+00:00
[2023-12-09T07:09:00.724+0530] {processor.py:179} INFO - Processing /home/rajabala/Desktop/projects/Airflow/airflow_env/lib/python3.9/site-packages/airflow/example_dags/example_task_group_decorator.py took 0.063 seconds
[2023-12-09T07:09:45.795+0530] {processor.py:157} INFO - Started process (PID=6680) to work on /home/rajabala/Desktop/projects/Airflow/airflow_env/lib/python3.9/site-packages/airflow/example_dags/example_task_group_decorator.py
[2023-12-09T07:09:45.798+0530] {processor.py:829} INFO - Processing file /home/rajabala/Desktop/projects/Airflow/airflow_env/lib/python3.9/site-packages/airflow/example_dags/example_task_group_decorator.py for tasks to queue
[2023-12-09T07:09:45.799+0530] {logging_mixin.py:154} INFO - [2023-12-09T07:09:45.799+0530] {dagbag.py:536} INFO - Filling up the DagBag from /home/rajabala/Desktop/projects/Airflow/airflow_env/lib/python3.9/site-packages/airflow/example_dags/example_task_group_decorator.py
[2023-12-09T07:09:45.815+0530] {processor.py:839} INFO - DAG(s) dict_keys(['example_task_group_decorator']) retrieved from /home/rajabala/Desktop/projects/Airflow/airflow_env/lib/python3.9/site-packages/airflow/example_dags/example_task_group_decorator.py
[2023-12-09T07:09:45.830+0530] {logging_mixin.py:154} INFO - [2023-12-09T07:09:45.830+0530] {dag.py:2941} INFO - Sync 1 DAGs
[2023-12-09T07:09:45.846+0530] {logging_mixin.py:154} INFO - [2023-12-09T07:09:45.846+0530] {dag.py:3722} INFO - Setting next_dagrun for example_task_group_decorator to 2023-12-08T01:39:45.845795+00:00, run_after=2023-12-09T01:39:45.845795+00:00
[2023-12-09T07:09:45.866+0530] {processor.py:179} INFO - Processing /home/rajabala/Desktop/projects/Airflow/airflow_env/lib/python3.9/site-packages/airflow/example_dags/example_task_group_decorator.py took 0.075 seconds
