[2023-12-09T07:06:05.916+0530] {processor.py:157} INFO - Started process (PID=4890) to work on /home/rajabala/Desktop/projects/Airflow/airflow_env/lib/python3.9/site-packages/airflow/example_dags/example_setup_teardown_taskflow.py
[2023-12-09T07:06:05.916+0530] {processor.py:829} INFO - Processing file /home/rajabala/Desktop/projects/Airflow/airflow_env/lib/python3.9/site-packages/airflow/example_dags/example_setup_teardown_taskflow.py for tasks to queue
[2023-12-09T07:06:05.917+0530] {logging_mixin.py:154} INFO - [2023-12-09T07:06:05.917+0530] {dagbag.py:536} INFO - Filling up the DagBag from /home/rajabala/Desktop/projects/Airflow/airflow_env/lib/python3.9/site-packages/airflow/example_dags/example_setup_teardown_taskflow.py
[2023-12-09T07:06:05.924+0530] {processor.py:839} INFO - DAG(s) dict_keys(['example_setup_teardown_taskflow']) retrieved from /home/rajabala/Desktop/projects/Airflow/airflow_env/lib/python3.9/site-packages/airflow/example_dags/example_setup_teardown_taskflow.py
[2023-12-09T07:06:05.996+0530] {logging_mixin.py:154} INFO - [2023-12-09T07:06:05.996+0530] {manager.py:499} INFO - Created Permission View: %s
[2023-12-09T07:06:06.004+0530] {logging_mixin.py:154} INFO - [2023-12-09T07:06:06.004+0530] {manager.py:499} INFO - Created Permission View: %s
[2023-12-09T07:06:06.011+0530] {logging_mixin.py:154} INFO - [2023-12-09T07:06:06.010+0530] {manager.py:499} INFO - Created Permission View: %s
[2023-12-09T07:06:06.011+0530] {logging_mixin.py:154} INFO - [2023-12-09T07:06:06.011+0530] {dag.py:2941} INFO - Sync 1 DAGs
[2023-12-09T07:06:06.017+0530] {logging_mixin.py:154} INFO - [2023-12-09T07:06:06.017+0530] {dag.py:2963} INFO - Creating ORM DAG for example_setup_teardown_taskflow
[2023-12-09T07:06:06.023+0530] {logging_mixin.py:154} INFO - [2023-12-09T07:06:06.023+0530] {dag.py:3722} INFO - Setting next_dagrun for example_setup_teardown_taskflow to 2023-12-08T01:36:06.023682+00:00, run_after=2023-12-09T01:36:06.023682+00:00
[2023-12-09T07:06:06.039+0530] {processor.py:179} INFO - Processing /home/rajabala/Desktop/projects/Airflow/airflow_env/lib/python3.9/site-packages/airflow/example_dags/example_setup_teardown_taskflow.py took 0.125 seconds
[2023-12-09T07:06:55.774+0530] {processor.py:157} INFO - Started process (PID=5766) to work on /home/rajabala/Desktop/projects/Airflow/airflow_env/lib/python3.9/site-packages/airflow/example_dags/example_setup_teardown_taskflow.py
[2023-12-09T07:06:55.777+0530] {processor.py:829} INFO - Processing file /home/rajabala/Desktop/projects/Airflow/airflow_env/lib/python3.9/site-packages/airflow/example_dags/example_setup_teardown_taskflow.py for tasks to queue
[2023-12-09T07:06:55.778+0530] {logging_mixin.py:154} INFO - [2023-12-09T07:06:55.778+0530] {dagbag.py:536} INFO - Filling up the DagBag from /home/rajabala/Desktop/projects/Airflow/airflow_env/lib/python3.9/site-packages/airflow/example_dags/example_setup_teardown_taskflow.py
[2023-12-09T07:06:55.789+0530] {processor.py:839} INFO - DAG(s) dict_keys(['example_setup_teardown_taskflow']) retrieved from /home/rajabala/Desktop/projects/Airflow/airflow_env/lib/python3.9/site-packages/airflow/example_dags/example_setup_teardown_taskflow.py
[2023-12-09T07:06:55.807+0530] {logging_mixin.py:154} INFO - [2023-12-09T07:06:55.806+0530] {dag.py:2941} INFO - Sync 1 DAGs
[2023-12-09T07:06:55.830+0530] {logging_mixin.py:154} INFO - [2023-12-09T07:06:55.830+0530] {dag.py:3722} INFO - Setting next_dagrun for example_setup_teardown_taskflow to 2023-12-08T01:36:55.830066+00:00, run_after=2023-12-09T01:36:55.830066+00:00
[2023-12-09T07:06:55.851+0530] {processor.py:179} INFO - Processing /home/rajabala/Desktop/projects/Airflow/airflow_env/lib/python3.9/site-packages/airflow/example_dags/example_setup_teardown_taskflow.py took 0.081 seconds
[2023-12-09T07:07:42.142+0530] {processor.py:157} INFO - Started process (PID=5946) to work on /home/rajabala/Desktop/projects/Airflow/airflow_env/lib/python3.9/site-packages/airflow/example_dags/example_setup_teardown_taskflow.py
[2023-12-09T07:07:42.145+0530] {processor.py:829} INFO - Processing file /home/rajabala/Desktop/projects/Airflow/airflow_env/lib/python3.9/site-packages/airflow/example_dags/example_setup_teardown_taskflow.py for tasks to queue
[2023-12-09T07:07:42.147+0530] {logging_mixin.py:154} INFO - [2023-12-09T07:07:42.146+0530] {dagbag.py:536} INFO - Filling up the DagBag from /home/rajabala/Desktop/projects/Airflow/airflow_env/lib/python3.9/site-packages/airflow/example_dags/example_setup_teardown_taskflow.py
[2023-12-09T07:07:42.158+0530] {processor.py:839} INFO - DAG(s) dict_keys(['example_setup_teardown_taskflow']) retrieved from /home/rajabala/Desktop/projects/Airflow/airflow_env/lib/python3.9/site-packages/airflow/example_dags/example_setup_teardown_taskflow.py
[2023-12-09T07:07:42.173+0530] {logging_mixin.py:154} INFO - [2023-12-09T07:07:42.173+0530] {dag.py:2941} INFO - Sync 1 DAGs
[2023-12-09T07:07:42.186+0530] {logging_mixin.py:154} INFO - [2023-12-09T07:07:42.186+0530] {dag.py:3722} INFO - Setting next_dagrun for example_setup_teardown_taskflow to 2023-12-08T01:37:42.186043+00:00, run_after=2023-12-09T01:37:42.186043+00:00
[2023-12-09T07:07:42.204+0530] {processor.py:179} INFO - Processing /home/rajabala/Desktop/projects/Airflow/airflow_env/lib/python3.9/site-packages/airflow/example_dags/example_setup_teardown_taskflow.py took 0.066 seconds
[2023-12-09T07:08:24.594+0530] {processor.py:157} INFO - Started process (PID=6238) to work on /home/rajabala/Desktop/projects/Airflow/airflow_env/lib/python3.9/site-packages/airflow/example_dags/example_setup_teardown_taskflow.py
[2023-12-09T07:08:24.597+0530] {processor.py:829} INFO - Processing file /home/rajabala/Desktop/projects/Airflow/airflow_env/lib/python3.9/site-packages/airflow/example_dags/example_setup_teardown_taskflow.py for tasks to queue
[2023-12-09T07:08:24.598+0530] {logging_mixin.py:154} INFO - [2023-12-09T07:08:24.597+0530] {dagbag.py:536} INFO - Filling up the DagBag from /home/rajabala/Desktop/projects/Airflow/airflow_env/lib/python3.9/site-packages/airflow/example_dags/example_setup_teardown_taskflow.py
[2023-12-09T07:08:24.609+0530] {processor.py:839} INFO - DAG(s) dict_keys(['example_setup_teardown_taskflow']) retrieved from /home/rajabala/Desktop/projects/Airflow/airflow_env/lib/python3.9/site-packages/airflow/example_dags/example_setup_teardown_taskflow.py
[2023-12-09T07:08:24.621+0530] {logging_mixin.py:154} INFO - [2023-12-09T07:08:24.620+0530] {dag.py:2941} INFO - Sync 1 DAGs
[2023-12-09T07:08:24.634+0530] {logging_mixin.py:154} INFO - [2023-12-09T07:08:24.634+0530] {dag.py:3722} INFO - Setting next_dagrun for example_setup_teardown_taskflow to 2023-12-08T01:38:24.634288+00:00, run_after=2023-12-09T01:38:24.634288+00:00
[2023-12-09T07:08:24.649+0530] {processor.py:179} INFO - Processing /home/rajabala/Desktop/projects/Airflow/airflow_env/lib/python3.9/site-packages/airflow/example_dags/example_setup_teardown_taskflow.py took 0.059 seconds
[2023-12-09T07:09:11.479+0530] {processor.py:157} INFO - Started process (PID=6401) to work on /home/rajabala/Desktop/projects/Airflow/airflow_env/lib/python3.9/site-packages/airflow/example_dags/example_setup_teardown_taskflow.py
[2023-12-09T07:09:11.481+0530] {processor.py:829} INFO - Processing file /home/rajabala/Desktop/projects/Airflow/airflow_env/lib/python3.9/site-packages/airflow/example_dags/example_setup_teardown_taskflow.py for tasks to queue
[2023-12-09T07:09:11.482+0530] {logging_mixin.py:154} INFO - [2023-12-09T07:09:11.481+0530] {dagbag.py:536} INFO - Filling up the DagBag from /home/rajabala/Desktop/projects/Airflow/airflow_env/lib/python3.9/site-packages/airflow/example_dags/example_setup_teardown_taskflow.py
[2023-12-09T07:09:11.492+0530] {processor.py:839} INFO - DAG(s) dict_keys(['example_setup_teardown_taskflow']) retrieved from /home/rajabala/Desktop/projects/Airflow/airflow_env/lib/python3.9/site-packages/airflow/example_dags/example_setup_teardown_taskflow.py
[2023-12-09T07:09:11.503+0530] {logging_mixin.py:154} INFO - [2023-12-09T07:09:11.503+0530] {dag.py:2941} INFO - Sync 1 DAGs
[2023-12-09T07:09:11.515+0530] {logging_mixin.py:154} INFO - [2023-12-09T07:09:11.515+0530] {dag.py:3722} INFO - Setting next_dagrun for example_setup_teardown_taskflow to 2023-12-08T01:39:11.515253+00:00, run_after=2023-12-09T01:39:11.515253+00:00
[2023-12-09T07:09:11.530+0530] {processor.py:179} INFO - Processing /home/rajabala/Desktop/projects/Airflow/airflow_env/lib/python3.9/site-packages/airflow/example_dags/example_setup_teardown_taskflow.py took 0.055 seconds
[2023-12-09T07:09:56.106+0530] {processor.py:157} INFO - Started process (PID=6778) to work on /home/rajabala/Desktop/projects/Airflow/airflow_env/lib/python3.9/site-packages/airflow/example_dags/example_setup_teardown_taskflow.py
[2023-12-09T07:09:56.107+0530] {processor.py:829} INFO - Processing file /home/rajabala/Desktop/projects/Airflow/airflow_env/lib/python3.9/site-packages/airflow/example_dags/example_setup_teardown_taskflow.py for tasks to queue
[2023-12-09T07:09:56.109+0530] {logging_mixin.py:154} INFO - [2023-12-09T07:09:56.108+0530] {dagbag.py:536} INFO - Filling up the DagBag from /home/rajabala/Desktop/projects/Airflow/airflow_env/lib/python3.9/site-packages/airflow/example_dags/example_setup_teardown_taskflow.py
[2023-12-09T07:09:56.123+0530] {processor.py:839} INFO - DAG(s) dict_keys(['example_setup_teardown_taskflow']) retrieved from /home/rajabala/Desktop/projects/Airflow/airflow_env/lib/python3.9/site-packages/airflow/example_dags/example_setup_teardown_taskflow.py
[2023-12-09T07:09:56.142+0530] {logging_mixin.py:154} INFO - [2023-12-09T07:09:56.142+0530] {dag.py:2941} INFO - Sync 1 DAGs
[2023-12-09T07:09:56.159+0530] {logging_mixin.py:154} INFO - [2023-12-09T07:09:56.159+0530] {dag.py:3722} INFO - Setting next_dagrun for example_setup_teardown_taskflow to 2023-12-08T01:39:56.159567+00:00, run_after=2023-12-09T01:39:56.159567+00:00
[2023-12-09T07:09:56.178+0530] {processor.py:179} INFO - Processing /home/rajabala/Desktop/projects/Airflow/airflow_env/lib/python3.9/site-packages/airflow/example_dags/example_setup_teardown_taskflow.py took 0.076 seconds
