[2023-12-09T07:06:32.161+0530] {processor.py:157} INFO - Started process (PID=5413) to work on /home/rajabala/Desktop/projects/Airflow/airflow_env/lib/python3.9/site-packages/airflow/example_dags/example_sensor_decorator.py
[2023-12-09T07:06:32.162+0530] {processor.py:829} INFO - Processing file /home/rajabala/Desktop/projects/Airflow/airflow_env/lib/python3.9/site-packages/airflow/example_dags/example_sensor_decorator.py for tasks to queue
[2023-12-09T07:06:32.163+0530] {logging_mixin.py:154} INFO - [2023-12-09T07:06:32.163+0530] {dagbag.py:536} INFO - Filling up the DagBag from /home/rajabala/Desktop/projects/Airflow/airflow_env/lib/python3.9/site-packages/airflow/example_dags/example_sensor_decorator.py
[2023-12-09T07:06:32.170+0530] {processor.py:839} INFO - DAG(s) dict_keys(['example_sensor_decorator']) retrieved from /home/rajabala/Desktop/projects/Airflow/airflow_env/lib/python3.9/site-packages/airflow/example_dags/example_sensor_decorator.py
[2023-12-09T07:06:32.287+0530] {logging_mixin.py:154} INFO - [2023-12-09T07:06:32.286+0530] {manager.py:499} INFO - Created Permission View: %s
[2023-12-09T07:06:32.297+0530] {logging_mixin.py:154} INFO - [2023-12-09T07:06:32.297+0530] {manager.py:499} INFO - Created Permission View: %s
[2023-12-09T07:06:32.304+0530] {logging_mixin.py:154} INFO - [2023-12-09T07:06:32.304+0530] {manager.py:499} INFO - Created Permission View: %s
[2023-12-09T07:06:32.304+0530] {logging_mixin.py:154} INFO - [2023-12-09T07:06:32.304+0530] {dag.py:2941} INFO - Sync 1 DAGs
[2023-12-09T07:06:32.313+0530] {logging_mixin.py:154} INFO - [2023-12-09T07:06:32.313+0530] {dag.py:2963} INFO - Creating ORM DAG for example_sensor_decorator
[2023-12-09T07:06:32.313+0530] {logging_mixin.py:154} INFO - [2023-12-09T07:06:32.313+0530] {dag.py:3722} INFO - Setting next_dagrun for example_sensor_decorator to None, run_after=None
[2023-12-09T07:06:32.329+0530] {processor.py:179} INFO - Processing /home/rajabala/Desktop/projects/Airflow/airflow_env/lib/python3.9/site-packages/airflow/example_dags/example_sensor_decorator.py took 0.171 seconds
[2023-12-09T07:07:20.956+0530] {processor.py:157} INFO - Started process (PID=5868) to work on /home/rajabala/Desktop/projects/Airflow/airflow_env/lib/python3.9/site-packages/airflow/example_dags/example_sensor_decorator.py
[2023-12-09T07:07:20.957+0530] {processor.py:829} INFO - Processing file /home/rajabala/Desktop/projects/Airflow/airflow_env/lib/python3.9/site-packages/airflow/example_dags/example_sensor_decorator.py for tasks to queue
[2023-12-09T07:07:20.958+0530] {logging_mixin.py:154} INFO - [2023-12-09T07:07:20.958+0530] {dagbag.py:536} INFO - Filling up the DagBag from /home/rajabala/Desktop/projects/Airflow/airflow_env/lib/python3.9/site-packages/airflow/example_dags/example_sensor_decorator.py
[2023-12-09T07:07:20.967+0530] {processor.py:839} INFO - DAG(s) dict_keys(['example_sensor_decorator']) retrieved from /home/rajabala/Desktop/projects/Airflow/airflow_env/lib/python3.9/site-packages/airflow/example_dags/example_sensor_decorator.py
[2023-12-09T07:07:20.987+0530] {logging_mixin.py:154} INFO - [2023-12-09T07:07:20.986+0530] {dag.py:2941} INFO - Sync 1 DAGs
[2023-12-09T07:07:20.997+0530] {logging_mixin.py:154} INFO - [2023-12-09T07:07:20.996+0530] {dag.py:3722} INFO - Setting next_dagrun for example_sensor_decorator to None, run_after=None
[2023-12-09T07:07:21.023+0530] {processor.py:179} INFO - Processing /home/rajabala/Desktop/projects/Airflow/airflow_env/lib/python3.9/site-packages/airflow/example_dags/example_sensor_decorator.py took 0.072 seconds
[2023-12-09T07:08:05.256+0530] {processor.py:157} INFO - Started process (PID=6141) to work on /home/rajabala/Desktop/projects/Airflow/airflow_env/lib/python3.9/site-packages/airflow/example_dags/example_sensor_decorator.py
[2023-12-09T07:08:05.260+0530] {processor.py:829} INFO - Processing file /home/rajabala/Desktop/projects/Airflow/airflow_env/lib/python3.9/site-packages/airflow/example_dags/example_sensor_decorator.py for tasks to queue
[2023-12-09T07:08:05.261+0530] {logging_mixin.py:154} INFO - [2023-12-09T07:08:05.260+0530] {dagbag.py:536} INFO - Filling up the DagBag from /home/rajabala/Desktop/projects/Airflow/airflow_env/lib/python3.9/site-packages/airflow/example_dags/example_sensor_decorator.py
[2023-12-09T07:08:05.269+0530] {processor.py:839} INFO - DAG(s) dict_keys(['example_sensor_decorator']) retrieved from /home/rajabala/Desktop/projects/Airflow/airflow_env/lib/python3.9/site-packages/airflow/example_dags/example_sensor_decorator.py
[2023-12-09T07:08:05.280+0530] {logging_mixin.py:154} INFO - [2023-12-09T07:08:05.280+0530] {dag.py:2941} INFO - Sync 1 DAGs
[2023-12-09T07:08:05.287+0530] {logging_mixin.py:154} INFO - [2023-12-09T07:08:05.287+0530] {dag.py:3722} INFO - Setting next_dagrun for example_sensor_decorator to None, run_after=None
[2023-12-09T07:08:05.302+0530] {processor.py:179} INFO - Processing /home/rajabala/Desktop/projects/Airflow/airflow_env/lib/python3.9/site-packages/airflow/example_dags/example_sensor_decorator.py took 0.048 seconds
[2023-12-09T07:08:52.651+0530] {processor.py:157} INFO - Started process (PID=6296) to work on /home/rajabala/Desktop/projects/Airflow/airflow_env/lib/python3.9/site-packages/airflow/example_dags/example_sensor_decorator.py
[2023-12-09T07:08:52.653+0530] {processor.py:829} INFO - Processing file /home/rajabala/Desktop/projects/Airflow/airflow_env/lib/python3.9/site-packages/airflow/example_dags/example_sensor_decorator.py for tasks to queue
[2023-12-09T07:08:52.654+0530] {logging_mixin.py:154} INFO - [2023-12-09T07:08:52.654+0530] {dagbag.py:536} INFO - Filling up the DagBag from /home/rajabala/Desktop/projects/Airflow/airflow_env/lib/python3.9/site-packages/airflow/example_dags/example_sensor_decorator.py
[2023-12-09T07:08:52.662+0530] {processor.py:839} INFO - DAG(s) dict_keys(['example_sensor_decorator']) retrieved from /home/rajabala/Desktop/projects/Airflow/airflow_env/lib/python3.9/site-packages/airflow/example_dags/example_sensor_decorator.py
[2023-12-09T07:08:52.673+0530] {logging_mixin.py:154} INFO - [2023-12-09T07:08:52.673+0530] {dag.py:2941} INFO - Sync 1 DAGs
[2023-12-09T07:08:52.680+0530] {logging_mixin.py:154} INFO - [2023-12-09T07:08:52.680+0530] {dag.py:3722} INFO - Setting next_dagrun for example_sensor_decorator to None, run_after=None
[2023-12-09T07:08:52.694+0530] {processor.py:179} INFO - Processing /home/rajabala/Desktop/projects/Airflow/airflow_env/lib/python3.9/site-packages/airflow/example_dags/example_sensor_decorator.py took 0.047 seconds
[2023-12-09T07:09:37.644+0530] {processor.py:157} INFO - Started process (PID=6662) to work on /home/rajabala/Desktop/projects/Airflow/airflow_env/lib/python3.9/site-packages/airflow/example_dags/example_sensor_decorator.py
[2023-12-09T07:09:37.647+0530] {processor.py:829} INFO - Processing file /home/rajabala/Desktop/projects/Airflow/airflow_env/lib/python3.9/site-packages/airflow/example_dags/example_sensor_decorator.py for tasks to queue
[2023-12-09T07:09:37.648+0530] {logging_mixin.py:154} INFO - [2023-12-09T07:09:37.648+0530] {dagbag.py:536} INFO - Filling up the DagBag from /home/rajabala/Desktop/projects/Airflow/airflow_env/lib/python3.9/site-packages/airflow/example_dags/example_sensor_decorator.py
[2023-12-09T07:09:37.653+0530] {processor.py:839} INFO - DAG(s) dict_keys(['example_sensor_decorator']) retrieved from /home/rajabala/Desktop/projects/Airflow/airflow_env/lib/python3.9/site-packages/airflow/example_dags/example_sensor_decorator.py
[2023-12-09T07:09:37.663+0530] {logging_mixin.py:154} INFO - [2023-12-09T07:09:37.663+0530] {dag.py:2941} INFO - Sync 1 DAGs
[2023-12-09T07:09:37.670+0530] {logging_mixin.py:154} INFO - [2023-12-09T07:09:37.670+0530] {dag.py:3722} INFO - Setting next_dagrun for example_sensor_decorator to None, run_after=None
[2023-12-09T07:09:37.686+0530] {processor.py:179} INFO - Processing /home/rajabala/Desktop/projects/Airflow/airflow_env/lib/python3.9/site-packages/airflow/example_dags/example_sensor_decorator.py took 0.045 seconds
