[2023-12-09T07:06:36.279+0530] {processor.py:157} INFO - Started process (PID=5480) to work on /home/rajabala/Desktop/projects/Airflow/airflow_env/lib/python3.9/site-packages/airflow/example_dags/example_bash_operator.py
[2023-12-09T07:06:36.280+0530] {processor.py:829} INFO - Processing file /home/rajabala/Desktop/projects/Airflow/airflow_env/lib/python3.9/site-packages/airflow/example_dags/example_bash_operator.py for tasks to queue
[2023-12-09T07:06:36.281+0530] {logging_mixin.py:154} INFO - [2023-12-09T07:06:36.281+0530] {dagbag.py:536} INFO - Filling up the DagBag from /home/rajabala/Desktop/projects/Airflow/airflow_env/lib/python3.9/site-packages/airflow/example_dags/example_bash_operator.py
[2023-12-09T07:06:36.294+0530] {processor.py:839} INFO - DAG(s) dict_keys(['example_bash_operator']) retrieved from /home/rajabala/Desktop/projects/Airflow/airflow_env/lib/python3.9/site-packages/airflow/example_dags/example_bash_operator.py
[2023-12-09T07:06:36.375+0530] {logging_mixin.py:154} INFO - [2023-12-09T07:06:36.374+0530] {manager.py:499} INFO - Created Permission View: %s
[2023-12-09T07:06:36.384+0530] {logging_mixin.py:154} INFO - [2023-12-09T07:06:36.383+0530] {manager.py:499} INFO - Created Permission View: %s
[2023-12-09T07:06:36.391+0530] {logging_mixin.py:154} INFO - [2023-12-09T07:06:36.391+0530] {manager.py:499} INFO - Created Permission View: %s
[2023-12-09T07:06:36.392+0530] {logging_mixin.py:154} INFO - [2023-12-09T07:06:36.391+0530] {dag.py:2941} INFO - Sync 1 DAGs
[2023-12-09T07:06:36.398+0530] {logging_mixin.py:154} INFO - [2023-12-09T07:06:36.398+0530] {dag.py:2963} INFO - Creating ORM DAG for example_bash_operator
[2023-12-09T07:06:36.406+0530] {logging_mixin.py:154} INFO - [2023-12-09T07:06:36.406+0530] {dag.py:3722} INFO - Setting next_dagrun for example_bash_operator to 2023-12-08T00:00:00+00:00, run_after=2023-12-09T00:00:00+00:00
[2023-12-09T07:06:36.422+0530] {processor.py:179} INFO - Processing /home/rajabala/Desktop/projects/Airflow/airflow_env/lib/python3.9/site-packages/airflow/example_dags/example_bash_operator.py took 0.146 seconds
[2023-12-09T07:07:32.983+0530] {processor.py:157} INFO - Started process (PID=5894) to work on /home/rajabala/Desktop/projects/Airflow/airflow_env/lib/python3.9/site-packages/airflow/example_dags/example_bash_operator.py
[2023-12-09T07:07:32.986+0530] {processor.py:829} INFO - Processing file /home/rajabala/Desktop/projects/Airflow/airflow_env/lib/python3.9/site-packages/airflow/example_dags/example_bash_operator.py for tasks to queue
[2023-12-09T07:07:32.986+0530] {logging_mixin.py:154} INFO - [2023-12-09T07:07:32.986+0530] {dagbag.py:536} INFO - Filling up the DagBag from /home/rajabala/Desktop/projects/Airflow/airflow_env/lib/python3.9/site-packages/airflow/example_dags/example_bash_operator.py
[2023-12-09T07:07:32.998+0530] {processor.py:839} INFO - DAG(s) dict_keys(['example_bash_operator']) retrieved from /home/rajabala/Desktop/projects/Airflow/airflow_env/lib/python3.9/site-packages/airflow/example_dags/example_bash_operator.py
[2023-12-09T07:07:33.014+0530] {logging_mixin.py:154} INFO - [2023-12-09T07:07:33.014+0530] {dag.py:2941} INFO - Sync 1 DAGs
[2023-12-09T07:07:33.029+0530] {logging_mixin.py:154} INFO - [2023-12-09T07:07:33.029+0530] {dag.py:3722} INFO - Setting next_dagrun for example_bash_operator to 2023-12-08T00:00:00+00:00, run_after=2023-12-09T00:00:00+00:00
[2023-12-09T07:07:33.043+0530] {processor.py:179} INFO - Processing /home/rajabala/Desktop/projects/Airflow/airflow_env/lib/python3.9/site-packages/airflow/example_dags/example_bash_operator.py took 0.063 seconds
[2023-12-09T07:08:16.487+0530] {processor.py:157} INFO - Started process (PID=6159) to work on /home/rajabala/Desktop/projects/Airflow/airflow_env/lib/python3.9/site-packages/airflow/example_dags/example_bash_operator.py
[2023-12-09T07:08:16.490+0530] {processor.py:829} INFO - Processing file /home/rajabala/Desktop/projects/Airflow/airflow_env/lib/python3.9/site-packages/airflow/example_dags/example_bash_operator.py for tasks to queue
[2023-12-09T07:08:16.491+0530] {logging_mixin.py:154} INFO - [2023-12-09T07:08:16.491+0530] {dagbag.py:536} INFO - Filling up the DagBag from /home/rajabala/Desktop/projects/Airflow/airflow_env/lib/python3.9/site-packages/airflow/example_dags/example_bash_operator.py
[2023-12-09T07:08:16.504+0530] {processor.py:839} INFO - DAG(s) dict_keys(['example_bash_operator']) retrieved from /home/rajabala/Desktop/projects/Airflow/airflow_env/lib/python3.9/site-packages/airflow/example_dags/example_bash_operator.py
[2023-12-09T07:08:16.521+0530] {logging_mixin.py:154} INFO - [2023-12-09T07:08:16.521+0530] {dag.py:2941} INFO - Sync 1 DAGs
[2023-12-09T07:08:16.536+0530] {logging_mixin.py:154} INFO - [2023-12-09T07:08:16.536+0530] {dag.py:3722} INFO - Setting next_dagrun for example_bash_operator to 2023-12-08T00:00:00+00:00, run_after=2023-12-09T00:00:00+00:00
[2023-12-09T07:08:16.551+0530] {processor.py:179} INFO - Processing /home/rajabala/Desktop/projects/Airflow/airflow_env/lib/python3.9/site-packages/airflow/example_dags/example_bash_operator.py took 0.067 seconds
[2023-12-09T07:09:04.671+0530] {processor.py:157} INFO - Started process (PID=6389) to work on /home/rajabala/Desktop/projects/Airflow/airflow_env/lib/python3.9/site-packages/airflow/example_dags/example_bash_operator.py
[2023-12-09T07:09:04.674+0530] {processor.py:829} INFO - Processing file /home/rajabala/Desktop/projects/Airflow/airflow_env/lib/python3.9/site-packages/airflow/example_dags/example_bash_operator.py for tasks to queue
[2023-12-09T07:09:04.675+0530] {logging_mixin.py:154} INFO - [2023-12-09T07:09:04.675+0530] {dagbag.py:536} INFO - Filling up the DagBag from /home/rajabala/Desktop/projects/Airflow/airflow_env/lib/python3.9/site-packages/airflow/example_dags/example_bash_operator.py
[2023-12-09T07:09:04.687+0530] {processor.py:839} INFO - DAG(s) dict_keys(['example_bash_operator']) retrieved from /home/rajabala/Desktop/projects/Airflow/airflow_env/lib/python3.9/site-packages/airflow/example_dags/example_bash_operator.py
[2023-12-09T07:09:04.703+0530] {logging_mixin.py:154} INFO - [2023-12-09T07:09:04.703+0530] {dag.py:2941} INFO - Sync 1 DAGs
[2023-12-09T07:09:04.717+0530] {logging_mixin.py:154} INFO - [2023-12-09T07:09:04.717+0530] {dag.py:3722} INFO - Setting next_dagrun for example_bash_operator to 2023-12-08T00:00:00+00:00, run_after=2023-12-09T00:00:00+00:00
[2023-12-09T07:09:04.731+0530] {processor.py:179} INFO - Processing /home/rajabala/Desktop/projects/Airflow/airflow_env/lib/python3.9/site-packages/airflow/example_dags/example_bash_operator.py took 0.064 seconds
[2023-12-09T07:09:50.178+0530] {processor.py:157} INFO - Started process (PID=6693) to work on /home/rajabala/Desktop/projects/Airflow/airflow_env/lib/python3.9/site-packages/airflow/example_dags/example_bash_operator.py
[2023-12-09T07:09:50.179+0530] {processor.py:829} INFO - Processing file /home/rajabala/Desktop/projects/Airflow/airflow_env/lib/python3.9/site-packages/airflow/example_dags/example_bash_operator.py for tasks to queue
[2023-12-09T07:09:50.180+0530] {logging_mixin.py:154} INFO - [2023-12-09T07:09:50.180+0530] {dagbag.py:536} INFO - Filling up the DagBag from /home/rajabala/Desktop/projects/Airflow/airflow_env/lib/python3.9/site-packages/airflow/example_dags/example_bash_operator.py
[2023-12-09T07:09:50.193+0530] {processor.py:839} INFO - DAG(s) dict_keys(['example_bash_operator']) retrieved from /home/rajabala/Desktop/projects/Airflow/airflow_env/lib/python3.9/site-packages/airflow/example_dags/example_bash_operator.py
[2023-12-09T07:09:50.215+0530] {logging_mixin.py:154} INFO - [2023-12-09T07:09:50.215+0530] {dag.py:2941} INFO - Sync 1 DAGs
[2023-12-09T07:09:50.233+0530] {logging_mixin.py:154} INFO - [2023-12-09T07:09:50.233+0530] {dag.py:3722} INFO - Setting next_dagrun for example_bash_operator to 2023-12-08T00:00:00+00:00, run_after=2023-12-09T00:00:00+00:00
[2023-12-09T07:09:50.254+0530] {processor.py:179} INFO - Processing /home/rajabala/Desktop/projects/Airflow/airflow_env/lib/python3.9/site-packages/airflow/example_dags/example_bash_operator.py took 0.080 seconds
