[2023-12-09T07:06:09.931+0530] {processor.py:157} INFO - Started process (PID=4911) to work on /home/rajabala/Desktop/projects/Airflow/airflow_env/lib/python3.9/site-packages/airflow/example_dags/example_nested_branch_dag.py
[2023-12-09T07:06:09.932+0530] {processor.py:829} INFO - Processing file /home/rajabala/Desktop/projects/Airflow/airflow_env/lib/python3.9/site-packages/airflow/example_dags/example_nested_branch_dag.py for tasks to queue
[2023-12-09T07:06:09.933+0530] {logging_mixin.py:154} INFO - [2023-12-09T07:06:09.932+0530] {dagbag.py:536} INFO - Filling up the DagBag from /home/rajabala/Desktop/projects/Airflow/airflow_env/lib/python3.9/site-packages/airflow/example_dags/example_nested_branch_dag.py
[2023-12-09T07:06:09.940+0530] {processor.py:839} INFO - DAG(s) dict_keys(['example_nested_branch_dag']) retrieved from /home/rajabala/Desktop/projects/Airflow/airflow_env/lib/python3.9/site-packages/airflow/example_dags/example_nested_branch_dag.py
[2023-12-09T07:06:10.012+0530] {logging_mixin.py:154} INFO - [2023-12-09T07:06:10.011+0530] {manager.py:499} INFO - Created Permission View: %s
[2023-12-09T07:06:10.020+0530] {logging_mixin.py:154} INFO - [2023-12-09T07:06:10.020+0530] {manager.py:499} INFO - Created Permission View: %s
[2023-12-09T07:06:10.028+0530] {logging_mixin.py:154} INFO - [2023-12-09T07:06:10.028+0530] {manager.py:499} INFO - Created Permission View: %s
[2023-12-09T07:06:10.029+0530] {logging_mixin.py:154} INFO - [2023-12-09T07:06:10.029+0530] {dag.py:2941} INFO - Sync 1 DAGs
[2023-12-09T07:06:10.037+0530] {logging_mixin.py:154} INFO - [2023-12-09T07:06:10.037+0530] {dag.py:2963} INFO - Creating ORM DAG for example_nested_branch_dag
[2023-12-09T07:06:10.044+0530] {logging_mixin.py:154} INFO - [2023-12-09T07:06:10.044+0530] {dag.py:3722} INFO - Setting next_dagrun for example_nested_branch_dag to 2023-12-08T00:00:00+00:00, run_after=2023-12-09T00:00:00+00:00
[2023-12-09T07:06:10.058+0530] {processor.py:179} INFO - Processing /home/rajabala/Desktop/projects/Airflow/airflow_env/lib/python3.9/site-packages/airflow/example_dags/example_nested_branch_dag.py took 0.128 seconds
[2023-12-09T07:07:00.468+0530] {processor.py:157} INFO - Started process (PID=5770) to work on /home/rajabala/Desktop/projects/Airflow/airflow_env/lib/python3.9/site-packages/airflow/example_dags/example_nested_branch_dag.py
[2023-12-09T07:07:00.469+0530] {processor.py:829} INFO - Processing file /home/rajabala/Desktop/projects/Airflow/airflow_env/lib/python3.9/site-packages/airflow/example_dags/example_nested_branch_dag.py for tasks to queue
[2023-12-09T07:07:00.471+0530] {logging_mixin.py:154} INFO - [2023-12-09T07:07:00.470+0530] {dagbag.py:536} INFO - Filling up the DagBag from /home/rajabala/Desktop/projects/Airflow/airflow_env/lib/python3.9/site-packages/airflow/example_dags/example_nested_branch_dag.py
[2023-12-09T07:07:00.479+0530] {processor.py:839} INFO - DAG(s) dict_keys(['example_nested_branch_dag']) retrieved from /home/rajabala/Desktop/projects/Airflow/airflow_env/lib/python3.9/site-packages/airflow/example_dags/example_nested_branch_dag.py
[2023-12-09T07:07:00.498+0530] {logging_mixin.py:154} INFO - [2023-12-09T07:07:00.498+0530] {dag.py:2941} INFO - Sync 1 DAGs
[2023-12-09T07:07:00.524+0530] {logging_mixin.py:154} INFO - [2023-12-09T07:07:00.524+0530] {dag.py:3722} INFO - Setting next_dagrun for example_nested_branch_dag to 2023-12-08T00:00:00+00:00, run_after=2023-12-09T00:00:00+00:00
[2023-12-09T07:07:00.544+0530] {processor.py:179} INFO - Processing /home/rajabala/Desktop/projects/Airflow/airflow_env/lib/python3.9/site-packages/airflow/example_dags/example_nested_branch_dag.py took 0.079 seconds
[2023-12-09T07:07:46.117+0530] {processor.py:157} INFO - Started process (PID=5987) to work on /home/rajabala/Desktop/projects/Airflow/airflow_env/lib/python3.9/site-packages/airflow/example_dags/example_nested_branch_dag.py
[2023-12-09T07:07:46.118+0530] {processor.py:829} INFO - Processing file /home/rajabala/Desktop/projects/Airflow/airflow_env/lib/python3.9/site-packages/airflow/example_dags/example_nested_branch_dag.py for tasks to queue
[2023-12-09T07:07:46.119+0530] {logging_mixin.py:154} INFO - [2023-12-09T07:07:46.119+0530] {dagbag.py:536} INFO - Filling up the DagBag from /home/rajabala/Desktop/projects/Airflow/airflow_env/lib/python3.9/site-packages/airflow/example_dags/example_nested_branch_dag.py
[2023-12-09T07:07:46.127+0530] {processor.py:839} INFO - DAG(s) dict_keys(['example_nested_branch_dag']) retrieved from /home/rajabala/Desktop/projects/Airflow/airflow_env/lib/python3.9/site-packages/airflow/example_dags/example_nested_branch_dag.py
[2023-12-09T07:07:46.138+0530] {logging_mixin.py:154} INFO - [2023-12-09T07:07:46.138+0530] {dag.py:2941} INFO - Sync 1 DAGs
[2023-12-09T07:07:46.151+0530] {logging_mixin.py:154} INFO - [2023-12-09T07:07:46.151+0530] {dag.py:3722} INFO - Setting next_dagrun for example_nested_branch_dag to 2023-12-08T00:00:00+00:00, run_after=2023-12-09T00:00:00+00:00
[2023-12-09T07:07:46.166+0530] {processor.py:179} INFO - Processing /home/rajabala/Desktop/projects/Airflow/airflow_env/lib/python3.9/site-packages/airflow/example_dags/example_nested_branch_dag.py took 0.052 seconds
[2023-12-09T07:08:27.783+0530] {processor.py:157} INFO - Started process (PID=6243) to work on /home/rajabala/Desktop/projects/Airflow/airflow_env/lib/python3.9/site-packages/airflow/example_dags/example_nested_branch_dag.py
[2023-12-09T07:08:27.786+0530] {processor.py:829} INFO - Processing file /home/rajabala/Desktop/projects/Airflow/airflow_env/lib/python3.9/site-packages/airflow/example_dags/example_nested_branch_dag.py for tasks to queue
[2023-12-09T07:08:27.786+0530] {logging_mixin.py:154} INFO - [2023-12-09T07:08:27.786+0530] {dagbag.py:536} INFO - Filling up the DagBag from /home/rajabala/Desktop/projects/Airflow/airflow_env/lib/python3.9/site-packages/airflow/example_dags/example_nested_branch_dag.py
[2023-12-09T07:08:27.798+0530] {processor.py:839} INFO - DAG(s) dict_keys(['example_nested_branch_dag']) retrieved from /home/rajabala/Desktop/projects/Airflow/airflow_env/lib/python3.9/site-packages/airflow/example_dags/example_nested_branch_dag.py
[2023-12-09T07:08:27.810+0530] {logging_mixin.py:154} INFO - [2023-12-09T07:08:27.810+0530] {dag.py:2941} INFO - Sync 1 DAGs
[2023-12-09T07:08:27.823+0530] {logging_mixin.py:154} INFO - [2023-12-09T07:08:27.823+0530] {dag.py:3722} INFO - Setting next_dagrun for example_nested_branch_dag to 2023-12-08T00:00:00+00:00, run_after=2023-12-09T00:00:00+00:00
[2023-12-09T07:08:27.838+0530] {processor.py:179} INFO - Processing /home/rajabala/Desktop/projects/Airflow/airflow_env/lib/python3.9/site-packages/airflow/example_dags/example_nested_branch_dag.py took 0.057 seconds
[2023-12-09T07:09:16.045+0530] {processor.py:157} INFO - Started process (PID=6414) to work on /home/rajabala/Desktop/projects/Airflow/airflow_env/lib/python3.9/site-packages/airflow/example_dags/example_nested_branch_dag.py
[2023-12-09T07:09:16.046+0530] {processor.py:829} INFO - Processing file /home/rajabala/Desktop/projects/Airflow/airflow_env/lib/python3.9/site-packages/airflow/example_dags/example_nested_branch_dag.py for tasks to queue
[2023-12-09T07:09:16.047+0530] {logging_mixin.py:154} INFO - [2023-12-09T07:09:16.046+0530] {dagbag.py:536} INFO - Filling up the DagBag from /home/rajabala/Desktop/projects/Airflow/airflow_env/lib/python3.9/site-packages/airflow/example_dags/example_nested_branch_dag.py
[2023-12-09T07:09:16.057+0530] {processor.py:839} INFO - DAG(s) dict_keys(['example_nested_branch_dag']) retrieved from /home/rajabala/Desktop/projects/Airflow/airflow_env/lib/python3.9/site-packages/airflow/example_dags/example_nested_branch_dag.py
[2023-12-09T07:09:16.069+0530] {logging_mixin.py:154} INFO - [2023-12-09T07:09:16.069+0530] {dag.py:2941} INFO - Sync 1 DAGs
[2023-12-09T07:09:16.084+0530] {logging_mixin.py:154} INFO - [2023-12-09T07:09:16.083+0530] {dag.py:3722} INFO - Setting next_dagrun for example_nested_branch_dag to 2023-12-08T00:00:00+00:00, run_after=2023-12-09T00:00:00+00:00
[2023-12-09T07:09:16.100+0530] {processor.py:179} INFO - Processing /home/rajabala/Desktop/projects/Airflow/airflow_env/lib/python3.9/site-packages/airflow/example_dags/example_nested_branch_dag.py took 0.058 seconds
[2023-12-09T07:10:00.569+0530] {processor.py:157} INFO - Started process (PID=6852) to work on /home/rajabala/Desktop/projects/Airflow/airflow_env/lib/python3.9/site-packages/airflow/example_dags/example_nested_branch_dag.py
[2023-12-09T07:10:00.572+0530] {processor.py:829} INFO - Processing file /home/rajabala/Desktop/projects/Airflow/airflow_env/lib/python3.9/site-packages/airflow/example_dags/example_nested_branch_dag.py for tasks to queue
[2023-12-09T07:10:00.572+0530] {logging_mixin.py:154} INFO - [2023-12-09T07:10:00.572+0530] {dagbag.py:536} INFO - Filling up the DagBag from /home/rajabala/Desktop/projects/Airflow/airflow_env/lib/python3.9/site-packages/airflow/example_dags/example_nested_branch_dag.py
[2023-12-09T07:10:00.581+0530] {processor.py:839} INFO - DAG(s) dict_keys(['example_nested_branch_dag']) retrieved from /home/rajabala/Desktop/projects/Airflow/airflow_env/lib/python3.9/site-packages/airflow/example_dags/example_nested_branch_dag.py
[2023-12-09T07:10:00.599+0530] {logging_mixin.py:154} INFO - [2023-12-09T07:10:00.599+0530] {dag.py:2941} INFO - Sync 1 DAGs
[2023-12-09T07:10:00.619+0530] {logging_mixin.py:154} INFO - [2023-12-09T07:10:00.619+0530] {dag.py:3722} INFO - Setting next_dagrun for example_nested_branch_dag to 2023-12-08T00:00:00+00:00, run_after=2023-12-09T00:00:00+00:00
[2023-12-09T07:10:00.640+0530] {processor.py:179} INFO - Processing /home/rajabala/Desktop/projects/Airflow/airflow_env/lib/python3.9/site-packages/airflow/example_dags/example_nested_branch_dag.py took 0.074 seconds
