[2023-12-09T07:06:29.661+0530] {processor.py:157} INFO - Started process (PID=5365) to work on /home/rajabala/Desktop/projects/Airflow/airflow_env/lib/python3.9/site-packages/airflow/example_dags/example_python_operator.py
[2023-12-09T07:06:29.661+0530] {processor.py:829} INFO - Processing file /home/rajabala/Desktop/projects/Airflow/airflow_env/lib/python3.9/site-packages/airflow/example_dags/example_python_operator.py for tasks to queue
[2023-12-09T07:06:29.662+0530] {logging_mixin.py:154} INFO - [2023-12-09T07:06:29.661+0530] {dagbag.py:536} INFO - Filling up the DagBag from /home/rajabala/Desktop/projects/Airflow/airflow_env/lib/python3.9/site-packages/airflow/example_dags/example_python_operator.py
[2023-12-09T07:06:29.670+0530] {processor.py:839} INFO - DAG(s) dict_keys(['example_python_operator']) retrieved from /home/rajabala/Desktop/projects/Airflow/airflow_env/lib/python3.9/site-packages/airflow/example_dags/example_python_operator.py
[2023-12-09T07:06:29.744+0530] {logging_mixin.py:154} INFO - [2023-12-09T07:06:29.743+0530] {manager.py:499} INFO - Created Permission View: %s
[2023-12-09T07:06:29.752+0530] {logging_mixin.py:154} INFO - [2023-12-09T07:06:29.752+0530] {manager.py:499} INFO - Created Permission View: %s
[2023-12-09T07:06:29.759+0530] {logging_mixin.py:154} INFO - [2023-12-09T07:06:29.759+0530] {manager.py:499} INFO - Created Permission View: %s
[2023-12-09T07:06:29.759+0530] {logging_mixin.py:154} INFO - [2023-12-09T07:06:29.759+0530] {dag.py:2941} INFO - Sync 1 DAGs
[2023-12-09T07:06:29.766+0530] {logging_mixin.py:154} INFO - [2023-12-09T07:06:29.766+0530] {dag.py:2963} INFO - Creating ORM DAG for example_python_operator
[2023-12-09T07:06:29.767+0530] {logging_mixin.py:154} INFO - [2023-12-09T07:06:29.767+0530] {dag.py:3722} INFO - Setting next_dagrun for example_python_operator to None, run_after=None
[2023-12-09T07:06:29.786+0530] {processor.py:179} INFO - Processing /home/rajabala/Desktop/projects/Airflow/airflow_env/lib/python3.9/site-packages/airflow/example_dags/example_python_operator.py took 0.127 seconds
[2023-12-09T07:07:18.673+0530] {processor.py:157} INFO - Started process (PID=5842) to work on /home/rajabala/Desktop/projects/Airflow/airflow_env/lib/python3.9/site-packages/airflow/example_dags/example_python_operator.py
[2023-12-09T07:07:18.676+0530] {processor.py:829} INFO - Processing file /home/rajabala/Desktop/projects/Airflow/airflow_env/lib/python3.9/site-packages/airflow/example_dags/example_python_operator.py for tasks to queue
[2023-12-09T07:07:18.676+0530] {logging_mixin.py:154} INFO - [2023-12-09T07:07:18.676+0530] {dagbag.py:536} INFO - Filling up the DagBag from /home/rajabala/Desktop/projects/Airflow/airflow_env/lib/python3.9/site-packages/airflow/example_dags/example_python_operator.py
[2023-12-09T07:07:18.688+0530] {processor.py:839} INFO - DAG(s) dict_keys(['example_python_operator']) retrieved from /home/rajabala/Desktop/projects/Airflow/airflow_env/lib/python3.9/site-packages/airflow/example_dags/example_python_operator.py
[2023-12-09T07:07:18.699+0530] {logging_mixin.py:154} INFO - [2023-12-09T07:07:18.699+0530] {dag.py:2941} INFO - Sync 1 DAGs
[2023-12-09T07:07:18.707+0530] {logging_mixin.py:154} INFO - [2023-12-09T07:07:18.706+0530] {dag.py:3722} INFO - Setting next_dagrun for example_python_operator to None, run_after=None
[2023-12-09T07:07:18.721+0530] {processor.py:179} INFO - Processing /home/rajabala/Desktop/projects/Airflow/airflow_env/lib/python3.9/site-packages/airflow/example_dags/example_python_operator.py took 0.050 seconds
[2023-12-09T07:08:03.878+0530] {processor.py:157} INFO - Started process (PID=6139) to work on /home/rajabala/Desktop/projects/Airflow/airflow_env/lib/python3.9/site-packages/airflow/example_dags/example_python_operator.py
[2023-12-09T07:08:03.881+0530] {processor.py:829} INFO - Processing file /home/rajabala/Desktop/projects/Airflow/airflow_env/lib/python3.9/site-packages/airflow/example_dags/example_python_operator.py for tasks to queue
[2023-12-09T07:08:03.882+0530] {logging_mixin.py:154} INFO - [2023-12-09T07:08:03.881+0530] {dagbag.py:536} INFO - Filling up the DagBag from /home/rajabala/Desktop/projects/Airflow/airflow_env/lib/python3.9/site-packages/airflow/example_dags/example_python_operator.py
[2023-12-09T07:08:03.892+0530] {processor.py:839} INFO - DAG(s) dict_keys(['example_python_operator']) retrieved from /home/rajabala/Desktop/projects/Airflow/airflow_env/lib/python3.9/site-packages/airflow/example_dags/example_python_operator.py
[2023-12-09T07:08:03.904+0530] {logging_mixin.py:154} INFO - [2023-12-09T07:08:03.904+0530] {dag.py:2941} INFO - Sync 1 DAGs
[2023-12-09T07:08:03.911+0530] {logging_mixin.py:154} INFO - [2023-12-09T07:08:03.911+0530] {dag.py:3722} INFO - Setting next_dagrun for example_python_operator to None, run_after=None
[2023-12-09T07:08:03.926+0530] {processor.py:179} INFO - Processing /home/rajabala/Desktop/projects/Airflow/airflow_env/lib/python3.9/site-packages/airflow/example_dags/example_python_operator.py took 0.050 seconds
[2023-12-09T07:08:50.364+0530] {processor.py:157} INFO - Started process (PID=6287) to work on /home/rajabala/Desktop/projects/Airflow/airflow_env/lib/python3.9/site-packages/airflow/example_dags/example_python_operator.py
[2023-12-09T07:08:50.367+0530] {processor.py:829} INFO - Processing file /home/rajabala/Desktop/projects/Airflow/airflow_env/lib/python3.9/site-packages/airflow/example_dags/example_python_operator.py for tasks to queue
[2023-12-09T07:08:50.367+0530] {logging_mixin.py:154} INFO - [2023-12-09T07:08:50.367+0530] {dagbag.py:536} INFO - Filling up the DagBag from /home/rajabala/Desktop/projects/Airflow/airflow_env/lib/python3.9/site-packages/airflow/example_dags/example_python_operator.py
[2023-12-09T07:08:50.378+0530] {processor.py:839} INFO - DAG(s) dict_keys(['example_python_operator']) retrieved from /home/rajabala/Desktop/projects/Airflow/airflow_env/lib/python3.9/site-packages/airflow/example_dags/example_python_operator.py
[2023-12-09T07:08:50.392+0530] {logging_mixin.py:154} INFO - [2023-12-09T07:08:50.392+0530] {dag.py:2941} INFO - Sync 1 DAGs
[2023-12-09T07:08:50.401+0530] {logging_mixin.py:154} INFO - [2023-12-09T07:08:50.401+0530] {dag.py:3722} INFO - Setting next_dagrun for example_python_operator to None, run_after=None
[2023-12-09T07:08:50.416+0530] {processor.py:179} INFO - Processing /home/rajabala/Desktop/projects/Airflow/airflow_env/lib/python3.9/site-packages/airflow/example_dags/example_python_operator.py took 0.054 seconds
[2023-12-09T07:09:35.505+0530] {processor.py:157} INFO - Started process (PID=6660) to work on /home/rajabala/Desktop/projects/Airflow/airflow_env/lib/python3.9/site-packages/airflow/example_dags/example_python_operator.py
[2023-12-09T07:09:35.508+0530] {processor.py:829} INFO - Processing file /home/rajabala/Desktop/projects/Airflow/airflow_env/lib/python3.9/site-packages/airflow/example_dags/example_python_operator.py for tasks to queue
[2023-12-09T07:09:35.509+0530] {logging_mixin.py:154} INFO - [2023-12-09T07:09:35.508+0530] {dagbag.py:536} INFO - Filling up the DagBag from /home/rajabala/Desktop/projects/Airflow/airflow_env/lib/python3.9/site-packages/airflow/example_dags/example_python_operator.py
[2023-12-09T07:09:35.518+0530] {processor.py:839} INFO - DAG(s) dict_keys(['example_python_operator']) retrieved from /home/rajabala/Desktop/projects/Airflow/airflow_env/lib/python3.9/site-packages/airflow/example_dags/example_python_operator.py
[2023-12-09T07:09:35.530+0530] {logging_mixin.py:154} INFO - [2023-12-09T07:09:35.530+0530] {dag.py:2941} INFO - Sync 1 DAGs
[2023-12-09T07:09:35.538+0530] {logging_mixin.py:154} INFO - [2023-12-09T07:09:35.537+0530] {dag.py:3722} INFO - Setting next_dagrun for example_python_operator to None, run_after=None
[2023-12-09T07:09:35.554+0530] {processor.py:179} INFO - Processing /home/rajabala/Desktop/projects/Airflow/airflow_env/lib/python3.9/site-packages/airflow/example_dags/example_python_operator.py took 0.053 seconds
