[2023-12-09T07:06:11.167+0530] {processor.py:157} INFO - Started process (PID=4912) to work on /home/rajabala/Desktop/projects/Airflow/airflow_env/lib/python3.9/site-packages/airflow/example_dags/example_kubernetes_executor.py
[2023-12-09T07:06:11.168+0530] {processor.py:829} INFO - Processing file /home/rajabala/Desktop/projects/Airflow/airflow_env/lib/python3.9/site-packages/airflow/example_dags/example_kubernetes_executor.py for tasks to queue
[2023-12-09T07:06:11.169+0530] {logging_mixin.py:154} INFO - [2023-12-09T07:06:11.168+0530] {dagbag.py:536} INFO - Filling up the DagBag from /home/rajabala/Desktop/projects/Airflow/airflow_env/lib/python3.9/site-packages/airflow/example_dags/example_kubernetes_executor.py
[2023-12-09T07:06:11.171+0530] {logging_mixin.py:154} INFO - [2023-12-09T07:06:11.170+0530] {example_kubernetes_executor.py:38} WARNING - The example_kubernetes_executor example DAG requires the kubernetes provider. Please install it with: pip install apache-airflow[cncf.kubernetes]
[2023-12-09T07:06:11.171+0530] {processor.py:841} WARNING - No viable dags retrieved from /home/rajabala/Desktop/projects/Airflow/airflow_env/lib/python3.9/site-packages/airflow/example_dags/example_kubernetes_executor.py
[2023-12-09T07:06:11.177+0530] {processor.py:179} INFO - Processing /home/rajabala/Desktop/projects/Airflow/airflow_env/lib/python3.9/site-packages/airflow/example_dags/example_kubernetes_executor.py took 0.012 seconds
[2023-12-09T07:07:00.930+0530] {processor.py:157} INFO - Started process (PID=5771) to work on /home/rajabala/Desktop/projects/Airflow/airflow_env/lib/python3.9/site-packages/airflow/example_dags/example_kubernetes_executor.py
[2023-12-09T07:07:00.931+0530] {processor.py:829} INFO - Processing file /home/rajabala/Desktop/projects/Airflow/airflow_env/lib/python3.9/site-packages/airflow/example_dags/example_kubernetes_executor.py for tasks to queue
[2023-12-09T07:07:00.932+0530] {logging_mixin.py:154} INFO - [2023-12-09T07:07:00.932+0530] {dagbag.py:536} INFO - Filling up the DagBag from /home/rajabala/Desktop/projects/Airflow/airflow_env/lib/python3.9/site-packages/airflow/example_dags/example_kubernetes_executor.py
[2023-12-09T07:07:00.935+0530] {logging_mixin.py:154} INFO - [2023-12-09T07:07:00.935+0530] {example_kubernetes_executor.py:38} WARNING - The example_kubernetes_executor example DAG requires the kubernetes provider. Please install it with: pip install apache-airflow[cncf.kubernetes]
[2023-12-09T07:07:00.936+0530] {processor.py:841} WARNING - No viable dags retrieved from /home/rajabala/Desktop/projects/Airflow/airflow_env/lib/python3.9/site-packages/airflow/example_dags/example_kubernetes_executor.py
[2023-12-09T07:07:00.946+0530] {processor.py:179} INFO - Processing /home/rajabala/Desktop/projects/Airflow/airflow_env/lib/python3.9/site-packages/airflow/example_dags/example_kubernetes_executor.py took 0.021 seconds
[2023-12-09T07:07:47.264+0530] {processor.py:157} INFO - Started process (PID=6019) to work on /home/rajabala/Desktop/projects/Airflow/airflow_env/lib/python3.9/site-packages/airflow/example_dags/example_kubernetes_executor.py
[2023-12-09T07:07:47.267+0530] {processor.py:829} INFO - Processing file /home/rajabala/Desktop/projects/Airflow/airflow_env/lib/python3.9/site-packages/airflow/example_dags/example_kubernetes_executor.py for tasks to queue
[2023-12-09T07:07:47.268+0530] {logging_mixin.py:154} INFO - [2023-12-09T07:07:47.267+0530] {dagbag.py:536} INFO - Filling up the DagBag from /home/rajabala/Desktop/projects/Airflow/airflow_env/lib/python3.9/site-packages/airflow/example_dags/example_kubernetes_executor.py
[2023-12-09T07:07:47.272+0530] {logging_mixin.py:154} INFO - [2023-12-09T07:07:47.272+0530] {example_kubernetes_executor.py:38} WARNING - The example_kubernetes_executor example DAG requires the kubernetes provider. Please install it with: pip install apache-airflow[cncf.kubernetes]
[2023-12-09T07:07:47.272+0530] {processor.py:841} WARNING - No viable dags retrieved from /home/rajabala/Desktop/projects/Airflow/airflow_env/lib/python3.9/site-packages/airflow/example_dags/example_kubernetes_executor.py
[2023-12-09T07:07:47.281+0530] {processor.py:179} INFO - Processing /home/rajabala/Desktop/projects/Airflow/airflow_env/lib/python3.9/site-packages/airflow/example_dags/example_kubernetes_executor.py took 0.020 seconds
[2023-12-09T07:08:28.598+0530] {processor.py:157} INFO - Started process (PID=6252) to work on /home/rajabala/Desktop/projects/Airflow/airflow_env/lib/python3.9/site-packages/airflow/example_dags/example_kubernetes_executor.py
[2023-12-09T07:08:28.599+0530] {processor.py:829} INFO - Processing file /home/rajabala/Desktop/projects/Airflow/airflow_env/lib/python3.9/site-packages/airflow/example_dags/example_kubernetes_executor.py for tasks to queue
[2023-12-09T07:08:28.600+0530] {logging_mixin.py:154} INFO - [2023-12-09T07:08:28.599+0530] {dagbag.py:536} INFO - Filling up the DagBag from /home/rajabala/Desktop/projects/Airflow/airflow_env/lib/python3.9/site-packages/airflow/example_dags/example_kubernetes_executor.py
[2023-12-09T07:08:28.604+0530] {logging_mixin.py:154} INFO - [2023-12-09T07:08:28.604+0530] {example_kubernetes_executor.py:38} WARNING - The example_kubernetes_executor example DAG requires the kubernetes provider. Please install it with: pip install apache-airflow[cncf.kubernetes]
[2023-12-09T07:08:28.604+0530] {processor.py:841} WARNING - No viable dags retrieved from /home/rajabala/Desktop/projects/Airflow/airflow_env/lib/python3.9/site-packages/airflow/example_dags/example_kubernetes_executor.py
[2023-12-09T07:08:28.613+0530] {processor.py:179} INFO - Processing /home/rajabala/Desktop/projects/Airflow/airflow_env/lib/python3.9/site-packages/airflow/example_dags/example_kubernetes_executor.py took 0.018 seconds
[2023-12-09T07:09:16.216+0530] {processor.py:157} INFO - Started process (PID=6415) to work on /home/rajabala/Desktop/projects/Airflow/airflow_env/lib/python3.9/site-packages/airflow/example_dags/example_kubernetes_executor.py
[2023-12-09T07:09:16.219+0530] {processor.py:829} INFO - Processing file /home/rajabala/Desktop/projects/Airflow/airflow_env/lib/python3.9/site-packages/airflow/example_dags/example_kubernetes_executor.py for tasks to queue
[2023-12-09T07:09:16.220+0530] {logging_mixin.py:154} INFO - [2023-12-09T07:09:16.220+0530] {dagbag.py:536} INFO - Filling up the DagBag from /home/rajabala/Desktop/projects/Airflow/airflow_env/lib/python3.9/site-packages/airflow/example_dags/example_kubernetes_executor.py
[2023-12-09T07:09:16.224+0530] {logging_mixin.py:154} INFO - [2023-12-09T07:09:16.224+0530] {example_kubernetes_executor.py:38} WARNING - The example_kubernetes_executor example DAG requires the kubernetes provider. Please install it with: pip install apache-airflow[cncf.kubernetes]
[2023-12-09T07:09:16.225+0530] {processor.py:841} WARNING - No viable dags retrieved from /home/rajabala/Desktop/projects/Airflow/airflow_env/lib/python3.9/site-packages/airflow/example_dags/example_kubernetes_executor.py
[2023-12-09T07:09:16.234+0530] {processor.py:179} INFO - Processing /home/rajabala/Desktop/projects/Airflow/airflow_env/lib/python3.9/site-packages/airflow/example_dags/example_kubernetes_executor.py took 0.021 seconds
[2023-12-09T07:10:01.249+0530] {processor.py:157} INFO - Started process (PID=6853) to work on /home/rajabala/Desktop/projects/Airflow/airflow_env/lib/python3.9/site-packages/airflow/example_dags/example_kubernetes_executor.py
[2023-12-09T07:10:01.249+0530] {processor.py:829} INFO - Processing file /home/rajabala/Desktop/projects/Airflow/airflow_env/lib/python3.9/site-packages/airflow/example_dags/example_kubernetes_executor.py for tasks to queue
[2023-12-09T07:10:01.250+0530] {logging_mixin.py:154} INFO - [2023-12-09T07:10:01.250+0530] {dagbag.py:536} INFO - Filling up the DagBag from /home/rajabala/Desktop/projects/Airflow/airflow_env/lib/python3.9/site-packages/airflow/example_dags/example_kubernetes_executor.py
[2023-12-09T07:10:01.253+0530] {logging_mixin.py:154} INFO - [2023-12-09T07:10:01.253+0530] {example_kubernetes_executor.py:38} WARNING - The example_kubernetes_executor example DAG requires the kubernetes provider. Please install it with: pip install apache-airflow[cncf.kubernetes]
[2023-12-09T07:10:01.254+0530] {processor.py:841} WARNING - No viable dags retrieved from /home/rajabala/Desktop/projects/Airflow/airflow_env/lib/python3.9/site-packages/airflow/example_dags/example_kubernetes_executor.py
[2023-12-09T07:10:01.262+0530] {processor.py:179} INFO - Processing /home/rajabala/Desktop/projects/Airflow/airflow_env/lib/python3.9/site-packages/airflow/example_dags/example_kubernetes_executor.py took 0.017 seconds
