[2023-12-09T07:06:12.311+0530] {processor.py:157} INFO - Started process (PID=4913) to work on /home/rajabala/Desktop/projects/Airflow/airflow_env/lib/python3.9/site-packages/airflow/example_dags/example_local_kubernetes_executor.py
[2023-12-09T07:06:12.312+0530] {processor.py:829} INFO - Processing file /home/rajabala/Desktop/projects/Airflow/airflow_env/lib/python3.9/site-packages/airflow/example_dags/example_local_kubernetes_executor.py for tasks to queue
[2023-12-09T07:06:12.312+0530] {logging_mixin.py:154} INFO - [2023-12-09T07:06:12.312+0530] {dagbag.py:536} INFO - Filling up the DagBag from /home/rajabala/Desktop/projects/Airflow/airflow_env/lib/python3.9/site-packages/airflow/example_dags/example_local_kubernetes_executor.py
[2023-12-09T07:06:12.315+0530] {logging_mixin.py:154} INFO - [2023-12-09T07:06:12.314+0530] {example_local_kubernetes_executor.py:39} WARNING - Could not import DAGs in example_local_kubernetes_executor.py
Traceback (most recent call last):
  File "/home/rajabala/Desktop/projects/Airflow/airflow_env/lib/python3.9/site-packages/airflow/example_dags/example_local_kubernetes_executor.py", line 37, in <module>
    from kubernetes.client import models as k8s
ModuleNotFoundError: No module named 'kubernetes'
[2023-12-09T07:06:12.315+0530] {logging_mixin.py:154} INFO - [2023-12-09T07:06:12.315+0530] {example_local_kubernetes_executor.py:40} WARNING - Install Kubernetes dependencies with: pip install apache-airflow[cncf.kubernetes]
[2023-12-09T07:06:12.315+0530] {processor.py:841} WARNING - No viable dags retrieved from /home/rajabala/Desktop/projects/Airflow/airflow_env/lib/python3.9/site-packages/airflow/example_dags/example_local_kubernetes_executor.py
[2023-12-09T07:06:12.321+0530] {processor.py:179} INFO - Processing /home/rajabala/Desktop/projects/Airflow/airflow_env/lib/python3.9/site-packages/airflow/example_dags/example_local_kubernetes_executor.py took 0.012 seconds
[2023-12-09T07:07:02.087+0530] {processor.py:157} INFO - Started process (PID=5772) to work on /home/rajabala/Desktop/projects/Airflow/airflow_env/lib/python3.9/site-packages/airflow/example_dags/example_local_kubernetes_executor.py
[2023-12-09T07:07:02.091+0530] {processor.py:829} INFO - Processing file /home/rajabala/Desktop/projects/Airflow/airflow_env/lib/python3.9/site-packages/airflow/example_dags/example_local_kubernetes_executor.py for tasks to queue
[2023-12-09T07:07:02.092+0530] {logging_mixin.py:154} INFO - [2023-12-09T07:07:02.091+0530] {dagbag.py:536} INFO - Filling up the DagBag from /home/rajabala/Desktop/projects/Airflow/airflow_env/lib/python3.9/site-packages/airflow/example_dags/example_local_kubernetes_executor.py
[2023-12-09T07:07:02.096+0530] {logging_mixin.py:154} INFO - [2023-12-09T07:07:02.095+0530] {example_local_kubernetes_executor.py:39} WARNING - Could not import DAGs in example_local_kubernetes_executor.py
Traceback (most recent call last):
  File "/home/rajabala/Desktop/projects/Airflow/airflow_env/lib/python3.9/site-packages/airflow/example_dags/example_local_kubernetes_executor.py", line 37, in <module>
    from kubernetes.client import models as k8s
ModuleNotFoundError: No module named 'kubernetes'
[2023-12-09T07:07:02.096+0530] {logging_mixin.py:154} INFO - [2023-12-09T07:07:02.096+0530] {example_local_kubernetes_executor.py:40} WARNING - Install Kubernetes dependencies with: pip install apache-airflow[cncf.kubernetes]
[2023-12-09T07:07:02.096+0530] {processor.py:841} WARNING - No viable dags retrieved from /home/rajabala/Desktop/projects/Airflow/airflow_env/lib/python3.9/site-packages/airflow/example_dags/example_local_kubernetes_executor.py
[2023-12-09T07:07:02.104+0530] {processor.py:179} INFO - Processing /home/rajabala/Desktop/projects/Airflow/airflow_env/lib/python3.9/site-packages/airflow/example_dags/example_local_kubernetes_executor.py took 0.021 seconds
[2023-12-09T07:07:48.414+0530] {processor.py:157} INFO - Started process (PID=6055) to work on /home/rajabala/Desktop/projects/Airflow/airflow_env/lib/python3.9/site-packages/airflow/example_dags/example_local_kubernetes_executor.py
[2023-12-09T07:07:48.417+0530] {processor.py:829} INFO - Processing file /home/rajabala/Desktop/projects/Airflow/airflow_env/lib/python3.9/site-packages/airflow/example_dags/example_local_kubernetes_executor.py for tasks to queue
[2023-12-09T07:07:48.417+0530] {logging_mixin.py:154} INFO - [2023-12-09T07:07:48.417+0530] {dagbag.py:536} INFO - Filling up the DagBag from /home/rajabala/Desktop/projects/Airflow/airflow_env/lib/python3.9/site-packages/airflow/example_dags/example_local_kubernetes_executor.py
[2023-12-09T07:07:48.421+0530] {logging_mixin.py:154} INFO - [2023-12-09T07:07:48.421+0530] {example_local_kubernetes_executor.py:39} WARNING - Could not import DAGs in example_local_kubernetes_executor.py
Traceback (most recent call last):
  File "/home/rajabala/Desktop/projects/Airflow/airflow_env/lib/python3.9/site-packages/airflow/example_dags/example_local_kubernetes_executor.py", line 37, in <module>
    from kubernetes.client import models as k8s
ModuleNotFoundError: No module named 'kubernetes'
[2023-12-09T07:07:48.422+0530] {logging_mixin.py:154} INFO - [2023-12-09T07:07:48.422+0530] {example_local_kubernetes_executor.py:40} WARNING - Install Kubernetes dependencies with: pip install apache-airflow[cncf.kubernetes]
[2023-12-09T07:07:48.422+0530] {processor.py:841} WARNING - No viable dags retrieved from /home/rajabala/Desktop/projects/Airflow/airflow_env/lib/python3.9/site-packages/airflow/example_dags/example_local_kubernetes_executor.py
[2023-12-09T07:07:48.430+0530] {processor.py:179} INFO - Processing /home/rajabala/Desktop/projects/Airflow/airflow_env/lib/python3.9/site-packages/airflow/example_dags/example_local_kubernetes_executor.py took 0.019 seconds
[2023-12-09T07:08:29.757+0530] {processor.py:157} INFO - Started process (PID=6253) to work on /home/rajabala/Desktop/projects/Airflow/airflow_env/lib/python3.9/site-packages/airflow/example_dags/example_local_kubernetes_executor.py
[2023-12-09T07:08:29.759+0530] {processor.py:829} INFO - Processing file /home/rajabala/Desktop/projects/Airflow/airflow_env/lib/python3.9/site-packages/airflow/example_dags/example_local_kubernetes_executor.py for tasks to queue
[2023-12-09T07:08:29.761+0530] {logging_mixin.py:154} INFO - [2023-12-09T07:08:29.760+0530] {dagbag.py:536} INFO - Filling up the DagBag from /home/rajabala/Desktop/projects/Airflow/airflow_env/lib/python3.9/site-packages/airflow/example_dags/example_local_kubernetes_executor.py
[2023-12-09T07:08:29.765+0530] {logging_mixin.py:154} INFO - [2023-12-09T07:08:29.764+0530] {example_local_kubernetes_executor.py:39} WARNING - Could not import DAGs in example_local_kubernetes_executor.py
Traceback (most recent call last):
  File "/home/rajabala/Desktop/projects/Airflow/airflow_env/lib/python3.9/site-packages/airflow/example_dags/example_local_kubernetes_executor.py", line 37, in <module>
    from kubernetes.client import models as k8s
ModuleNotFoundError: No module named 'kubernetes'
[2023-12-09T07:08:29.765+0530] {logging_mixin.py:154} INFO - [2023-12-09T07:08:29.765+0530] {example_local_kubernetes_executor.py:40} WARNING - Install Kubernetes dependencies with: pip install apache-airflow[cncf.kubernetes]
[2023-12-09T07:08:29.766+0530] {processor.py:841} WARNING - No viable dags retrieved from /home/rajabala/Desktop/projects/Airflow/airflow_env/lib/python3.9/site-packages/airflow/example_dags/example_local_kubernetes_executor.py
[2023-12-09T07:08:29.774+0530] {processor.py:179} INFO - Processing /home/rajabala/Desktop/projects/Airflow/airflow_env/lib/python3.9/site-packages/airflow/example_dags/example_local_kubernetes_executor.py took 0.020 seconds
[2023-12-09T07:09:17.359+0530] {processor.py:157} INFO - Started process (PID=6416) to work on /home/rajabala/Desktop/projects/Airflow/airflow_env/lib/python3.9/site-packages/airflow/example_dags/example_local_kubernetes_executor.py
[2023-12-09T07:09:17.361+0530] {processor.py:829} INFO - Processing file /home/rajabala/Desktop/projects/Airflow/airflow_env/lib/python3.9/site-packages/airflow/example_dags/example_local_kubernetes_executor.py for tasks to queue
[2023-12-09T07:09:17.363+0530] {logging_mixin.py:154} INFO - [2023-12-09T07:09:17.362+0530] {dagbag.py:536} INFO - Filling up the DagBag from /home/rajabala/Desktop/projects/Airflow/airflow_env/lib/python3.9/site-packages/airflow/example_dags/example_local_kubernetes_executor.py
[2023-12-09T07:09:17.367+0530] {logging_mixin.py:154} INFO - [2023-12-09T07:09:17.366+0530] {example_local_kubernetes_executor.py:39} WARNING - Could not import DAGs in example_local_kubernetes_executor.py
Traceback (most recent call last):
  File "/home/rajabala/Desktop/projects/Airflow/airflow_env/lib/python3.9/site-packages/airflow/example_dags/example_local_kubernetes_executor.py", line 37, in <module>
    from kubernetes.client import models as k8s
ModuleNotFoundError: No module named 'kubernetes'
[2023-12-09T07:09:17.367+0530] {logging_mixin.py:154} INFO - [2023-12-09T07:09:17.367+0530] {example_local_kubernetes_executor.py:40} WARNING - Install Kubernetes dependencies with: pip install apache-airflow[cncf.kubernetes]
[2023-12-09T07:09:17.367+0530] {processor.py:841} WARNING - No viable dags retrieved from /home/rajabala/Desktop/projects/Airflow/airflow_env/lib/python3.9/site-packages/airflow/example_dags/example_local_kubernetes_executor.py
[2023-12-09T07:09:17.376+0530] {processor.py:179} INFO - Processing /home/rajabala/Desktop/projects/Airflow/airflow_env/lib/python3.9/site-packages/airflow/example_dags/example_local_kubernetes_executor.py took 0.020 seconds
[2023-12-09T07:10:02.401+0530] {processor.py:157} INFO - Started process (PID=6854) to work on /home/rajabala/Desktop/projects/Airflow/airflow_env/lib/python3.9/site-packages/airflow/example_dags/example_local_kubernetes_executor.py
[2023-12-09T07:10:02.401+0530] {processor.py:829} INFO - Processing file /home/rajabala/Desktop/projects/Airflow/airflow_env/lib/python3.9/site-packages/airflow/example_dags/example_local_kubernetes_executor.py for tasks to queue
[2023-12-09T07:10:02.402+0530] {logging_mixin.py:154} INFO - [2023-12-09T07:10:02.402+0530] {dagbag.py:536} INFO - Filling up the DagBag from /home/rajabala/Desktop/projects/Airflow/airflow_env/lib/python3.9/site-packages/airflow/example_dags/example_local_kubernetes_executor.py
[2023-12-09T07:10:02.406+0530] {logging_mixin.py:154} INFO - [2023-12-09T07:10:02.405+0530] {example_local_kubernetes_executor.py:39} WARNING - Could not import DAGs in example_local_kubernetes_executor.py
Traceback (most recent call last):
  File "/home/rajabala/Desktop/projects/Airflow/airflow_env/lib/python3.9/site-packages/airflow/example_dags/example_local_kubernetes_executor.py", line 37, in <module>
    from kubernetes.client import models as k8s
ModuleNotFoundError: No module named 'kubernetes'
[2023-12-09T07:10:02.406+0530] {logging_mixin.py:154} INFO - [2023-12-09T07:10:02.406+0530] {example_local_kubernetes_executor.py:40} WARNING - Install Kubernetes dependencies with: pip install apache-airflow[cncf.kubernetes]
[2023-12-09T07:10:02.406+0530] {processor.py:841} WARNING - No viable dags retrieved from /home/rajabala/Desktop/projects/Airflow/airflow_env/lib/python3.9/site-packages/airflow/example_dags/example_local_kubernetes_executor.py
[2023-12-09T07:10:02.414+0530] {processor.py:179} INFO - Processing /home/rajabala/Desktop/projects/Airflow/airflow_env/lib/python3.9/site-packages/airflow/example_dags/example_local_kubernetes_executor.py took 0.016 seconds
