[2023-12-09T07:06:23.511+0530] {processor.py:157} INFO - Started process (PID=5271) to work on /home/rajabala/Desktop/projects/Airflow/airflow_env/lib/python3.9/site-packages/airflow/example_dags/example_short_circuit_operator.py
[2023-12-09T07:06:23.511+0530] {processor.py:829} INFO - Processing file /home/rajabala/Desktop/projects/Airflow/airflow_env/lib/python3.9/site-packages/airflow/example_dags/example_short_circuit_operator.py for tasks to queue
[2023-12-09T07:06:23.512+0530] {logging_mixin.py:154} INFO - [2023-12-09T07:06:23.511+0530] {dagbag.py:536} INFO - Filling up the DagBag from /home/rajabala/Desktop/projects/Airflow/airflow_env/lib/python3.9/site-packages/airflow/example_dags/example_short_circuit_operator.py
[2023-12-09T07:06:23.520+0530] {processor.py:839} INFO - DAG(s) dict_keys(['example_short_circuit_operator']) retrieved from /home/rajabala/Desktop/projects/Airflow/airflow_env/lib/python3.9/site-packages/airflow/example_dags/example_short_circuit_operator.py
[2023-12-09T07:06:23.609+0530] {logging_mixin.py:154} INFO - [2023-12-09T07:06:23.609+0530] {manager.py:499} INFO - Created Permission View: %s
[2023-12-09T07:06:23.632+0530] {logging_mixin.py:154} INFO - [2023-12-09T07:06:23.631+0530] {manager.py:499} INFO - Created Permission View: %s
[2023-12-09T07:06:23.641+0530] {logging_mixin.py:154} INFO - [2023-12-09T07:06:23.641+0530] {manager.py:499} INFO - Created Permission View: %s
[2023-12-09T07:06:23.642+0530] {logging_mixin.py:154} INFO - [2023-12-09T07:06:23.641+0530] {dag.py:2941} INFO - Sync 1 DAGs
[2023-12-09T07:06:23.654+0530] {logging_mixin.py:154} INFO - [2023-12-09T07:06:23.654+0530] {dag.py:2963} INFO - Creating ORM DAG for example_short_circuit_operator
[2023-12-09T07:06:23.662+0530] {logging_mixin.py:154} INFO - [2023-12-09T07:06:23.662+0530] {dag.py:3722} INFO - Setting next_dagrun for example_short_circuit_operator to 2023-12-08T01:36:23.662520+00:00, run_after=2023-12-09T01:36:23.662520+00:00
[2023-12-09T07:06:23.697+0530] {processor.py:179} INFO - Processing /home/rajabala/Desktop/projects/Airflow/airflow_env/lib/python3.9/site-packages/airflow/example_dags/example_short_circuit_operator.py took 0.188 seconds
[2023-12-09T07:07:12.387+0530] {processor.py:157} INFO - Started process (PID=5828) to work on /home/rajabala/Desktop/projects/Airflow/airflow_env/lib/python3.9/site-packages/airflow/example_dags/example_short_circuit_operator.py
[2023-12-09T07:07:12.390+0530] {processor.py:829} INFO - Processing file /home/rajabala/Desktop/projects/Airflow/airflow_env/lib/python3.9/site-packages/airflow/example_dags/example_short_circuit_operator.py for tasks to queue
[2023-12-09T07:07:12.391+0530] {logging_mixin.py:154} INFO - [2023-12-09T07:07:12.390+0530] {dagbag.py:536} INFO - Filling up the DagBag from /home/rajabala/Desktop/projects/Airflow/airflow_env/lib/python3.9/site-packages/airflow/example_dags/example_short_circuit_operator.py
[2023-12-09T07:07:12.400+0530] {processor.py:839} INFO - DAG(s) dict_keys(['example_short_circuit_operator']) retrieved from /home/rajabala/Desktop/projects/Airflow/airflow_env/lib/python3.9/site-packages/airflow/example_dags/example_short_circuit_operator.py
[2023-12-09T07:07:12.422+0530] {logging_mixin.py:154} INFO - [2023-12-09T07:07:12.422+0530] {dag.py:2941} INFO - Sync 1 DAGs
[2023-12-09T07:07:12.446+0530] {logging_mixin.py:154} INFO - [2023-12-09T07:07:12.446+0530] {dag.py:3722} INFO - Setting next_dagrun for example_short_circuit_operator to 2023-12-08T01:37:12.446017+00:00, run_after=2023-12-09T01:37:12.446017+00:00
[2023-12-09T07:07:12.470+0530] {processor.py:179} INFO - Processing /home/rajabala/Desktop/projects/Airflow/airflow_env/lib/python3.9/site-packages/airflow/example_dags/example_short_circuit_operator.py took 0.086 seconds
[2023-12-09T07:07:57.567+0530] {processor.py:157} INFO - Started process (PID=6133) to work on /home/rajabala/Desktop/projects/Airflow/airflow_env/lib/python3.9/site-packages/airflow/example_dags/example_short_circuit_operator.py
[2023-12-09T07:07:57.570+0530] {processor.py:829} INFO - Processing file /home/rajabala/Desktop/projects/Airflow/airflow_env/lib/python3.9/site-packages/airflow/example_dags/example_short_circuit_operator.py for tasks to queue
[2023-12-09T07:07:57.571+0530] {logging_mixin.py:154} INFO - [2023-12-09T07:07:57.571+0530] {dagbag.py:536} INFO - Filling up the DagBag from /home/rajabala/Desktop/projects/Airflow/airflow_env/lib/python3.9/site-packages/airflow/example_dags/example_short_circuit_operator.py
[2023-12-09T07:07:57.579+0530] {processor.py:839} INFO - DAG(s) dict_keys(['example_short_circuit_operator']) retrieved from /home/rajabala/Desktop/projects/Airflow/airflow_env/lib/python3.9/site-packages/airflow/example_dags/example_short_circuit_operator.py
[2023-12-09T07:07:57.592+0530] {logging_mixin.py:154} INFO - [2023-12-09T07:07:57.592+0530] {dag.py:2941} INFO - Sync 1 DAGs
[2023-12-09T07:07:57.607+0530] {logging_mixin.py:154} INFO - [2023-12-09T07:07:57.607+0530] {dag.py:3722} INFO - Setting next_dagrun for example_short_circuit_operator to 2023-12-08T01:37:57.606950+00:00, run_after=2023-12-09T01:37:57.606950+00:00
[2023-12-09T07:07:57.622+0530] {processor.py:179} INFO - Processing /home/rajabala/Desktop/projects/Airflow/airflow_env/lib/python3.9/site-packages/airflow/example_dags/example_short_circuit_operator.py took 0.058 seconds
[2023-12-09T07:08:44.051+0530] {processor.py:157} INFO - Started process (PID=6276) to work on /home/rajabala/Desktop/projects/Airflow/airflow_env/lib/python3.9/site-packages/airflow/example_dags/example_short_circuit_operator.py
[2023-12-09T07:08:44.052+0530] {processor.py:829} INFO - Processing file /home/rajabala/Desktop/projects/Airflow/airflow_env/lib/python3.9/site-packages/airflow/example_dags/example_short_circuit_operator.py for tasks to queue
[2023-12-09T07:08:44.052+0530] {logging_mixin.py:154} INFO - [2023-12-09T07:08:44.052+0530] {dagbag.py:536} INFO - Filling up the DagBag from /home/rajabala/Desktop/projects/Airflow/airflow_env/lib/python3.9/site-packages/airflow/example_dags/example_short_circuit_operator.py
[2023-12-09T07:08:44.058+0530] {processor.py:839} INFO - DAG(s) dict_keys(['example_short_circuit_operator']) retrieved from /home/rajabala/Desktop/projects/Airflow/airflow_env/lib/python3.9/site-packages/airflow/example_dags/example_short_circuit_operator.py
[2023-12-09T07:08:44.069+0530] {logging_mixin.py:154} INFO - [2023-12-09T07:08:44.069+0530] {dag.py:2941} INFO - Sync 1 DAGs
[2023-12-09T07:08:44.081+0530] {logging_mixin.py:154} INFO - [2023-12-09T07:08:44.081+0530] {dag.py:3722} INFO - Setting next_dagrun for example_short_circuit_operator to 2023-12-08T01:38:44.081562+00:00, run_after=2023-12-09T01:38:44.081562+00:00
[2023-12-09T07:08:44.098+0530] {processor.py:179} INFO - Processing /home/rajabala/Desktop/projects/Airflow/airflow_env/lib/python3.9/site-packages/airflow/example_dags/example_short_circuit_operator.py took 0.049 seconds
[2023-12-09T07:09:29.775+0530] {processor.py:157} INFO - Started process (PID=6632) to work on /home/rajabala/Desktop/projects/Airflow/airflow_env/lib/python3.9/site-packages/airflow/example_dags/example_short_circuit_operator.py
[2023-12-09T07:09:29.778+0530] {processor.py:829} INFO - Processing file /home/rajabala/Desktop/projects/Airflow/airflow_env/lib/python3.9/site-packages/airflow/example_dags/example_short_circuit_operator.py for tasks to queue
[2023-12-09T07:09:29.778+0530] {logging_mixin.py:154} INFO - [2023-12-09T07:09:29.778+0530] {dagbag.py:536} INFO - Filling up the DagBag from /home/rajabala/Desktop/projects/Airflow/airflow_env/lib/python3.9/site-packages/airflow/example_dags/example_short_circuit_operator.py
[2023-12-09T07:09:29.789+0530] {processor.py:839} INFO - DAG(s) dict_keys(['example_short_circuit_operator']) retrieved from /home/rajabala/Desktop/projects/Airflow/airflow_env/lib/python3.9/site-packages/airflow/example_dags/example_short_circuit_operator.py
[2023-12-09T07:09:29.804+0530] {logging_mixin.py:154} INFO - [2023-12-09T07:09:29.804+0530] {dag.py:2941} INFO - Sync 1 DAGs
[2023-12-09T07:09:29.819+0530] {logging_mixin.py:154} INFO - [2023-12-09T07:09:29.819+0530] {dag.py:3722} INFO - Setting next_dagrun for example_short_circuit_operator to 2023-12-08T01:39:29.819608+00:00, run_after=2023-12-09T01:39:29.819608+00:00
[2023-12-09T07:09:29.837+0530] {processor.py:179} INFO - Processing /home/rajabala/Desktop/projects/Airflow/airflow_env/lib/python3.9/site-packages/airflow/example_dags/example_short_circuit_operator.py took 0.064 seconds
