[2023-12-09T07:06:21.740+0530] {processor.py:157} INFO - Started process (PID=5243) to work on /home/rajabala/Desktop/projects/Airflow/airflow_env/lib/python3.9/site-packages/airflow/example_dags/example_setup_teardown.py
[2023-12-09T07:06:21.741+0530] {processor.py:829} INFO - Processing file /home/rajabala/Desktop/projects/Airflow/airflow_env/lib/python3.9/site-packages/airflow/example_dags/example_setup_teardown.py for tasks to queue
[2023-12-09T07:06:21.742+0530] {logging_mixin.py:154} INFO - [2023-12-09T07:06:21.742+0530] {dagbag.py:536} INFO - Filling up the DagBag from /home/rajabala/Desktop/projects/Airflow/airflow_env/lib/python3.9/site-packages/airflow/example_dags/example_setup_teardown.py
[2023-12-09T07:06:21.752+0530] {processor.py:839} INFO - DAG(s) dict_keys(['example_setup_teardown']) retrieved from /home/rajabala/Desktop/projects/Airflow/airflow_env/lib/python3.9/site-packages/airflow/example_dags/example_setup_teardown.py
[2023-12-09T07:06:21.822+0530] {logging_mixin.py:154} INFO - [2023-12-09T07:06:21.822+0530] {manager.py:499} INFO - Created Permission View: %s
[2023-12-09T07:06:21.830+0530] {logging_mixin.py:154} INFO - [2023-12-09T07:06:21.830+0530] {manager.py:499} INFO - Created Permission View: %s
[2023-12-09T07:06:21.837+0530] {logging_mixin.py:154} INFO - [2023-12-09T07:06:21.837+0530] {manager.py:499} INFO - Created Permission View: %s
[2023-12-09T07:06:21.837+0530] {logging_mixin.py:154} INFO - [2023-12-09T07:06:21.837+0530] {dag.py:2941} INFO - Sync 1 DAGs
[2023-12-09T07:06:21.844+0530] {logging_mixin.py:154} INFO - [2023-12-09T07:06:21.844+0530] {dag.py:2963} INFO - Creating ORM DAG for example_setup_teardown
[2023-12-09T07:06:21.850+0530] {logging_mixin.py:154} INFO - [2023-12-09T07:06:21.850+0530] {dag.py:3722} INFO - Setting next_dagrun for example_setup_teardown to 2023-12-08T01:36:21.850489+00:00, run_after=2023-12-09T01:36:21.850489+00:00
[2023-12-09T07:06:21.866+0530] {processor.py:179} INFO - Processing /home/rajabala/Desktop/projects/Airflow/airflow_env/lib/python3.9/site-packages/airflow/example_dags/example_setup_teardown.py took 0.130 seconds
[2023-12-09T07:07:10.417+0530] {processor.py:157} INFO - Started process (PID=5801) to work on /home/rajabala/Desktop/projects/Airflow/airflow_env/lib/python3.9/site-packages/airflow/example_dags/example_setup_teardown.py
[2023-12-09T07:07:10.418+0530] {processor.py:829} INFO - Processing file /home/rajabala/Desktop/projects/Airflow/airflow_env/lib/python3.9/site-packages/airflow/example_dags/example_setup_teardown.py for tasks to queue
[2023-12-09T07:07:10.418+0530] {logging_mixin.py:154} INFO - [2023-12-09T07:07:10.418+0530] {dagbag.py:536} INFO - Filling up the DagBag from /home/rajabala/Desktop/projects/Airflow/airflow_env/lib/python3.9/site-packages/airflow/example_dags/example_setup_teardown.py
[2023-12-09T07:07:10.423+0530] {processor.py:839} INFO - DAG(s) dict_keys(['example_setup_teardown']) retrieved from /home/rajabala/Desktop/projects/Airflow/airflow_env/lib/python3.9/site-packages/airflow/example_dags/example_setup_teardown.py
[2023-12-09T07:07:10.434+0530] {logging_mixin.py:154} INFO - [2023-12-09T07:07:10.434+0530] {dag.py:2941} INFO - Sync 1 DAGs
[2023-12-09T07:07:10.447+0530] {logging_mixin.py:154} INFO - [2023-12-09T07:07:10.447+0530] {dag.py:3722} INFO - Setting next_dagrun for example_setup_teardown to 2023-12-08T01:37:10.447088+00:00, run_after=2023-12-09T01:37:10.447088+00:00
[2023-12-09T07:07:10.461+0530] {processor.py:179} INFO - Processing /home/rajabala/Desktop/projects/Airflow/airflow_env/lib/python3.9/site-packages/airflow/example_dags/example_setup_teardown.py took 0.046 seconds
[2023-12-09T07:07:54.714+0530] {processor.py:157} INFO - Started process (PID=6088) to work on /home/rajabala/Desktop/projects/Airflow/airflow_env/lib/python3.9/site-packages/airflow/example_dags/example_setup_teardown.py
[2023-12-09T07:07:54.718+0530] {processor.py:829} INFO - Processing file /home/rajabala/Desktop/projects/Airflow/airflow_env/lib/python3.9/site-packages/airflow/example_dags/example_setup_teardown.py for tasks to queue
[2023-12-09T07:07:54.719+0530] {logging_mixin.py:154} INFO - [2023-12-09T07:07:54.719+0530] {dagbag.py:536} INFO - Filling up the DagBag from /home/rajabala/Desktop/projects/Airflow/airflow_env/lib/python3.9/site-packages/airflow/example_dags/example_setup_teardown.py
[2023-12-09T07:07:54.728+0530] {processor.py:839} INFO - DAG(s) dict_keys(['example_setup_teardown']) retrieved from /home/rajabala/Desktop/projects/Airflow/airflow_env/lib/python3.9/site-packages/airflow/example_dags/example_setup_teardown.py
[2023-12-09T07:07:54.738+0530] {logging_mixin.py:154} INFO - [2023-12-09T07:07:54.738+0530] {dag.py:2941} INFO - Sync 1 DAGs
[2023-12-09T07:07:54.751+0530] {logging_mixin.py:154} INFO - [2023-12-09T07:07:54.751+0530] {dag.py:3722} INFO - Setting next_dagrun for example_setup_teardown to 2023-12-08T01:37:54.751087+00:00, run_after=2023-12-09T01:37:54.751087+00:00
[2023-12-09T07:07:54.766+0530] {processor.py:179} INFO - Processing /home/rajabala/Desktop/projects/Airflow/airflow_env/lib/python3.9/site-packages/airflow/example_dags/example_setup_teardown.py took 0.055 seconds
[2023-12-09T07:08:42.333+0530] {processor.py:157} INFO - Started process (PID=6274) to work on /home/rajabala/Desktop/projects/Airflow/airflow_env/lib/python3.9/site-packages/airflow/example_dags/example_setup_teardown.py
[2023-12-09T07:08:42.336+0530] {processor.py:829} INFO - Processing file /home/rajabala/Desktop/projects/Airflow/airflow_env/lib/python3.9/site-packages/airflow/example_dags/example_setup_teardown.py for tasks to queue
[2023-12-09T07:08:42.337+0530] {logging_mixin.py:154} INFO - [2023-12-09T07:08:42.337+0530] {dagbag.py:536} INFO - Filling up the DagBag from /home/rajabala/Desktop/projects/Airflow/airflow_env/lib/python3.9/site-packages/airflow/example_dags/example_setup_teardown.py
[2023-12-09T07:08:42.346+0530] {processor.py:839} INFO - DAG(s) dict_keys(['example_setup_teardown']) retrieved from /home/rajabala/Desktop/projects/Airflow/airflow_env/lib/python3.9/site-packages/airflow/example_dags/example_setup_teardown.py
[2023-12-09T07:08:42.357+0530] {logging_mixin.py:154} INFO - [2023-12-09T07:08:42.357+0530] {dag.py:2941} INFO - Sync 1 DAGs
[2023-12-09T07:08:42.371+0530] {logging_mixin.py:154} INFO - [2023-12-09T07:08:42.371+0530] {dag.py:3722} INFO - Setting next_dagrun for example_setup_teardown to 2023-12-08T01:38:42.371298+00:00, run_after=2023-12-09T01:38:42.371298+00:00
[2023-12-09T07:08:42.386+0530] {processor.py:179} INFO - Processing /home/rajabala/Desktop/projects/Airflow/airflow_env/lib/python3.9/site-packages/airflow/example_dags/example_setup_teardown.py took 0.056 seconds
[2023-12-09T07:09:27.498+0530] {processor.py:157} INFO - Started process (PID=6442) to work on /home/rajabala/Desktop/projects/Airflow/airflow_env/lib/python3.9/site-packages/airflow/example_dags/example_setup_teardown.py
[2023-12-09T07:09:27.498+0530] {processor.py:829} INFO - Processing file /home/rajabala/Desktop/projects/Airflow/airflow_env/lib/python3.9/site-packages/airflow/example_dags/example_setup_teardown.py for tasks to queue
[2023-12-09T07:09:27.499+0530] {logging_mixin.py:154} INFO - [2023-12-09T07:09:27.499+0530] {dagbag.py:536} INFO - Filling up the DagBag from /home/rajabala/Desktop/projects/Airflow/airflow_env/lib/python3.9/site-packages/airflow/example_dags/example_setup_teardown.py
[2023-12-09T07:09:27.503+0530] {processor.py:839} INFO - DAG(s) dict_keys(['example_setup_teardown']) retrieved from /home/rajabala/Desktop/projects/Airflow/airflow_env/lib/python3.9/site-packages/airflow/example_dags/example_setup_teardown.py
[2023-12-09T07:09:27.513+0530] {logging_mixin.py:154} INFO - [2023-12-09T07:09:27.513+0530] {dag.py:2941} INFO - Sync 1 DAGs
[2023-12-09T07:09:27.525+0530] {logging_mixin.py:154} INFO - [2023-12-09T07:09:27.525+0530] {dag.py:3722} INFO - Setting next_dagrun for example_setup_teardown to 2023-12-08T01:39:27.525538+00:00, run_after=2023-12-09T01:39:27.525538+00:00
[2023-12-09T07:09:27.539+0530] {processor.py:179} INFO - Processing /home/rajabala/Desktop/projects/Airflow/airflow_env/lib/python3.9/site-packages/airflow/example_dags/example_setup_teardown.py took 0.044 seconds
