[2023-12-09T07:06:18.929+0530] {processor.py:157} INFO - Started process (PID=5154) to work on /home/rajabala/Desktop/projects/Airflow/airflow_env/lib/python3.9/site-packages/airflow/example_dags/example_params_trigger_ui.py
[2023-12-09T07:06:18.931+0530] {processor.py:829} INFO - Processing file /home/rajabala/Desktop/projects/Airflow/airflow_env/lib/python3.9/site-packages/airflow/example_dags/example_params_trigger_ui.py for tasks to queue
[2023-12-09T07:06:18.932+0530] {logging_mixin.py:154} INFO - [2023-12-09T07:06:18.932+0530] {dagbag.py:536} INFO - Filling up the DagBag from /home/rajabala/Desktop/projects/Airflow/airflow_env/lib/python3.9/site-packages/airflow/example_dags/example_params_trigger_ui.py
[2023-12-09T07:06:18.964+0530] {processor.py:839} INFO - DAG(s) dict_keys(['example_params_trigger_ui']) retrieved from /home/rajabala/Desktop/projects/Airflow/airflow_env/lib/python3.9/site-packages/airflow/example_dags/example_params_trigger_ui.py
[2023-12-09T07:06:19.199+0530] {logging_mixin.py:154} INFO - [2023-12-09T07:06:19.199+0530] {manager.py:499} INFO - Created Permission View: %s
[2023-12-09T07:06:19.216+0530] {logging_mixin.py:154} INFO - [2023-12-09T07:06:19.216+0530] {manager.py:499} INFO - Created Permission View: %s
[2023-12-09T07:06:19.228+0530] {logging_mixin.py:154} INFO - [2023-12-09T07:06:19.228+0530] {manager.py:499} INFO - Created Permission View: %s
[2023-12-09T07:06:19.228+0530] {logging_mixin.py:154} INFO - [2023-12-09T07:06:19.228+0530] {dag.py:2941} INFO - Sync 1 DAGs
[2023-12-09T07:06:19.247+0530] {logging_mixin.py:154} INFO - [2023-12-09T07:06:19.246+0530] {dag.py:2963} INFO - Creating ORM DAG for example_params_trigger_ui
[2023-12-09T07:06:19.248+0530] {logging_mixin.py:154} INFO - [2023-12-09T07:06:19.248+0530] {dag.py:3722} INFO - Setting next_dagrun for example_params_trigger_ui to None, run_after=None
[2023-12-09T07:06:19.283+0530] {processor.py:179} INFO - Processing /home/rajabala/Desktop/projects/Airflow/airflow_env/lib/python3.9/site-packages/airflow/example_dags/example_params_trigger_ui.py took 0.357 seconds
[2023-12-09T07:07:08.377+0530] {processor.py:157} INFO - Started process (PID=5795) to work on /home/rajabala/Desktop/projects/Airflow/airflow_env/lib/python3.9/site-packages/airflow/example_dags/example_params_trigger_ui.py
[2023-12-09T07:07:08.378+0530] {processor.py:829} INFO - Processing file /home/rajabala/Desktop/projects/Airflow/airflow_env/lib/python3.9/site-packages/airflow/example_dags/example_params_trigger_ui.py for tasks to queue
[2023-12-09T07:07:08.379+0530] {logging_mixin.py:154} INFO - [2023-12-09T07:07:08.379+0530] {dagbag.py:536} INFO - Filling up the DagBag from /home/rajabala/Desktop/projects/Airflow/airflow_env/lib/python3.9/site-packages/airflow/example_dags/example_params_trigger_ui.py
[2023-12-09T07:07:08.393+0530] {processor.py:839} INFO - DAG(s) dict_keys(['example_params_trigger_ui']) retrieved from /home/rajabala/Desktop/projects/Airflow/airflow_env/lib/python3.9/site-packages/airflow/example_dags/example_params_trigger_ui.py
[2023-12-09T07:07:08.427+0530] {logging_mixin.py:154} INFO - [2023-12-09T07:07:08.426+0530] {dag.py:2941} INFO - Sync 1 DAGs
[2023-12-09T07:07:08.436+0530] {logging_mixin.py:154} INFO - [2023-12-09T07:07:08.436+0530] {dag.py:3722} INFO - Setting next_dagrun for example_params_trigger_ui to None, run_after=None
[2023-12-09T07:07:08.455+0530] {processor.py:179} INFO - Processing /home/rajabala/Desktop/projects/Airflow/airflow_env/lib/python3.9/site-packages/airflow/example_dags/example_params_trigger_ui.py took 0.082 seconds
[2023-12-09T07:07:53.416+0530] {processor.py:157} INFO - Started process (PID=6061) to work on /home/rajabala/Desktop/projects/Airflow/airflow_env/lib/python3.9/site-packages/airflow/example_dags/example_params_trigger_ui.py
[2023-12-09T07:07:53.417+0530] {processor.py:829} INFO - Processing file /home/rajabala/Desktop/projects/Airflow/airflow_env/lib/python3.9/site-packages/airflow/example_dags/example_params_trigger_ui.py for tasks to queue
[2023-12-09T07:07:53.418+0530] {logging_mixin.py:154} INFO - [2023-12-09T07:07:53.418+0530] {dagbag.py:536} INFO - Filling up the DagBag from /home/rajabala/Desktop/projects/Airflow/airflow_env/lib/python3.9/site-packages/airflow/example_dags/example_params_trigger_ui.py
[2023-12-09T07:07:53.433+0530] {processor.py:839} INFO - DAG(s) dict_keys(['example_params_trigger_ui']) retrieved from /home/rajabala/Desktop/projects/Airflow/airflow_env/lib/python3.9/site-packages/airflow/example_dags/example_params_trigger_ui.py
[2023-12-09T07:07:53.460+0530] {logging_mixin.py:154} INFO - [2023-12-09T07:07:53.459+0530] {dag.py:2941} INFO - Sync 1 DAGs
[2023-12-09T07:07:53.467+0530] {logging_mixin.py:154} INFO - [2023-12-09T07:07:53.467+0530] {dag.py:3722} INFO - Setting next_dagrun for example_params_trigger_ui to None, run_after=None
[2023-12-09T07:07:53.481+0530] {processor.py:179} INFO - Processing /home/rajabala/Desktop/projects/Airflow/airflow_env/lib/python3.9/site-packages/airflow/example_dags/example_params_trigger_ui.py took 0.067 seconds
[2023-12-09T07:08:40.049+0530] {processor.py:157} INFO - Started process (PID=6271) to work on /home/rajabala/Desktop/projects/Airflow/airflow_env/lib/python3.9/site-packages/airflow/example_dags/example_params_trigger_ui.py
[2023-12-09T07:08:40.052+0530] {processor.py:829} INFO - Processing file /home/rajabala/Desktop/projects/Airflow/airflow_env/lib/python3.9/site-packages/airflow/example_dags/example_params_trigger_ui.py for tasks to queue
[2023-12-09T07:08:40.053+0530] {logging_mixin.py:154} INFO - [2023-12-09T07:08:40.052+0530] {dagbag.py:536} INFO - Filling up the DagBag from /home/rajabala/Desktop/projects/Airflow/airflow_env/lib/python3.9/site-packages/airflow/example_dags/example_params_trigger_ui.py
[2023-12-09T07:08:40.070+0530] {processor.py:839} INFO - DAG(s) dict_keys(['example_params_trigger_ui']) retrieved from /home/rajabala/Desktop/projects/Airflow/airflow_env/lib/python3.9/site-packages/airflow/example_dags/example_params_trigger_ui.py
[2023-12-09T07:08:40.102+0530] {logging_mixin.py:154} INFO - [2023-12-09T07:08:40.102+0530] {dag.py:2941} INFO - Sync 1 DAGs
[2023-12-09T07:08:40.111+0530] {logging_mixin.py:154} INFO - [2023-12-09T07:08:40.111+0530] {dag.py:3722} INFO - Setting next_dagrun for example_params_trigger_ui to None, run_after=None
[2023-12-09T07:08:40.128+0530] {processor.py:179} INFO - Processing /home/rajabala/Desktop/projects/Airflow/airflow_env/lib/python3.9/site-packages/airflow/example_dags/example_params_trigger_ui.py took 0.083 seconds
[2023-12-09T07:09:25.482+0530] {processor.py:157} INFO - Started process (PID=6436) to work on /home/rajabala/Desktop/projects/Airflow/airflow_env/lib/python3.9/site-packages/airflow/example_dags/example_params_trigger_ui.py
[2023-12-09T07:09:25.484+0530] {processor.py:829} INFO - Processing file /home/rajabala/Desktop/projects/Airflow/airflow_env/lib/python3.9/site-packages/airflow/example_dags/example_params_trigger_ui.py for tasks to queue
[2023-12-09T07:09:25.486+0530] {logging_mixin.py:154} INFO - [2023-12-09T07:09:25.485+0530] {dagbag.py:536} INFO - Filling up the DagBag from /home/rajabala/Desktop/projects/Airflow/airflow_env/lib/python3.9/site-packages/airflow/example_dags/example_params_trigger_ui.py
[2023-12-09T07:09:25.501+0530] {processor.py:839} INFO - DAG(s) dict_keys(['example_params_trigger_ui']) retrieved from /home/rajabala/Desktop/projects/Airflow/airflow_env/lib/python3.9/site-packages/airflow/example_dags/example_params_trigger_ui.py
[2023-12-09T07:09:25.530+0530] {logging_mixin.py:154} INFO - [2023-12-09T07:09:25.530+0530] {dag.py:2941} INFO - Sync 1 DAGs
[2023-12-09T07:09:25.538+0530] {logging_mixin.py:154} INFO - [2023-12-09T07:09:25.538+0530] {dag.py:3722} INFO - Setting next_dagrun for example_params_trigger_ui to None, run_after=None
[2023-12-09T07:09:25.555+0530] {processor.py:179} INFO - Processing /home/rajabala/Desktop/projects/Airflow/airflow_env/lib/python3.9/site-packages/airflow/example_dags/example_params_trigger_ui.py took 0.075 seconds
