[2023-12-09T07:06:15.174+0530] {processor.py:157} INFO - Started process (PID=4916) to work on /home/rajabala/Desktop/projects/Airflow/airflow_env/lib/python3.9/site-packages/airflow/example_dags/example_dynamic_task_mapping_with_no_taskflow_operators.py
[2023-12-09T07:06:15.175+0530] {processor.py:829} INFO - Processing file /home/rajabala/Desktop/projects/Airflow/airflow_env/lib/python3.9/site-packages/airflow/example_dags/example_dynamic_task_mapping_with_no_taskflow_operators.py for tasks to queue
[2023-12-09T07:06:15.176+0530] {logging_mixin.py:154} INFO - [2023-12-09T07:06:15.176+0530] {dagbag.py:536} INFO - Filling up the DagBag from /home/rajabala/Desktop/projects/Airflow/airflow_env/lib/python3.9/site-packages/airflow/example_dags/example_dynamic_task_mapping_with_no_taskflow_operators.py
[2023-12-09T07:06:15.187+0530] {processor.py:839} INFO - DAG(s) dict_keys(['example_dynamic_task_mapping_with_no_taskflow_operators']) retrieved from /home/rajabala/Desktop/projects/Airflow/airflow_env/lib/python3.9/site-packages/airflow/example_dags/example_dynamic_task_mapping_with_no_taskflow_operators.py
[2023-12-09T07:06:15.262+0530] {logging_mixin.py:154} INFO - [2023-12-09T07:06:15.262+0530] {manager.py:499} INFO - Created Permission View: %s
[2023-12-09T07:06:15.272+0530] {logging_mixin.py:154} INFO - [2023-12-09T07:06:15.271+0530] {manager.py:499} INFO - Created Permission View: %s
[2023-12-09T07:06:15.279+0530] {logging_mixin.py:154} INFO - [2023-12-09T07:06:15.279+0530] {manager.py:499} INFO - Created Permission View: %s
[2023-12-09T07:06:15.280+0530] {logging_mixin.py:154} INFO - [2023-12-09T07:06:15.280+0530] {dag.py:2941} INFO - Sync 1 DAGs
[2023-12-09T07:06:15.289+0530] {logging_mixin.py:154} INFO - [2023-12-09T07:06:15.288+0530] {dag.py:2963} INFO - Creating ORM DAG for example_dynamic_task_mapping_with_no_taskflow_operators
[2023-12-09T07:06:15.295+0530] {logging_mixin.py:154} INFO - [2023-12-09T07:06:15.294+0530] {dag.py:3722} INFO - Setting next_dagrun for example_dynamic_task_mapping_with_no_taskflow_operators to 2023-12-08T01:36:15.294778+00:00, run_after=2023-12-09T01:36:15.294778+00:00
[2023-12-09T07:06:15.309+0530] {processor.py:179} INFO - Processing /home/rajabala/Desktop/projects/Airflow/airflow_env/lib/python3.9/site-packages/airflow/example_dags/example_dynamic_task_mapping_with_no_taskflow_operators.py took 0.139 seconds
[2023-12-09T07:07:05.522+0530] {processor.py:157} INFO - Started process (PID=5786) to work on /home/rajabala/Desktop/projects/Airflow/airflow_env/lib/python3.9/site-packages/airflow/example_dags/example_dynamic_task_mapping_with_no_taskflow_operators.py
[2023-12-09T07:07:05.525+0530] {processor.py:829} INFO - Processing file /home/rajabala/Desktop/projects/Airflow/airflow_env/lib/python3.9/site-packages/airflow/example_dags/example_dynamic_task_mapping_with_no_taskflow_operators.py for tasks to queue
[2023-12-09T07:07:05.526+0530] {logging_mixin.py:154} INFO - [2023-12-09T07:07:05.526+0530] {dagbag.py:536} INFO - Filling up the DagBag from /home/rajabala/Desktop/projects/Airflow/airflow_env/lib/python3.9/site-packages/airflow/example_dags/example_dynamic_task_mapping_with_no_taskflow_operators.py
[2023-12-09T07:07:05.535+0530] {processor.py:839} INFO - DAG(s) dict_keys(['example_dynamic_task_mapping_with_no_taskflow_operators']) retrieved from /home/rajabala/Desktop/projects/Airflow/airflow_env/lib/python3.9/site-packages/airflow/example_dags/example_dynamic_task_mapping_with_no_taskflow_operators.py
[2023-12-09T07:07:05.545+0530] {logging_mixin.py:154} INFO - [2023-12-09T07:07:05.545+0530] {dag.py:2941} INFO - Sync 1 DAGs
[2023-12-09T07:07:05.559+0530] {logging_mixin.py:154} INFO - [2023-12-09T07:07:05.558+0530] {dag.py:3722} INFO - Setting next_dagrun for example_dynamic_task_mapping_with_no_taskflow_operators to 2023-12-08T01:37:05.558810+00:00, run_after=2023-12-09T01:37:05.558810+00:00
[2023-12-09T07:07:05.573+0530] {processor.py:179} INFO - Processing /home/rajabala/Desktop/projects/Airflow/airflow_env/lib/python3.9/site-packages/airflow/example_dags/example_dynamic_task_mapping_with_no_taskflow_operators.py took 0.054 seconds
[2023-12-09T07:07:51.830+0530] {processor.py:157} INFO - Started process (PID=6058) to work on /home/rajabala/Desktop/projects/Airflow/airflow_env/lib/python3.9/site-packages/airflow/example_dags/example_dynamic_task_mapping_with_no_taskflow_operators.py
[2023-12-09T07:07:51.831+0530] {processor.py:829} INFO - Processing file /home/rajabala/Desktop/projects/Airflow/airflow_env/lib/python3.9/site-packages/airflow/example_dags/example_dynamic_task_mapping_with_no_taskflow_operators.py for tasks to queue
[2023-12-09T07:07:51.832+0530] {logging_mixin.py:154} INFO - [2023-12-09T07:07:51.832+0530] {dagbag.py:536} INFO - Filling up the DagBag from /home/rajabala/Desktop/projects/Airflow/airflow_env/lib/python3.9/site-packages/airflow/example_dags/example_dynamic_task_mapping_with_no_taskflow_operators.py
[2023-12-09T07:07:51.840+0530] {processor.py:839} INFO - DAG(s) dict_keys(['example_dynamic_task_mapping_with_no_taskflow_operators']) retrieved from /home/rajabala/Desktop/projects/Airflow/airflow_env/lib/python3.9/site-packages/airflow/example_dags/example_dynamic_task_mapping_with_no_taskflow_operators.py
[2023-12-09T07:07:51.850+0530] {logging_mixin.py:154} INFO - [2023-12-09T07:07:51.850+0530] {dag.py:2941} INFO - Sync 1 DAGs
[2023-12-09T07:07:51.862+0530] {logging_mixin.py:154} INFO - [2023-12-09T07:07:51.862+0530] {dag.py:3722} INFO - Setting next_dagrun for example_dynamic_task_mapping_with_no_taskflow_operators to 2023-12-08T01:37:51.862477+00:00, run_after=2023-12-09T01:37:51.862477+00:00
[2023-12-09T07:07:51.877+0530] {processor.py:179} INFO - Processing /home/rajabala/Desktop/projects/Airflow/airflow_env/lib/python3.9/site-packages/airflow/example_dags/example_dynamic_task_mapping_with_no_taskflow_operators.py took 0.050 seconds
[2023-12-09T07:08:33.179+0530] {processor.py:157} INFO - Started process (PID=6256) to work on /home/rajabala/Desktop/projects/Airflow/airflow_env/lib/python3.9/site-packages/airflow/example_dags/example_dynamic_task_mapping_with_no_taskflow_operators.py
[2023-12-09T07:08:33.182+0530] {processor.py:829} INFO - Processing file /home/rajabala/Desktop/projects/Airflow/airflow_env/lib/python3.9/site-packages/airflow/example_dags/example_dynamic_task_mapping_with_no_taskflow_operators.py for tasks to queue
[2023-12-09T07:08:33.183+0530] {logging_mixin.py:154} INFO - [2023-12-09T07:08:33.183+0530] {dagbag.py:536} INFO - Filling up the DagBag from /home/rajabala/Desktop/projects/Airflow/airflow_env/lib/python3.9/site-packages/airflow/example_dags/example_dynamic_task_mapping_with_no_taskflow_operators.py
[2023-12-09T07:08:33.192+0530] {processor.py:839} INFO - DAG(s) dict_keys(['example_dynamic_task_mapping_with_no_taskflow_operators']) retrieved from /home/rajabala/Desktop/projects/Airflow/airflow_env/lib/python3.9/site-packages/airflow/example_dags/example_dynamic_task_mapping_with_no_taskflow_operators.py
[2023-12-09T07:08:33.202+0530] {logging_mixin.py:154} INFO - [2023-12-09T07:08:33.202+0530] {dag.py:2941} INFO - Sync 1 DAGs
[2023-12-09T07:08:33.214+0530] {logging_mixin.py:154} INFO - [2023-12-09T07:08:33.214+0530] {dag.py:3722} INFO - Setting next_dagrun for example_dynamic_task_mapping_with_no_taskflow_operators to 2023-12-08T01:38:33.214351+00:00, run_after=2023-12-09T01:38:33.214351+00:00
[2023-12-09T07:08:33.228+0530] {processor.py:179} INFO - Processing /home/rajabala/Desktop/projects/Airflow/airflow_env/lib/python3.9/site-packages/airflow/example_dags/example_dynamic_task_mapping_with_no_taskflow_operators.py took 0.052 seconds
[2023-12-09T07:09:20.043+0530] {processor.py:157} INFO - Started process (PID=6420) to work on /home/rajabala/Desktop/projects/Airflow/airflow_env/lib/python3.9/site-packages/airflow/example_dags/example_dynamic_task_mapping_with_no_taskflow_operators.py
[2023-12-09T07:09:20.046+0530] {processor.py:829} INFO - Processing file /home/rajabala/Desktop/projects/Airflow/airflow_env/lib/python3.9/site-packages/airflow/example_dags/example_dynamic_task_mapping_with_no_taskflow_operators.py for tasks to queue
[2023-12-09T07:09:20.047+0530] {logging_mixin.py:154} INFO - [2023-12-09T07:09:20.047+0530] {dagbag.py:536} INFO - Filling up the DagBag from /home/rajabala/Desktop/projects/Airflow/airflow_env/lib/python3.9/site-packages/airflow/example_dags/example_dynamic_task_mapping_with_no_taskflow_operators.py
[2023-12-09T07:09:20.054+0530] {processor.py:839} INFO - DAG(s) dict_keys(['example_dynamic_task_mapping_with_no_taskflow_operators']) retrieved from /home/rajabala/Desktop/projects/Airflow/airflow_env/lib/python3.9/site-packages/airflow/example_dags/example_dynamic_task_mapping_with_no_taskflow_operators.py
[2023-12-09T07:09:20.065+0530] {logging_mixin.py:154} INFO - [2023-12-09T07:09:20.064+0530] {dag.py:2941} INFO - Sync 1 DAGs
[2023-12-09T07:09:20.080+0530] {logging_mixin.py:154} INFO - [2023-12-09T07:09:20.080+0530] {dag.py:3722} INFO - Setting next_dagrun for example_dynamic_task_mapping_with_no_taskflow_operators to 2023-12-08T01:39:20.079842+00:00, run_after=2023-12-09T01:39:20.079842+00:00
[2023-12-09T07:09:20.097+0530] {processor.py:179} INFO - Processing /home/rajabala/Desktop/projects/Airflow/airflow_env/lib/python3.9/site-packages/airflow/example_dags/example_dynamic_task_mapping_with_no_taskflow_operators.py took 0.056 seconds
[2023-12-09T07:10:05.831+0530] {processor.py:157} INFO - Started process (PID=6918) to work on /home/rajabala/Desktop/projects/Airflow/airflow_env/lib/python3.9/site-packages/airflow/example_dags/example_dynamic_task_mapping_with_no_taskflow_operators.py
[2023-12-09T07:10:05.834+0530] {processor.py:829} INFO - Processing file /home/rajabala/Desktop/projects/Airflow/airflow_env/lib/python3.9/site-packages/airflow/example_dags/example_dynamic_task_mapping_with_no_taskflow_operators.py for tasks to queue
[2023-12-09T07:10:05.835+0530] {logging_mixin.py:154} INFO - [2023-12-09T07:10:05.835+0530] {dagbag.py:536} INFO - Filling up the DagBag from /home/rajabala/Desktop/projects/Airflow/airflow_env/lib/python3.9/site-packages/airflow/example_dags/example_dynamic_task_mapping_with_no_taskflow_operators.py
[2023-12-09T07:10:05.841+0530] {processor.py:839} INFO - DAG(s) dict_keys(['example_dynamic_task_mapping_with_no_taskflow_operators']) retrieved from /home/rajabala/Desktop/projects/Airflow/airflow_env/lib/python3.9/site-packages/airflow/example_dags/example_dynamic_task_mapping_with_no_taskflow_operators.py
[2023-12-09T07:10:05.855+0530] {logging_mixin.py:154} INFO - [2023-12-09T07:10:05.855+0530] {dag.py:2941} INFO - Sync 1 DAGs
[2023-12-09T07:10:05.871+0530] {logging_mixin.py:154} INFO - [2023-12-09T07:10:05.871+0530] {dag.py:3722} INFO - Setting next_dagrun for example_dynamic_task_mapping_with_no_taskflow_operators to 2023-12-08T01:40:05.871157+00:00, run_after=2023-12-09T01:40:05.871157+00:00
[2023-12-09T07:10:05.888+0530] {processor.py:179} INFO - Processing /home/rajabala/Desktop/projects/Airflow/airflow_env/lib/python3.9/site-packages/airflow/example_dags/example_dynamic_task_mapping_with_no_taskflow_operators.py took 0.060 seconds
