[2023-12-09T07:06:25.663+0530] {processor.py:157} INFO - Started process (PID=5336) to work on /home/rajabala/Desktop/projects/Airflow/airflow_env/lib/python3.9/site-packages/airflow/example_dags/example_trigger_controller_dag.py
[2023-12-09T07:06:25.664+0530] {processor.py:829} INFO - Processing file /home/rajabala/Desktop/projects/Airflow/airflow_env/lib/python3.9/site-packages/airflow/example_dags/example_trigger_controller_dag.py for tasks to queue
[2023-12-09T07:06:25.666+0530] {logging_mixin.py:154} INFO - [2023-12-09T07:06:25.665+0530] {dagbag.py:536} INFO - Filling up the DagBag from /home/rajabala/Desktop/projects/Airflow/airflow_env/lib/python3.9/site-packages/airflow/example_dags/example_trigger_controller_dag.py
[2023-12-09T07:06:25.671+0530] {processor.py:839} INFO - DAG(s) dict_keys(['example_trigger_controller_dag']) retrieved from /home/rajabala/Desktop/projects/Airflow/airflow_env/lib/python3.9/site-packages/airflow/example_dags/example_trigger_controller_dag.py
[2023-12-09T07:06:25.751+0530] {logging_mixin.py:154} INFO - [2023-12-09T07:06:25.750+0530] {manager.py:499} INFO - Created Permission View: %s
[2023-12-09T07:06:25.762+0530] {logging_mixin.py:154} INFO - [2023-12-09T07:06:25.761+0530] {manager.py:499} INFO - Created Permission View: %s
[2023-12-09T07:06:25.770+0530] {logging_mixin.py:154} INFO - [2023-12-09T07:06:25.770+0530] {manager.py:499} INFO - Created Permission View: %s
[2023-12-09T07:06:25.770+0530] {logging_mixin.py:154} INFO - [2023-12-09T07:06:25.770+0530] {dag.py:2941} INFO - Sync 1 DAGs
[2023-12-09T07:06:25.779+0530] {logging_mixin.py:154} INFO - [2023-12-09T07:06:25.779+0530] {dag.py:2963} INFO - Creating ORM DAG for example_trigger_controller_dag
[2023-12-09T07:06:25.788+0530] {logging_mixin.py:154} INFO - [2023-12-09T07:06:25.788+0530] {dag.py:3722} INFO - Setting next_dagrun for example_trigger_controller_dag to 2021-01-01T00:00:00+00:00, run_after=2021-01-01T00:00:00+00:00
[2023-12-09T07:06:25.808+0530] {processor.py:179} INFO - Processing /home/rajabala/Desktop/projects/Airflow/airflow_env/lib/python3.9/site-packages/airflow/example_dags/example_trigger_controller_dag.py took 0.148 seconds
[2023-12-09T07:07:14.524+0530] {processor.py:157} INFO - Started process (PID=5836) to work on /home/rajabala/Desktop/projects/Airflow/airflow_env/lib/python3.9/site-packages/airflow/example_dags/example_trigger_controller_dag.py
[2023-12-09T07:07:14.527+0530] {processor.py:829} INFO - Processing file /home/rajabala/Desktop/projects/Airflow/airflow_env/lib/python3.9/site-packages/airflow/example_dags/example_trigger_controller_dag.py for tasks to queue
[2023-12-09T07:07:14.528+0530] {logging_mixin.py:154} INFO - [2023-12-09T07:07:14.527+0530] {dagbag.py:536} INFO - Filling up the DagBag from /home/rajabala/Desktop/projects/Airflow/airflow_env/lib/python3.9/site-packages/airflow/example_dags/example_trigger_controller_dag.py
[2023-12-09T07:07:14.535+0530] {processor.py:839} INFO - DAG(s) dict_keys(['example_trigger_controller_dag']) retrieved from /home/rajabala/Desktop/projects/Airflow/airflow_env/lib/python3.9/site-packages/airflow/example_dags/example_trigger_controller_dag.py
[2023-12-09T07:07:14.556+0530] {logging_mixin.py:154} INFO - [2023-12-09T07:07:14.556+0530] {dag.py:2941} INFO - Sync 1 DAGs
[2023-12-09T07:07:14.571+0530] {logging_mixin.py:154} INFO - [2023-12-09T07:07:14.571+0530] {dag.py:3722} INFO - Setting next_dagrun for example_trigger_controller_dag to 2021-01-01T00:00:00+00:00, run_after=2021-01-01T00:00:00+00:00
[2023-12-09T07:07:14.587+0530] {processor.py:179} INFO - Processing /home/rajabala/Desktop/projects/Airflow/airflow_env/lib/python3.9/site-packages/airflow/example_dags/example_trigger_controller_dag.py took 0.066 seconds
[2023-12-09T07:07:59.869+0530] {processor.py:157} INFO - Started process (PID=6135) to work on /home/rajabala/Desktop/projects/Airflow/airflow_env/lib/python3.9/site-packages/airflow/example_dags/example_trigger_controller_dag.py
[2023-12-09T07:07:59.872+0530] {processor.py:829} INFO - Processing file /home/rajabala/Desktop/projects/Airflow/airflow_env/lib/python3.9/site-packages/airflow/example_dags/example_trigger_controller_dag.py for tasks to queue
[2023-12-09T07:07:59.873+0530] {logging_mixin.py:154} INFO - [2023-12-09T07:07:59.873+0530] {dagbag.py:536} INFO - Filling up the DagBag from /home/rajabala/Desktop/projects/Airflow/airflow_env/lib/python3.9/site-packages/airflow/example_dags/example_trigger_controller_dag.py
[2023-12-09T07:07:59.878+0530] {processor.py:839} INFO - DAG(s) dict_keys(['example_trigger_controller_dag']) retrieved from /home/rajabala/Desktop/projects/Airflow/airflow_env/lib/python3.9/site-packages/airflow/example_dags/example_trigger_controller_dag.py
[2023-12-09T07:07:59.889+0530] {logging_mixin.py:154} INFO - [2023-12-09T07:07:59.889+0530] {dag.py:2941} INFO - Sync 1 DAGs
[2023-12-09T07:07:59.902+0530] {logging_mixin.py:154} INFO - [2023-12-09T07:07:59.902+0530] {dag.py:3722} INFO - Setting next_dagrun for example_trigger_controller_dag to 2021-01-01T00:00:00+00:00, run_after=2021-01-01T00:00:00+00:00
[2023-12-09T07:07:59.916+0530] {processor.py:179} INFO - Processing /home/rajabala/Desktop/projects/Airflow/airflow_env/lib/python3.9/site-packages/airflow/example_dags/example_trigger_controller_dag.py took 0.050 seconds
[2023-12-09T07:08:45.775+0530] {processor.py:157} INFO - Started process (PID=6279) to work on /home/rajabala/Desktop/projects/Airflow/airflow_env/lib/python3.9/site-packages/airflow/example_dags/example_trigger_controller_dag.py
[2023-12-09T07:08:45.778+0530] {processor.py:829} INFO - Processing file /home/rajabala/Desktop/projects/Airflow/airflow_env/lib/python3.9/site-packages/airflow/example_dags/example_trigger_controller_dag.py for tasks to queue
[2023-12-09T07:08:45.779+0530] {logging_mixin.py:154} INFO - [2023-12-09T07:08:45.779+0530] {dagbag.py:536} INFO - Filling up the DagBag from /home/rajabala/Desktop/projects/Airflow/airflow_env/lib/python3.9/site-packages/airflow/example_dags/example_trigger_controller_dag.py
[2023-12-09T07:08:45.786+0530] {processor.py:839} INFO - DAG(s) dict_keys(['example_trigger_controller_dag']) retrieved from /home/rajabala/Desktop/projects/Airflow/airflow_env/lib/python3.9/site-packages/airflow/example_dags/example_trigger_controller_dag.py
[2023-12-09T07:08:45.798+0530] {logging_mixin.py:154} INFO - [2023-12-09T07:08:45.798+0530] {dag.py:2941} INFO - Sync 1 DAGs
[2023-12-09T07:08:45.810+0530] {logging_mixin.py:154} INFO - [2023-12-09T07:08:45.810+0530] {dag.py:3722} INFO - Setting next_dagrun for example_trigger_controller_dag to 2021-01-01T00:00:00+00:00, run_after=2021-01-01T00:00:00+00:00
[2023-12-09T07:08:45.825+0530] {processor.py:179} INFO - Processing /home/rajabala/Desktop/projects/Airflow/airflow_env/lib/python3.9/site-packages/airflow/example_dags/example_trigger_controller_dag.py took 0.052 seconds
[2023-12-09T07:09:31.505+0530] {processor.py:157} INFO - Started process (PID=6647) to work on /home/rajabala/Desktop/projects/Airflow/airflow_env/lib/python3.9/site-packages/airflow/example_dags/example_trigger_controller_dag.py
[2023-12-09T07:09:31.506+0530] {processor.py:829} INFO - Processing file /home/rajabala/Desktop/projects/Airflow/airflow_env/lib/python3.9/site-packages/airflow/example_dags/example_trigger_controller_dag.py for tasks to queue
[2023-12-09T07:09:31.506+0530] {logging_mixin.py:154} INFO - [2023-12-09T07:09:31.506+0530] {dagbag.py:536} INFO - Filling up the DagBag from /home/rajabala/Desktop/projects/Airflow/airflow_env/lib/python3.9/site-packages/airflow/example_dags/example_trigger_controller_dag.py
[2023-12-09T07:09:31.510+0530] {processor.py:839} INFO - DAG(s) dict_keys(['example_trigger_controller_dag']) retrieved from /home/rajabala/Desktop/projects/Airflow/airflow_env/lib/python3.9/site-packages/airflow/example_dags/example_trigger_controller_dag.py
[2023-12-09T07:09:31.521+0530] {logging_mixin.py:154} INFO - [2023-12-09T07:09:31.521+0530] {dag.py:2941} INFO - Sync 1 DAGs
[2023-12-09T07:09:31.534+0530] {logging_mixin.py:154} INFO - [2023-12-09T07:09:31.534+0530] {dag.py:3722} INFO - Setting next_dagrun for example_trigger_controller_dag to 2021-01-01T00:00:00+00:00, run_after=2021-01-01T00:00:00+00:00
[2023-12-09T07:09:31.549+0530] {processor.py:179} INFO - Processing /home/rajabala/Desktop/projects/Airflow/airflow_env/lib/python3.9/site-packages/airflow/example_dags/example_trigger_controller_dag.py took 0.047 seconds
