[2023-12-09T07:06:08.673+0530] {processor.py:157} INFO - Started process (PID=4905) to work on /home/rajabala/Desktop/projects/Airflow/airflow_env/lib/python3.9/site-packages/airflow/example_dags/example_external_task_marker_dag.py
[2023-12-09T07:06:08.673+0530] {processor.py:829} INFO - Processing file /home/rajabala/Desktop/projects/Airflow/airflow_env/lib/python3.9/site-packages/airflow/example_dags/example_external_task_marker_dag.py for tasks to queue
[2023-12-09T07:06:08.674+0530] {logging_mixin.py:154} INFO - [2023-12-09T07:06:08.674+0530] {dagbag.py:536} INFO - Filling up the DagBag from /home/rajabala/Desktop/projects/Airflow/airflow_env/lib/python3.9/site-packages/airflow/example_dags/example_external_task_marker_dag.py
[2023-12-09T07:06:08.681+0530] {processor.py:839} INFO - DAG(s) dict_keys(['example_external_task_marker_child', 'example_external_task_marker_parent']) retrieved from /home/rajabala/Desktop/projects/Airflow/airflow_env/lib/python3.9/site-packages/airflow/example_dags/example_external_task_marker_dag.py
[2023-12-09T07:06:08.758+0530] {logging_mixin.py:154} INFO - [2023-12-09T07:06:08.758+0530] {manager.py:499} INFO - Created Permission View: %s
[2023-12-09T07:06:08.767+0530] {logging_mixin.py:154} INFO - [2023-12-09T07:06:08.767+0530] {manager.py:499} INFO - Created Permission View: %s
[2023-12-09T07:06:08.773+0530] {logging_mixin.py:154} INFO - [2023-12-09T07:06:08.773+0530] {manager.py:499} INFO - Created Permission View: %s
[2023-12-09T07:06:08.789+0530] {logging_mixin.py:154} INFO - [2023-12-09T07:06:08.788+0530] {manager.py:499} INFO - Created Permission View: %s
[2023-12-09T07:06:08.795+0530] {logging_mixin.py:154} INFO - [2023-12-09T07:06:08.795+0530] {manager.py:499} INFO - Created Permission View: %s
[2023-12-09T07:06:08.802+0530] {logging_mixin.py:154} INFO - [2023-12-09T07:06:08.801+0530] {manager.py:499} INFO - Created Permission View: %s
[2023-12-09T07:06:08.802+0530] {logging_mixin.py:154} INFO - [2023-12-09T07:06:08.802+0530] {dag.py:2941} INFO - Sync 2 DAGs
[2023-12-09T07:06:08.812+0530] {logging_mixin.py:154} INFO - [2023-12-09T07:06:08.812+0530] {dag.py:2963} INFO - Creating ORM DAG for example_external_task_marker_child
[2023-12-09T07:06:08.812+0530] {logging_mixin.py:154} INFO - [2023-12-09T07:06:08.812+0530] {dag.py:2963} INFO - Creating ORM DAG for example_external_task_marker_parent
[2023-12-09T07:06:08.813+0530] {logging_mixin.py:154} INFO - [2023-12-09T07:06:08.812+0530] {dag.py:3722} INFO - Setting next_dagrun for example_external_task_marker_child to None, run_after=None
[2023-12-09T07:06:08.813+0530] {logging_mixin.py:154} INFO - [2023-12-09T07:06:08.813+0530] {dag.py:3722} INFO - Setting next_dagrun for example_external_task_marker_parent to None, run_after=None
[2023-12-09T07:06:08.827+0530] {processor.py:179} INFO - Processing /home/rajabala/Desktop/projects/Airflow/airflow_env/lib/python3.9/site-packages/airflow/example_dags/example_external_task_marker_dag.py took 0.156 seconds
[2023-12-09T07:06:59.318+0530] {processor.py:157} INFO - Started process (PID=5769) to work on /home/rajabala/Desktop/projects/Airflow/airflow_env/lib/python3.9/site-packages/airflow/example_dags/example_external_task_marker_dag.py
[2023-12-09T07:06:59.322+0530] {processor.py:829} INFO - Processing file /home/rajabala/Desktop/projects/Airflow/airflow_env/lib/python3.9/site-packages/airflow/example_dags/example_external_task_marker_dag.py for tasks to queue
[2023-12-09T07:06:59.323+0530] {logging_mixin.py:154} INFO - [2023-12-09T07:06:59.322+0530] {dagbag.py:536} INFO - Filling up the DagBag from /home/rajabala/Desktop/projects/Airflow/airflow_env/lib/python3.9/site-packages/airflow/example_dags/example_external_task_marker_dag.py
[2023-12-09T07:06:59.328+0530] {processor.py:839} INFO - DAG(s) dict_keys(['example_external_task_marker_parent', 'example_external_task_marker_child']) retrieved from /home/rajabala/Desktop/projects/Airflow/airflow_env/lib/python3.9/site-packages/airflow/example_dags/example_external_task_marker_dag.py
[2023-12-09T07:06:59.341+0530] {logging_mixin.py:154} INFO - [2023-12-09T07:06:59.341+0530] {dag.py:2941} INFO - Sync 2 DAGs
[2023-12-09T07:06:59.348+0530] {logging_mixin.py:154} INFO - [2023-12-09T07:06:59.348+0530] {dag.py:3722} INFO - Setting next_dagrun for example_external_task_marker_child to None, run_after=None
[2023-12-09T07:06:59.351+0530] {logging_mixin.py:154} INFO - [2023-12-09T07:06:59.351+0530] {dag.py:3722} INFO - Setting next_dagrun for example_external_task_marker_parent to None, run_after=None
[2023-12-09T07:06:59.363+0530] {processor.py:179} INFO - Processing /home/rajabala/Desktop/projects/Airflow/airflow_env/lib/python3.9/site-packages/airflow/example_dags/example_external_task_marker_dag.py took 0.048 seconds
[2023-12-09T07:07:44.954+0530] {processor.py:157} INFO - Started process (PID=5985) to work on /home/rajabala/Desktop/projects/Airflow/airflow_env/lib/python3.9/site-packages/airflow/example_dags/example_external_task_marker_dag.py
[2023-12-09T07:07:44.957+0530] {processor.py:829} INFO - Processing file /home/rajabala/Desktop/projects/Airflow/airflow_env/lib/python3.9/site-packages/airflow/example_dags/example_external_task_marker_dag.py for tasks to queue
[2023-12-09T07:07:44.958+0530] {logging_mixin.py:154} INFO - [2023-12-09T07:07:44.958+0530] {dagbag.py:536} INFO - Filling up the DagBag from /home/rajabala/Desktop/projects/Airflow/airflow_env/lib/python3.9/site-packages/airflow/example_dags/example_external_task_marker_dag.py
[2023-12-09T07:07:44.967+0530] {processor.py:839} INFO - DAG(s) dict_keys(['example_external_task_marker_child', 'example_external_task_marker_parent']) retrieved from /home/rajabala/Desktop/projects/Airflow/airflow_env/lib/python3.9/site-packages/airflow/example_dags/example_external_task_marker_dag.py
[2023-12-09T07:07:44.991+0530] {logging_mixin.py:154} INFO - [2023-12-09T07:07:44.991+0530] {dag.py:2941} INFO - Sync 2 DAGs
[2023-12-09T07:07:45.006+0530] {logging_mixin.py:154} INFO - [2023-12-09T07:07:45.005+0530] {dag.py:3722} INFO - Setting next_dagrun for example_external_task_marker_child to None, run_after=None
[2023-12-09T07:07:45.012+0530] {logging_mixin.py:154} INFO - [2023-12-09T07:07:45.011+0530] {dag.py:3722} INFO - Setting next_dagrun for example_external_task_marker_parent to None, run_after=None
[2023-12-09T07:07:45.038+0530] {processor.py:179} INFO - Processing /home/rajabala/Desktop/projects/Airflow/airflow_env/lib/python3.9/site-packages/airflow/example_dags/example_external_task_marker_dag.py took 0.087 seconds
[2023-12-09T07:08:26.636+0530] {processor.py:157} INFO - Started process (PID=6241) to work on /home/rajabala/Desktop/projects/Airflow/airflow_env/lib/python3.9/site-packages/airflow/example_dags/example_external_task_marker_dag.py
[2023-12-09T07:08:26.639+0530] {processor.py:829} INFO - Processing file /home/rajabala/Desktop/projects/Airflow/airflow_env/lib/python3.9/site-packages/airflow/example_dags/example_external_task_marker_dag.py for tasks to queue
[2023-12-09T07:08:26.640+0530] {logging_mixin.py:154} INFO - [2023-12-09T07:08:26.639+0530] {dagbag.py:536} INFO - Filling up the DagBag from /home/rajabala/Desktop/projects/Airflow/airflow_env/lib/python3.9/site-packages/airflow/example_dags/example_external_task_marker_dag.py
[2023-12-09T07:08:26.648+0530] {processor.py:839} INFO - DAG(s) dict_keys(['example_external_task_marker_child', 'example_external_task_marker_parent']) retrieved from /home/rajabala/Desktop/projects/Airflow/airflow_env/lib/python3.9/site-packages/airflow/example_dags/example_external_task_marker_dag.py
[2023-12-09T07:08:26.661+0530] {logging_mixin.py:154} INFO - [2023-12-09T07:08:26.661+0530] {dag.py:2941} INFO - Sync 2 DAGs
[2023-12-09T07:08:26.669+0530] {logging_mixin.py:154} INFO - [2023-12-09T07:08:26.669+0530] {dag.py:3722} INFO - Setting next_dagrun for example_external_task_marker_child to None, run_after=None
[2023-12-09T07:08:26.671+0530] {logging_mixin.py:154} INFO - [2023-12-09T07:08:26.671+0530] {dag.py:3722} INFO - Setting next_dagrun for example_external_task_marker_parent to None, run_after=None
[2023-12-09T07:08:26.684+0530] {processor.py:179} INFO - Processing /home/rajabala/Desktop/projects/Airflow/airflow_env/lib/python3.9/site-packages/airflow/example_dags/example_external_task_marker_dag.py took 0.050 seconds
[2023-12-09T07:09:14.898+0530] {processor.py:157} INFO - Started process (PID=6411) to work on /home/rajabala/Desktop/projects/Airflow/airflow_env/lib/python3.9/site-packages/airflow/example_dags/example_external_task_marker_dag.py
[2023-12-09T07:09:14.901+0530] {processor.py:829} INFO - Processing file /home/rajabala/Desktop/projects/Airflow/airflow_env/lib/python3.9/site-packages/airflow/example_dags/example_external_task_marker_dag.py for tasks to queue
[2023-12-09T07:09:14.902+0530] {logging_mixin.py:154} INFO - [2023-12-09T07:09:14.902+0530] {dagbag.py:536} INFO - Filling up the DagBag from /home/rajabala/Desktop/projects/Airflow/airflow_env/lib/python3.9/site-packages/airflow/example_dags/example_external_task_marker_dag.py
[2023-12-09T07:09:14.910+0530] {processor.py:839} INFO - DAG(s) dict_keys(['example_external_task_marker_parent', 'example_external_task_marker_child']) retrieved from /home/rajabala/Desktop/projects/Airflow/airflow_env/lib/python3.9/site-packages/airflow/example_dags/example_external_task_marker_dag.py
[2023-12-09T07:09:14.923+0530] {logging_mixin.py:154} INFO - [2023-12-09T07:09:14.923+0530] {dag.py:2941} INFO - Sync 2 DAGs
[2023-12-09T07:09:14.934+0530] {logging_mixin.py:154} INFO - [2023-12-09T07:09:14.934+0530] {dag.py:3722} INFO - Setting next_dagrun for example_external_task_marker_child to None, run_after=None
[2023-12-09T07:09:14.937+0530] {logging_mixin.py:154} INFO - [2023-12-09T07:09:14.937+0530] {dag.py:3722} INFO - Setting next_dagrun for example_external_task_marker_parent to None, run_after=None
[2023-12-09T07:09:14.953+0530] {processor.py:179} INFO - Processing /home/rajabala/Desktop/projects/Airflow/airflow_env/lib/python3.9/site-packages/airflow/example_dags/example_external_task_marker_dag.py took 0.058 seconds
[2023-12-09T07:09:59.326+0530] {processor.py:157} INFO - Started process (PID=6851) to work on /home/rajabala/Desktop/projects/Airflow/airflow_env/lib/python3.9/site-packages/airflow/example_dags/example_external_task_marker_dag.py
[2023-12-09T07:09:59.329+0530] {processor.py:829} INFO - Processing file /home/rajabala/Desktop/projects/Airflow/airflow_env/lib/python3.9/site-packages/airflow/example_dags/example_external_task_marker_dag.py for tasks to queue
[2023-12-09T07:09:59.331+0530] {logging_mixin.py:154} INFO - [2023-12-09T07:09:59.330+0530] {dagbag.py:536} INFO - Filling up the DagBag from /home/rajabala/Desktop/projects/Airflow/airflow_env/lib/python3.9/site-packages/airflow/example_dags/example_external_task_marker_dag.py
[2023-12-09T07:09:59.339+0530] {processor.py:839} INFO - DAG(s) dict_keys(['example_external_task_marker_parent', 'example_external_task_marker_child']) retrieved from /home/rajabala/Desktop/projects/Airflow/airflow_env/lib/python3.9/site-packages/airflow/example_dags/example_external_task_marker_dag.py
[2023-12-09T07:09:59.369+0530] {logging_mixin.py:154} INFO - [2023-12-09T07:09:59.369+0530] {dag.py:2941} INFO - Sync 2 DAGs
[2023-12-09T07:09:59.389+0530] {logging_mixin.py:154} INFO - [2023-12-09T07:09:59.389+0530] {dag.py:3722} INFO - Setting next_dagrun for example_external_task_marker_child to None, run_after=None
[2023-12-09T07:09:59.395+0530] {logging_mixin.py:154} INFO - [2023-12-09T07:09:59.395+0530] {dag.py:3722} INFO - Setting next_dagrun for example_external_task_marker_parent to None, run_after=None
[2023-12-09T07:09:59.427+0530] {processor.py:179} INFO - Processing /home/rajabala/Desktop/projects/Airflow/airflow_env/lib/python3.9/site-packages/airflow/example_dags/example_external_task_marker_dag.py took 0.104 seconds
