[2023-12-09T07:06:13.929+0530] {processor.py:157} INFO - Started process (PID=4915) to work on /home/rajabala/Desktop/projects/Airflow/airflow_env/lib/python3.9/site-packages/airflow/example_dags/example_sla_dag.py
[2023-12-09T07:06:13.931+0530] {processor.py:829} INFO - Processing file /home/rajabala/Desktop/projects/Airflow/airflow_env/lib/python3.9/site-packages/airflow/example_dags/example_sla_dag.py for tasks to queue
[2023-12-09T07:06:13.932+0530] {logging_mixin.py:154} INFO - [2023-12-09T07:06:13.931+0530] {dagbag.py:536} INFO - Filling up the DagBag from /home/rajabala/Desktop/projects/Airflow/airflow_env/lib/python3.9/site-packages/airflow/example_dags/example_sla_dag.py
[2023-12-09T07:06:13.941+0530] {processor.py:839} INFO - DAG(s) dict_keys(['example_sla_dag']) retrieved from /home/rajabala/Desktop/projects/Airflow/airflow_env/lib/python3.9/site-packages/airflow/example_dags/example_sla_dag.py
[2023-12-09T07:06:14.041+0530] {logging_mixin.py:154} INFO - [2023-12-09T07:06:14.040+0530] {manager.py:499} INFO - Created Permission View: %s
[2023-12-09T07:06:14.053+0530] {logging_mixin.py:154} INFO - [2023-12-09T07:06:14.052+0530] {manager.py:499} INFO - Created Permission View: %s
[2023-12-09T07:06:14.060+0530] {logging_mixin.py:154} INFO - [2023-12-09T07:06:14.060+0530] {manager.py:499} INFO - Created Permission View: %s
[2023-12-09T07:06:14.061+0530] {logging_mixin.py:154} INFO - [2023-12-09T07:06:14.061+0530] {dag.py:2941} INFO - Sync 1 DAGs
[2023-12-09T07:06:14.075+0530] {logging_mixin.py:154} INFO - [2023-12-09T07:06:14.075+0530] {dag.py:2963} INFO - Creating ORM DAG for example_sla_dag
[2023-12-09T07:06:14.089+0530] {logging_mixin.py:154} INFO - [2023-12-09T07:06:14.089+0530] {dag.py:3722} INFO - Setting next_dagrun for example_sla_dag to 2023-12-09T01:34:00+00:00, run_after=2023-12-09T01:36:00+00:00
[2023-12-09T07:06:14.107+0530] {processor.py:179} INFO - Processing /home/rajabala/Desktop/projects/Airflow/airflow_env/lib/python3.9/site-packages/airflow/example_dags/example_sla_dag.py took 0.181 seconds
[2023-12-09T07:07:04.375+0530] {processor.py:157} INFO - Started process (PID=5783) to work on /home/rajabala/Desktop/projects/Airflow/airflow_env/lib/python3.9/site-packages/airflow/example_dags/example_sla_dag.py
[2023-12-09T07:07:04.378+0530] {processor.py:829} INFO - Processing file /home/rajabala/Desktop/projects/Airflow/airflow_env/lib/python3.9/site-packages/airflow/example_dags/example_sla_dag.py for tasks to queue
[2023-12-09T07:07:04.379+0530] {logging_mixin.py:154} INFO - [2023-12-09T07:07:04.379+0530] {dagbag.py:536} INFO - Filling up the DagBag from /home/rajabala/Desktop/projects/Airflow/airflow_env/lib/python3.9/site-packages/airflow/example_dags/example_sla_dag.py
[2023-12-09T07:07:04.389+0530] {processor.py:839} INFO - DAG(s) dict_keys(['example_sla_dag']) retrieved from /home/rajabala/Desktop/projects/Airflow/airflow_env/lib/python3.9/site-packages/airflow/example_dags/example_sla_dag.py
[2023-12-09T07:07:04.410+0530] {logging_mixin.py:154} INFO - [2023-12-09T07:07:04.410+0530] {dag.py:2941} INFO - Sync 1 DAGs
[2023-12-09T07:07:04.426+0530] {logging_mixin.py:154} INFO - [2023-12-09T07:07:04.425+0530] {dag.py:3722} INFO - Setting next_dagrun for example_sla_dag to 2023-12-09T01:34:00+00:00, run_after=2023-12-09T01:36:00+00:00
[2023-12-09T07:07:04.439+0530] {processor.py:179} INFO - Processing /home/rajabala/Desktop/projects/Airflow/airflow_env/lib/python3.9/site-packages/airflow/example_dags/example_sla_dag.py took 0.067 seconds
[2023-12-09T07:07:50.698+0530] {processor.py:157} INFO - Started process (PID=6057) to work on /home/rajabala/Desktop/projects/Airflow/airflow_env/lib/python3.9/site-packages/airflow/example_dags/example_sla_dag.py
[2023-12-09T07:07:50.700+0530] {processor.py:829} INFO - Processing file /home/rajabala/Desktop/projects/Airflow/airflow_env/lib/python3.9/site-packages/airflow/example_dags/example_sla_dag.py for tasks to queue
[2023-12-09T07:07:50.701+0530] {logging_mixin.py:154} INFO - [2023-12-09T07:07:50.701+0530] {dagbag.py:536} INFO - Filling up the DagBag from /home/rajabala/Desktop/projects/Airflow/airflow_env/lib/python3.9/site-packages/airflow/example_dags/example_sla_dag.py
[2023-12-09T07:07:50.712+0530] {processor.py:839} INFO - DAG(s) dict_keys(['example_sla_dag']) retrieved from /home/rajabala/Desktop/projects/Airflow/airflow_env/lib/python3.9/site-packages/airflow/example_dags/example_sla_dag.py
[2023-12-09T07:07:50.722+0530] {logging_mixin.py:154} INFO - [2023-12-09T07:07:50.721+0530] {dag.py:2941} INFO - Sync 1 DAGs
[2023-12-09T07:07:50.737+0530] {logging_mixin.py:154} INFO - [2023-12-09T07:07:50.736+0530] {dag.py:3722} INFO - Setting next_dagrun for example_sla_dag to 2023-12-09T01:34:00+00:00, run_after=2023-12-09T01:36:00+00:00
[2023-12-09T07:07:50.752+0530] {processor.py:179} INFO - Processing /home/rajabala/Desktop/projects/Airflow/airflow_env/lib/python3.9/site-packages/airflow/example_dags/example_sla_dag.py took 0.057 seconds
[2023-12-09T07:08:32.044+0530] {processor.py:157} INFO - Started process (PID=6255) to work on /home/rajabala/Desktop/projects/Airflow/airflow_env/lib/python3.9/site-packages/airflow/example_dags/example_sla_dag.py
[2023-12-09T07:08:32.047+0530] {processor.py:829} INFO - Processing file /home/rajabala/Desktop/projects/Airflow/airflow_env/lib/python3.9/site-packages/airflow/example_dags/example_sla_dag.py for tasks to queue
[2023-12-09T07:08:32.049+0530] {logging_mixin.py:154} INFO - [2023-12-09T07:08:32.048+0530] {dagbag.py:536} INFO - Filling up the DagBag from /home/rajabala/Desktop/projects/Airflow/airflow_env/lib/python3.9/site-packages/airflow/example_dags/example_sla_dag.py
[2023-12-09T07:08:32.059+0530] {processor.py:839} INFO - DAG(s) dict_keys(['example_sla_dag']) retrieved from /home/rajabala/Desktop/projects/Airflow/airflow_env/lib/python3.9/site-packages/airflow/example_dags/example_sla_dag.py
[2023-12-09T07:08:32.069+0530] {logging_mixin.py:154} INFO - [2023-12-09T07:08:32.069+0530] {dag.py:2941} INFO - Sync 1 DAGs
[2023-12-09T07:08:32.083+0530] {logging_mixin.py:154} INFO - [2023-12-09T07:08:32.083+0530] {dag.py:3722} INFO - Setting next_dagrun for example_sla_dag to 2023-12-09T01:36:00+00:00, run_after=2023-12-09T01:38:00+00:00
[2023-12-09T07:08:32.098+0530] {processor.py:179} INFO - Processing /home/rajabala/Desktop/projects/Airflow/airflow_env/lib/python3.9/site-packages/airflow/example_dags/example_sla_dag.py took 0.056 seconds
[2023-12-09T07:09:19.639+0530] {processor.py:157} INFO - Started process (PID=6419) to work on /home/rajabala/Desktop/projects/Airflow/airflow_env/lib/python3.9/site-packages/airflow/example_dags/example_sla_dag.py
[2023-12-09T07:09:19.640+0530] {processor.py:829} INFO - Processing file /home/rajabala/Desktop/projects/Airflow/airflow_env/lib/python3.9/site-packages/airflow/example_dags/example_sla_dag.py for tasks to queue
[2023-12-09T07:09:19.642+0530] {logging_mixin.py:154} INFO - [2023-12-09T07:09:19.641+0530] {dagbag.py:536} INFO - Filling up the DagBag from /home/rajabala/Desktop/projects/Airflow/airflow_env/lib/python3.9/site-packages/airflow/example_dags/example_sla_dag.py
[2023-12-09T07:09:19.652+0530] {processor.py:839} INFO - DAG(s) dict_keys(['example_sla_dag']) retrieved from /home/rajabala/Desktop/projects/Airflow/airflow_env/lib/python3.9/site-packages/airflow/example_dags/example_sla_dag.py
[2023-12-09T07:09:19.663+0530] {logging_mixin.py:154} INFO - [2023-12-09T07:09:19.662+0530] {dag.py:2941} INFO - Sync 1 DAGs
[2023-12-09T07:09:19.680+0530] {logging_mixin.py:154} INFO - [2023-12-09T07:09:19.679+0530] {dag.py:3722} INFO - Setting next_dagrun for example_sla_dag to 2023-12-09T01:36:00+00:00, run_after=2023-12-09T01:38:00+00:00
[2023-12-09T07:09:19.694+0530] {processor.py:179} INFO - Processing /home/rajabala/Desktop/projects/Airflow/airflow_env/lib/python3.9/site-packages/airflow/example_dags/example_sla_dag.py took 0.056 seconds
[2023-12-09T07:10:04.698+0530] {processor.py:157} INFO - Started process (PID=6917) to work on /home/rajabala/Desktop/projects/Airflow/airflow_env/lib/python3.9/site-packages/airflow/example_dags/example_sla_dag.py
[2023-12-09T07:10:04.701+0530] {processor.py:829} INFO - Processing file /home/rajabala/Desktop/projects/Airflow/airflow_env/lib/python3.9/site-packages/airflow/example_dags/example_sla_dag.py for tasks to queue
[2023-12-09T07:10:04.703+0530] {logging_mixin.py:154} INFO - [2023-12-09T07:10:04.702+0530] {dagbag.py:536} INFO - Filling up the DagBag from /home/rajabala/Desktop/projects/Airflow/airflow_env/lib/python3.9/site-packages/airflow/example_dags/example_sla_dag.py
[2023-12-09T07:10:04.713+0530] {processor.py:839} INFO - DAG(s) dict_keys(['example_sla_dag']) retrieved from /home/rajabala/Desktop/projects/Airflow/airflow_env/lib/python3.9/site-packages/airflow/example_dags/example_sla_dag.py
[2023-12-09T07:10:04.723+0530] {logging_mixin.py:154} INFO - [2023-12-09T07:10:04.723+0530] {dag.py:2941} INFO - Sync 1 DAGs
[2023-12-09T07:10:04.737+0530] {logging_mixin.py:154} INFO - [2023-12-09T07:10:04.737+0530] {dag.py:3722} INFO - Setting next_dagrun for example_sla_dag to 2023-12-09T01:38:00+00:00, run_after=2023-12-09T01:40:00+00:00
[2023-12-09T07:10:04.752+0530] {processor.py:179} INFO - Processing /home/rajabala/Desktop/projects/Airflow/airflow_env/lib/python3.9/site-packages/airflow/example_dags/example_sla_dag.py took 0.057 seconds
