[2023-12-09T07:06:37.526+0530] {processor.py:157} INFO - Started process (PID=5488) to work on /home/rajabala/Desktop/projects/Airflow/airflow_env/lib/python3.9/site-packages/airflow/example_dags/example_branch_operator_decorator.py
[2023-12-09T07:06:37.527+0530] {processor.py:829} INFO - Processing file /home/rajabala/Desktop/projects/Airflow/airflow_env/lib/python3.9/site-packages/airflow/example_dags/example_branch_operator_decorator.py for tasks to queue
[2023-12-09T07:06:37.529+0530] {logging_mixin.py:154} INFO - [2023-12-09T07:06:37.528+0530] {dagbag.py:536} INFO - Filling up the DagBag from /home/rajabala/Desktop/projects/Airflow/airflow_env/lib/python3.9/site-packages/airflow/example_dags/example_branch_operator_decorator.py
[2023-12-09T07:06:37.539+0530] {processor.py:839} INFO - DAG(s) dict_keys(['example_branch_python_operator_decorator']) retrieved from /home/rajabala/Desktop/projects/Airflow/airflow_env/lib/python3.9/site-packages/airflow/example_dags/example_branch_operator_decorator.py
[2023-12-09T07:06:37.623+0530] {logging_mixin.py:154} INFO - [2023-12-09T07:06:37.622+0530] {manager.py:499} INFO - Created Permission View: %s
[2023-12-09T07:06:37.635+0530] {logging_mixin.py:154} INFO - [2023-12-09T07:06:37.635+0530] {manager.py:499} INFO - Created Permission View: %s
[2023-12-09T07:06:37.643+0530] {logging_mixin.py:154} INFO - [2023-12-09T07:06:37.643+0530] {manager.py:499} INFO - Created Permission View: %s
[2023-12-09T07:06:37.643+0530] {logging_mixin.py:154} INFO - [2023-12-09T07:06:37.643+0530] {dag.py:2941} INFO - Sync 1 DAGs
[2023-12-09T07:06:37.652+0530] {logging_mixin.py:154} INFO - [2023-12-09T07:06:37.652+0530] {dag.py:2963} INFO - Creating ORM DAG for example_branch_python_operator_decorator
[2023-12-09T07:06:37.662+0530] {logging_mixin.py:154} INFO - [2023-12-09T07:06:37.662+0530] {dag.py:3722} INFO - Setting next_dagrun for example_branch_python_operator_decorator to 2023-12-08T00:00:00+00:00, run_after=2023-12-09T00:00:00+00:00
[2023-12-09T07:06:37.683+0530] {processor.py:179} INFO - Processing /home/rajabala/Desktop/projects/Airflow/airflow_env/lib/python3.9/site-packages/airflow/example_dags/example_branch_operator_decorator.py took 0.161 seconds
[2023-12-09T07:07:34.119+0530] {processor.py:157} INFO - Started process (PID=5895) to work on /home/rajabala/Desktop/projects/Airflow/airflow_env/lib/python3.9/site-packages/airflow/example_dags/example_branch_operator_decorator.py
[2023-12-09T07:07:34.121+0530] {processor.py:829} INFO - Processing file /home/rajabala/Desktop/projects/Airflow/airflow_env/lib/python3.9/site-packages/airflow/example_dags/example_branch_operator_decorator.py for tasks to queue
[2023-12-09T07:07:34.122+0530] {logging_mixin.py:154} INFO - [2023-12-09T07:07:34.122+0530] {dagbag.py:536} INFO - Filling up the DagBag from /home/rajabala/Desktop/projects/Airflow/airflow_env/lib/python3.9/site-packages/airflow/example_dags/example_branch_operator_decorator.py
[2023-12-09T07:07:34.131+0530] {processor.py:839} INFO - DAG(s) dict_keys(['example_branch_python_operator_decorator']) retrieved from /home/rajabala/Desktop/projects/Airflow/airflow_env/lib/python3.9/site-packages/airflow/example_dags/example_branch_operator_decorator.py
[2023-12-09T07:07:34.143+0530] {logging_mixin.py:154} INFO - [2023-12-09T07:07:34.143+0530] {dag.py:2941} INFO - Sync 1 DAGs
[2023-12-09T07:07:34.156+0530] {logging_mixin.py:154} INFO - [2023-12-09T07:07:34.156+0530] {dag.py:3722} INFO - Setting next_dagrun for example_branch_python_operator_decorator to 2023-12-08T00:00:00+00:00, run_after=2023-12-09T00:00:00+00:00
[2023-12-09T07:07:34.170+0530] {processor.py:179} INFO - Processing /home/rajabala/Desktop/projects/Airflow/airflow_env/lib/python3.9/site-packages/airflow/example_dags/example_branch_operator_decorator.py took 0.053 seconds
[2023-12-09T07:08:17.626+0530] {processor.py:157} INFO - Started process (PID=6185) to work on /home/rajabala/Desktop/projects/Airflow/airflow_env/lib/python3.9/site-packages/airflow/example_dags/example_branch_operator_decorator.py
[2023-12-09T07:08:17.628+0530] {processor.py:829} INFO - Processing file /home/rajabala/Desktop/projects/Airflow/airflow_env/lib/python3.9/site-packages/airflow/example_dags/example_branch_operator_decorator.py for tasks to queue
[2023-12-09T07:08:17.629+0530] {logging_mixin.py:154} INFO - [2023-12-09T07:08:17.629+0530] {dagbag.py:536} INFO - Filling up the DagBag from /home/rajabala/Desktop/projects/Airflow/airflow_env/lib/python3.9/site-packages/airflow/example_dags/example_branch_operator_decorator.py
[2023-12-09T07:08:17.640+0530] {processor.py:839} INFO - DAG(s) dict_keys(['example_branch_python_operator_decorator']) retrieved from /home/rajabala/Desktop/projects/Airflow/airflow_env/lib/python3.9/site-packages/airflow/example_dags/example_branch_operator_decorator.py
[2023-12-09T07:08:17.655+0530] {logging_mixin.py:154} INFO - [2023-12-09T07:08:17.654+0530] {dag.py:2941} INFO - Sync 1 DAGs
[2023-12-09T07:08:17.676+0530] {logging_mixin.py:154} INFO - [2023-12-09T07:08:17.676+0530] {dag.py:3722} INFO - Setting next_dagrun for example_branch_python_operator_decorator to 2023-12-08T00:00:00+00:00, run_after=2023-12-09T00:00:00+00:00
[2023-12-09T07:08:17.694+0530] {processor.py:179} INFO - Processing /home/rajabala/Desktop/projects/Airflow/airflow_env/lib/python3.9/site-packages/airflow/example_dags/example_branch_operator_decorator.py took 0.071 seconds
[2023-12-09T07:09:05.822+0530] {processor.py:157} INFO - Started process (PID=6390) to work on /home/rajabala/Desktop/projects/Airflow/airflow_env/lib/python3.9/site-packages/airflow/example_dags/example_branch_operator_decorator.py
[2023-12-09T07:09:05.823+0530] {processor.py:829} INFO - Processing file /home/rajabala/Desktop/projects/Airflow/airflow_env/lib/python3.9/site-packages/airflow/example_dags/example_branch_operator_decorator.py for tasks to queue
[2023-12-09T07:09:05.823+0530] {logging_mixin.py:154} INFO - [2023-12-09T07:09:05.823+0530] {dagbag.py:536} INFO - Filling up the DagBag from /home/rajabala/Desktop/projects/Airflow/airflow_env/lib/python3.9/site-packages/airflow/example_dags/example_branch_operator_decorator.py
[2023-12-09T07:09:05.830+0530] {processor.py:839} INFO - DAG(s) dict_keys(['example_branch_python_operator_decorator']) retrieved from /home/rajabala/Desktop/projects/Airflow/airflow_env/lib/python3.9/site-packages/airflow/example_dags/example_branch_operator_decorator.py
[2023-12-09T07:09:05.844+0530] {logging_mixin.py:154} INFO - [2023-12-09T07:09:05.844+0530] {dag.py:2941} INFO - Sync 1 DAGs
[2023-12-09T07:09:05.860+0530] {logging_mixin.py:154} INFO - [2023-12-09T07:09:05.859+0530] {dag.py:3722} INFO - Setting next_dagrun for example_branch_python_operator_decorator to 2023-12-08T00:00:00+00:00, run_after=2023-12-09T00:00:00+00:00
[2023-12-09T07:09:05.875+0530] {processor.py:179} INFO - Processing /home/rajabala/Desktop/projects/Airflow/airflow_env/lib/python3.9/site-packages/airflow/example_dags/example_branch_operator_decorator.py took 0.056 seconds
[2023-12-09T07:09:50.948+0530] {processor.py:157} INFO - Started process (PID=6695) to work on /home/rajabala/Desktop/projects/Airflow/airflow_env/lib/python3.9/site-packages/airflow/example_dags/example_branch_operator_decorator.py
[2023-12-09T07:09:50.950+0530] {processor.py:829} INFO - Processing file /home/rajabala/Desktop/projects/Airflow/airflow_env/lib/python3.9/site-packages/airflow/example_dags/example_branch_operator_decorator.py for tasks to queue
[2023-12-09T07:09:50.951+0530] {logging_mixin.py:154} INFO - [2023-12-09T07:09:50.951+0530] {dagbag.py:536} INFO - Filling up the DagBag from /home/rajabala/Desktop/projects/Airflow/airflow_env/lib/python3.9/site-packages/airflow/example_dags/example_branch_operator_decorator.py
[2023-12-09T07:09:50.961+0530] {processor.py:839} INFO - DAG(s) dict_keys(['example_branch_python_operator_decorator']) retrieved from /home/rajabala/Desktop/projects/Airflow/airflow_env/lib/python3.9/site-packages/airflow/example_dags/example_branch_operator_decorator.py
[2023-12-09T07:09:50.978+0530] {logging_mixin.py:154} INFO - [2023-12-09T07:09:50.977+0530] {dag.py:2941} INFO - Sync 1 DAGs
[2023-12-09T07:09:50.997+0530] {logging_mixin.py:154} INFO - [2023-12-09T07:09:50.997+0530] {dag.py:3722} INFO - Setting next_dagrun for example_branch_python_operator_decorator to 2023-12-08T00:00:00+00:00, run_after=2023-12-09T00:00:00+00:00
[2023-12-09T07:09:51.016+0530] {processor.py:179} INFO - Processing /home/rajabala/Desktop/projects/Airflow/airflow_env/lib/python3.9/site-packages/airflow/example_dags/example_branch_operator_decorator.py took 0.072 seconds
