[2023-12-09T07:06:04.670+0530] {processor.py:157} INFO - Started process (PID=4889) to work on /home/rajabala/Desktop/projects/Airflow/airflow_env/lib/python3.9/site-packages/airflow/example_dags/example_dag_decorator.py
[2023-12-09T07:06:04.671+0530] {processor.py:829} INFO - Processing file /home/rajabala/Desktop/projects/Airflow/airflow_env/lib/python3.9/site-packages/airflow/example_dags/example_dag_decorator.py for tasks to queue
[2023-12-09T07:06:04.671+0530] {logging_mixin.py:154} INFO - [2023-12-09T07:06:04.671+0530] {dagbag.py:536} INFO - Filling up the DagBag from /home/rajabala/Desktop/projects/Airflow/airflow_env/lib/python3.9/site-packages/airflow/example_dags/example_dag_decorator.py
[2023-12-09T07:06:04.679+0530] {processor.py:839} INFO - DAG(s) dict_keys(['example_dag_decorator']) retrieved from /home/rajabala/Desktop/projects/Airflow/airflow_env/lib/python3.9/site-packages/airflow/example_dags/example_dag_decorator.py
[2023-12-09T07:06:04.750+0530] {logging_mixin.py:154} INFO - [2023-12-09T07:06:04.750+0530] {manager.py:499} INFO - Created Permission View: %s
[2023-12-09T07:06:04.759+0530] {logging_mixin.py:154} INFO - [2023-12-09T07:06:04.759+0530] {manager.py:499} INFO - Created Permission View: %s
[2023-12-09T07:06:04.767+0530] {logging_mixin.py:154} INFO - [2023-12-09T07:06:04.767+0530] {manager.py:499} INFO - Created Permission View: %s
[2023-12-09T07:06:04.767+0530] {logging_mixin.py:154} INFO - [2023-12-09T07:06:04.767+0530] {dag.py:2941} INFO - Sync 1 DAGs
[2023-12-09T07:06:04.776+0530] {logging_mixin.py:154} INFO - [2023-12-09T07:06:04.775+0530] {dag.py:2963} INFO - Creating ORM DAG for example_dag_decorator
[2023-12-09T07:06:04.776+0530] {logging_mixin.py:154} INFO - [2023-12-09T07:06:04.776+0530] {dag.py:3722} INFO - Setting next_dagrun for example_dag_decorator to None, run_after=None
[2023-12-09T07:06:04.790+0530] {processor.py:179} INFO - Processing /home/rajabala/Desktop/projects/Airflow/airflow_env/lib/python3.9/site-packages/airflow/example_dags/example_dag_decorator.py took 0.123 seconds
[2023-12-09T07:06:55.514+0530] {processor.py:157} INFO - Started process (PID=5765) to work on /home/rajabala/Desktop/projects/Airflow/airflow_env/lib/python3.9/site-packages/airflow/example_dags/example_dag_decorator.py
[2023-12-09T07:06:55.518+0530] {processor.py:829} INFO - Processing file /home/rajabala/Desktop/projects/Airflow/airflow_env/lib/python3.9/site-packages/airflow/example_dags/example_dag_decorator.py for tasks to queue
[2023-12-09T07:06:55.519+0530] {logging_mixin.py:154} INFO - [2023-12-09T07:06:55.518+0530] {dagbag.py:536} INFO - Filling up the DagBag from /home/rajabala/Desktop/projects/Airflow/airflow_env/lib/python3.9/site-packages/airflow/example_dags/example_dag_decorator.py
[2023-12-09T07:06:55.530+0530] {processor.py:839} INFO - DAG(s) dict_keys(['example_dag_decorator']) retrieved from /home/rajabala/Desktop/projects/Airflow/airflow_env/lib/python3.9/site-packages/airflow/example_dags/example_dag_decorator.py
[2023-12-09T07:06:55.620+0530] {logging_mixin.py:154} INFO - [2023-12-09T07:06:55.619+0530] {dag.py:2941} INFO - Sync 1 DAGs
[2023-12-09T07:06:55.630+0530] {logging_mixin.py:154} INFO - [2023-12-09T07:06:55.630+0530] {dag.py:3722} INFO - Setting next_dagrun for example_dag_decorator to None, run_after=None
[2023-12-09T07:06:55.652+0530] {processor.py:179} INFO - Processing /home/rajabala/Desktop/projects/Airflow/airflow_env/lib/python3.9/site-packages/airflow/example_dags/example_dag_decorator.py took 0.142 seconds
[2023-12-09T07:07:41.853+0530] {processor.py:157} INFO - Started process (PID=5919) to work on /home/rajabala/Desktop/projects/Airflow/airflow_env/lib/python3.9/site-packages/airflow/example_dags/example_dag_decorator.py
[2023-12-09T07:07:41.855+0530] {processor.py:829} INFO - Processing file /home/rajabala/Desktop/projects/Airflow/airflow_env/lib/python3.9/site-packages/airflow/example_dags/example_dag_decorator.py for tasks to queue
[2023-12-09T07:07:41.856+0530] {logging_mixin.py:154} INFO - [2023-12-09T07:07:41.855+0530] {dagbag.py:536} INFO - Filling up the DagBag from /home/rajabala/Desktop/projects/Airflow/airflow_env/lib/python3.9/site-packages/airflow/example_dags/example_dag_decorator.py
[2023-12-09T07:07:41.867+0530] {processor.py:839} INFO - DAG(s) dict_keys(['example_dag_decorator']) retrieved from /home/rajabala/Desktop/projects/Airflow/airflow_env/lib/python3.9/site-packages/airflow/example_dags/example_dag_decorator.py
[2023-12-09T07:07:41.975+0530] {logging_mixin.py:154} INFO - [2023-12-09T07:07:41.975+0530] {dag.py:2941} INFO - Sync 1 DAGs
[2023-12-09T07:07:41.990+0530] {logging_mixin.py:154} INFO - [2023-12-09T07:07:41.990+0530] {dag.py:3722} INFO - Setting next_dagrun for example_dag_decorator to None, run_after=None
[2023-12-09T07:07:42.020+0530] {processor.py:179} INFO - Processing /home/rajabala/Desktop/projects/Airflow/airflow_env/lib/python3.9/site-packages/airflow/example_dags/example_dag_decorator.py took 0.170 seconds
[2023-12-09T07:08:23.339+0530] {processor.py:157} INFO - Started process (PID=6236) to work on /home/rajabala/Desktop/projects/Airflow/airflow_env/lib/python3.9/site-packages/airflow/example_dags/example_dag_decorator.py
[2023-12-09T07:08:23.341+0530] {processor.py:829} INFO - Processing file /home/rajabala/Desktop/projects/Airflow/airflow_env/lib/python3.9/site-packages/airflow/example_dags/example_dag_decorator.py for tasks to queue
[2023-12-09T07:08:23.342+0530] {logging_mixin.py:154} INFO - [2023-12-09T07:08:23.342+0530] {dagbag.py:536} INFO - Filling up the DagBag from /home/rajabala/Desktop/projects/Airflow/airflow_env/lib/python3.9/site-packages/airflow/example_dags/example_dag_decorator.py
[2023-12-09T07:08:23.354+0530] {processor.py:839} INFO - DAG(s) dict_keys(['example_dag_decorator']) retrieved from /home/rajabala/Desktop/projects/Airflow/airflow_env/lib/python3.9/site-packages/airflow/example_dags/example_dag_decorator.py
[2023-12-09T07:08:23.418+0530] {logging_mixin.py:154} INFO - [2023-12-09T07:08:23.418+0530] {dag.py:2941} INFO - Sync 1 DAGs
[2023-12-09T07:08:23.425+0530] {logging_mixin.py:154} INFO - [2023-12-09T07:08:23.424+0530] {dag.py:3722} INFO - Setting next_dagrun for example_dag_decorator to None, run_after=None
[2023-12-09T07:08:23.439+0530] {processor.py:179} INFO - Processing /home/rajabala/Desktop/projects/Airflow/airflow_env/lib/python3.9/site-packages/airflow/example_dags/example_dag_decorator.py took 0.104 seconds
[2023-12-09T07:09:01.809+0530] {processor.py:157} INFO - Started process (PID=6379) to work on /home/rajabala/Desktop/projects/Airflow/airflow_env/lib/python3.9/site-packages/airflow/example_dags/example_dag_decorator.py
[2023-12-09T07:09:01.812+0530] {processor.py:829} INFO - Processing file /home/rajabala/Desktop/projects/Airflow/airflow_env/lib/python3.9/site-packages/airflow/example_dags/example_dag_decorator.py for tasks to queue
[2023-12-09T07:09:01.813+0530] {logging_mixin.py:154} INFO - [2023-12-09T07:09:01.813+0530] {dagbag.py:536} INFO - Filling up the DagBag from /home/rajabala/Desktop/projects/Airflow/airflow_env/lib/python3.9/site-packages/airflow/example_dags/example_dag_decorator.py
[2023-12-09T07:09:01.826+0530] {processor.py:839} INFO - DAG(s) dict_keys(['example_dag_decorator']) retrieved from /home/rajabala/Desktop/projects/Airflow/airflow_env/lib/python3.9/site-packages/airflow/example_dags/example_dag_decorator.py
[2023-12-09T07:09:01.890+0530] {logging_mixin.py:154} INFO - [2023-12-09T07:09:01.890+0530] {dag.py:2941} INFO - Sync 1 DAGs
[2023-12-09T07:09:01.898+0530] {logging_mixin.py:154} INFO - [2023-12-09T07:09:01.898+0530] {dag.py:3722} INFO - Setting next_dagrun for example_dag_decorator to None, run_after=None
[2023-12-09T07:09:01.918+0530] {processor.py:179} INFO - Processing /home/rajabala/Desktop/projects/Airflow/airflow_env/lib/python3.9/site-packages/airflow/example_dags/example_dag_decorator.py took 0.111 seconds
[2023-12-09T07:09:46.642+0530] {processor.py:157} INFO - Started process (PID=6687) to work on /home/rajabala/Desktop/projects/Airflow/airflow_env/lib/python3.9/site-packages/airflow/example_dags/example_dag_decorator.py
[2023-12-09T07:09:46.645+0530] {processor.py:829} INFO - Processing file /home/rajabala/Desktop/projects/Airflow/airflow_env/lib/python3.9/site-packages/airflow/example_dags/example_dag_decorator.py for tasks to queue
[2023-12-09T07:09:46.646+0530] {logging_mixin.py:154} INFO - [2023-12-09T07:09:46.646+0530] {dagbag.py:536} INFO - Filling up the DagBag from /home/rajabala/Desktop/projects/Airflow/airflow_env/lib/python3.9/site-packages/airflow/example_dags/example_dag_decorator.py
[2023-12-09T07:09:46.659+0530] {processor.py:839} INFO - DAG(s) dict_keys(['example_dag_decorator']) retrieved from /home/rajabala/Desktop/projects/Airflow/airflow_env/lib/python3.9/site-packages/airflow/example_dags/example_dag_decorator.py
[2023-12-09T07:09:46.734+0530] {logging_mixin.py:154} INFO - [2023-12-09T07:09:46.734+0530] {dag.py:2941} INFO - Sync 1 DAGs
[2023-12-09T07:09:46.742+0530] {logging_mixin.py:154} INFO - [2023-12-09T07:09:46.742+0530] {dag.py:3722} INFO - Setting next_dagrun for example_dag_decorator to None, run_after=None
[2023-12-09T07:09:46.760+0530] {processor.py:179} INFO - Processing /home/rajabala/Desktop/projects/Airflow/airflow_env/lib/python3.9/site-packages/airflow/example_dags/example_dag_decorator.py took 0.121 seconds
