[2023-12-09T07:06:26.903+0530] {processor.py:157} INFO - Started process (PID=5337) to work on /home/rajabala/Desktop/projects/Airflow/airflow_env/lib/python3.9/site-packages/airflow/example_dags/example_skip_dag.py
[2023-12-09T07:06:26.903+0530] {processor.py:829} INFO - Processing file /home/rajabala/Desktop/projects/Airflow/airflow_env/lib/python3.9/site-packages/airflow/example_dags/example_skip_dag.py for tasks to queue
[2023-12-09T07:06:26.904+0530] {logging_mixin.py:154} INFO - [2023-12-09T07:06:26.904+0530] {dagbag.py:536} INFO - Filling up the DagBag from /home/rajabala/Desktop/projects/Airflow/airflow_env/lib/python3.9/site-packages/airflow/example_dags/example_skip_dag.py
[2023-12-09T07:06:26.910+0530] {processor.py:839} INFO - DAG(s) dict_keys(['example_skip_dag']) retrieved from /home/rajabala/Desktop/projects/Airflow/airflow_env/lib/python3.9/site-packages/airflow/example_dags/example_skip_dag.py
[2023-12-09T07:06:26.980+0530] {logging_mixin.py:154} INFO - [2023-12-09T07:06:26.979+0530] {manager.py:499} INFO - Created Permission View: %s
[2023-12-09T07:06:26.989+0530] {logging_mixin.py:154} INFO - [2023-12-09T07:06:26.988+0530] {manager.py:499} INFO - Created Permission View: %s
[2023-12-09T07:06:26.997+0530] {logging_mixin.py:154} INFO - [2023-12-09T07:06:26.997+0530] {manager.py:499} INFO - Created Permission View: %s
[2023-12-09T07:06:26.997+0530] {logging_mixin.py:154} INFO - [2023-12-09T07:06:26.997+0530] {dag.py:2941} INFO - Sync 1 DAGs
[2023-12-09T07:06:27.004+0530] {logging_mixin.py:154} INFO - [2023-12-09T07:06:27.004+0530] {dag.py:2963} INFO - Creating ORM DAG for example_skip_dag
[2023-12-09T07:06:27.014+0530] {logging_mixin.py:154} INFO - [2023-12-09T07:06:27.014+0530] {dag.py:3722} INFO - Setting next_dagrun for example_skip_dag to 2023-12-08T01:36:27.014039+00:00, run_after=2023-12-09T01:36:27.014039+00:00
[2023-12-09T07:06:27.037+0530] {processor.py:179} INFO - Processing /home/rajabala/Desktop/projects/Airflow/airflow_env/lib/python3.9/site-packages/airflow/example_dags/example_skip_dag.py took 0.138 seconds
[2023-12-09T07:07:15.674+0530] {processor.py:157} INFO - Started process (PID=5838) to work on /home/rajabala/Desktop/projects/Airflow/airflow_env/lib/python3.9/site-packages/airflow/example_dags/example_skip_dag.py
[2023-12-09T07:07:15.675+0530] {processor.py:829} INFO - Processing file /home/rajabala/Desktop/projects/Airflow/airflow_env/lib/python3.9/site-packages/airflow/example_dags/example_skip_dag.py for tasks to queue
[2023-12-09T07:07:15.676+0530] {logging_mixin.py:154} INFO - [2023-12-09T07:07:15.676+0530] {dagbag.py:536} INFO - Filling up the DagBag from /home/rajabala/Desktop/projects/Airflow/airflow_env/lib/python3.9/site-packages/airflow/example_dags/example_skip_dag.py
[2023-12-09T07:07:15.685+0530] {processor.py:839} INFO - DAG(s) dict_keys(['example_skip_dag']) retrieved from /home/rajabala/Desktop/projects/Airflow/airflow_env/lib/python3.9/site-packages/airflow/example_dags/example_skip_dag.py
[2023-12-09T07:07:15.699+0530] {logging_mixin.py:154} INFO - [2023-12-09T07:07:15.699+0530] {dag.py:2941} INFO - Sync 1 DAGs
[2023-12-09T07:07:15.713+0530] {logging_mixin.py:154} INFO - [2023-12-09T07:07:15.712+0530] {dag.py:3722} INFO - Setting next_dagrun for example_skip_dag to 2023-12-08T01:37:15.712689+00:00, run_after=2023-12-09T01:37:15.712689+00:00
[2023-12-09T07:07:15.727+0530] {processor.py:179} INFO - Processing /home/rajabala/Desktop/projects/Airflow/airflow_env/lib/python3.9/site-packages/airflow/example_dags/example_skip_dag.py took 0.058 seconds
[2023-12-09T07:08:01.009+0530] {processor.py:157} INFO - Started process (PID=6136) to work on /home/rajabala/Desktop/projects/Airflow/airflow_env/lib/python3.9/site-packages/airflow/example_dags/example_skip_dag.py
[2023-12-09T07:08:01.011+0530] {processor.py:829} INFO - Processing file /home/rajabala/Desktop/projects/Airflow/airflow_env/lib/python3.9/site-packages/airflow/example_dags/example_skip_dag.py for tasks to queue
[2023-12-09T07:08:01.012+0530] {logging_mixin.py:154} INFO - [2023-12-09T07:08:01.012+0530] {dagbag.py:536} INFO - Filling up the DagBag from /home/rajabala/Desktop/projects/Airflow/airflow_env/lib/python3.9/site-packages/airflow/example_dags/example_skip_dag.py
[2023-12-09T07:08:01.021+0530] {processor.py:839} INFO - DAG(s) dict_keys(['example_skip_dag']) retrieved from /home/rajabala/Desktop/projects/Airflow/airflow_env/lib/python3.9/site-packages/airflow/example_dags/example_skip_dag.py
[2023-12-09T07:08:01.033+0530] {logging_mixin.py:154} INFO - [2023-12-09T07:08:01.033+0530] {dag.py:2941} INFO - Sync 1 DAGs
[2023-12-09T07:08:01.046+0530] {logging_mixin.py:154} INFO - [2023-12-09T07:08:01.046+0530] {dag.py:3722} INFO - Setting next_dagrun for example_skip_dag to 2023-12-08T01:38:01.046038+00:00, run_after=2023-12-09T01:38:01.046038+00:00
[2023-12-09T07:08:01.060+0530] {processor.py:179} INFO - Processing /home/rajabala/Desktop/projects/Airflow/airflow_env/lib/python3.9/site-packages/airflow/example_dags/example_skip_dag.py took 0.054 seconds
[2023-12-09T07:08:46.926+0530] {processor.py:157} INFO - Started process (PID=6280) to work on /home/rajabala/Desktop/projects/Airflow/airflow_env/lib/python3.9/site-packages/airflow/example_dags/example_skip_dag.py
[2023-12-09T07:08:46.929+0530] {processor.py:829} INFO - Processing file /home/rajabala/Desktop/projects/Airflow/airflow_env/lib/python3.9/site-packages/airflow/example_dags/example_skip_dag.py for tasks to queue
[2023-12-09T07:08:46.930+0530] {logging_mixin.py:154} INFO - [2023-12-09T07:08:46.929+0530] {dagbag.py:536} INFO - Filling up the DagBag from /home/rajabala/Desktop/projects/Airflow/airflow_env/lib/python3.9/site-packages/airflow/example_dags/example_skip_dag.py
[2023-12-09T07:08:46.939+0530] {processor.py:839} INFO - DAG(s) dict_keys(['example_skip_dag']) retrieved from /home/rajabala/Desktop/projects/Airflow/airflow_env/lib/python3.9/site-packages/airflow/example_dags/example_skip_dag.py
[2023-12-09T07:08:46.952+0530] {logging_mixin.py:154} INFO - [2023-12-09T07:08:46.951+0530] {dag.py:2941} INFO - Sync 1 DAGs
[2023-12-09T07:08:46.967+0530] {logging_mixin.py:154} INFO - [2023-12-09T07:08:46.967+0530] {dag.py:3722} INFO - Setting next_dagrun for example_skip_dag to 2023-12-08T01:38:46.966980+00:00, run_after=2023-12-09T01:38:46.966980+00:00
[2023-12-09T07:08:46.984+0530] {processor.py:179} INFO - Processing /home/rajabala/Desktop/projects/Airflow/airflow_env/lib/python3.9/site-packages/airflow/example_dags/example_skip_dag.py took 0.060 seconds
[2023-12-09T07:09:32.649+0530] {processor.py:157} INFO - Started process (PID=6648) to work on /home/rajabala/Desktop/projects/Airflow/airflow_env/lib/python3.9/site-packages/airflow/example_dags/example_skip_dag.py
[2023-12-09T07:09:32.651+0530] {processor.py:829} INFO - Processing file /home/rajabala/Desktop/projects/Airflow/airflow_env/lib/python3.9/site-packages/airflow/example_dags/example_skip_dag.py for tasks to queue
[2023-12-09T07:09:32.652+0530] {logging_mixin.py:154} INFO - [2023-12-09T07:09:32.652+0530] {dagbag.py:536} INFO - Filling up the DagBag from /home/rajabala/Desktop/projects/Airflow/airflow_env/lib/python3.9/site-packages/airflow/example_dags/example_skip_dag.py
[2023-12-09T07:09:32.661+0530] {processor.py:839} INFO - DAG(s) dict_keys(['example_skip_dag']) retrieved from /home/rajabala/Desktop/projects/Airflow/airflow_env/lib/python3.9/site-packages/airflow/example_dags/example_skip_dag.py
[2023-12-09T07:09:32.673+0530] {logging_mixin.py:154} INFO - [2023-12-09T07:09:32.673+0530] {dag.py:2941} INFO - Sync 1 DAGs
[2023-12-09T07:09:32.685+0530] {logging_mixin.py:154} INFO - [2023-12-09T07:09:32.684+0530] {dag.py:3722} INFO - Setting next_dagrun for example_skip_dag to 2023-12-08T01:39:32.684806+00:00, run_after=2023-12-09T01:39:32.684806+00:00
[2023-12-09T07:09:32.699+0530] {processor.py:179} INFO - Processing /home/rajabala/Desktop/projects/Airflow/airflow_env/lib/python3.9/site-packages/airflow/example_dags/example_skip_dag.py took 0.054 seconds
