[2023-12-09T07:06:08.270+0530] {processor.py:157} INFO - Started process (PID=4904) to work on /home/rajabala/Desktop/projects/Airflow/airflow_env/lib/python3.9/site-packages/airflow/example_dags/example_xcom.py
[2023-12-09T07:06:08.272+0530] {processor.py:829} INFO - Processing file /home/rajabala/Desktop/projects/Airflow/airflow_env/lib/python3.9/site-packages/airflow/example_dags/example_xcom.py for tasks to queue
[2023-12-09T07:06:08.273+0530] {logging_mixin.py:154} INFO - [2023-12-09T07:06:08.273+0530] {dagbag.py:536} INFO - Filling up the DagBag from /home/rajabala/Desktop/projects/Airflow/airflow_env/lib/python3.9/site-packages/airflow/example_dags/example_xcom.py
[2023-12-09T07:06:08.282+0530] {processor.py:839} INFO - DAG(s) dict_keys(['example_xcom']) retrieved from /home/rajabala/Desktop/projects/Airflow/airflow_env/lib/python3.9/site-packages/airflow/example_dags/example_xcom.py
[2023-12-09T07:06:08.375+0530] {logging_mixin.py:154} INFO - [2023-12-09T07:06:08.375+0530] {manager.py:499} INFO - Created Permission View: %s
[2023-12-09T07:06:08.386+0530] {logging_mixin.py:154} INFO - [2023-12-09T07:06:08.386+0530] {manager.py:499} INFO - Created Permission View: %s
[2023-12-09T07:06:08.395+0530] {logging_mixin.py:154} INFO - [2023-12-09T07:06:08.394+0530] {manager.py:499} INFO - Created Permission View: %s
[2023-12-09T07:06:08.395+0530] {logging_mixin.py:154} INFO - [2023-12-09T07:06:08.395+0530] {dag.py:2941} INFO - Sync 1 DAGs
[2023-12-09T07:06:08.403+0530] {logging_mixin.py:154} INFO - [2023-12-09T07:06:08.403+0530] {dag.py:2963} INFO - Creating ORM DAG for example_xcom
[2023-12-09T07:06:08.410+0530] {logging_mixin.py:154} INFO - [2023-12-09T07:06:08.410+0530] {dag.py:3722} INFO - Setting next_dagrun for example_xcom to 2021-01-01T00:00:00+00:00, run_after=2021-01-01T00:00:00+00:00
[2023-12-09T07:06:08.426+0530] {processor.py:179} INFO - Processing /home/rajabala/Desktop/projects/Airflow/airflow_env/lib/python3.9/site-packages/airflow/example_dags/example_xcom.py took 0.160 seconds
[2023-12-09T07:06:58.173+0530] {processor.py:157} INFO - Started process (PID=5768) to work on /home/rajabala/Desktop/projects/Airflow/airflow_env/lib/python3.9/site-packages/airflow/example_dags/example_xcom.py
[2023-12-09T07:06:58.176+0530] {processor.py:829} INFO - Processing file /home/rajabala/Desktop/projects/Airflow/airflow_env/lib/python3.9/site-packages/airflow/example_dags/example_xcom.py for tasks to queue
[2023-12-09T07:06:58.177+0530] {logging_mixin.py:154} INFO - [2023-12-09T07:06:58.176+0530] {dagbag.py:536} INFO - Filling up the DagBag from /home/rajabala/Desktop/projects/Airflow/airflow_env/lib/python3.9/site-packages/airflow/example_dags/example_xcom.py
[2023-12-09T07:06:58.185+0530] {processor.py:839} INFO - DAG(s) dict_keys(['example_xcom']) retrieved from /home/rajabala/Desktop/projects/Airflow/airflow_env/lib/python3.9/site-packages/airflow/example_dags/example_xcom.py
[2023-12-09T07:06:58.198+0530] {logging_mixin.py:154} INFO - [2023-12-09T07:06:58.198+0530] {dag.py:2941} INFO - Sync 1 DAGs
[2023-12-09T07:06:58.213+0530] {logging_mixin.py:154} INFO - [2023-12-09T07:06:58.213+0530] {dag.py:3722} INFO - Setting next_dagrun for example_xcom to 2021-01-01T00:00:00+00:00, run_after=2021-01-01T00:00:00+00:00
[2023-12-09T07:06:58.228+0530] {processor.py:179} INFO - Processing /home/rajabala/Desktop/projects/Airflow/airflow_env/lib/python3.9/site-packages/airflow/example_dags/example_xcom.py took 0.057 seconds
[2023-12-09T07:07:44.556+0530] {processor.py:157} INFO - Started process (PID=5984) to work on /home/rajabala/Desktop/projects/Airflow/airflow_env/lib/python3.9/site-packages/airflow/example_dags/example_xcom.py
[2023-12-09T07:07:44.557+0530] {processor.py:829} INFO - Processing file /home/rajabala/Desktop/projects/Airflow/airflow_env/lib/python3.9/site-packages/airflow/example_dags/example_xcom.py for tasks to queue
[2023-12-09T07:07:44.557+0530] {logging_mixin.py:154} INFO - [2023-12-09T07:07:44.557+0530] {dagbag.py:536} INFO - Filling up the DagBag from /home/rajabala/Desktop/projects/Airflow/airflow_env/lib/python3.9/site-packages/airflow/example_dags/example_xcom.py
[2023-12-09T07:07:44.563+0530] {processor.py:839} INFO - DAG(s) dict_keys(['example_xcom']) retrieved from /home/rajabala/Desktop/projects/Airflow/airflow_env/lib/python3.9/site-packages/airflow/example_dags/example_xcom.py
[2023-12-09T07:07:44.581+0530] {logging_mixin.py:154} INFO - [2023-12-09T07:07:44.581+0530] {dag.py:2941} INFO - Sync 1 DAGs
[2023-12-09T07:07:44.602+0530] {logging_mixin.py:154} INFO - [2023-12-09T07:07:44.602+0530] {dag.py:3722} INFO - Setting next_dagrun for example_xcom to 2021-01-01T00:00:00+00:00, run_after=2021-01-01T00:00:00+00:00
[2023-12-09T07:07:44.626+0530] {processor.py:179} INFO - Processing /home/rajabala/Desktop/projects/Airflow/airflow_env/lib/python3.9/site-packages/airflow/example_dags/example_xcom.py took 0.074 seconds
[2023-12-09T07:08:25.487+0530] {processor.py:157} INFO - Started process (PID=6240) to work on /home/rajabala/Desktop/projects/Airflow/airflow_env/lib/python3.9/site-packages/airflow/example_dags/example_xcom.py
[2023-12-09T07:08:25.487+0530] {processor.py:829} INFO - Processing file /home/rajabala/Desktop/projects/Airflow/airflow_env/lib/python3.9/site-packages/airflow/example_dags/example_xcom.py for tasks to queue
[2023-12-09T07:08:25.488+0530] {logging_mixin.py:154} INFO - [2023-12-09T07:08:25.488+0530] {dagbag.py:536} INFO - Filling up the DagBag from /home/rajabala/Desktop/projects/Airflow/airflow_env/lib/python3.9/site-packages/airflow/example_dags/example_xcom.py
[2023-12-09T07:08:25.493+0530] {processor.py:839} INFO - DAG(s) dict_keys(['example_xcom']) retrieved from /home/rajabala/Desktop/projects/Airflow/airflow_env/lib/python3.9/site-packages/airflow/example_dags/example_xcom.py
[2023-12-09T07:08:25.503+0530] {logging_mixin.py:154} INFO - [2023-12-09T07:08:25.503+0530] {dag.py:2941} INFO - Sync 1 DAGs
[2023-12-09T07:08:25.516+0530] {logging_mixin.py:154} INFO - [2023-12-09T07:08:25.516+0530] {dag.py:3722} INFO - Setting next_dagrun for example_xcom to 2021-01-01T00:00:00+00:00, run_after=2021-01-01T00:00:00+00:00
[2023-12-09T07:08:25.531+0530] {processor.py:179} INFO - Processing /home/rajabala/Desktop/projects/Airflow/airflow_env/lib/python3.9/site-packages/airflow/example_dags/example_xcom.py took 0.046 seconds
[2023-12-09T07:09:13.758+0530] {processor.py:157} INFO - Started process (PID=6409) to work on /home/rajabala/Desktop/projects/Airflow/airflow_env/lib/python3.9/site-packages/airflow/example_dags/example_xcom.py
[2023-12-09T07:09:13.761+0530] {processor.py:829} INFO - Processing file /home/rajabala/Desktop/projects/Airflow/airflow_env/lib/python3.9/site-packages/airflow/example_dags/example_xcom.py for tasks to queue
[2023-12-09T07:09:13.762+0530] {logging_mixin.py:154} INFO - [2023-12-09T07:09:13.761+0530] {dagbag.py:536} INFO - Filling up the DagBag from /home/rajabala/Desktop/projects/Airflow/airflow_env/lib/python3.9/site-packages/airflow/example_dags/example_xcom.py
[2023-12-09T07:09:13.771+0530] {processor.py:839} INFO - DAG(s) dict_keys(['example_xcom']) retrieved from /home/rajabala/Desktop/projects/Airflow/airflow_env/lib/python3.9/site-packages/airflow/example_dags/example_xcom.py
[2023-12-09T07:09:13.789+0530] {logging_mixin.py:154} INFO - [2023-12-09T07:09:13.789+0530] {dag.py:2941} INFO - Sync 1 DAGs
[2023-12-09T07:09:13.807+0530] {logging_mixin.py:154} INFO - [2023-12-09T07:09:13.807+0530] {dag.py:3722} INFO - Setting next_dagrun for example_xcom to 2021-01-01T00:00:00+00:00, run_after=2021-01-01T00:00:00+00:00
[2023-12-09T07:09:13.826+0530] {processor.py:179} INFO - Processing /home/rajabala/Desktop/projects/Airflow/airflow_env/lib/python3.9/site-packages/airflow/example_dags/example_xcom.py took 0.072 seconds
[2023-12-09T07:09:58.179+0530] {processor.py:157} INFO - Started process (PID=6813) to work on /home/rajabala/Desktop/projects/Airflow/airflow_env/lib/python3.9/site-packages/airflow/example_dags/example_xcom.py
[2023-12-09T07:09:58.182+0530] {processor.py:829} INFO - Processing file /home/rajabala/Desktop/projects/Airflow/airflow_env/lib/python3.9/site-packages/airflow/example_dags/example_xcom.py for tasks to queue
[2023-12-09T07:09:58.183+0530] {logging_mixin.py:154} INFO - [2023-12-09T07:09:58.182+0530] {dagbag.py:536} INFO - Filling up the DagBag from /home/rajabala/Desktop/projects/Airflow/airflow_env/lib/python3.9/site-packages/airflow/example_dags/example_xcom.py
[2023-12-09T07:09:58.192+0530] {processor.py:839} INFO - DAG(s) dict_keys(['example_xcom']) retrieved from /home/rajabala/Desktop/projects/Airflow/airflow_env/lib/python3.9/site-packages/airflow/example_dags/example_xcom.py
[2023-12-09T07:09:58.211+0530] {logging_mixin.py:154} INFO - [2023-12-09T07:09:58.211+0530] {dag.py:2941} INFO - Sync 1 DAGs
[2023-12-09T07:09:58.232+0530] {logging_mixin.py:154} INFO - [2023-12-09T07:09:58.232+0530] {dag.py:3722} INFO - Setting next_dagrun for example_xcom to 2021-01-01T00:00:00+00:00, run_after=2021-01-01T00:00:00+00:00
[2023-12-09T07:09:58.257+0530] {processor.py:179} INFO - Processing /home/rajabala/Desktop/projects/Airflow/airflow_env/lib/python3.9/site-packages/airflow/example_dags/example_xcom.py took 0.081 seconds
