[2023-12-09T07:06:24.402+0530] {processor.py:157} INFO - Started process (PID=5298) to work on /home/rajabala/Desktop/projects/Airflow/airflow_env/lib/python3.9/site-packages/airflow/example_dags/example_latest_only.py
[2023-12-09T07:06:24.403+0530] {processor.py:829} INFO - Processing file /home/rajabala/Desktop/projects/Airflow/airflow_env/lib/python3.9/site-packages/airflow/example_dags/example_latest_only.py for tasks to queue
[2023-12-09T07:06:24.404+0530] {logging_mixin.py:154} INFO - [2023-12-09T07:06:24.403+0530] {dagbag.py:536} INFO - Filling up the DagBag from /home/rajabala/Desktop/projects/Airflow/airflow_env/lib/python3.9/site-packages/airflow/example_dags/example_latest_only.py
[2023-12-09T07:06:24.410+0530] {processor.py:839} INFO - DAG(s) dict_keys(['latest_only']) retrieved from /home/rajabala/Desktop/projects/Airflow/airflow_env/lib/python3.9/site-packages/airflow/example_dags/example_latest_only.py
[2023-12-09T07:06:24.478+0530] {logging_mixin.py:154} INFO - [2023-12-09T07:06:24.478+0530] {manager.py:499} INFO - Created Permission View: %s
[2023-12-09T07:06:24.487+0530] {logging_mixin.py:154} INFO - [2023-12-09T07:06:24.487+0530] {manager.py:499} INFO - Created Permission View: %s
[2023-12-09T07:06:24.494+0530] {logging_mixin.py:154} INFO - [2023-12-09T07:06:24.494+0530] {manager.py:499} INFO - Created Permission View: %s
[2023-12-09T07:06:24.494+0530] {logging_mixin.py:154} INFO - [2023-12-09T07:06:24.494+0530] {dag.py:2941} INFO - Sync 1 DAGs
[2023-12-09T07:06:24.504+0530] {logging_mixin.py:154} INFO - [2023-12-09T07:06:24.504+0530] {dag.py:2963} INFO - Creating ORM DAG for latest_only
[2023-12-09T07:06:24.511+0530] {logging_mixin.py:154} INFO - [2023-12-09T07:06:24.511+0530] {dag.py:3722} INFO - Setting next_dagrun for latest_only to 2023-12-08T21:36:24.511086+00:00, run_after=2023-12-09T01:36:24.511086+00:00
[2023-12-09T07:06:24.527+0530] {processor.py:179} INFO - Processing /home/rajabala/Desktop/projects/Airflow/airflow_env/lib/python3.9/site-packages/airflow/example_dags/example_latest_only.py took 0.128 seconds
[2023-12-09T07:07:13.533+0530] {processor.py:157} INFO - Started process (PID=5829) to work on /home/rajabala/Desktop/projects/Airflow/airflow_env/lib/python3.9/site-packages/airflow/example_dags/example_latest_only.py
[2023-12-09T07:07:13.535+0530] {processor.py:829} INFO - Processing file /home/rajabala/Desktop/projects/Airflow/airflow_env/lib/python3.9/site-packages/airflow/example_dags/example_latest_only.py for tasks to queue
[2023-12-09T07:07:13.536+0530] {logging_mixin.py:154} INFO - [2023-12-09T07:07:13.536+0530] {dagbag.py:536} INFO - Filling up the DagBag from /home/rajabala/Desktop/projects/Airflow/airflow_env/lib/python3.9/site-packages/airflow/example_dags/example_latest_only.py
[2023-12-09T07:07:13.543+0530] {processor.py:839} INFO - DAG(s) dict_keys(['latest_only']) retrieved from /home/rajabala/Desktop/projects/Airflow/airflow_env/lib/python3.9/site-packages/airflow/example_dags/example_latest_only.py
[2023-12-09T07:07:13.553+0530] {logging_mixin.py:154} INFO - [2023-12-09T07:07:13.553+0530] {dag.py:2941} INFO - Sync 1 DAGs
[2023-12-09T07:07:13.566+0530] {logging_mixin.py:154} INFO - [2023-12-09T07:07:13.566+0530] {dag.py:3722} INFO - Setting next_dagrun for latest_only to 2023-12-08T21:37:13.566606+00:00, run_after=2023-12-09T01:37:13.566606+00:00
[2023-12-09T07:07:13.582+0530] {processor.py:179} INFO - Processing /home/rajabala/Desktop/projects/Airflow/airflow_env/lib/python3.9/site-packages/airflow/example_dags/example_latest_only.py took 0.054 seconds
[2023-12-09T07:07:58.722+0530] {processor.py:157} INFO - Started process (PID=6134) to work on /home/rajabala/Desktop/projects/Airflow/airflow_env/lib/python3.9/site-packages/airflow/example_dags/example_latest_only.py
[2023-12-09T07:07:58.725+0530] {processor.py:829} INFO - Processing file /home/rajabala/Desktop/projects/Airflow/airflow_env/lib/python3.9/site-packages/airflow/example_dags/example_latest_only.py for tasks to queue
[2023-12-09T07:07:58.726+0530] {logging_mixin.py:154} INFO - [2023-12-09T07:07:58.725+0530] {dagbag.py:536} INFO - Filling up the DagBag from /home/rajabala/Desktop/projects/Airflow/airflow_env/lib/python3.9/site-packages/airflow/example_dags/example_latest_only.py
[2023-12-09T07:07:58.734+0530] {processor.py:839} INFO - DAG(s) dict_keys(['latest_only']) retrieved from /home/rajabala/Desktop/projects/Airflow/airflow_env/lib/python3.9/site-packages/airflow/example_dags/example_latest_only.py
[2023-12-09T07:07:58.744+0530] {logging_mixin.py:154} INFO - [2023-12-09T07:07:58.744+0530] {dag.py:2941} INFO - Sync 1 DAGs
[2023-12-09T07:07:58.757+0530] {logging_mixin.py:154} INFO - [2023-12-09T07:07:58.756+0530] {dag.py:3722} INFO - Setting next_dagrun for latest_only to 2023-12-08T21:37:58.756698+00:00, run_after=2023-12-09T01:37:58.756698+00:00
[2023-12-09T07:07:58.771+0530] {processor.py:179} INFO - Processing /home/rajabala/Desktop/projects/Airflow/airflow_env/lib/python3.9/site-packages/airflow/example_dags/example_latest_only.py took 0.051 seconds
[2023-12-09T07:08:45.209+0530] {processor.py:157} INFO - Started process (PID=6278) to work on /home/rajabala/Desktop/projects/Airflow/airflow_env/lib/python3.9/site-packages/airflow/example_dags/example_latest_only.py
[2023-12-09T07:08:45.212+0530] {processor.py:829} INFO - Processing file /home/rajabala/Desktop/projects/Airflow/airflow_env/lib/python3.9/site-packages/airflow/example_dags/example_latest_only.py for tasks to queue
[2023-12-09T07:08:45.213+0530] {logging_mixin.py:154} INFO - [2023-12-09T07:08:45.212+0530] {dagbag.py:536} INFO - Filling up the DagBag from /home/rajabala/Desktop/projects/Airflow/airflow_env/lib/python3.9/site-packages/airflow/example_dags/example_latest_only.py
[2023-12-09T07:08:45.220+0530] {processor.py:839} INFO - DAG(s) dict_keys(['latest_only']) retrieved from /home/rajabala/Desktop/projects/Airflow/airflow_env/lib/python3.9/site-packages/airflow/example_dags/example_latest_only.py
[2023-12-09T07:08:45.231+0530] {logging_mixin.py:154} INFO - [2023-12-09T07:08:45.231+0530] {dag.py:2941} INFO - Sync 1 DAGs
[2023-12-09T07:08:45.245+0530] {logging_mixin.py:154} INFO - [2023-12-09T07:08:45.245+0530] {dag.py:3722} INFO - Setting next_dagrun for latest_only to 2023-12-08T21:38:45.245367+00:00, run_after=2023-12-09T01:38:45.245367+00:00
[2023-12-09T07:08:45.261+0530] {processor.py:179} INFO - Processing /home/rajabala/Desktop/projects/Airflow/airflow_env/lib/python3.9/site-packages/airflow/example_dags/example_latest_only.py took 0.055 seconds
[2023-12-09T07:09:30.349+0530] {processor.py:157} INFO - Started process (PID=6643) to work on /home/rajabala/Desktop/projects/Airflow/airflow_env/lib/python3.9/site-packages/airflow/example_dags/example_latest_only.py
[2023-12-09T07:09:30.350+0530] {processor.py:829} INFO - Processing file /home/rajabala/Desktop/projects/Airflow/airflow_env/lib/python3.9/site-packages/airflow/example_dags/example_latest_only.py for tasks to queue
[2023-12-09T07:09:30.350+0530] {logging_mixin.py:154} INFO - [2023-12-09T07:09:30.350+0530] {dagbag.py:536} INFO - Filling up the DagBag from /home/rajabala/Desktop/projects/Airflow/airflow_env/lib/python3.9/site-packages/airflow/example_dags/example_latest_only.py
[2023-12-09T07:09:30.354+0530] {processor.py:839} INFO - DAG(s) dict_keys(['latest_only']) retrieved from /home/rajabala/Desktop/projects/Airflow/airflow_env/lib/python3.9/site-packages/airflow/example_dags/example_latest_only.py
[2023-12-09T07:09:30.365+0530] {logging_mixin.py:154} INFO - [2023-12-09T07:09:30.365+0530] {dag.py:2941} INFO - Sync 1 DAGs
[2023-12-09T07:09:30.378+0530] {logging_mixin.py:154} INFO - [2023-12-09T07:09:30.378+0530] {dag.py:3722} INFO - Setting next_dagrun for latest_only to 2023-12-08T21:39:30.377935+00:00, run_after=2023-12-09T01:39:30.377935+00:00
[2023-12-09T07:09:30.393+0530] {processor.py:179} INFO - Processing /home/rajabala/Desktop/projects/Airflow/airflow_env/lib/python3.9/site-packages/airflow/example_dags/example_latest_only.py took 0.047 seconds
