[2023-12-09T07:06:33.760+0530] {processor.py:157} INFO - Started process (PID=5415) to work on /home/rajabala/Desktop/projects/Airflow/airflow_env/lib/python3.9/site-packages/airflow/example_dags/example_time_delta_sensor_async.py
[2023-12-09T07:06:33.761+0530] {processor.py:829} INFO - Processing file /home/rajabala/Desktop/projects/Airflow/airflow_env/lib/python3.9/site-packages/airflow/example_dags/example_time_delta_sensor_async.py for tasks to queue
[2023-12-09T07:06:33.761+0530] {logging_mixin.py:154} INFO - [2023-12-09T07:06:33.761+0530] {dagbag.py:536} INFO - Filling up the DagBag from /home/rajabala/Desktop/projects/Airflow/airflow_env/lib/python3.9/site-packages/airflow/example_dags/example_time_delta_sensor_async.py
[2023-12-09T07:06:33.766+0530] {processor.py:839} INFO - DAG(s) dict_keys(['example_time_delta_sensor_async']) retrieved from /home/rajabala/Desktop/projects/Airflow/airflow_env/lib/python3.9/site-packages/airflow/example_dags/example_time_delta_sensor_async.py
[2023-12-09T07:06:33.873+0530] {logging_mixin.py:154} INFO - [2023-12-09T07:06:33.873+0530] {manager.py:499} INFO - Created Permission View: %s
[2023-12-09T07:06:33.886+0530] {logging_mixin.py:154} INFO - [2023-12-09T07:06:33.886+0530] {manager.py:499} INFO - Created Permission View: %s
[2023-12-09T07:06:33.901+0530] {logging_mixin.py:154} INFO - [2023-12-09T07:06:33.900+0530] {manager.py:499} INFO - Created Permission View: %s
[2023-12-09T07:06:33.901+0530] {logging_mixin.py:154} INFO - [2023-12-09T07:06:33.901+0530] {dag.py:2941} INFO - Sync 1 DAGs
[2023-12-09T07:06:33.915+0530] {logging_mixin.py:154} INFO - [2023-12-09T07:06:33.914+0530] {dag.py:2963} INFO - Creating ORM DAG for example_time_delta_sensor_async
[2023-12-09T07:06:33.915+0530] {logging_mixin.py:154} INFO - [2023-12-09T07:06:33.915+0530] {dag.py:3722} INFO - Setting next_dagrun for example_time_delta_sensor_async to None, run_after=None
[2023-12-09T07:06:33.939+0530] {processor.py:179} INFO - Processing /home/rajabala/Desktop/projects/Airflow/airflow_env/lib/python3.9/site-packages/airflow/example_dags/example_time_delta_sensor_async.py took 0.182 seconds
[2023-12-09T07:07:22.676+0530] {processor.py:157} INFO - Started process (PID=5871) to work on /home/rajabala/Desktop/projects/Airflow/airflow_env/lib/python3.9/site-packages/airflow/example_dags/example_time_delta_sensor_async.py
[2023-12-09T07:07:22.679+0530] {processor.py:829} INFO - Processing file /home/rajabala/Desktop/projects/Airflow/airflow_env/lib/python3.9/site-packages/airflow/example_dags/example_time_delta_sensor_async.py for tasks to queue
[2023-12-09T07:07:22.680+0530] {logging_mixin.py:154} INFO - [2023-12-09T07:07:22.680+0530] {dagbag.py:536} INFO - Filling up the DagBag from /home/rajabala/Desktop/projects/Airflow/airflow_env/lib/python3.9/site-packages/airflow/example_dags/example_time_delta_sensor_async.py
[2023-12-09T07:07:22.685+0530] {processor.py:839} INFO - DAG(s) dict_keys(['example_time_delta_sensor_async']) retrieved from /home/rajabala/Desktop/projects/Airflow/airflow_env/lib/python3.9/site-packages/airflow/example_dags/example_time_delta_sensor_async.py
[2023-12-09T07:07:22.697+0530] {logging_mixin.py:154} INFO - [2023-12-09T07:07:22.697+0530] {dag.py:2941} INFO - Sync 1 DAGs
[2023-12-09T07:07:22.705+0530] {logging_mixin.py:154} INFO - [2023-12-09T07:07:22.705+0530] {dag.py:3722} INFO - Setting next_dagrun for example_time_delta_sensor_async to None, run_after=None
[2023-12-09T07:07:22.719+0530] {processor.py:179} INFO - Processing /home/rajabala/Desktop/projects/Airflow/airflow_env/lib/python3.9/site-packages/airflow/example_dags/example_time_delta_sensor_async.py took 0.047 seconds
[2023-12-09T07:08:07.549+0530] {processor.py:157} INFO - Started process (PID=6145) to work on /home/rajabala/Desktop/projects/Airflow/airflow_env/lib/python3.9/site-packages/airflow/example_dags/example_time_delta_sensor_async.py
[2023-12-09T07:08:07.552+0530] {processor.py:829} INFO - Processing file /home/rajabala/Desktop/projects/Airflow/airflow_env/lib/python3.9/site-packages/airflow/example_dags/example_time_delta_sensor_async.py for tasks to queue
[2023-12-09T07:08:07.553+0530] {logging_mixin.py:154} INFO - [2023-12-09T07:08:07.552+0530] {dagbag.py:536} INFO - Filling up the DagBag from /home/rajabala/Desktop/projects/Airflow/airflow_env/lib/python3.9/site-packages/airflow/example_dags/example_time_delta_sensor_async.py
[2023-12-09T07:08:07.558+0530] {processor.py:839} INFO - DAG(s) dict_keys(['example_time_delta_sensor_async']) retrieved from /home/rajabala/Desktop/projects/Airflow/airflow_env/lib/python3.9/site-packages/airflow/example_dags/example_time_delta_sensor_async.py
[2023-12-09T07:08:07.573+0530] {logging_mixin.py:154} INFO - [2023-12-09T07:08:07.573+0530] {dag.py:2941} INFO - Sync 1 DAGs
[2023-12-09T07:08:07.581+0530] {logging_mixin.py:154} INFO - [2023-12-09T07:08:07.581+0530] {dag.py:3722} INFO - Setting next_dagrun for example_time_delta_sensor_async to None, run_after=None
[2023-12-09T07:08:07.598+0530] {processor.py:179} INFO - Processing /home/rajabala/Desktop/projects/Airflow/airflow_env/lib/python3.9/site-packages/airflow/example_dags/example_time_delta_sensor_async.py took 0.053 seconds
[2023-12-09T07:09:03.055+0530] {processor.py:157} INFO - Started process (PID=6385) to work on /home/rajabala/Desktop/projects/Airflow/airflow_env/lib/python3.9/site-packages/airflow/example_dags/example_time_delta_sensor_async.py
[2023-12-09T07:09:03.058+0530] {processor.py:829} INFO - Processing file /home/rajabala/Desktop/projects/Airflow/airflow_env/lib/python3.9/site-packages/airflow/example_dags/example_time_delta_sensor_async.py for tasks to queue
[2023-12-09T07:09:03.059+0530] {logging_mixin.py:154} INFO - [2023-12-09T07:09:03.059+0530] {dagbag.py:536} INFO - Filling up the DagBag from /home/rajabala/Desktop/projects/Airflow/airflow_env/lib/python3.9/site-packages/airflow/example_dags/example_time_delta_sensor_async.py
[2023-12-09T07:09:03.066+0530] {processor.py:839} INFO - DAG(s) dict_keys(['example_time_delta_sensor_async']) retrieved from /home/rajabala/Desktop/projects/Airflow/airflow_env/lib/python3.9/site-packages/airflow/example_dags/example_time_delta_sensor_async.py
[2023-12-09T07:09:03.078+0530] {logging_mixin.py:154} INFO - [2023-12-09T07:09:03.077+0530] {dag.py:2941} INFO - Sync 1 DAGs
[2023-12-09T07:09:03.085+0530] {logging_mixin.py:154} INFO - [2023-12-09T07:09:03.084+0530] {dag.py:3722} INFO - Setting next_dagrun for example_time_delta_sensor_async to None, run_after=None
[2023-12-09T07:09:03.099+0530] {processor.py:179} INFO - Processing /home/rajabala/Desktop/projects/Airflow/airflow_env/lib/python3.9/site-packages/airflow/example_dags/example_time_delta_sensor_async.py took 0.046 seconds
[2023-12-09T07:09:47.891+0530] {processor.py:157} INFO - Started process (PID=6690) to work on /home/rajabala/Desktop/projects/Airflow/airflow_env/lib/python3.9/site-packages/airflow/example_dags/example_time_delta_sensor_async.py
[2023-12-09T07:09:47.894+0530] {processor.py:829} INFO - Processing file /home/rajabala/Desktop/projects/Airflow/airflow_env/lib/python3.9/site-packages/airflow/example_dags/example_time_delta_sensor_async.py for tasks to queue
[2023-12-09T07:09:47.895+0530] {logging_mixin.py:154} INFO - [2023-12-09T07:09:47.895+0530] {dagbag.py:536} INFO - Filling up the DagBag from /home/rajabala/Desktop/projects/Airflow/airflow_env/lib/python3.9/site-packages/airflow/example_dags/example_time_delta_sensor_async.py
[2023-12-09T07:09:47.899+0530] {processor.py:839} INFO - DAG(s) dict_keys(['example_time_delta_sensor_async']) retrieved from /home/rajabala/Desktop/projects/Airflow/airflow_env/lib/python3.9/site-packages/airflow/example_dags/example_time_delta_sensor_async.py
[2023-12-09T07:09:47.911+0530] {logging_mixin.py:154} INFO - [2023-12-09T07:09:47.911+0530] {dag.py:2941} INFO - Sync 1 DAGs
[2023-12-09T07:09:47.920+0530] {logging_mixin.py:154} INFO - [2023-12-09T07:09:47.919+0530] {dag.py:3722} INFO - Setting next_dagrun for example_time_delta_sensor_async to None, run_after=None
[2023-12-09T07:09:47.937+0530] {processor.py:179} INFO - Processing /home/rajabala/Desktop/projects/Airflow/airflow_env/lib/python3.9/site-packages/airflow/example_dags/example_time_delta_sensor_async.py took 0.049 seconds
