[2023-12-09T07:06:03.055+0530] {processor.py:157} INFO - Started process (PID=4887) to work on /home/rajabala/Desktop/projects/Airflow/airflow_env/lib/python3.9/site-packages/airflow/example_dags/example_dynamic_task_mapping.py
[2023-12-09T07:06:03.057+0530] {processor.py:829} INFO - Processing file /home/rajabala/Desktop/projects/Airflow/airflow_env/lib/python3.9/site-packages/airflow/example_dags/example_dynamic_task_mapping.py for tasks to queue
[2023-12-09T07:06:03.058+0530] {logging_mixin.py:154} INFO - [2023-12-09T07:06:03.057+0530] {dagbag.py:536} INFO - Filling up the DagBag from /home/rajabala/Desktop/projects/Airflow/airflow_env/lib/python3.9/site-packages/airflow/example_dags/example_dynamic_task_mapping.py
[2023-12-09T07:06:03.068+0530] {processor.py:839} INFO - DAG(s) dict_keys(['example_dynamic_task_mapping']) retrieved from /home/rajabala/Desktop/projects/Airflow/airflow_env/lib/python3.9/site-packages/airflow/example_dags/example_dynamic_task_mapping.py
[2023-12-09T07:06:03.137+0530] {logging_mixin.py:154} INFO - [2023-12-09T07:06:03.137+0530] {manager.py:499} INFO - Created Permission View: %s
[2023-12-09T07:06:03.146+0530] {logging_mixin.py:154} INFO - [2023-12-09T07:06:03.146+0530] {manager.py:499} INFO - Created Permission View: %s
[2023-12-09T07:06:03.152+0530] {logging_mixin.py:154} INFO - [2023-12-09T07:06:03.152+0530] {manager.py:499} INFO - Created Permission View: %s
[2023-12-09T07:06:03.152+0530] {logging_mixin.py:154} INFO - [2023-12-09T07:06:03.152+0530] {dag.py:2941} INFO - Sync 1 DAGs
[2023-12-09T07:06:03.159+0530] {logging_mixin.py:154} INFO - [2023-12-09T07:06:03.159+0530] {dag.py:2963} INFO - Creating ORM DAG for example_dynamic_task_mapping
[2023-12-09T07:06:03.165+0530] {logging_mixin.py:154} INFO - [2023-12-09T07:06:03.165+0530] {dag.py:3722} INFO - Setting next_dagrun for example_dynamic_task_mapping to 2022-03-04T00:00:00+00:00, run_after=2022-03-05T00:00:00+00:00
[2023-12-09T07:06:03.179+0530] {processor.py:179} INFO - Processing /home/rajabala/Desktop/projects/Airflow/airflow_env/lib/python3.9/site-packages/airflow/example_dags/example_dynamic_task_mapping.py took 0.127 seconds
[2023-12-09T07:06:54.113+0530] {processor.py:157} INFO - Started process (PID=5703) to work on /home/rajabala/Desktop/projects/Airflow/airflow_env/lib/python3.9/site-packages/airflow/example_dags/example_dynamic_task_mapping.py
[2023-12-09T07:06:54.116+0530] {processor.py:829} INFO - Processing file /home/rajabala/Desktop/projects/Airflow/airflow_env/lib/python3.9/site-packages/airflow/example_dags/example_dynamic_task_mapping.py for tasks to queue
[2023-12-09T07:06:54.118+0530] {logging_mixin.py:154} INFO - [2023-12-09T07:06:54.117+0530] {dagbag.py:536} INFO - Filling up the DagBag from /home/rajabala/Desktop/projects/Airflow/airflow_env/lib/python3.9/site-packages/airflow/example_dags/example_dynamic_task_mapping.py
[2023-12-09T07:06:54.125+0530] {processor.py:839} INFO - DAG(s) dict_keys(['example_dynamic_task_mapping']) retrieved from /home/rajabala/Desktop/projects/Airflow/airflow_env/lib/python3.9/site-packages/airflow/example_dags/example_dynamic_task_mapping.py
[2023-12-09T07:06:54.139+0530] {logging_mixin.py:154} INFO - [2023-12-09T07:06:54.138+0530] {dag.py:2941} INFO - Sync 1 DAGs
[2023-12-09T07:06:54.158+0530] {logging_mixin.py:154} INFO - [2023-12-09T07:06:54.157+0530] {dag.py:3722} INFO - Setting next_dagrun for example_dynamic_task_mapping to 2022-03-04T00:00:00+00:00, run_after=2022-03-05T00:00:00+00:00
[2023-12-09T07:06:54.177+0530] {processor.py:179} INFO - Processing /home/rajabala/Desktop/projects/Airflow/airflow_env/lib/python3.9/site-packages/airflow/example_dags/example_dynamic_task_mapping.py took 0.067 seconds
[2023-12-09T07:07:31.828+0530] {processor.py:157} INFO - Started process (PID=5893) to work on /home/rajabala/Desktop/projects/Airflow/airflow_env/lib/python3.9/site-packages/airflow/example_dags/example_dynamic_task_mapping.py
[2023-12-09T07:07:31.831+0530] {processor.py:829} INFO - Processing file /home/rajabala/Desktop/projects/Airflow/airflow_env/lib/python3.9/site-packages/airflow/example_dags/example_dynamic_task_mapping.py for tasks to queue
[2023-12-09T07:07:31.832+0530] {logging_mixin.py:154} INFO - [2023-12-09T07:07:31.831+0530] {dagbag.py:536} INFO - Filling up the DagBag from /home/rajabala/Desktop/projects/Airflow/airflow_env/lib/python3.9/site-packages/airflow/example_dags/example_dynamic_task_mapping.py
[2023-12-09T07:07:31.841+0530] {processor.py:839} INFO - DAG(s) dict_keys(['example_dynamic_task_mapping']) retrieved from /home/rajabala/Desktop/projects/Airflow/airflow_env/lib/python3.9/site-packages/airflow/example_dags/example_dynamic_task_mapping.py
[2023-12-09T07:07:31.851+0530] {logging_mixin.py:154} INFO - [2023-12-09T07:07:31.851+0530] {dag.py:2941} INFO - Sync 1 DAGs
[2023-12-09T07:07:31.867+0530] {logging_mixin.py:154} INFO - [2023-12-09T07:07:31.867+0530] {dag.py:3722} INFO - Setting next_dagrun for example_dynamic_task_mapping to 2022-03-04T00:00:00+00:00, run_after=2022-03-05T00:00:00+00:00
[2023-12-09T07:07:31.888+0530] {processor.py:179} INFO - Processing /home/rajabala/Desktop/projects/Airflow/airflow_env/lib/python3.9/site-packages/airflow/example_dags/example_dynamic_task_mapping.py took 0.064 seconds
[2023-12-09T07:08:15.338+0530] {processor.py:157} INFO - Started process (PID=6158) to work on /home/rajabala/Desktop/projects/Airflow/airflow_env/lib/python3.9/site-packages/airflow/example_dags/example_dynamic_task_mapping.py
[2023-12-09T07:08:15.341+0530] {processor.py:829} INFO - Processing file /home/rajabala/Desktop/projects/Airflow/airflow_env/lib/python3.9/site-packages/airflow/example_dags/example_dynamic_task_mapping.py for tasks to queue
[2023-12-09T07:08:15.342+0530] {logging_mixin.py:154} INFO - [2023-12-09T07:08:15.342+0530] {dagbag.py:536} INFO - Filling up the DagBag from /home/rajabala/Desktop/projects/Airflow/airflow_env/lib/python3.9/site-packages/airflow/example_dags/example_dynamic_task_mapping.py
[2023-12-09T07:08:15.350+0530] {processor.py:839} INFO - DAG(s) dict_keys(['example_dynamic_task_mapping']) retrieved from /home/rajabala/Desktop/projects/Airflow/airflow_env/lib/python3.9/site-packages/airflow/example_dags/example_dynamic_task_mapping.py
[2023-12-09T07:08:15.364+0530] {logging_mixin.py:154} INFO - [2023-12-09T07:08:15.364+0530] {dag.py:2941} INFO - Sync 1 DAGs
[2023-12-09T07:08:15.381+0530] {logging_mixin.py:154} INFO - [2023-12-09T07:08:15.381+0530] {dag.py:3722} INFO - Setting next_dagrun for example_dynamic_task_mapping to 2022-03-04T00:00:00+00:00, run_after=2022-03-05T00:00:00+00:00
[2023-12-09T07:08:15.402+0530] {processor.py:179} INFO - Processing /home/rajabala/Desktop/projects/Airflow/airflow_env/lib/python3.9/site-packages/airflow/example_dags/example_dynamic_task_mapping.py took 0.067 seconds
[2023-12-09T07:08:59.513+0530] {processor.py:157} INFO - Started process (PID=6369) to work on /home/rajabala/Desktop/projects/Airflow/airflow_env/lib/python3.9/site-packages/airflow/example_dags/example_dynamic_task_mapping.py
[2023-12-09T07:08:59.514+0530] {processor.py:829} INFO - Processing file /home/rajabala/Desktop/projects/Airflow/airflow_env/lib/python3.9/site-packages/airflow/example_dags/example_dynamic_task_mapping.py for tasks to queue
[2023-12-09T07:08:59.515+0530] {logging_mixin.py:154} INFO - [2023-12-09T07:08:59.515+0530] {dagbag.py:536} INFO - Filling up the DagBag from /home/rajabala/Desktop/projects/Airflow/airflow_env/lib/python3.9/site-packages/airflow/example_dags/example_dynamic_task_mapping.py
[2023-12-09T07:08:59.521+0530] {processor.py:839} INFO - DAG(s) dict_keys(['example_dynamic_task_mapping']) retrieved from /home/rajabala/Desktop/projects/Airflow/airflow_env/lib/python3.9/site-packages/airflow/example_dags/example_dynamic_task_mapping.py
[2023-12-09T07:08:59.531+0530] {logging_mixin.py:154} INFO - [2023-12-09T07:08:59.531+0530] {dag.py:2941} INFO - Sync 1 DAGs
[2023-12-09T07:08:59.544+0530] {logging_mixin.py:154} INFO - [2023-12-09T07:08:59.544+0530] {dag.py:3722} INFO - Setting next_dagrun for example_dynamic_task_mapping to 2022-03-04T00:00:00+00:00, run_after=2022-03-05T00:00:00+00:00
[2023-12-09T07:08:59.559+0530] {processor.py:179} INFO - Processing /home/rajabala/Desktop/projects/Airflow/airflow_env/lib/python3.9/site-packages/airflow/example_dags/example_dynamic_task_mapping.py took 0.048 seconds
[2023-12-09T07:09:45.222+0530] {processor.py:157} INFO - Started process (PID=6678) to work on /home/rajabala/Desktop/projects/Airflow/airflow_env/lib/python3.9/site-packages/airflow/example_dags/example_dynamic_task_mapping.py
[2023-12-09T07:09:45.225+0530] {processor.py:829} INFO - Processing file /home/rajabala/Desktop/projects/Airflow/airflow_env/lib/python3.9/site-packages/airflow/example_dags/example_dynamic_task_mapping.py for tasks to queue
[2023-12-09T07:09:45.226+0530] {logging_mixin.py:154} INFO - [2023-12-09T07:09:45.226+0530] {dagbag.py:536} INFO - Filling up the DagBag from /home/rajabala/Desktop/projects/Airflow/airflow_env/lib/python3.9/site-packages/airflow/example_dags/example_dynamic_task_mapping.py
[2023-12-09T07:09:45.233+0530] {processor.py:839} INFO - DAG(s) dict_keys(['example_dynamic_task_mapping']) retrieved from /home/rajabala/Desktop/projects/Airflow/airflow_env/lib/python3.9/site-packages/airflow/example_dags/example_dynamic_task_mapping.py
[2023-12-09T07:09:45.246+0530] {logging_mixin.py:154} INFO - [2023-12-09T07:09:45.246+0530] {dag.py:2941} INFO - Sync 1 DAGs
[2023-12-09T07:09:45.264+0530] {logging_mixin.py:154} INFO - [2023-12-09T07:09:45.264+0530] {dag.py:3722} INFO - Setting next_dagrun for example_dynamic_task_mapping to 2022-03-04T00:00:00+00:00, run_after=2022-03-05T00:00:00+00:00
[2023-12-09T07:09:45.285+0530] {processor.py:179} INFO - Processing /home/rajabala/Desktop/projects/Airflow/airflow_env/lib/python3.9/site-packages/airflow/example_dags/example_dynamic_task_mapping.py took 0.065 seconds
