[2023-12-09T07:06:42.822+0530] {processor.py:157} INFO - Started process (PID=5560) to work on /home/rajabala/Desktop/projects/Airflow/airflow_env/lib/python3.9/site-packages/airflow/example_dags/example_branch_operator.py
[2023-12-09T07:06:42.822+0530] {processor.py:829} INFO - Processing file /home/rajabala/Desktop/projects/Airflow/airflow_env/lib/python3.9/site-packages/airflow/example_dags/example_branch_operator.py for tasks to queue
[2023-12-09T07:06:42.823+0530] {logging_mixin.py:154} INFO - [2023-12-09T07:06:42.823+0530] {dagbag.py:536} INFO - Filling up the DagBag from /home/rajabala/Desktop/projects/Airflow/airflow_env/lib/python3.9/site-packages/airflow/example_dags/example_branch_operator.py
[2023-12-09T07:06:42.833+0530] {processor.py:839} INFO - DAG(s) dict_keys(['example_branch_operator']) retrieved from /home/rajabala/Desktop/projects/Airflow/airflow_env/lib/python3.9/site-packages/airflow/example_dags/example_branch_operator.py
[2023-12-09T07:06:42.945+0530] {logging_mixin.py:154} INFO - [2023-12-09T07:06:42.944+0530] {manager.py:499} INFO - Created Permission View: %s
[2023-12-09T07:06:42.959+0530] {logging_mixin.py:154} INFO - [2023-12-09T07:06:42.958+0530] {manager.py:499} INFO - Created Permission View: %s
[2023-12-09T07:06:42.968+0530] {logging_mixin.py:154} INFO - [2023-12-09T07:06:42.968+0530] {manager.py:499} INFO - Created Permission View: %s
[2023-12-09T07:06:42.969+0530] {logging_mixin.py:154} INFO - [2023-12-09T07:06:42.969+0530] {dag.py:2941} INFO - Sync 1 DAGs
[2023-12-09T07:06:42.984+0530] {logging_mixin.py:154} INFO - [2023-12-09T07:06:42.983+0530] {dag.py:2963} INFO - Creating ORM DAG for example_branch_operator
[2023-12-09T07:06:42.996+0530] {logging_mixin.py:154} INFO - [2023-12-09T07:06:42.996+0530] {dag.py:3722} INFO - Setting next_dagrun for example_branch_operator to 2023-12-08T00:00:00+00:00, run_after=2023-12-09T00:00:00+00:00
[2023-12-09T07:06:43.026+0530] {processor.py:179} INFO - Processing /home/rajabala/Desktop/projects/Airflow/airflow_env/lib/python3.9/site-packages/airflow/example_dags/example_branch_operator.py took 0.207 seconds
[2023-12-09T07:07:38.141+0530] {processor.py:157} INFO - Started process (PID=5905) to work on /home/rajabala/Desktop/projects/Airflow/airflow_env/lib/python3.9/site-packages/airflow/example_dags/example_branch_operator.py
[2023-12-09T07:07:38.144+0530] {processor.py:829} INFO - Processing file /home/rajabala/Desktop/projects/Airflow/airflow_env/lib/python3.9/site-packages/airflow/example_dags/example_branch_operator.py for tasks to queue
[2023-12-09T07:07:38.145+0530] {logging_mixin.py:154} INFO - [2023-12-09T07:07:38.144+0530] {dagbag.py:536} INFO - Filling up the DagBag from /home/rajabala/Desktop/projects/Airflow/airflow_env/lib/python3.9/site-packages/airflow/example_dags/example_branch_operator.py
[2023-12-09T07:07:38.154+0530] {processor.py:839} INFO - DAG(s) dict_keys(['example_branch_operator']) retrieved from /home/rajabala/Desktop/projects/Airflow/airflow_env/lib/python3.9/site-packages/airflow/example_dags/example_branch_operator.py
[2023-12-09T07:07:38.170+0530] {logging_mixin.py:154} INFO - [2023-12-09T07:07:38.170+0530] {dag.py:2941} INFO - Sync 1 DAGs
[2023-12-09T07:07:38.190+0530] {logging_mixin.py:154} INFO - [2023-12-09T07:07:38.190+0530] {dag.py:3722} INFO - Setting next_dagrun for example_branch_operator to 2023-12-08T00:00:00+00:00, run_after=2023-12-09T00:00:00+00:00
[2023-12-09T07:07:38.210+0530] {processor.py:179} INFO - Processing /home/rajabala/Desktop/projects/Airflow/airflow_env/lib/python3.9/site-packages/airflow/example_dags/example_branch_operator.py took 0.073 seconds
[2023-12-09T07:08:21.614+0530] {processor.py:157} INFO - Started process (PID=6233) to work on /home/rajabala/Desktop/projects/Airflow/airflow_env/lib/python3.9/site-packages/airflow/example_dags/example_branch_operator.py
[2023-12-09T07:08:21.615+0530] {processor.py:829} INFO - Processing file /home/rajabala/Desktop/projects/Airflow/airflow_env/lib/python3.9/site-packages/airflow/example_dags/example_branch_operator.py for tasks to queue
[2023-12-09T07:08:21.616+0530] {logging_mixin.py:154} INFO - [2023-12-09T07:08:21.616+0530] {dagbag.py:536} INFO - Filling up the DagBag from /home/rajabala/Desktop/projects/Airflow/airflow_env/lib/python3.9/site-packages/airflow/example_dags/example_branch_operator.py
[2023-12-09T07:08:21.627+0530] {processor.py:839} INFO - DAG(s) dict_keys(['example_branch_operator']) retrieved from /home/rajabala/Desktop/projects/Airflow/airflow_env/lib/python3.9/site-packages/airflow/example_dags/example_branch_operator.py
[2023-12-09T07:08:21.638+0530] {logging_mixin.py:154} INFO - [2023-12-09T07:08:21.638+0530] {dag.py:2941} INFO - Sync 1 DAGs
[2023-12-09T07:08:21.652+0530] {logging_mixin.py:154} INFO - [2023-12-09T07:08:21.652+0530] {dag.py:3722} INFO - Setting next_dagrun for example_branch_operator to 2023-12-08T00:00:00+00:00, run_after=2023-12-09T00:00:00+00:00
[2023-12-09T07:08:21.667+0530] {processor.py:179} INFO - Processing /home/rajabala/Desktop/projects/Airflow/airflow_env/lib/python3.9/site-packages/airflow/example_dags/example_branch_operator.py took 0.057 seconds
[2023-12-09T07:09:09.488+0530] {processor.py:157} INFO - Started process (PID=6396) to work on /home/rajabala/Desktop/projects/Airflow/airflow_env/lib/python3.9/site-packages/airflow/example_dags/example_branch_operator.py
[2023-12-09T07:09:09.490+0530] {processor.py:829} INFO - Processing file /home/rajabala/Desktop/projects/Airflow/airflow_env/lib/python3.9/site-packages/airflow/example_dags/example_branch_operator.py for tasks to queue
[2023-12-09T07:09:09.491+0530] {logging_mixin.py:154} INFO - [2023-12-09T07:09:09.490+0530] {dagbag.py:536} INFO - Filling up the DagBag from /home/rajabala/Desktop/projects/Airflow/airflow_env/lib/python3.9/site-packages/airflow/example_dags/example_branch_operator.py
[2023-12-09T07:09:09.502+0530] {processor.py:839} INFO - DAG(s) dict_keys(['example_branch_operator']) retrieved from /home/rajabala/Desktop/projects/Airflow/airflow_env/lib/python3.9/site-packages/airflow/example_dags/example_branch_operator.py
[2023-12-09T07:09:09.520+0530] {logging_mixin.py:154} INFO - [2023-12-09T07:09:09.519+0530] {dag.py:2941} INFO - Sync 1 DAGs
[2023-12-09T07:09:09.538+0530] {logging_mixin.py:154} INFO - [2023-12-09T07:09:09.538+0530] {dag.py:3722} INFO - Setting next_dagrun for example_branch_operator to 2023-12-08T00:00:00+00:00, run_after=2023-12-09T00:00:00+00:00
[2023-12-09T07:09:09.555+0530] {processor.py:179} INFO - Processing /home/rajabala/Desktop/projects/Airflow/airflow_env/lib/python3.9/site-packages/airflow/example_dags/example_branch_operator.py took 0.070 seconds
[2023-12-09T07:09:53.694+0530] {processor.py:157} INFO - Started process (PID=6737) to work on /home/rajabala/Desktop/projects/Airflow/airflow_env/lib/python3.9/site-packages/airflow/example_dags/example_branch_operator.py
[2023-12-09T07:09:53.695+0530] {processor.py:829} INFO - Processing file /home/rajabala/Desktop/projects/Airflow/airflow_env/lib/python3.9/site-packages/airflow/example_dags/example_branch_operator.py for tasks to queue
[2023-12-09T07:09:53.696+0530] {logging_mixin.py:154} INFO - [2023-12-09T07:09:53.696+0530] {dagbag.py:536} INFO - Filling up the DagBag from /home/rajabala/Desktop/projects/Airflow/airflow_env/lib/python3.9/site-packages/airflow/example_dags/example_branch_operator.py
[2023-12-09T07:09:53.706+0530] {processor.py:839} INFO - DAG(s) dict_keys(['example_branch_operator']) retrieved from /home/rajabala/Desktop/projects/Airflow/airflow_env/lib/python3.9/site-packages/airflow/example_dags/example_branch_operator.py
[2023-12-09T07:09:53.725+0530] {logging_mixin.py:154} INFO - [2023-12-09T07:09:53.725+0530] {dag.py:2941} INFO - Sync 1 DAGs
[2023-12-09T07:09:53.749+0530] {logging_mixin.py:154} INFO - [2023-12-09T07:09:53.749+0530] {dag.py:3722} INFO - Setting next_dagrun for example_branch_operator to 2023-12-08T00:00:00+00:00, run_after=2023-12-09T00:00:00+00:00
[2023-12-09T07:09:53.775+0530] {processor.py:179} INFO - Processing /home/rajabala/Desktop/projects/Airflow/airflow_env/lib/python3.9/site-packages/airflow/example_dags/example_branch_operator.py took 0.084 seconds
