[2023-12-09T07:06:34.916+0530] {processor.py:157} INFO - Started process (PID=5444) to work on /home/rajabala/Desktop/projects/Airflow/airflow_env/lib/python3.9/site-packages/airflow/example_dags/example_branch_labels.py
[2023-12-09T07:06:34.917+0530] {processor.py:829} INFO - Processing file /home/rajabala/Desktop/projects/Airflow/airflow_env/lib/python3.9/site-packages/airflow/example_dags/example_branch_labels.py for tasks to queue
[2023-12-09T07:06:34.918+0530] {logging_mixin.py:154} INFO - [2023-12-09T07:06:34.917+0530] {dagbag.py:536} INFO - Filling up the DagBag from /home/rajabala/Desktop/projects/Airflow/airflow_env/lib/python3.9/site-packages/airflow/example_dags/example_branch_labels.py
[2023-12-09T07:06:34.927+0530] {processor.py:839} INFO - DAG(s) dict_keys(['example_branch_labels']) retrieved from /home/rajabala/Desktop/projects/Airflow/airflow_env/lib/python3.9/site-packages/airflow/example_dags/example_branch_labels.py
[2023-12-09T07:06:35.039+0530] {logging_mixin.py:154} INFO - [2023-12-09T07:06:35.039+0530] {manager.py:499} INFO - Created Permission View: %s
[2023-12-09T07:06:35.056+0530] {logging_mixin.py:154} INFO - [2023-12-09T07:06:35.055+0530] {manager.py:499} INFO - Created Permission View: %s
[2023-12-09T07:06:35.071+0530] {logging_mixin.py:154} INFO - [2023-12-09T07:06:35.070+0530] {manager.py:499} INFO - Created Permission View: %s
[2023-12-09T07:06:35.072+0530] {logging_mixin.py:154} INFO - [2023-12-09T07:06:35.071+0530] {dag.py:2941} INFO - Sync 1 DAGs
[2023-12-09T07:06:35.086+0530] {logging_mixin.py:154} INFO - [2023-12-09T07:06:35.086+0530] {dag.py:2963} INFO - Creating ORM DAG for example_branch_labels
[2023-12-09T07:06:35.102+0530] {logging_mixin.py:154} INFO - [2023-12-09T07:06:35.102+0530] {dag.py:3722} INFO - Setting next_dagrun for example_branch_labels to 2023-12-08T00:00:00+00:00, run_after=2023-12-09T00:00:00+00:00
[2023-12-09T07:06:35.133+0530] {processor.py:179} INFO - Processing /home/rajabala/Desktop/projects/Airflow/airflow_env/lib/python3.9/site-packages/airflow/example_dags/example_branch_labels.py took 0.220 seconds
[2023-12-09T07:07:23.818+0530] {processor.py:157} INFO - Started process (PID=5872) to work on /home/rajabala/Desktop/projects/Airflow/airflow_env/lib/python3.9/site-packages/airflow/example_dags/example_branch_labels.py
[2023-12-09T07:07:23.821+0530] {processor.py:829} INFO - Processing file /home/rajabala/Desktop/projects/Airflow/airflow_env/lib/python3.9/site-packages/airflow/example_dags/example_branch_labels.py for tasks to queue
[2023-12-09T07:07:23.822+0530] {logging_mixin.py:154} INFO - [2023-12-09T07:07:23.822+0530] {dagbag.py:536} INFO - Filling up the DagBag from /home/rajabala/Desktop/projects/Airflow/airflow_env/lib/python3.9/site-packages/airflow/example_dags/example_branch_labels.py
[2023-12-09T07:07:23.832+0530] {processor.py:839} INFO - DAG(s) dict_keys(['example_branch_labels']) retrieved from /home/rajabala/Desktop/projects/Airflow/airflow_env/lib/python3.9/site-packages/airflow/example_dags/example_branch_labels.py
[2023-12-09T07:07:23.843+0530] {logging_mixin.py:154} INFO - [2023-12-09T07:07:23.843+0530] {dag.py:2941} INFO - Sync 1 DAGs
[2023-12-09T07:07:23.857+0530] {logging_mixin.py:154} INFO - [2023-12-09T07:07:23.857+0530] {dag.py:3722} INFO - Setting next_dagrun for example_branch_labels to 2023-12-08T00:00:00+00:00, run_after=2023-12-09T00:00:00+00:00
[2023-12-09T07:07:23.872+0530] {processor.py:179} INFO - Processing /home/rajabala/Desktop/projects/Airflow/airflow_env/lib/python3.9/site-packages/airflow/example_dags/example_branch_labels.py took 0.056 seconds
[2023-12-09T07:08:07.878+0530] {processor.py:157} INFO - Started process (PID=6146) to work on /home/rajabala/Desktop/projects/Airflow/airflow_env/lib/python3.9/site-packages/airflow/example_dags/example_branch_labels.py
[2023-12-09T07:08:07.881+0530] {processor.py:829} INFO - Processing file /home/rajabala/Desktop/projects/Airflow/airflow_env/lib/python3.9/site-packages/airflow/example_dags/example_branch_labels.py for tasks to queue
[2023-12-09T07:08:07.882+0530] {logging_mixin.py:154} INFO - [2023-12-09T07:08:07.882+0530] {dagbag.py:536} INFO - Filling up the DagBag from /home/rajabala/Desktop/projects/Airflow/airflow_env/lib/python3.9/site-packages/airflow/example_dags/example_branch_labels.py
[2023-12-09T07:08:07.892+0530] {processor.py:839} INFO - DAG(s) dict_keys(['example_branch_labels']) retrieved from /home/rajabala/Desktop/projects/Airflow/airflow_env/lib/python3.9/site-packages/airflow/example_dags/example_branch_labels.py
[2023-12-09T07:08:07.903+0530] {logging_mixin.py:154} INFO - [2023-12-09T07:08:07.903+0530] {dag.py:2941} INFO - Sync 1 DAGs
[2023-12-09T07:08:07.918+0530] {logging_mixin.py:154} INFO - [2023-12-09T07:08:07.918+0530] {dag.py:3722} INFO - Setting next_dagrun for example_branch_labels to 2023-12-08T00:00:00+00:00, run_after=2023-12-09T00:00:00+00:00
[2023-12-09T07:08:07.933+0530] {processor.py:179} INFO - Processing /home/rajabala/Desktop/projects/Airflow/airflow_env/lib/python3.9/site-packages/airflow/example_dags/example_branch_labels.py took 0.059 seconds
[2023-12-09T07:09:04.191+0530] {processor.py:157} INFO - Started process (PID=6388) to work on /home/rajabala/Desktop/projects/Airflow/airflow_env/lib/python3.9/site-packages/airflow/example_dags/example_branch_labels.py
[2023-12-09T07:09:04.195+0530] {processor.py:829} INFO - Processing file /home/rajabala/Desktop/projects/Airflow/airflow_env/lib/python3.9/site-packages/airflow/example_dags/example_branch_labels.py for tasks to queue
[2023-12-09T07:09:04.196+0530] {logging_mixin.py:154} INFO - [2023-12-09T07:09:04.195+0530] {dagbag.py:536} INFO - Filling up the DagBag from /home/rajabala/Desktop/projects/Airflow/airflow_env/lib/python3.9/site-packages/airflow/example_dags/example_branch_labels.py
[2023-12-09T07:09:04.206+0530] {processor.py:839} INFO - DAG(s) dict_keys(['example_branch_labels']) retrieved from /home/rajabala/Desktop/projects/Airflow/airflow_env/lib/python3.9/site-packages/airflow/example_dags/example_branch_labels.py
[2023-12-09T07:09:04.219+0530] {logging_mixin.py:154} INFO - [2023-12-09T07:09:04.219+0530] {dag.py:2941} INFO - Sync 1 DAGs
[2023-12-09T07:09:04.237+0530] {logging_mixin.py:154} INFO - [2023-12-09T07:09:04.237+0530] {dag.py:3722} INFO - Setting next_dagrun for example_branch_labels to 2023-12-08T00:00:00+00:00, run_after=2023-12-09T00:00:00+00:00
[2023-12-09T07:09:04.252+0530] {processor.py:179} INFO - Processing /home/rajabala/Desktop/projects/Airflow/airflow_env/lib/python3.9/site-packages/airflow/example_dags/example_branch_labels.py took 0.062 seconds
[2023-12-09T07:09:49.030+0530] {processor.py:157} INFO - Started process (PID=6692) to work on /home/rajabala/Desktop/projects/Airflow/airflow_env/lib/python3.9/site-packages/airflow/example_dags/example_branch_labels.py
[2023-12-09T07:09:49.033+0530] {processor.py:829} INFO - Processing file /home/rajabala/Desktop/projects/Airflow/airflow_env/lib/python3.9/site-packages/airflow/example_dags/example_branch_labels.py for tasks to queue
[2023-12-09T07:09:49.033+0530] {logging_mixin.py:154} INFO - [2023-12-09T07:09:49.033+0530] {dagbag.py:536} INFO - Filling up the DagBag from /home/rajabala/Desktop/projects/Airflow/airflow_env/lib/python3.9/site-packages/airflow/example_dags/example_branch_labels.py
[2023-12-09T07:09:49.042+0530] {processor.py:839} INFO - DAG(s) dict_keys(['example_branch_labels']) retrieved from /home/rajabala/Desktop/projects/Airflow/airflow_env/lib/python3.9/site-packages/airflow/example_dags/example_branch_labels.py
[2023-12-09T07:09:49.055+0530] {logging_mixin.py:154} INFO - [2023-12-09T07:09:49.054+0530] {dag.py:2941} INFO - Sync 1 DAGs
[2023-12-09T07:09:49.070+0530] {logging_mixin.py:154} INFO - [2023-12-09T07:09:49.070+0530] {dag.py:3722} INFO - Setting next_dagrun for example_branch_labels to 2023-12-08T00:00:00+00:00, run_after=2023-12-09T00:00:00+00:00
[2023-12-09T07:09:49.085+0530] {processor.py:179} INFO - Processing /home/rajabala/Desktop/projects/Airflow/airflow_env/lib/python3.9/site-packages/airflow/example_dags/example_branch_labels.py took 0.059 seconds
