[2023-12-09T07:06:33.406+0530] {processor.py:157} INFO - Started process (PID=5414) to work on /home/rajabala/Desktop/projects/Airflow/airflow_env/lib/python3.9/site-packages/airflow/example_dags/example_latest_only_with_trigger.py
[2023-12-09T07:06:33.407+0530] {processor.py:829} INFO - Processing file /home/rajabala/Desktop/projects/Airflow/airflow_env/lib/python3.9/site-packages/airflow/example_dags/example_latest_only_with_trigger.py for tasks to queue
[2023-12-09T07:06:33.408+0530] {logging_mixin.py:154} INFO - [2023-12-09T07:06:33.408+0530] {dagbag.py:536} INFO - Filling up the DagBag from /home/rajabala/Desktop/projects/Airflow/airflow_env/lib/python3.9/site-packages/airflow/example_dags/example_latest_only_with_trigger.py
[2023-12-09T07:06:33.414+0530] {processor.py:839} INFO - DAG(s) dict_keys(['latest_only_with_trigger']) retrieved from /home/rajabala/Desktop/projects/Airflow/airflow_env/lib/python3.9/site-packages/airflow/example_dags/example_latest_only_with_trigger.py
[2023-12-09T07:06:33.530+0530] {logging_mixin.py:154} INFO - [2023-12-09T07:06:33.529+0530] {manager.py:499} INFO - Created Permission View: %s
[2023-12-09T07:06:33.560+0530] {logging_mixin.py:154} INFO - [2023-12-09T07:06:33.560+0530] {manager.py:499} INFO - Created Permission View: %s
[2023-12-09T07:06:33.569+0530] {logging_mixin.py:154} INFO - [2023-12-09T07:06:33.569+0530] {manager.py:499} INFO - Created Permission View: %s
[2023-12-09T07:06:33.570+0530] {logging_mixin.py:154} INFO - [2023-12-09T07:06:33.570+0530] {dag.py:2941} INFO - Sync 1 DAGs
[2023-12-09T07:06:33.581+0530] {logging_mixin.py:154} INFO - [2023-12-09T07:06:33.581+0530] {dag.py:2963} INFO - Creating ORM DAG for latest_only_with_trigger
[2023-12-09T07:06:33.591+0530] {logging_mixin.py:154} INFO - [2023-12-09T07:06:33.591+0530] {dag.py:3722} INFO - Setting next_dagrun for latest_only_with_trigger to 2023-12-08T21:36:33.591296+00:00, run_after=2023-12-09T01:36:33.591296+00:00
[2023-12-09T07:06:33.612+0530] {processor.py:179} INFO - Processing /home/rajabala/Desktop/projects/Airflow/airflow_env/lib/python3.9/site-packages/airflow/example_dags/example_latest_only_with_trigger.py took 0.210 seconds
[2023-12-09T07:07:21.522+0530] {processor.py:157} INFO - Started process (PID=5870) to work on /home/rajabala/Desktop/projects/Airflow/airflow_env/lib/python3.9/site-packages/airflow/example_dags/example_latest_only_with_trigger.py
[2023-12-09T07:07:21.525+0530] {processor.py:829} INFO - Processing file /home/rajabala/Desktop/projects/Airflow/airflow_env/lib/python3.9/site-packages/airflow/example_dags/example_latest_only_with_trigger.py for tasks to queue
[2023-12-09T07:07:21.526+0530] {logging_mixin.py:154} INFO - [2023-12-09T07:07:21.526+0530] {dagbag.py:536} INFO - Filling up the DagBag from /home/rajabala/Desktop/projects/Airflow/airflow_env/lib/python3.9/site-packages/airflow/example_dags/example_latest_only_with_trigger.py
[2023-12-09T07:07:21.532+0530] {processor.py:839} INFO - DAG(s) dict_keys(['latest_only_with_trigger']) retrieved from /home/rajabala/Desktop/projects/Airflow/airflow_env/lib/python3.9/site-packages/airflow/example_dags/example_latest_only_with_trigger.py
[2023-12-09T07:07:21.547+0530] {logging_mixin.py:154} INFO - [2023-12-09T07:07:21.547+0530] {dag.py:2941} INFO - Sync 1 DAGs
[2023-12-09T07:07:21.566+0530] {logging_mixin.py:154} INFO - [2023-12-09T07:07:21.566+0530] {dag.py:3722} INFO - Setting next_dagrun for latest_only_with_trigger to 2023-12-08T21:37:21.566364+00:00, run_after=2023-12-09T01:37:21.566364+00:00
[2023-12-09T07:07:21.592+0530] {processor.py:179} INFO - Processing /home/rajabala/Desktop/projects/Airflow/airflow_env/lib/python3.9/site-packages/airflow/example_dags/example_latest_only_with_trigger.py took 0.072 seconds
[2023-12-09T07:08:06.408+0530] {processor.py:157} INFO - Started process (PID=6143) to work on /home/rajabala/Desktop/projects/Airflow/airflow_env/lib/python3.9/site-packages/airflow/example_dags/example_latest_only_with_trigger.py
[2023-12-09T07:08:06.410+0530] {processor.py:829} INFO - Processing file /home/rajabala/Desktop/projects/Airflow/airflow_env/lib/python3.9/site-packages/airflow/example_dags/example_latest_only_with_trigger.py for tasks to queue
[2023-12-09T07:08:06.411+0530] {logging_mixin.py:154} INFO - [2023-12-09T07:08:06.411+0530] {dagbag.py:536} INFO - Filling up the DagBag from /home/rajabala/Desktop/projects/Airflow/airflow_env/lib/python3.9/site-packages/airflow/example_dags/example_latest_only_with_trigger.py
[2023-12-09T07:08:06.417+0530] {processor.py:839} INFO - DAG(s) dict_keys(['latest_only_with_trigger']) retrieved from /home/rajabala/Desktop/projects/Airflow/airflow_env/lib/python3.9/site-packages/airflow/example_dags/example_latest_only_with_trigger.py
[2023-12-09T07:08:06.428+0530] {logging_mixin.py:154} INFO - [2023-12-09T07:08:06.428+0530] {dag.py:2941} INFO - Sync 1 DAGs
[2023-12-09T07:08:06.441+0530] {logging_mixin.py:154} INFO - [2023-12-09T07:08:06.441+0530] {dag.py:3722} INFO - Setting next_dagrun for latest_only_with_trigger to 2023-12-08T21:38:06.440830+00:00, run_after=2023-12-09T01:38:06.440830+00:00
[2023-12-09T07:08:06.455+0530] {processor.py:179} INFO - Processing /home/rajabala/Desktop/projects/Airflow/airflow_env/lib/python3.9/site-packages/airflow/example_dags/example_latest_only_with_trigger.py took 0.050 seconds
[2023-12-09T07:08:53.556+0530] {processor.py:157} INFO - Started process (PID=6297) to work on /home/rajabala/Desktop/projects/Airflow/airflow_env/lib/python3.9/site-packages/airflow/example_dags/example_latest_only_with_trigger.py
[2023-12-09T07:08:53.559+0530] {processor.py:829} INFO - Processing file /home/rajabala/Desktop/projects/Airflow/airflow_env/lib/python3.9/site-packages/airflow/example_dags/example_latest_only_with_trigger.py for tasks to queue
[2023-12-09T07:08:53.561+0530] {logging_mixin.py:154} INFO - [2023-12-09T07:08:53.560+0530] {dagbag.py:536} INFO - Filling up the DagBag from /home/rajabala/Desktop/projects/Airflow/airflow_env/lib/python3.9/site-packages/airflow/example_dags/example_latest_only_with_trigger.py
[2023-12-09T07:08:53.568+0530] {processor.py:839} INFO - DAG(s) dict_keys(['latest_only_with_trigger']) retrieved from /home/rajabala/Desktop/projects/Airflow/airflow_env/lib/python3.9/site-packages/airflow/example_dags/example_latest_only_with_trigger.py
[2023-12-09T07:08:53.583+0530] {logging_mixin.py:154} INFO - [2023-12-09T07:08:53.583+0530] {dag.py:2941} INFO - Sync 1 DAGs
[2023-12-09T07:08:53.596+0530] {logging_mixin.py:154} INFO - [2023-12-09T07:08:53.596+0530] {dag.py:3722} INFO - Setting next_dagrun for latest_only_with_trigger to 2023-12-08T21:38:53.596567+00:00, run_after=2023-12-09T01:38:53.596567+00:00
[2023-12-09T07:08:53.622+0530] {processor.py:179} INFO - Processing /home/rajabala/Desktop/projects/Airflow/airflow_env/lib/python3.9/site-packages/airflow/example_dags/example_latest_only_with_trigger.py took 0.068 seconds
[2023-12-09T07:09:38.785+0530] {processor.py:157} INFO - Started process (PID=6668) to work on /home/rajabala/Desktop/projects/Airflow/airflow_env/lib/python3.9/site-packages/airflow/example_dags/example_latest_only_with_trigger.py
[2023-12-09T07:09:38.788+0530] {processor.py:829} INFO - Processing file /home/rajabala/Desktop/projects/Airflow/airflow_env/lib/python3.9/site-packages/airflow/example_dags/example_latest_only_with_trigger.py for tasks to queue
[2023-12-09T07:09:38.789+0530] {logging_mixin.py:154} INFO - [2023-12-09T07:09:38.789+0530] {dagbag.py:536} INFO - Filling up the DagBag from /home/rajabala/Desktop/projects/Airflow/airflow_env/lib/python3.9/site-packages/airflow/example_dags/example_latest_only_with_trigger.py
[2023-12-09T07:09:38.797+0530] {processor.py:839} INFO - DAG(s) dict_keys(['latest_only_with_trigger']) retrieved from /home/rajabala/Desktop/projects/Airflow/airflow_env/lib/python3.9/site-packages/airflow/example_dags/example_latest_only_with_trigger.py
[2023-12-09T07:09:38.809+0530] {logging_mixin.py:154} INFO - [2023-12-09T07:09:38.809+0530] {dag.py:2941} INFO - Sync 1 DAGs
[2023-12-09T07:09:38.821+0530] {logging_mixin.py:154} INFO - [2023-12-09T07:09:38.821+0530] {dag.py:3722} INFO - Setting next_dagrun for latest_only_with_trigger to 2023-12-08T21:39:38.820907+00:00, run_after=2023-12-09T01:39:38.820907+00:00
[2023-12-09T07:09:38.837+0530] {processor.py:179} INFO - Processing /home/rajabala/Desktop/projects/Airflow/airflow_env/lib/python3.9/site-packages/airflow/example_dags/example_latest_only_with_trigger.py took 0.055 seconds
