[2023-12-09T07:06:29.398+0530] {processor.py:157} INFO - Started process (PID=5364) to work on /home/rajabala/Desktop/projects/Airflow/airflow_env/lib/python3.9/site-packages/airflow/example_dags/example_trigger_target_dag.py
[2023-12-09T07:06:29.399+0530] {processor.py:829} INFO - Processing file /home/rajabala/Desktop/projects/Airflow/airflow_env/lib/python3.9/site-packages/airflow/example_dags/example_trigger_target_dag.py for tasks to queue
[2023-12-09T07:06:29.400+0530] {logging_mixin.py:154} INFO - [2023-12-09T07:06:29.399+0530] {dagbag.py:536} INFO - Filling up the DagBag from /home/rajabala/Desktop/projects/Airflow/airflow_env/lib/python3.9/site-packages/airflow/example_dags/example_trigger_target_dag.py
[2023-12-09T07:06:29.407+0530] {processor.py:839} INFO - DAG(s) dict_keys(['example_trigger_target_dag']) retrieved from /home/rajabala/Desktop/projects/Airflow/airflow_env/lib/python3.9/site-packages/airflow/example_dags/example_trigger_target_dag.py
[2023-12-09T07:06:29.481+0530] {logging_mixin.py:154} INFO - [2023-12-09T07:06:29.481+0530] {manager.py:499} INFO - Created Permission View: %s
[2023-12-09T07:06:29.490+0530] {logging_mixin.py:154} INFO - [2023-12-09T07:06:29.489+0530] {manager.py:499} INFO - Created Permission View: %s
[2023-12-09T07:06:29.496+0530] {logging_mixin.py:154} INFO - [2023-12-09T07:06:29.496+0530] {manager.py:499} INFO - Created Permission View: %s
[2023-12-09T07:06:29.497+0530] {logging_mixin.py:154} INFO - [2023-12-09T07:06:29.496+0530] {dag.py:2941} INFO - Sync 1 DAGs
[2023-12-09T07:06:29.504+0530] {logging_mixin.py:154} INFO - [2023-12-09T07:06:29.504+0530] {dag.py:2963} INFO - Creating ORM DAG for example_trigger_target_dag
[2023-12-09T07:06:29.505+0530] {logging_mixin.py:154} INFO - [2023-12-09T07:06:29.505+0530] {dag.py:3722} INFO - Setting next_dagrun for example_trigger_target_dag to None, run_after=None
[2023-12-09T07:06:29.519+0530] {processor.py:179} INFO - Processing /home/rajabala/Desktop/projects/Airflow/airflow_env/lib/python3.9/site-packages/airflow/example_dags/example_trigger_target_dag.py took 0.126 seconds
[2023-12-09T07:07:17.524+0530] {processor.py:157} INFO - Started process (PID=5841) to work on /home/rajabala/Desktop/projects/Airflow/airflow_env/lib/python3.9/site-packages/airflow/example_dags/example_trigger_target_dag.py
[2023-12-09T07:07:17.527+0530] {processor.py:829} INFO - Processing file /home/rajabala/Desktop/projects/Airflow/airflow_env/lib/python3.9/site-packages/airflow/example_dags/example_trigger_target_dag.py for tasks to queue
[2023-12-09T07:07:17.528+0530] {logging_mixin.py:154} INFO - [2023-12-09T07:07:17.527+0530] {dagbag.py:536} INFO - Filling up the DagBag from /home/rajabala/Desktop/projects/Airflow/airflow_env/lib/python3.9/site-packages/airflow/example_dags/example_trigger_target_dag.py
[2023-12-09T07:07:17.534+0530] {processor.py:839} INFO - DAG(s) dict_keys(['example_trigger_target_dag']) retrieved from /home/rajabala/Desktop/projects/Airflow/airflow_env/lib/python3.9/site-packages/airflow/example_dags/example_trigger_target_dag.py
[2023-12-09T07:07:17.545+0530] {logging_mixin.py:154} INFO - [2023-12-09T07:07:17.545+0530] {dag.py:2941} INFO - Sync 1 DAGs
[2023-12-09T07:07:17.552+0530] {logging_mixin.py:154} INFO - [2023-12-09T07:07:17.552+0530] {dag.py:3722} INFO - Setting next_dagrun for example_trigger_target_dag to None, run_after=None
[2023-12-09T07:07:17.566+0530] {processor.py:179} INFO - Processing /home/rajabala/Desktop/projects/Airflow/airflow_env/lib/python3.9/site-packages/airflow/example_dags/example_trigger_target_dag.py took 0.046 seconds
[2023-12-09T07:08:02.723+0530] {processor.py:157} INFO - Started process (PID=6138) to work on /home/rajabala/Desktop/projects/Airflow/airflow_env/lib/python3.9/site-packages/airflow/example_dags/example_trigger_target_dag.py
[2023-12-09T07:08:02.727+0530] {processor.py:829} INFO - Processing file /home/rajabala/Desktop/projects/Airflow/airflow_env/lib/python3.9/site-packages/airflow/example_dags/example_trigger_target_dag.py for tasks to queue
[2023-12-09T07:08:02.728+0530] {logging_mixin.py:154} INFO - [2023-12-09T07:08:02.728+0530] {dagbag.py:536} INFO - Filling up the DagBag from /home/rajabala/Desktop/projects/Airflow/airflow_env/lib/python3.9/site-packages/airflow/example_dags/example_trigger_target_dag.py
[2023-12-09T07:08:02.736+0530] {processor.py:839} INFO - DAG(s) dict_keys(['example_trigger_target_dag']) retrieved from /home/rajabala/Desktop/projects/Airflow/airflow_env/lib/python3.9/site-packages/airflow/example_dags/example_trigger_target_dag.py
[2023-12-09T07:08:02.746+0530] {logging_mixin.py:154} INFO - [2023-12-09T07:08:02.746+0530] {dag.py:2941} INFO - Sync 1 DAGs
[2023-12-09T07:08:02.755+0530] {logging_mixin.py:154} INFO - [2023-12-09T07:08:02.755+0530] {dag.py:3722} INFO - Setting next_dagrun for example_trigger_target_dag to None, run_after=None
[2023-12-09T07:08:02.770+0530] {processor.py:179} INFO - Processing /home/rajabala/Desktop/projects/Airflow/airflow_env/lib/python3.9/site-packages/airflow/example_dags/example_trigger_target_dag.py took 0.051 seconds
[2023-12-09T07:08:49.208+0530] {processor.py:157} INFO - Started process (PID=6285) to work on /home/rajabala/Desktop/projects/Airflow/airflow_env/lib/python3.9/site-packages/airflow/example_dags/example_trigger_target_dag.py
[2023-12-09T07:08:49.209+0530] {processor.py:829} INFO - Processing file /home/rajabala/Desktop/projects/Airflow/airflow_env/lib/python3.9/site-packages/airflow/example_dags/example_trigger_target_dag.py for tasks to queue
[2023-12-09T07:08:49.210+0530] {logging_mixin.py:154} INFO - [2023-12-09T07:08:49.210+0530] {dagbag.py:536} INFO - Filling up the DagBag from /home/rajabala/Desktop/projects/Airflow/airflow_env/lib/python3.9/site-packages/airflow/example_dags/example_trigger_target_dag.py
[2023-12-09T07:08:49.217+0530] {processor.py:839} INFO - DAG(s) dict_keys(['example_trigger_target_dag']) retrieved from /home/rajabala/Desktop/projects/Airflow/airflow_env/lib/python3.9/site-packages/airflow/example_dags/example_trigger_target_dag.py
[2023-12-09T07:08:49.231+0530] {logging_mixin.py:154} INFO - [2023-12-09T07:08:49.231+0530] {dag.py:2941} INFO - Sync 1 DAGs
[2023-12-09T07:08:49.240+0530] {logging_mixin.py:154} INFO - [2023-12-09T07:08:49.239+0530] {dag.py:3722} INFO - Setting next_dagrun for example_trigger_target_dag to None, run_after=None
[2023-12-09T07:08:49.258+0530] {processor.py:179} INFO - Processing /home/rajabala/Desktop/projects/Airflow/airflow_env/lib/python3.9/site-packages/airflow/example_dags/example_trigger_target_dag.py took 0.054 seconds
[2023-12-09T07:09:34.927+0530] {processor.py:157} INFO - Started process (PID=6658) to work on /home/rajabala/Desktop/projects/Airflow/airflow_env/lib/python3.9/site-packages/airflow/example_dags/example_trigger_target_dag.py
[2023-12-09T07:09:34.930+0530] {processor.py:829} INFO - Processing file /home/rajabala/Desktop/projects/Airflow/airflow_env/lib/python3.9/site-packages/airflow/example_dags/example_trigger_target_dag.py for tasks to queue
[2023-12-09T07:09:34.931+0530] {logging_mixin.py:154} INFO - [2023-12-09T07:09:34.930+0530] {dagbag.py:536} INFO - Filling up the DagBag from /home/rajabala/Desktop/projects/Airflow/airflow_env/lib/python3.9/site-packages/airflow/example_dags/example_trigger_target_dag.py
[2023-12-09T07:09:34.938+0530] {processor.py:839} INFO - DAG(s) dict_keys(['example_trigger_target_dag']) retrieved from /home/rajabala/Desktop/projects/Airflow/airflow_env/lib/python3.9/site-packages/airflow/example_dags/example_trigger_target_dag.py
[2023-12-09T07:09:34.949+0530] {logging_mixin.py:154} INFO - [2023-12-09T07:09:34.949+0530] {dag.py:2941} INFO - Sync 1 DAGs
[2023-12-09T07:09:34.957+0530] {logging_mixin.py:154} INFO - [2023-12-09T07:09:34.957+0530] {dag.py:3722} INFO - Setting next_dagrun for example_trigger_target_dag to None, run_after=None
[2023-12-09T07:09:34.973+0530] {processor.py:179} INFO - Processing /home/rajabala/Desktop/projects/Airflow/airflow_env/lib/python3.9/site-packages/airflow/example_dags/example_trigger_target_dag.py took 0.048 seconds
