[2023-12-09T07:06:01.808+0530] {processor.py:157} INFO - Started process (PID=4848) to work on /home/rajabala/Desktop/projects/Airflow/airflow_env/lib/python3.9/site-packages/airflow/example_dags/example_task_group.py
[2023-12-09T07:06:01.809+0530] {processor.py:829} INFO - Processing file /home/rajabala/Desktop/projects/Airflow/airflow_env/lib/python3.9/site-packages/airflow/example_dags/example_task_group.py for tasks to queue
[2023-12-09T07:06:01.811+0530] {logging_mixin.py:154} INFO - [2023-12-09T07:06:01.810+0530] {dagbag.py:536} INFO - Filling up the DagBag from /home/rajabala/Desktop/projects/Airflow/airflow_env/lib/python3.9/site-packages/airflow/example_dags/example_task_group.py
[2023-12-09T07:06:01.821+0530] {processor.py:839} INFO - DAG(s) dict_keys(['example_task_group']) retrieved from /home/rajabala/Desktop/projects/Airflow/airflow_env/lib/python3.9/site-packages/airflow/example_dags/example_task_group.py
[2023-12-09T07:06:01.893+0530] {logging_mixin.py:154} INFO - [2023-12-09T07:06:01.893+0530] {manager.py:499} INFO - Created Permission View: %s
[2023-12-09T07:06:01.902+0530] {logging_mixin.py:154} INFO - [2023-12-09T07:06:01.902+0530] {manager.py:499} INFO - Created Permission View: %s
[2023-12-09T07:06:01.908+0530] {logging_mixin.py:154} INFO - [2023-12-09T07:06:01.908+0530] {manager.py:499} INFO - Created Permission View: %s
[2023-12-09T07:06:01.909+0530] {logging_mixin.py:154} INFO - [2023-12-09T07:06:01.909+0530] {dag.py:2941} INFO - Sync 1 DAGs
[2023-12-09T07:06:01.917+0530] {logging_mixin.py:154} INFO - [2023-12-09T07:06:01.917+0530] {dag.py:2963} INFO - Creating ORM DAG for example_task_group
[2023-12-09T07:06:01.922+0530] {logging_mixin.py:154} INFO - [2023-12-09T07:06:01.922+0530] {dag.py:3722} INFO - Setting next_dagrun for example_task_group to 2023-12-08T01:36:01.922682+00:00, run_after=2023-12-09T01:36:01.922682+00:00
[2023-12-09T07:06:01.938+0530] {processor.py:179} INFO - Processing /home/rajabala/Desktop/projects/Airflow/airflow_env/lib/python3.9/site-packages/airflow/example_dags/example_task_group.py took 0.134 seconds
[2023-12-09T07:06:53.268+0530] {processor.py:157} INFO - Started process (PID=5702) to work on /home/rajabala/Desktop/projects/Airflow/airflow_env/lib/python3.9/site-packages/airflow/example_dags/example_task_group.py
[2023-12-09T07:06:53.271+0530] {processor.py:829} INFO - Processing file /home/rajabala/Desktop/projects/Airflow/airflow_env/lib/python3.9/site-packages/airflow/example_dags/example_task_group.py for tasks to queue
[2023-12-09T07:06:53.272+0530] {logging_mixin.py:154} INFO - [2023-12-09T07:06:53.271+0530] {dagbag.py:536} INFO - Filling up the DagBag from /home/rajabala/Desktop/projects/Airflow/airflow_env/lib/python3.9/site-packages/airflow/example_dags/example_task_group.py
[2023-12-09T07:06:53.279+0530] {processor.py:839} INFO - DAG(s) dict_keys(['example_task_group']) retrieved from /home/rajabala/Desktop/projects/Airflow/airflow_env/lib/python3.9/site-packages/airflow/example_dags/example_task_group.py
[2023-12-09T07:06:53.296+0530] {logging_mixin.py:154} INFO - [2023-12-09T07:06:53.296+0530] {dag.py:2941} INFO - Sync 1 DAGs
[2023-12-09T07:06:53.316+0530] {logging_mixin.py:154} INFO - [2023-12-09T07:06:53.316+0530] {dag.py:3722} INFO - Setting next_dagrun for example_task_group to 2023-12-08T01:36:53.315925+00:00, run_after=2023-12-09T01:36:53.315925+00:00
[2023-12-09T07:06:53.335+0530] {processor.py:179} INFO - Processing /home/rajabala/Desktop/projects/Airflow/airflow_env/lib/python3.9/site-packages/airflow/example_dags/example_task_group.py took 0.071 seconds
[2023-12-09T07:07:31.268+0530] {processor.py:157} INFO - Started process (PID=5892) to work on /home/rajabala/Desktop/projects/Airflow/airflow_env/lib/python3.9/site-packages/airflow/example_dags/example_task_group.py
[2023-12-09T07:07:31.271+0530] {processor.py:829} INFO - Processing file /home/rajabala/Desktop/projects/Airflow/airflow_env/lib/python3.9/site-packages/airflow/example_dags/example_task_group.py for tasks to queue
[2023-12-09T07:07:31.272+0530] {logging_mixin.py:154} INFO - [2023-12-09T07:07:31.272+0530] {dagbag.py:536} INFO - Filling up the DagBag from /home/rajabala/Desktop/projects/Airflow/airflow_env/lib/python3.9/site-packages/airflow/example_dags/example_task_group.py
[2023-12-09T07:07:31.282+0530] {processor.py:839} INFO - DAG(s) dict_keys(['example_task_group']) retrieved from /home/rajabala/Desktop/projects/Airflow/airflow_env/lib/python3.9/site-packages/airflow/example_dags/example_task_group.py
[2023-12-09T07:07:31.293+0530] {logging_mixin.py:154} INFO - [2023-12-09T07:07:31.293+0530] {dag.py:2941} INFO - Sync 1 DAGs
[2023-12-09T07:07:31.306+0530] {logging_mixin.py:154} INFO - [2023-12-09T07:07:31.306+0530] {dag.py:3722} INFO - Setting next_dagrun for example_task_group to 2023-12-08T01:37:31.306459+00:00, run_after=2023-12-09T01:37:31.306459+00:00
[2023-12-09T07:07:31.322+0530] {processor.py:179} INFO - Processing /home/rajabala/Desktop/projects/Airflow/airflow_env/lib/python3.9/site-packages/airflow/example_dags/example_task_group.py took 0.056 seconds
[2023-12-09T07:08:14.191+0530] {processor.py:157} INFO - Started process (PID=6157) to work on /home/rajabala/Desktop/projects/Airflow/airflow_env/lib/python3.9/site-packages/airflow/example_dags/example_task_group.py
[2023-12-09T07:08:14.194+0530] {processor.py:829} INFO - Processing file /home/rajabala/Desktop/projects/Airflow/airflow_env/lib/python3.9/site-packages/airflow/example_dags/example_task_group.py for tasks to queue
[2023-12-09T07:08:14.196+0530] {logging_mixin.py:154} INFO - [2023-12-09T07:08:14.195+0530] {dagbag.py:536} INFO - Filling up the DagBag from /home/rajabala/Desktop/projects/Airflow/airflow_env/lib/python3.9/site-packages/airflow/example_dags/example_task_group.py
[2023-12-09T07:08:14.204+0530] {processor.py:839} INFO - DAG(s) dict_keys(['example_task_group']) retrieved from /home/rajabala/Desktop/projects/Airflow/airflow_env/lib/python3.9/site-packages/airflow/example_dags/example_task_group.py
[2023-12-09T07:08:14.218+0530] {logging_mixin.py:154} INFO - [2023-12-09T07:08:14.218+0530] {dag.py:2941} INFO - Sync 1 DAGs
[2023-12-09T07:08:14.234+0530] {logging_mixin.py:154} INFO - [2023-12-09T07:08:14.234+0530] {dag.py:3722} INFO - Setting next_dagrun for example_task_group to 2023-12-08T01:38:14.234418+00:00, run_after=2023-12-09T01:38:14.234418+00:00
[2023-12-09T07:08:14.252+0530] {processor.py:179} INFO - Processing /home/rajabala/Desktop/projects/Airflow/airflow_env/lib/python3.9/site-packages/airflow/example_dags/example_task_group.py took 0.064 seconds
[2023-12-09T07:08:59.340+0530] {processor.py:157} INFO - Started process (PID=6368) to work on /home/rajabala/Desktop/projects/Airflow/airflow_env/lib/python3.9/site-packages/airflow/example_dags/example_task_group.py
[2023-12-09T07:08:59.343+0530] {processor.py:829} INFO - Processing file /home/rajabala/Desktop/projects/Airflow/airflow_env/lib/python3.9/site-packages/airflow/example_dags/example_task_group.py for tasks to queue
[2023-12-09T07:08:59.344+0530] {logging_mixin.py:154} INFO - [2023-12-09T07:08:59.344+0530] {dagbag.py:536} INFO - Filling up the DagBag from /home/rajabala/Desktop/projects/Airflow/airflow_env/lib/python3.9/site-packages/airflow/example_dags/example_task_group.py
[2023-12-09T07:08:59.354+0530] {processor.py:839} INFO - DAG(s) dict_keys(['example_task_group']) retrieved from /home/rajabala/Desktop/projects/Airflow/airflow_env/lib/python3.9/site-packages/airflow/example_dags/example_task_group.py
[2023-12-09T07:08:59.365+0530] {logging_mixin.py:154} INFO - [2023-12-09T07:08:59.365+0530] {dag.py:2941} INFO - Sync 1 DAGs
[2023-12-09T07:08:59.378+0530] {logging_mixin.py:154} INFO - [2023-12-09T07:08:59.377+0530] {dag.py:3722} INFO - Setting next_dagrun for example_task_group to 2023-12-08T01:38:59.377854+00:00, run_after=2023-12-09T01:38:59.377854+00:00
[2023-12-09T07:08:59.392+0530] {processor.py:179} INFO - Processing /home/rajabala/Desktop/projects/Airflow/airflow_env/lib/python3.9/site-packages/airflow/example_dags/example_task_group.py took 0.054 seconds
[2023-12-09T07:09:44.084+0530] {processor.py:157} INFO - Started process (PID=6676) to work on /home/rajabala/Desktop/projects/Airflow/airflow_env/lib/python3.9/site-packages/airflow/example_dags/example_task_group.py
[2023-12-09T07:09:44.087+0530] {processor.py:829} INFO - Processing file /home/rajabala/Desktop/projects/Airflow/airflow_env/lib/python3.9/site-packages/airflow/example_dags/example_task_group.py for tasks to queue
[2023-12-09T07:09:44.088+0530] {logging_mixin.py:154} INFO - [2023-12-09T07:09:44.087+0530] {dagbag.py:536} INFO - Filling up the DagBag from /home/rajabala/Desktop/projects/Airflow/airflow_env/lib/python3.9/site-packages/airflow/example_dags/example_task_group.py
[2023-12-09T07:09:44.097+0530] {processor.py:839} INFO - DAG(s) dict_keys(['example_task_group']) retrieved from /home/rajabala/Desktop/projects/Airflow/airflow_env/lib/python3.9/site-packages/airflow/example_dags/example_task_group.py
[2023-12-09T07:09:44.111+0530] {logging_mixin.py:154} INFO - [2023-12-09T07:09:44.111+0530] {dag.py:2941} INFO - Sync 1 DAGs
[2023-12-09T07:09:44.127+0530] {logging_mixin.py:154} INFO - [2023-12-09T07:09:44.127+0530] {dag.py:3722} INFO - Setting next_dagrun for example_task_group to 2023-12-08T01:39:44.126868+00:00, run_after=2023-12-09T01:39:44.126868+00:00
[2023-12-09T07:09:44.146+0530] {processor.py:179} INFO - Processing /home/rajabala/Desktop/projects/Airflow/airflow_env/lib/python3.9/site-packages/airflow/example_dags/example_task_group.py took 0.066 seconds
