[2023-12-09T07:05:53.326+0530] {processor.py:157} INFO - Started process (PID=4761) to work on /home/rajabala/Desktop/projects/Airflow/airflow_env/lib/python3.9/site-packages/airflow/example_dags/tutorial_taskflow_api.py
[2023-12-09T07:05:53.326+0530] {processor.py:829} INFO - Processing file /home/rajabala/Desktop/projects/Airflow/airflow_env/lib/python3.9/site-packages/airflow/example_dags/tutorial_taskflow_api.py for tasks to queue
[2023-12-09T07:05:53.327+0530] {logging_mixin.py:154} INFO - [2023-12-09T07:05:53.327+0530] {dagbag.py:536} INFO - Filling up the DagBag from /home/rajabala/Desktop/projects/Airflow/airflow_env/lib/python3.9/site-packages/airflow/example_dags/tutorial_taskflow_api.py
[2023-12-09T07:05:53.334+0530] {processor.py:839} INFO - DAG(s) dict_keys(['tutorial_taskflow_api']) retrieved from /home/rajabala/Desktop/projects/Airflow/airflow_env/lib/python3.9/site-packages/airflow/example_dags/tutorial_taskflow_api.py
[2023-12-09T07:05:53.427+0530] {logging_mixin.py:154} INFO - [2023-12-09T07:05:53.427+0530] {manager.py:499} INFO - Created Permission View: %s
[2023-12-09T07:05:53.437+0530] {logging_mixin.py:154} INFO - [2023-12-09T07:05:53.437+0530] {manager.py:499} INFO - Created Permission View: %s
[2023-12-09T07:05:53.447+0530] {logging_mixin.py:154} INFO - [2023-12-09T07:05:53.446+0530] {manager.py:499} INFO - Created Permission View: %s
[2023-12-09T07:05:53.447+0530] {logging_mixin.py:154} INFO - [2023-12-09T07:05:53.447+0530] {dag.py:2941} INFO - Sync 1 DAGs
[2023-12-09T07:05:53.458+0530] {logging_mixin.py:154} INFO - [2023-12-09T07:05:53.458+0530] {dag.py:2963} INFO - Creating ORM DAG for tutorial_taskflow_api
[2023-12-09T07:05:53.458+0530] {logging_mixin.py:154} INFO - [2023-12-09T07:05:53.458+0530] {dag.py:3722} INFO - Setting next_dagrun for tutorial_taskflow_api to None, run_after=None
[2023-12-09T07:05:53.477+0530] {processor.py:179} INFO - Processing /home/rajabala/Desktop/projects/Airflow/airflow_env/lib/python3.9/site-packages/airflow/example_dags/tutorial_taskflow_api.py took 0.154 seconds
[2023-12-09T07:06:46.617+0530] {processor.py:157} INFO - Started process (PID=5624) to work on /home/rajabala/Desktop/projects/Airflow/airflow_env/lib/python3.9/site-packages/airflow/example_dags/tutorial_taskflow_api.py
[2023-12-09T07:06:46.620+0530] {processor.py:829} INFO - Processing file /home/rajabala/Desktop/projects/Airflow/airflow_env/lib/python3.9/site-packages/airflow/example_dags/tutorial_taskflow_api.py for tasks to queue
[2023-12-09T07:06:46.621+0530] {logging_mixin.py:154} INFO - [2023-12-09T07:06:46.621+0530] {dagbag.py:536} INFO - Filling up the DagBag from /home/rajabala/Desktop/projects/Airflow/airflow_env/lib/python3.9/site-packages/airflow/example_dags/tutorial_taskflow_api.py
[2023-12-09T07:06:46.629+0530] {processor.py:839} INFO - DAG(s) dict_keys(['tutorial_taskflow_api']) retrieved from /home/rajabala/Desktop/projects/Airflow/airflow_env/lib/python3.9/site-packages/airflow/example_dags/tutorial_taskflow_api.py
[2023-12-09T07:06:46.639+0530] {logging_mixin.py:154} INFO - [2023-12-09T07:06:46.639+0530] {dag.py:2941} INFO - Sync 1 DAGs
[2023-12-09T07:06:46.646+0530] {logging_mixin.py:154} INFO - [2023-12-09T07:06:46.646+0530] {dag.py:3722} INFO - Setting next_dagrun for tutorial_taskflow_api to None, run_after=None
[2023-12-09T07:06:46.664+0530] {processor.py:179} INFO - Processing /home/rajabala/Desktop/projects/Airflow/airflow_env/lib/python3.9/site-packages/airflow/example_dags/tutorial_taskflow_api.py took 0.051 seconds
[2023-12-09T07:07:24.425+0530] {processor.py:157} INFO - Started process (PID=5874) to work on /home/rajabala/Desktop/projects/Airflow/airflow_env/lib/python3.9/site-packages/airflow/example_dags/tutorial_taskflow_api.py
[2023-12-09T07:07:24.428+0530] {processor.py:829} INFO - Processing file /home/rajabala/Desktop/projects/Airflow/airflow_env/lib/python3.9/site-packages/airflow/example_dags/tutorial_taskflow_api.py for tasks to queue
[2023-12-09T07:07:24.429+0530] {logging_mixin.py:154} INFO - [2023-12-09T07:07:24.428+0530] {dagbag.py:536} INFO - Filling up the DagBag from /home/rajabala/Desktop/projects/Airflow/airflow_env/lib/python3.9/site-packages/airflow/example_dags/tutorial_taskflow_api.py
[2023-12-09T07:07:24.437+0530] {processor.py:839} INFO - DAG(s) dict_keys(['tutorial_taskflow_api']) retrieved from /home/rajabala/Desktop/projects/Airflow/airflow_env/lib/python3.9/site-packages/airflow/example_dags/tutorial_taskflow_api.py
[2023-12-09T07:07:24.450+0530] {logging_mixin.py:154} INFO - [2023-12-09T07:07:24.450+0530] {dag.py:2941} INFO - Sync 1 DAGs
[2023-12-09T07:07:24.458+0530] {logging_mixin.py:154} INFO - [2023-12-09T07:07:24.458+0530] {dag.py:3722} INFO - Setting next_dagrun for tutorial_taskflow_api to None, run_after=None
[2023-12-09T07:07:24.477+0530] {processor.py:179} INFO - Processing /home/rajabala/Desktop/projects/Airflow/airflow_env/lib/python3.9/site-packages/airflow/example_dags/tutorial_taskflow_api.py took 0.054 seconds
[2023-12-09T07:07:55.119+0530] {processor.py:157} INFO - Started process (PID=6089) to work on /home/rajabala/Desktop/projects/Airflow/airflow_env/lib/python3.9/site-packages/airflow/example_dags/tutorial_taskflow_api.py
[2023-12-09T07:07:55.123+0530] {processor.py:829} INFO - Processing file /home/rajabala/Desktop/projects/Airflow/airflow_env/lib/python3.9/site-packages/airflow/example_dags/tutorial_taskflow_api.py for tasks to queue
[2023-12-09T07:07:55.124+0530] {logging_mixin.py:154} INFO - [2023-12-09T07:07:55.123+0530] {dagbag.py:536} INFO - Filling up the DagBag from /home/rajabala/Desktop/projects/Airflow/airflow_env/lib/python3.9/site-packages/airflow/example_dags/tutorial_taskflow_api.py
[2023-12-09T07:07:55.132+0530] {processor.py:839} INFO - DAG(s) dict_keys(['tutorial_taskflow_api']) retrieved from /home/rajabala/Desktop/projects/Airflow/airflow_env/lib/python3.9/site-packages/airflow/example_dags/tutorial_taskflow_api.py
[2023-12-09T07:07:55.143+0530] {logging_mixin.py:154} INFO - [2023-12-09T07:07:55.142+0530] {dag.py:2941} INFO - Sync 1 DAGs
[2023-12-09T07:07:55.150+0530] {logging_mixin.py:154} INFO - [2023-12-09T07:07:55.149+0530] {dag.py:3722} INFO - Setting next_dagrun for tutorial_taskflow_api to None, run_after=None
[2023-12-09T07:07:55.165+0530] {processor.py:179} INFO - Processing /home/rajabala/Desktop/projects/Airflow/airflow_env/lib/python3.9/site-packages/airflow/example_dags/tutorial_taskflow_api.py took 0.049 seconds
[2023-12-09T07:08:36.786+0530] {processor.py:157} INFO - Started process (PID=6262) to work on /home/rajabala/Desktop/projects/Airflow/airflow_env/lib/python3.9/site-packages/airflow/example_dags/tutorial_taskflow_api.py
[2023-12-09T07:08:36.789+0530] {processor.py:829} INFO - Processing file /home/rajabala/Desktop/projects/Airflow/airflow_env/lib/python3.9/site-packages/airflow/example_dags/tutorial_taskflow_api.py for tasks to queue
[2023-12-09T07:08:36.790+0530] {logging_mixin.py:154} INFO - [2023-12-09T07:08:36.789+0530] {dagbag.py:536} INFO - Filling up the DagBag from /home/rajabala/Desktop/projects/Airflow/airflow_env/lib/python3.9/site-packages/airflow/example_dags/tutorial_taskflow_api.py
[2023-12-09T07:08:36.796+0530] {processor.py:839} INFO - DAG(s) dict_keys(['tutorial_taskflow_api']) retrieved from /home/rajabala/Desktop/projects/Airflow/airflow_env/lib/python3.9/site-packages/airflow/example_dags/tutorial_taskflow_api.py
[2023-12-09T07:08:36.807+0530] {logging_mixin.py:154} INFO - [2023-12-09T07:08:36.807+0530] {dag.py:2941} INFO - Sync 1 DAGs
[2023-12-09T07:08:36.814+0530] {logging_mixin.py:154} INFO - [2023-12-09T07:08:36.814+0530] {dag.py:3722} INFO - Setting next_dagrun for tutorial_taskflow_api to None, run_after=None
[2023-12-09T07:08:36.829+0530] {processor.py:179} INFO - Processing /home/rajabala/Desktop/projects/Airflow/airflow_env/lib/python3.9/site-packages/airflow/example_dags/tutorial_taskflow_api.py took 0.048 seconds
[2023-12-09T07:09:09.826+0530] {processor.py:157} INFO - Started process (PID=6399) to work on /home/rajabala/Desktop/projects/Airflow/airflow_env/lib/python3.9/site-packages/airflow/example_dags/tutorial_taskflow_api.py
[2023-12-09T07:09:09.829+0530] {processor.py:829} INFO - Processing file /home/rajabala/Desktop/projects/Airflow/airflow_env/lib/python3.9/site-packages/airflow/example_dags/tutorial_taskflow_api.py for tasks to queue
[2023-12-09T07:09:09.829+0530] {logging_mixin.py:154} INFO - [2023-12-09T07:09:09.829+0530] {dagbag.py:536} INFO - Filling up the DagBag from /home/rajabala/Desktop/projects/Airflow/airflow_env/lib/python3.9/site-packages/airflow/example_dags/tutorial_taskflow_api.py
[2023-12-09T07:09:09.837+0530] {processor.py:839} INFO - DAG(s) dict_keys(['tutorial_taskflow_api']) retrieved from /home/rajabala/Desktop/projects/Airflow/airflow_env/lib/python3.9/site-packages/airflow/example_dags/tutorial_taskflow_api.py
[2023-12-09T07:09:09.848+0530] {logging_mixin.py:154} INFO - [2023-12-09T07:09:09.848+0530] {dag.py:2941} INFO - Sync 1 DAGs
[2023-12-09T07:09:09.859+0530] {logging_mixin.py:154} INFO - [2023-12-09T07:09:09.858+0530] {dag.py:3722} INFO - Setting next_dagrun for tutorial_taskflow_api to None, run_after=None
[2023-12-09T07:09:09.875+0530] {processor.py:179} INFO - Processing /home/rajabala/Desktop/projects/Airflow/airflow_env/lib/python3.9/site-packages/airflow/example_dags/tutorial_taskflow_api.py took 0.052 seconds
[2023-12-09T07:09:54.858+0530] {processor.py:157} INFO - Started process (PID=6773) to work on /home/rajabala/Desktop/projects/Airflow/airflow_env/lib/python3.9/site-packages/airflow/example_dags/tutorial_taskflow_api.py
[2023-12-09T07:09:54.859+0530] {processor.py:829} INFO - Processing file /home/rajabala/Desktop/projects/Airflow/airflow_env/lib/python3.9/site-packages/airflow/example_dags/tutorial_taskflow_api.py for tasks to queue
[2023-12-09T07:09:54.860+0530] {logging_mixin.py:154} INFO - [2023-12-09T07:09:54.860+0530] {dagbag.py:536} INFO - Filling up the DagBag from /home/rajabala/Desktop/projects/Airflow/airflow_env/lib/python3.9/site-packages/airflow/example_dags/tutorial_taskflow_api.py
[2023-12-09T07:09:54.870+0530] {processor.py:839} INFO - DAG(s) dict_keys(['tutorial_taskflow_api']) retrieved from /home/rajabala/Desktop/projects/Airflow/airflow_env/lib/python3.9/site-packages/airflow/example_dags/tutorial_taskflow_api.py
[2023-12-09T07:09:54.890+0530] {logging_mixin.py:154} INFO - [2023-12-09T07:09:54.890+0530] {dag.py:2941} INFO - Sync 1 DAGs
[2023-12-09T07:09:54.905+0530] {logging_mixin.py:154} INFO - [2023-12-09T07:09:54.905+0530] {dag.py:3722} INFO - Setting next_dagrun for tutorial_taskflow_api to None, run_after=None
[2023-12-09T07:09:54.930+0530] {processor.py:179} INFO - Processing /home/rajabala/Desktop/projects/Airflow/airflow_env/lib/python3.9/site-packages/airflow/example_dags/tutorial_taskflow_api.py took 0.076 seconds
