[2023-12-09T07:05:54.638+0530] {processor.py:157} INFO - Started process (PID=4764) to work on /home/rajabala/Desktop/projects/Airflow/airflow_env/lib/python3.9/site-packages/airflow/example_dags/tutorial_taskflow_api_virtualenv.py
[2023-12-09T07:05:54.638+0530] {processor.py:829} INFO - Processing file /home/rajabala/Desktop/projects/Airflow/airflow_env/lib/python3.9/site-packages/airflow/example_dags/tutorial_taskflow_api_virtualenv.py for tasks to queue
[2023-12-09T07:05:54.639+0530] {logging_mixin.py:154} INFO - [2023-12-09T07:05:54.639+0530] {dagbag.py:536} INFO - Filling up the DagBag from /home/rajabala/Desktop/projects/Airflow/airflow_env/lib/python3.9/site-packages/airflow/example_dags/tutorial_taskflow_api_virtualenv.py
[2023-12-09T07:05:54.646+0530] {processor.py:839} INFO - DAG(s) dict_keys(['tutorial_taskflow_api_virtualenv']) retrieved from /home/rajabala/Desktop/projects/Airflow/airflow_env/lib/python3.9/site-packages/airflow/example_dags/tutorial_taskflow_api_virtualenv.py
[2023-12-09T07:05:54.804+0530] {logging_mixin.py:154} INFO - [2023-12-09T07:05:54.804+0530] {manager.py:499} INFO - Created Permission View: %s
[2023-12-09T07:05:54.823+0530] {logging_mixin.py:154} INFO - [2023-12-09T07:05:54.822+0530] {manager.py:499} INFO - Created Permission View: %s
[2023-12-09T07:05:54.832+0530] {logging_mixin.py:154} INFO - [2023-12-09T07:05:54.832+0530] {manager.py:499} INFO - Created Permission View: %s
[2023-12-09T07:05:54.833+0530] {logging_mixin.py:154} INFO - [2023-12-09T07:05:54.833+0530] {dag.py:2941} INFO - Sync 1 DAGs
[2023-12-09T07:05:54.841+0530] {logging_mixin.py:154} INFO - [2023-12-09T07:05:54.841+0530] {dag.py:2963} INFO - Creating ORM DAG for tutorial_taskflow_api_virtualenv
[2023-12-09T07:05:54.842+0530] {logging_mixin.py:154} INFO - [2023-12-09T07:05:54.842+0530] {dag.py:3722} INFO - Setting next_dagrun for tutorial_taskflow_api_virtualenv to None, run_after=None
[2023-12-09T07:05:54.868+0530] {processor.py:179} INFO - Processing /home/rajabala/Desktop/projects/Airflow/airflow_env/lib/python3.9/site-packages/airflow/example_dags/tutorial_taskflow_api_virtualenv.py took 0.233 seconds
[2023-12-09T07:06:47.764+0530] {processor.py:157} INFO - Started process (PID=5625) to work on /home/rajabala/Desktop/projects/Airflow/airflow_env/lib/python3.9/site-packages/airflow/example_dags/tutorial_taskflow_api_virtualenv.py
[2023-12-09T07:06:47.766+0530] {processor.py:829} INFO - Processing file /home/rajabala/Desktop/projects/Airflow/airflow_env/lib/python3.9/site-packages/airflow/example_dags/tutorial_taskflow_api_virtualenv.py for tasks to queue
[2023-12-09T07:06:47.767+0530] {logging_mixin.py:154} INFO - [2023-12-09T07:06:47.767+0530] {dagbag.py:536} INFO - Filling up the DagBag from /home/rajabala/Desktop/projects/Airflow/airflow_env/lib/python3.9/site-packages/airflow/example_dags/tutorial_taskflow_api_virtualenv.py
[2023-12-09T07:06:47.775+0530] {processor.py:839} INFO - DAG(s) dict_keys(['tutorial_taskflow_api_virtualenv']) retrieved from /home/rajabala/Desktop/projects/Airflow/airflow_env/lib/python3.9/site-packages/airflow/example_dags/tutorial_taskflow_api_virtualenv.py
[2023-12-09T07:06:47.787+0530] {logging_mixin.py:154} INFO - [2023-12-09T07:06:47.787+0530] {dag.py:2941} INFO - Sync 1 DAGs
[2023-12-09T07:06:47.796+0530] {logging_mixin.py:154} INFO - [2023-12-09T07:06:47.796+0530] {dag.py:3722} INFO - Setting next_dagrun for tutorial_taskflow_api_virtualenv to None, run_after=None
[2023-12-09T07:06:47.820+0530] {processor.py:179} INFO - Processing /home/rajabala/Desktop/projects/Airflow/airflow_env/lib/python3.9/site-packages/airflow/example_dags/tutorial_taskflow_api_virtualenv.py took 0.060 seconds
[2023-12-09T07:07:24.671+0530] {processor.py:157} INFO - Started process (PID=5880) to work on /home/rajabala/Desktop/projects/Airflow/airflow_env/lib/python3.9/site-packages/airflow/example_dags/tutorial_taskflow_api_virtualenv.py
[2023-12-09T07:07:24.673+0530] {processor.py:829} INFO - Processing file /home/rajabala/Desktop/projects/Airflow/airflow_env/lib/python3.9/site-packages/airflow/example_dags/tutorial_taskflow_api_virtualenv.py for tasks to queue
[2023-12-09T07:07:24.675+0530] {logging_mixin.py:154} INFO - [2023-12-09T07:07:24.674+0530] {dagbag.py:536} INFO - Filling up the DagBag from /home/rajabala/Desktop/projects/Airflow/airflow_env/lib/python3.9/site-packages/airflow/example_dags/tutorial_taskflow_api_virtualenv.py
[2023-12-09T07:07:24.684+0530] {processor.py:839} INFO - DAG(s) dict_keys(['tutorial_taskflow_api_virtualenv']) retrieved from /home/rajabala/Desktop/projects/Airflow/airflow_env/lib/python3.9/site-packages/airflow/example_dags/tutorial_taskflow_api_virtualenv.py
[2023-12-09T07:07:24.695+0530] {logging_mixin.py:154} INFO - [2023-12-09T07:07:24.694+0530] {dag.py:2941} INFO - Sync 1 DAGs
[2023-12-09T07:07:24.703+0530] {logging_mixin.py:154} INFO - [2023-12-09T07:07:24.703+0530] {dag.py:3722} INFO - Setting next_dagrun for tutorial_taskflow_api_virtualenv to None, run_after=None
[2023-12-09T07:07:24.727+0530] {processor.py:179} INFO - Processing /home/rajabala/Desktop/projects/Airflow/airflow_env/lib/python3.9/site-packages/airflow/example_dags/tutorial_taskflow_api_virtualenv.py took 0.059 seconds
[2023-12-09T07:07:56.259+0530] {processor.py:157} INFO - Started process (PID=6125) to work on /home/rajabala/Desktop/projects/Airflow/airflow_env/lib/python3.9/site-packages/airflow/example_dags/tutorial_taskflow_api_virtualenv.py
[2023-12-09T07:07:56.262+0530] {processor.py:829} INFO - Processing file /home/rajabala/Desktop/projects/Airflow/airflow_env/lib/python3.9/site-packages/airflow/example_dags/tutorial_taskflow_api_virtualenv.py for tasks to queue
[2023-12-09T07:07:56.263+0530] {logging_mixin.py:154} INFO - [2023-12-09T07:07:56.262+0530] {dagbag.py:536} INFO - Filling up the DagBag from /home/rajabala/Desktop/projects/Airflow/airflow_env/lib/python3.9/site-packages/airflow/example_dags/tutorial_taskflow_api_virtualenv.py
[2023-12-09T07:07:56.271+0530] {processor.py:839} INFO - DAG(s) dict_keys(['tutorial_taskflow_api_virtualenv']) retrieved from /home/rajabala/Desktop/projects/Airflow/airflow_env/lib/python3.9/site-packages/airflow/example_dags/tutorial_taskflow_api_virtualenv.py
[2023-12-09T07:07:56.282+0530] {logging_mixin.py:154} INFO - [2023-12-09T07:07:56.282+0530] {dag.py:2941} INFO - Sync 1 DAGs
[2023-12-09T07:07:56.290+0530] {logging_mixin.py:154} INFO - [2023-12-09T07:07:56.290+0530] {dag.py:3722} INFO - Setting next_dagrun for tutorial_taskflow_api_virtualenv to None, run_after=None
[2023-12-09T07:07:56.305+0530] {processor.py:179} INFO - Processing /home/rajabala/Desktop/projects/Airflow/airflow_env/lib/python3.9/site-packages/airflow/example_dags/tutorial_taskflow_api_virtualenv.py took 0.050 seconds
[2023-12-09T07:08:37.924+0530] {processor.py:157} INFO - Started process (PID=6263) to work on /home/rajabala/Desktop/projects/Airflow/airflow_env/lib/python3.9/site-packages/airflow/example_dags/tutorial_taskflow_api_virtualenv.py
[2023-12-09T07:08:37.927+0530] {processor.py:829} INFO - Processing file /home/rajabala/Desktop/projects/Airflow/airflow_env/lib/python3.9/site-packages/airflow/example_dags/tutorial_taskflow_api_virtualenv.py for tasks to queue
[2023-12-09T07:08:37.928+0530] {logging_mixin.py:154} INFO - [2023-12-09T07:08:37.927+0530] {dagbag.py:536} INFO - Filling up the DagBag from /home/rajabala/Desktop/projects/Airflow/airflow_env/lib/python3.9/site-packages/airflow/example_dags/tutorial_taskflow_api_virtualenv.py
[2023-12-09T07:08:37.937+0530] {processor.py:839} INFO - DAG(s) dict_keys(['tutorial_taskflow_api_virtualenv']) retrieved from /home/rajabala/Desktop/projects/Airflow/airflow_env/lib/python3.9/site-packages/airflow/example_dags/tutorial_taskflow_api_virtualenv.py
[2023-12-09T07:08:37.947+0530] {logging_mixin.py:154} INFO - [2023-12-09T07:08:37.947+0530] {dag.py:2941} INFO - Sync 1 DAGs
[2023-12-09T07:08:37.954+0530] {logging_mixin.py:154} INFO - [2023-12-09T07:08:37.954+0530] {dag.py:3722} INFO - Setting next_dagrun for tutorial_taskflow_api_virtualenv to None, run_after=None
[2023-12-09T07:08:37.970+0530] {processor.py:179} INFO - Processing /home/rajabala/Desktop/projects/Airflow/airflow_env/lib/python3.9/site-packages/airflow/example_dags/tutorial_taskflow_api_virtualenv.py took 0.050 seconds
[2023-12-09T07:09:10.342+0530] {processor.py:157} INFO - Started process (PID=6400) to work on /home/rajabala/Desktop/projects/Airflow/airflow_env/lib/python3.9/site-packages/airflow/example_dags/tutorial_taskflow_api_virtualenv.py
[2023-12-09T07:09:10.345+0530] {processor.py:829} INFO - Processing file /home/rajabala/Desktop/projects/Airflow/airflow_env/lib/python3.9/site-packages/airflow/example_dags/tutorial_taskflow_api_virtualenv.py for tasks to queue
[2023-12-09T07:09:10.346+0530] {logging_mixin.py:154} INFO - [2023-12-09T07:09:10.345+0530] {dagbag.py:536} INFO - Filling up the DagBag from /home/rajabala/Desktop/projects/Airflow/airflow_env/lib/python3.9/site-packages/airflow/example_dags/tutorial_taskflow_api_virtualenv.py
[2023-12-09T07:09:10.355+0530] {processor.py:839} INFO - DAG(s) dict_keys(['tutorial_taskflow_api_virtualenv']) retrieved from /home/rajabala/Desktop/projects/Airflow/airflow_env/lib/python3.9/site-packages/airflow/example_dags/tutorial_taskflow_api_virtualenv.py
[2023-12-09T07:09:10.371+0530] {logging_mixin.py:154} INFO - [2023-12-09T07:09:10.371+0530] {dag.py:2941} INFO - Sync 1 DAGs
[2023-12-09T07:09:10.383+0530] {logging_mixin.py:154} INFO - [2023-12-09T07:09:10.383+0530] {dag.py:3722} INFO - Setting next_dagrun for tutorial_taskflow_api_virtualenv to None, run_after=None
[2023-12-09T07:09:10.405+0530] {processor.py:179} INFO - Processing /home/rajabala/Desktop/projects/Airflow/airflow_env/lib/python3.9/site-packages/airflow/example_dags/tutorial_taskflow_api_virtualenv.py took 0.067 seconds
[2023-12-09T07:09:55.799+0530] {processor.py:157} INFO - Started process (PID=6776) to work on /home/rajabala/Desktop/projects/Airflow/airflow_env/lib/python3.9/site-packages/airflow/example_dags/tutorial_taskflow_api_virtualenv.py
[2023-12-09T07:09:55.800+0530] {processor.py:829} INFO - Processing file /home/rajabala/Desktop/projects/Airflow/airflow_env/lib/python3.9/site-packages/airflow/example_dags/tutorial_taskflow_api_virtualenv.py for tasks to queue
[2023-12-09T07:09:55.801+0530] {logging_mixin.py:154} INFO - [2023-12-09T07:09:55.801+0530] {dagbag.py:536} INFO - Filling up the DagBag from /home/rajabala/Desktop/projects/Airflow/airflow_env/lib/python3.9/site-packages/airflow/example_dags/tutorial_taskflow_api_virtualenv.py
[2023-12-09T07:09:55.809+0530] {processor.py:839} INFO - DAG(s) dict_keys(['tutorial_taskflow_api_virtualenv']) retrieved from /home/rajabala/Desktop/projects/Airflow/airflow_env/lib/python3.9/site-packages/airflow/example_dags/tutorial_taskflow_api_virtualenv.py
[2023-12-09T07:09:55.824+0530] {logging_mixin.py:154} INFO - [2023-12-09T07:09:55.824+0530] {dag.py:2941} INFO - Sync 1 DAGs
[2023-12-09T07:09:55.833+0530] {logging_mixin.py:154} INFO - [2023-12-09T07:09:55.832+0530] {dag.py:3722} INFO - Setting next_dagrun for tutorial_taskflow_api_virtualenv to None, run_after=None
[2023-12-09T07:09:55.853+0530] {processor.py:179} INFO - Processing /home/rajabala/Desktop/projects/Airflow/airflow_env/lib/python3.9/site-packages/airflow/example_dags/tutorial_taskflow_api_virtualenv.py took 0.058 seconds
