[2023-12-31T21:37:08.903+0530] {taskinstance.py:1159} INFO - Dependencies all met for dep_context=non-requeueable deps ti=<TaskInstance: trigger.run_task scheduled__2023-12-28T00:00:00+00:00 [queued]>
[2023-12-31T21:37:08.909+0530] {taskinstance.py:1159} INFO - Dependencies all met for dep_context=requeueable deps ti=<TaskInstance: trigger.run_task scheduled__2023-12-28T00:00:00+00:00 [queued]>
[2023-12-31T21:37:08.909+0530] {taskinstance.py:1361} INFO - Starting attempt 1 of 2
[2023-12-31T21:37:08.922+0530] {taskinstance.py:1382} INFO - Executing <Task(BashOperator): run_task> on 2023-12-28 00:00:00+00:00
[2023-12-31T21:37:08.925+0530] {standard_task_runner.py:57} INFO - Started process 26034 to run task
[2023-12-31T21:37:08.929+0530] {standard_task_runner.py:84} INFO - Running: ['airflow', 'tasks', 'run', 'trigger', 'run_task', 'scheduled__2023-12-28T00:00:00+00:00', '--job-id', '481', '--raw', '--subdir', 'DAGS_FOLDER/summa.py', '--cfg-path', '/tmp/tmp2yk69bee']
[2023-12-31T21:37:08.930+0530] {standard_task_runner.py:85} INFO - Job 481: Subtask run_task
[2023-12-31T21:37:08.958+0530] {task_command.py:416} INFO - Running <TaskInstance: trigger.run_task scheduled__2023-12-28T00:00:00+00:00 [running]> on host Iris
[2023-12-31T21:37:09.007+0530] {taskinstance.py:1662} INFO - Exporting env vars: AIRFLOW_CTX_DAG_OWNER='airflow' AIRFLOW_CTX_DAG_ID='trigger' AIRFLOW_CTX_TASK_ID='run_task' AIRFLOW_CTX_EXECUTION_DATE='2023-12-28T00:00:00+00:00' AIRFLOW_CTX_TRY_NUMBER='1' AIRFLOW_CTX_DAG_RUN_ID='scheduled__2023-12-28T00:00:00+00:00'
[2023-12-31T21:37:09.008+0530] {subprocess.py:63} INFO - Tmp dir root location: /tmp
[2023-12-31T21:37:09.008+0530] {subprocess.py:75} INFO - Running command: ['/usr/bin/bash', '-c', 'echo "running task"']
[2023-12-31T21:37:09.015+0530] {subprocess.py:86} INFO - Output:
[2023-12-31T21:37:09.016+0530] {subprocess.py:93} INFO - running task
[2023-12-31T21:37:09.016+0530] {subprocess.py:97} INFO - Command exited with return code 0
[2023-12-31T21:37:09.032+0530] {taskinstance.py:1400} INFO - Marking task as SUCCESS. dag_id=trigger, task_id=run_task, execution_date=20231228T000000, start_date=20231231T160708, end_date=20231231T160709
[2023-12-31T21:37:09.061+0530] {local_task_job_runner.py:228} INFO - Task exited with return code 0
[2023-12-31T21:37:09.072+0530] {taskinstance.py:2778} INFO - 0 downstream tasks scheduled from follow-on schedule check
[2023-12-31T22:38:30.198+0530] {taskinstance.py:1159} INFO - Dependencies all met for dep_context=non-requeueable deps ti=<TaskInstance: trigger.run_task scheduled__2023-12-28T00:00:00+00:00 [queued]>
[2023-12-31T22:38:30.202+0530] {taskinstance.py:1159} INFO - Dependencies all met for dep_context=requeueable deps ti=<TaskInstance: trigger.run_task scheduled__2023-12-28T00:00:00+00:00 [queued]>
[2023-12-31T22:38:30.203+0530] {taskinstance.py:1361} INFO - Starting attempt 1 of 2
[2023-12-31T22:38:30.214+0530] {taskinstance.py:1382} INFO - Executing <Task(BashOperator): run_task> on 2023-12-28 00:00:00+00:00
[2023-12-31T22:38:30.216+0530] {standard_task_runner.py:57} INFO - Started process 49464 to run task
[2023-12-31T22:38:30.217+0530] {standard_task_runner.py:84} INFO - Running: ['airflow', 'tasks', 'run', 'trigger', 'run_task', 'scheduled__2023-12-28T00:00:00+00:00', '--job-id', '483', '--raw', '--subdir', 'DAGS_FOLDER/summa.py', '--cfg-path', '/tmp/tmpvam1zgel']
[2023-12-31T22:38:30.218+0530] {standard_task_runner.py:85} INFO - Job 483: Subtask run_task
[2023-12-31T22:38:30.244+0530] {task_command.py:416} INFO - Running <TaskInstance: trigger.run_task scheduled__2023-12-28T00:00:00+00:00 [running]> on host Iris
[2023-12-31T22:38:30.279+0530] {taskinstance.py:1662} INFO - Exporting env vars: AIRFLOW_CTX_DAG_OWNER='airflow' AIRFLOW_CTX_DAG_ID='trigger' AIRFLOW_CTX_TASK_ID='run_task' AIRFLOW_CTX_EXECUTION_DATE='2023-12-28T00:00:00+00:00' AIRFLOW_CTX_TRY_NUMBER='1' AIRFLOW_CTX_DAG_RUN_ID='scheduled__2023-12-28T00:00:00+00:00'
[2023-12-31T22:38:30.280+0530] {subprocess.py:63} INFO - Tmp dir root location: /tmp
[2023-12-31T22:38:30.280+0530] {subprocess.py:75} INFO - Running command: ['/usr/bin/bash', '-c', 'echo "running task"']
[2023-12-31T22:38:30.284+0530] {subprocess.py:86} INFO - Output:
[2023-12-31T22:38:30.285+0530] {subprocess.py:93} INFO - running task
[2023-12-31T22:38:30.285+0530] {subprocess.py:97} INFO - Command exited with return code 0
[2023-12-31T22:38:30.296+0530] {taskinstance.py:1400} INFO - Marking task as SUCCESS. dag_id=trigger, task_id=run_task, execution_date=20231228T000000, start_date=20231231T170830, end_date=20231231T170830
[2023-12-31T22:38:30.309+0530] {local_task_job_runner.py:228} INFO - Task exited with return code 0
[2023-12-31T22:38:30.316+0530] {taskinstance.py:2778} INFO - 0 downstream tasks scheduled from follow-on schedule check
