[2024-01-01T14:41:47.170+0530] {taskinstance.py:1159} INFO - Dependencies all met for dep_context=non-requeueable deps ti=<TaskInstance: summa1.manual_trigger scheduled__2023-12-28T00:00:00+00:00 [queued]>
[2024-01-01T14:41:47.174+0530] {taskinstance.py:1159} INFO - Dependencies all met for dep_context=requeueable deps ti=<TaskInstance: summa1.manual_trigger scheduled__2023-12-28T00:00:00+00:00 [queued]>
[2024-01-01T14:41:47.174+0530] {taskinstance.py:1361} INFO - Starting attempt 1 of 2
[2024-01-01T14:41:47.186+0530] {taskinstance.py:1382} INFO - Executing <Task(TriggerDagRunOperator): manual_trigger> on 2023-12-28 00:00:00+00:00
[2024-01-01T14:41:47.187+0530] {standard_task_runner.py:57} INFO - Started process 22956 to run task
[2024-01-01T14:41:47.190+0530] {standard_task_runner.py:84} INFO - Running: ['airflow', 'tasks', 'run', 'summa1', 'manual_trigger', 'scheduled__2023-12-28T00:00:00+00:00', '--job-id', '504', '--raw', '--subdir', 'DAGS_FOLDER/summa.py', '--cfg-path', '/tmp/tmpgkpsvkmc']
[2024-01-01T14:41:47.190+0530] {standard_task_runner.py:85} INFO - Job 504: Subtask manual_trigger
[2024-01-01T14:41:47.217+0530] {task_command.py:416} INFO - Running <TaskInstance: summa1.manual_trigger scheduled__2023-12-28T00:00:00+00:00 [running]> on host Iris
[2024-01-01T14:41:47.258+0530] {taskinstance.py:1662} INFO - Exporting env vars: AIRFLOW_CTX_DAG_OWNER='your_username' AIRFLOW_CTX_DAG_ID='summa1' AIRFLOW_CTX_TASK_ID='manual_trigger' AIRFLOW_CTX_EXECUTION_DATE='2023-12-28T00:00:00+00:00' AIRFLOW_CTX_TRY_NUMBER='1' AIRFLOW_CTX_DAG_RUN_ID='scheduled__2023-12-28T00:00:00+00:00'
[2024-01-01T14:41:47.326+0530] {taskinstance.py:1937} ERROR - Task failed with exception
Traceback (most recent call last):
  File "/home/rajabala/Desktop/projects/Airflow/airflow_env/lib/python3.9/site-packages/airflow/operators/trigger_dagrun.py", line 186, in execute
    raise e
  File "/home/rajabala/Desktop/projects/Airflow/airflow_env/lib/python3.9/site-packages/airflow/operators/trigger_dagrun.py", line 163, in execute
    dag_run = trigger_dag(
  File "/home/rajabala/Desktop/projects/Airflow/airflow_env/lib/python3.9/site-packages/airflow/api/common/trigger_dag.py", line 122, in trigger_dag
    triggers = _trigger_dag(
  File "/home/rajabala/Desktop/projects/Airflow/airflow_env/lib/python3.9/site-packages/airflow/api/common/trigger_dag.py", line 78, in _trigger_dag
    raise DagRunAlreadyExists(dag_run=dag_run, execution_date=execution_date, run_id=run_id)
airflow.exceptions.DagRunAlreadyExists: A DAG Run already exists for DAG summa1 at 2024-01-06 00:00:00+00:00 with run id manual__2024-01-06T00:00:00+00:00
[2024-01-01T14:41:47.330+0530] {taskinstance.py:1400} INFO - Marking task as UP_FOR_RETRY. dag_id=summa1, task_id=manual_trigger, execution_date=20231228T000000, start_date=20240101T091147, end_date=20240101T091147
[2024-01-01T14:41:47.403+0530] {standard_task_runner.py:104} ERROR - Failed to execute job 504 for task manual_trigger (A DAG Run already exists for DAG summa1 at 2024-01-06 00:00:00+00:00 with run id manual__2024-01-06T00:00:00+00:00; 22956)
[2024-01-01T14:41:47.442+0530] {local_task_job_runner.py:228} INFO - Task exited with return code 1
[2024-01-01T14:41:47.463+0530] {taskinstance.py:2778} INFO - 0 downstream tasks scheduled from follow-on schedule check
[2024-01-01T14:50:13.488+0530] {taskinstance.py:1159} INFO - Dependencies all met for dep_context=non-requeueable deps ti=<TaskInstance: summa1.manual_trigger scheduled__2023-12-28T00:00:00+00:00 [queued]>
[2024-01-01T14:50:13.492+0530] {taskinstance.py:1159} INFO - Dependencies all met for dep_context=requeueable deps ti=<TaskInstance: summa1.manual_trigger scheduled__2023-12-28T00:00:00+00:00 [queued]>
[2024-01-01T14:50:13.492+0530] {taskinstance.py:1361} INFO - Starting attempt 1 of 2
[2024-01-01T14:50:13.505+0530] {taskinstance.py:1382} INFO - Executing <Task(TriggerDagRunOperator): manual_trigger> on 2023-12-28 00:00:00+00:00
[2024-01-01T14:50:13.508+0530] {standard_task_runner.py:57} INFO - Started process 28186 to run task
[2024-01-01T14:50:13.510+0530] {standard_task_runner.py:84} INFO - Running: ['airflow', 'tasks', 'run', 'summa1', 'manual_trigger', 'scheduled__2023-12-28T00:00:00+00:00', '--job-id', '506', '--raw', '--subdir', 'DAGS_FOLDER/summa.py', '--cfg-path', '/tmp/tmp718u6eus']
[2024-01-01T14:50:13.511+0530] {standard_task_runner.py:85} INFO - Job 506: Subtask manual_trigger
[2024-01-01T14:50:13.536+0530] {task_command.py:416} INFO - Running <TaskInstance: summa1.manual_trigger scheduled__2023-12-28T00:00:00+00:00 [running]> on host Iris
[2024-01-01T14:50:13.575+0530] {taskinstance.py:1662} INFO - Exporting env vars: AIRFLOW_CTX_DAG_OWNER='your_username' AIRFLOW_CTX_DAG_ID='summa1' AIRFLOW_CTX_TASK_ID='manual_trigger' AIRFLOW_CTX_EXECUTION_DATE='2023-12-28T00:00:00+00:00' AIRFLOW_CTX_TRY_NUMBER='1' AIRFLOW_CTX_DAG_RUN_ID='scheduled__2023-12-28T00:00:00+00:00'
[2024-01-01T14:50:13.635+0530] {taskinstance.py:1937} ERROR - Task failed with exception
Traceback (most recent call last):
  File "/home/rajabala/Desktop/projects/Airflow/airflow_env/lib/python3.9/site-packages/airflow/operators/trigger_dagrun.py", line 186, in execute
    raise e
  File "/home/rajabala/Desktop/projects/Airflow/airflow_env/lib/python3.9/site-packages/airflow/operators/trigger_dagrun.py", line 163, in execute
    dag_run = trigger_dag(
  File "/home/rajabala/Desktop/projects/Airflow/airflow_env/lib/python3.9/site-packages/airflow/api/common/trigger_dag.py", line 122, in trigger_dag
    triggers = _trigger_dag(
  File "/home/rajabala/Desktop/projects/Airflow/airflow_env/lib/python3.9/site-packages/airflow/api/common/trigger_dag.py", line 78, in _trigger_dag
    raise DagRunAlreadyExists(dag_run=dag_run, execution_date=execution_date, run_id=run_id)
airflow.exceptions.DagRunAlreadyExists: A DAG Run already exists for DAG summa1 at 2023-12-31 00:00:00+00:00 with run id manual__2023-12-31T00:00:00+00:00
[2024-01-01T14:50:13.686+0530] {taskinstance.py:1400} INFO - Marking task as UP_FOR_RETRY. dag_id=summa1, task_id=manual_trigger, execution_date=20231228T000000, start_date=20240101T092013, end_date=20240101T092013
[2024-01-01T14:50:13.714+0530] {standard_task_runner.py:104} ERROR - Failed to execute job 506 for task manual_trigger (A DAG Run already exists for DAG summa1 at 2023-12-31 00:00:00+00:00 with run id manual__2023-12-31T00:00:00+00:00; 28186)
[2024-01-01T14:50:13.722+0530] {local_task_job_runner.py:228} INFO - Task exited with return code 1
[2024-01-01T14:50:13.734+0530] {taskinstance.py:2778} INFO - 0 downstream tasks scheduled from follow-on schedule check
