[2023-12-09T18:19:25.757+0530] {taskinstance.py:1159} INFO - Dependencies all met for dep_context=non-requeueable deps ti=<TaskInstance: Cricbuzz_ETL.load manual__2023-12-09T12:49:18.627866+00:00 [queued]>
[2023-12-09T18:19:25.765+0530] {taskinstance.py:1159} INFO - Dependencies all met for dep_context=requeueable deps ti=<TaskInstance: Cricbuzz_ETL.load manual__2023-12-09T12:49:18.627866+00:00 [queued]>
[2023-12-09T18:19:25.765+0530] {taskinstance.py:1361} INFO - Starting attempt 1 of 1
[2023-12-09T18:19:25.777+0530] {taskinstance.py:1382} INFO - Executing <Task(PythonOperator): load> on 2023-12-09 12:49:18.627866+00:00
[2023-12-09T18:19:25.782+0530] {standard_task_runner.py:57} INFO - Started process 35237 to run task
[2023-12-09T18:19:25.785+0530] {standard_task_runner.py:84} INFO - Running: ['airflow', 'tasks', 'run', 'Cricbuzz_ETL', 'load', 'manual__2023-12-09T12:49:18.627866+00:00', '--job-id', '188', '--raw', '--subdir', 'DAGS_FOLDER/Crickbuzz_dag.py', '--cfg-path', '/tmp/tmptfkueqzd']
[2023-12-09T18:19:25.786+0530] {standard_task_runner.py:85} INFO - Job 188: Subtask load
[2023-12-09T18:19:25.821+0530] {task_command.py:416} INFO - Running <TaskInstance: Cricbuzz_ETL.load manual__2023-12-09T12:49:18.627866+00:00 [running]> on host Iris
[2023-12-09T18:19:25.881+0530] {taskinstance.py:1662} INFO - Exporting env vars: AIRFLOW_CTX_DAG_OWNER='airflow' AIRFLOW_CTX_DAG_ID='Cricbuzz_ETL' AIRFLOW_CTX_TASK_ID='load' AIRFLOW_CTX_EXECUTION_DATE='2023-12-09T12:49:18.627866+00:00' AIRFLOW_CTX_TRY_NUMBER='1' AIRFLOW_CTX_DAG_RUN_ID='manual__2023-12-09T12:49:18.627866+00:00'
[2023-12-09T18:19:25.895+0530] {taskinstance.py:1937} ERROR - Task failed with exception
Traceback (most recent call last):
  File "/home/rajabala/Desktop/projects/Airflow/airflow_env/lib/python3.9/site-packages/airflow/operators/python.py", line 192, in execute
    return_value = self.execute_callable()
  File "/home/rajabala/Desktop/projects/Airflow/airflow_env/lib/python3.9/site-packages/airflow/operators/python.py", line 209, in execute_callable
    return self.python_callable(*self.op_args, **self.op_kwargs)
  File "/home/rajabala/Desktop/projects/Airflow/dags/Cricbuzz_files/Load.py", line 28, in load_to_db
    match_data = pd.DataFrame(match_data.iloc[0],index=False)
  File "/home/rajabala/Desktop/projects/Airflow/airflow_env/lib/python3.9/site-packages/pandas/core/frame.py", line 684, in __init__
    mgr = dict_to_mgr(
  File "/home/rajabala/Desktop/projects/Airflow/airflow_env/lib/python3.9/site-packages/pandas/core/internals/construction.py", line 502, in dict_to_mgr
    return arrays_to_mgr(arrays, columns, index, dtype=dtype, typ=typ, consolidate=copy)
  File "/home/rajabala/Desktop/projects/Airflow/airflow_env/lib/python3.9/site-packages/pandas/core/internals/construction.py", line 122, in arrays_to_mgr
    index = ensure_index(index)
  File "/home/rajabala/Desktop/projects/Airflow/airflow_env/lib/python3.9/site-packages/pandas/core/indexes/base.py", line 7043, in ensure_index
    return Index._with_infer(index_like, copy=copy)
  File "/home/rajabala/Desktop/projects/Airflow/airflow_env/lib/python3.9/site-packages/pandas/core/indexes/base.py", line 680, in _with_infer
    result = cls(*args, **kwargs)
  File "/home/rajabala/Desktop/projects/Airflow/airflow_env/lib/python3.9/site-packages/pandas/core/indexes/base.py", line 508, in __new__
    raise cls._scalar_data_error(data)
TypeError: Index(...) must be called with a collection of some kind, False was passed
[2023-12-09T18:19:25.902+0530] {taskinstance.py:1400} INFO - Marking task as FAILED. dag_id=Cricbuzz_ETL, task_id=load, execution_date=20231209T124918, start_date=20231209T124925, end_date=20231209T124925
[2023-12-09T18:19:25.912+0530] {standard_task_runner.py:104} ERROR - Failed to execute job 188 for task load (Index(...) must be called with a collection of some kind, False was passed; 35237)
[2023-12-09T18:19:25.957+0530] {local_task_job_runner.py:228} INFO - Task exited with return code 1
[2023-12-09T18:19:25.973+0530] {taskinstance.py:2778} INFO - 0 downstream tasks scheduled from follow-on schedule check
