[2023-12-31T21:37:25.922+0530] {taskinstance.py:1159} INFO - Dependencies all met for dep_context=non-requeueable deps ti=<TaskInstance: trigger.branch_task scheduled__2023-12-30T00:00:00+00:00 [queued]>
[2023-12-31T21:37:25.930+0530] {taskinstance.py:1159} INFO - Dependencies all met for dep_context=requeueable deps ti=<TaskInstance: trigger.branch_task scheduled__2023-12-30T00:00:00+00:00 [queued]>
[2023-12-31T21:37:25.930+0530] {taskinstance.py:1361} INFO - Starting attempt 1 of 2
[2023-12-31T21:37:25.944+0530] {taskinstance.py:1382} INFO - Executing <Task(BranchPythonOperator): branch_task> on 2023-12-30 00:00:00+00:00
[2023-12-31T21:37:25.948+0530] {standard_task_runner.py:57} INFO - Started process 26301 to run task
[2023-12-31T21:37:25.951+0530] {standard_task_runner.py:84} INFO - Running: ['airflow', 'tasks', 'run', 'trigger', 'branch_task', 'scheduled__2023-12-30T00:00:00+00:00', '--job-id', '491', '--raw', '--subdir', 'DAGS_FOLDER/summa.py', '--cfg-path', '/tmp/tmpzdotrcnt']
[2023-12-31T21:37:25.952+0530] {standard_task_runner.py:85} INFO - Job 491: Subtask branch_task
[2023-12-31T21:37:25.988+0530] {task_command.py:416} INFO - Running <TaskInstance: trigger.branch_task scheduled__2023-12-30T00:00:00+00:00 [running]> on host Iris
[2023-12-31T21:37:26.046+0530] {taskinstance.py:1662} INFO - Exporting env vars: AIRFLOW_CTX_DAG_OWNER='airflow' AIRFLOW_CTX_DAG_ID='trigger' AIRFLOW_CTX_TASK_ID='branch_task' AIRFLOW_CTX_EXECUTION_DATE='2023-12-30T00:00:00+00:00' AIRFLOW_CTX_TRY_NUMBER='1' AIRFLOW_CTX_DAG_RUN_ID='scheduled__2023-12-30T00:00:00+00:00'
[2023-12-31T21:37:26.047+0530] {logging_mixin.py:154} INFO - execution_date = 2023-12-30
[2023-12-31T21:37:26.048+0530] {python.py:194} INFO - Done. Returned value was: skip_task
[2023-12-31T21:37:26.048+0530] {python.py:227} INFO - Branch callable return skip_task
[2023-12-31T21:37:26.048+0530] {skipmixin.py:173} INFO - Following branch skip_task
[2023-12-31T21:37:26.064+0530] {taskinstance.py:1400} INFO - Marking task as SUCCESS. dag_id=trigger, task_id=branch_task, execution_date=20231230T000000, start_date=20231231T160725, end_date=20231231T160726
[2023-12-31T21:37:26.083+0530] {local_task_job_runner.py:228} INFO - Task exited with return code 0
[2023-12-31T21:37:26.096+0530] {taskinstance.py:2778} INFO - 0 downstream tasks scheduled from follow-on schedule check
[2023-12-31T22:38:41.656+0530] {taskinstance.py:1159} INFO - Dependencies all met for dep_context=non-requeueable deps ti=<TaskInstance: trigger.branch_task scheduled__2023-12-30T00:00:00+00:00 [queued]>
[2023-12-31T22:38:41.660+0530] {taskinstance.py:1159} INFO - Dependencies all met for dep_context=requeueable deps ti=<TaskInstance: trigger.branch_task scheduled__2023-12-30T00:00:00+00:00 [queued]>
[2023-12-31T22:38:41.660+0530] {taskinstance.py:1361} INFO - Starting attempt 1 of 2
[2023-12-31T22:38:41.671+0530] {taskinstance.py:1382} INFO - Executing <Task(BranchPythonOperator): branch_task> on 2023-12-30 00:00:00+00:00
[2023-12-31T22:38:41.673+0530] {standard_task_runner.py:57} INFO - Started process 49655 to run task
[2023-12-31T22:38:41.674+0530] {standard_task_runner.py:84} INFO - Running: ['airflow', 'tasks', 'run', 'trigger', 'branch_task', 'scheduled__2023-12-30T00:00:00+00:00', '--job-id', '493', '--raw', '--subdir', 'DAGS_FOLDER/summa.py', '--cfg-path', '/tmp/tmpqcky1bkd']
[2023-12-31T22:38:41.675+0530] {standard_task_runner.py:85} INFO - Job 493: Subtask branch_task
[2023-12-31T22:38:41.696+0530] {task_command.py:416} INFO - Running <TaskInstance: trigger.branch_task scheduled__2023-12-30T00:00:00+00:00 [running]> on host Iris
[2023-12-31T22:38:41.739+0530] {taskinstance.py:1662} INFO - Exporting env vars: AIRFLOW_CTX_DAG_OWNER='airflow' AIRFLOW_CTX_DAG_ID='trigger' AIRFLOW_CTX_TASK_ID='branch_task' AIRFLOW_CTX_EXECUTION_DATE='2023-12-30T00:00:00+00:00' AIRFLOW_CTX_TRY_NUMBER='1' AIRFLOW_CTX_DAG_RUN_ID='scheduled__2023-12-30T00:00:00+00:00'
[2023-12-31T22:38:41.739+0530] {logging_mixin.py:154} INFO - execution_date = 2023-12-30
[2023-12-31T22:38:41.740+0530] {python.py:194} INFO - Done. Returned value was: skip_task
[2023-12-31T22:38:41.740+0530] {python.py:227} INFO - Branch callable return skip_task
[2023-12-31T22:38:41.740+0530] {skipmixin.py:173} INFO - Following branch skip_task
[2023-12-31T22:38:41.749+0530] {taskinstance.py:1400} INFO - Marking task as SUCCESS. dag_id=trigger, task_id=branch_task, execution_date=20231230T000000, start_date=20231231T170841, end_date=20231231T170841
[2023-12-31T22:38:41.767+0530] {local_task_job_runner.py:228} INFO - Task exited with return code 0
[2023-12-31T22:38:41.774+0530] {taskinstance.py:2778} INFO - 0 downstream tasks scheduled from follow-on schedule check
