[2024-01-02T17:21:05.945+0530] {taskinstance.py:1159} INFO - Dependencies all met for dep_context=non-requeueable deps ti=<TaskInstance: Cricbuzz_ETL.Create_balls_table scheduled__2023-12-31T00:00:00+00:00 [queued]>
[2024-01-02T17:21:05.951+0530] {taskinstance.py:1159} INFO - Dependencies all met for dep_context=requeueable deps ti=<TaskInstance: Cricbuzz_ETL.Create_balls_table scheduled__2023-12-31T00:00:00+00:00 [queued]>
[2024-01-02T17:21:05.951+0530] {taskinstance.py:1361} INFO - Starting attempt 1 of 0
[2024-01-02T17:21:05.964+0530] {taskinstance.py:1382} INFO - Executing <Task(PostgresOperator): Create_balls_table> on 2023-12-31 00:00:00+00:00
[2024-01-02T17:21:05.966+0530] {standard_task_runner.py:57} INFO - Started process 12062 to run task
[2024-01-02T17:21:05.969+0530] {standard_task_runner.py:84} INFO - Running: ['airflow', 'tasks', 'run', 'Cricbuzz_ETL', 'Create_balls_table', 'scheduled__2023-12-31T00:00:00+00:00', '--job-id', '547', '--raw', '--subdir', 'DAGS_FOLDER/Crickbuzz_dag.py', '--cfg-path', '/tmp/tmpipgadkrw']
[2024-01-02T17:21:05.970+0530] {standard_task_runner.py:85} INFO - Job 547: Subtask Create_balls_table
[2024-01-02T17:21:05.998+0530] {task_command.py:416} INFO - Running <TaskInstance: Cricbuzz_ETL.Create_balls_table scheduled__2023-12-31T00:00:00+00:00 [running]> on host Iris
[2024-01-02T17:21:06.047+0530] {taskinstance.py:1662} INFO - Exporting env vars: AIRFLOW_CTX_DAG_OWNER='airflow' AIRFLOW_CTX_DAG_ID='Cricbuzz_ETL' AIRFLOW_CTX_TASK_ID='Create_balls_table' AIRFLOW_CTX_EXECUTION_DATE='2023-12-31T00:00:00+00:00' AIRFLOW_CTX_TRY_NUMBER='1' AIRFLOW_CTX_DAG_RUN_ID='scheduled__2023-12-31T00:00:00+00:00'
[2024-01-02T17:21:06.048+0530] {sql.py:276} INFO - Executing: 
        CREATE TABLE IF NOT EXISTS Ball_by_ball_data(
            "match_id" NUMERIC ,
            "ball" TEXT,
            "Commentary Text" TEXT,
            "innings" TEXT,
            "batting_team" TEXT,
            "bowling_team"TEXT,      
            "Batsman" TEXT,
            "Bowler" TEXT,
            "runs" TEXT, 
            "extra" TEXT, 
            "ball_length" TEXT, 
            "ball_line" TEXT,
            "ball_speed" TEXT,
            "shot_name" TEXT, 
            "ball_destination" TEXT, 
            "out_type" TEXT 
            )
[2024-01-02T17:21:06.051+0530] {base.py:73} INFO - Using connection ID 'Cricbuzz_db' for task execution.
[2024-01-02T17:21:06.313+0530] {base.py:73} INFO - Using connection ID 'Cricbuzz_db' for task execution.
[2024-01-02T17:21:06.314+0530] {taskinstance.py:1937} ERROR - Task failed with exception
Traceback (most recent call last):
  File "/home/rajabala/Desktop/projects/Airflow/airflow_env/lib/python3.9/site-packages/airflow/providers/common/sql/operators/sql.py", line 282, in execute
    output = hook.run(
  File "/home/rajabala/Desktop/projects/Airflow/airflow_env/lib/python3.9/site-packages/airflow/providers/common/sql/hooks/sql.py", line 385, in run
    with closing(self.get_conn()) as conn:
  File "/home/rajabala/Desktop/projects/Airflow/airflow_env/lib/python3.9/site-packages/airflow/providers/postgres/hooks/postgres.py", line 158, in get_conn
    self.conn = psycopg2.connect(**conn_args)
  File "/home/rajabala/Desktop/projects/Airflow/airflow_env/lib/python3.9/site-packages/psycopg2/__init__.py", line 122, in connect
    conn = _connect(dsn, connection_factory=connection_factory, **kwasync)
psycopg2.OperationalError: connection to server at "127.0.0.1", port 5432 failed: Connection refused
	Is the server running on that host and accepting TCP/IP connections?

[2024-01-02T17:21:06.317+0530] {taskinstance.py:1400} INFO - Marking task as FAILED. dag_id=Cricbuzz_ETL, task_id=Create_balls_table, execution_date=20231231T000000, start_date=20240102T115105, end_date=20240102T115106
[2024-01-02T17:21:06.330+0530] {standard_task_runner.py:104} ERROR - Failed to execute job 547 for task Create_balls_table (connection to server at "127.0.0.1", port 5432 failed: Connection refused
	Is the server running on that host and accepting TCP/IP connections?
; 12062)
[2024-01-02T17:21:06.342+0530] {local_task_job_runner.py:228} INFO - Task exited with return code 1
[2024-01-02T17:21:06.360+0530] {taskinstance.py:2778} INFO - 0 downstream tasks scheduled from follow-on schedule check
[2024-01-02T17:27:00.956+0530] {taskinstance.py:1159} INFO - Dependencies all met for dep_context=non-requeueable deps ti=<TaskInstance: Cricbuzz_ETL.Create_balls_table scheduled__2023-12-31T00:00:00+00:00 [queued]>
[2024-01-02T17:27:00.964+0530] {taskinstance.py:1159} INFO - Dependencies all met for dep_context=requeueable deps ti=<TaskInstance: Cricbuzz_ETL.Create_balls_table scheduled__2023-12-31T00:00:00+00:00 [queued]>
[2024-01-02T17:27:00.965+0530] {taskinstance.py:1361} INFO - Starting attempt 1 of 0
[2024-01-02T17:27:00.976+0530] {taskinstance.py:1382} INFO - Executing <Task(PostgresOperator): Create_balls_table> on 2023-12-31 00:00:00+00:00
[2024-01-02T17:27:00.980+0530] {standard_task_runner.py:57} INFO - Started process 15028 to run task
[2024-01-02T17:27:00.983+0530] {standard_task_runner.py:84} INFO - Running: ['airflow', 'tasks', 'run', 'Cricbuzz_ETL', 'Create_balls_table', 'scheduled__2023-12-31T00:00:00+00:00', '--job-id', '551', '--raw', '--subdir', 'DAGS_FOLDER/Crickbuzz_dag.py', '--cfg-path', '/tmp/tmpczbcbw9m']
[2024-01-02T17:27:00.985+0530] {standard_task_runner.py:85} INFO - Job 551: Subtask Create_balls_table
[2024-01-02T17:27:01.018+0530] {task_command.py:416} INFO - Running <TaskInstance: Cricbuzz_ETL.Create_balls_table scheduled__2023-12-31T00:00:00+00:00 [running]> on host Iris
[2024-01-02T17:27:01.068+0530] {taskinstance.py:1662} INFO - Exporting env vars: AIRFLOW_CTX_DAG_OWNER='airflow' AIRFLOW_CTX_DAG_ID='Cricbuzz_ETL' AIRFLOW_CTX_TASK_ID='Create_balls_table' AIRFLOW_CTX_EXECUTION_DATE='2023-12-31T00:00:00+00:00' AIRFLOW_CTX_TRY_NUMBER='1' AIRFLOW_CTX_DAG_RUN_ID='scheduled__2023-12-31T00:00:00+00:00'
[2024-01-02T17:27:01.069+0530] {sql.py:276} INFO - Executing: 
        CREATE TABLE IF NOT EXISTS Ball_by_ball_data(
            "match_id" NUMERIC ,
            "ball" TEXT,
            "Commentary Text" TEXT,
            "innings" TEXT,
            "batting_team" TEXT,
            "bowling_team"TEXT,      
            "Batsman" TEXT,
            "Bowler" TEXT,
            "runs" TEXT, 
            "extra" TEXT, 
            "ball_length" TEXT, 
            "ball_line" TEXT,
            "ball_speed" TEXT,
            "shot_name" TEXT, 
            "ball_destination" TEXT, 
            "out_type" TEXT 
            )
[2024-01-02T17:27:01.072+0530] {base.py:73} INFO - Using connection ID 'Cricbuzz_db' for task execution.
[2024-01-02T17:27:01.375+0530] {base.py:73} INFO - Using connection ID 'Cricbuzz_db' for task execution.
[2024-01-02T17:27:01.376+0530] {taskinstance.py:1937} ERROR - Task failed with exception
Traceback (most recent call last):
  File "/home/rajabala/Desktop/projects/Airflow/airflow_env/lib/python3.9/site-packages/airflow/providers/common/sql/operators/sql.py", line 282, in execute
    output = hook.run(
  File "/home/rajabala/Desktop/projects/Airflow/airflow_env/lib/python3.9/site-packages/airflow/providers/common/sql/hooks/sql.py", line 385, in run
    with closing(self.get_conn()) as conn:
  File "/home/rajabala/Desktop/projects/Airflow/airflow_env/lib/python3.9/site-packages/airflow/providers/postgres/hooks/postgres.py", line 158, in get_conn
    self.conn = psycopg2.connect(**conn_args)
  File "/home/rajabala/Desktop/projects/Airflow/airflow_env/lib/python3.9/site-packages/psycopg2/__init__.py", line 122, in connect
    conn = _connect(dsn, connection_factory=connection_factory, **kwasync)
psycopg2.OperationalError: connection to server at "127.0.0.1", port 5432 failed: Connection refused
	Is the server running on that host and accepting TCP/IP connections?

[2024-01-02T17:27:01.382+0530] {taskinstance.py:1400} INFO - Marking task as FAILED. dag_id=Cricbuzz_ETL, task_id=Create_balls_table, execution_date=20231231T000000, start_date=20240102T115700, end_date=20240102T115701
[2024-01-02T17:27:01.392+0530] {standard_task_runner.py:104} ERROR - Failed to execute job 551 for task Create_balls_table (connection to server at "127.0.0.1", port 5432 failed: Connection refused
	Is the server running on that host and accepting TCP/IP connections?
; 15028)
[2024-01-02T17:27:01.436+0530] {local_task_job_runner.py:228} INFO - Task exited with return code 1
[2024-01-02T17:27:01.457+0530] {taskinstance.py:2778} INFO - 0 downstream tasks scheduled from follow-on schedule check
