[2024-01-02T23:34:00.206+0530] {taskinstance.py:1159} INFO - Dependencies all met for dep_context=non-requeueable deps ti=<TaskInstance: summa1.copy_files_to_hadoop manual__2024-01-02T18:03:56.211160+00:00 [queued]>
[2024-01-02T23:34:00.212+0530] {taskinstance.py:1159} INFO - Dependencies all met for dep_context=requeueable deps ti=<TaskInstance: summa1.copy_files_to_hadoop manual__2024-01-02T18:03:56.211160+00:00 [queued]>
[2024-01-02T23:34:00.213+0530] {taskinstance.py:1361} INFO - Starting attempt 1 of 2
[2024-01-02T23:34:00.225+0530] {taskinstance.py:1382} INFO - Executing <Task(BashOperator): copy_files_to_hadoop> on 2024-01-02 18:03:56.211160+00:00
[2024-01-02T23:34:00.229+0530] {standard_task_runner.py:57} INFO - Started process 61223 to run task
[2024-01-02T23:34:00.232+0530] {standard_task_runner.py:84} INFO - Running: ['airflow', 'tasks', 'run', 'summa1', 'copy_files_to_hadoop', 'manual__2024-01-02T18:03:56.211160+00:00', '--job-id', '663', '--raw', '--subdir', 'DAGS_FOLDER/summa.py', '--cfg-path', '/tmp/tmp6bbhpa5v']
[2024-01-02T23:34:00.233+0530] {standard_task_runner.py:85} INFO - Job 663: Subtask copy_files_to_hadoop
[2024-01-02T23:34:00.260+0530] {task_command.py:416} INFO - Running <TaskInstance: summa1.copy_files_to_hadoop manual__2024-01-02T18:03:56.211160+00:00 [running]> on host Iris
[2024-01-02T23:34:00.304+0530] {taskinstance.py:1662} INFO - Exporting env vars: AIRFLOW_CTX_DAG_OWNER='your_username' AIRFLOW_CTX_DAG_ID='summa1' AIRFLOW_CTX_TASK_ID='copy_files_to_hadoop' AIRFLOW_CTX_EXECUTION_DATE='2024-01-02T18:03:56.211160+00:00' AIRFLOW_CTX_TRY_NUMBER='1' AIRFLOW_CTX_DAG_RUN_ID='manual__2024-01-02T18:03:56.211160+00:00'
[2024-01-02T23:34:00.304+0530] {subprocess.py:63} INFO - Tmp dir root location: /tmp
[2024-01-02T23:34:00.305+0530] {subprocess.py:75} INFO - Running command: ['/usr/bin/bash', '-c', 'bash summa.sh ']
[2024-01-02T23:34:00.312+0530] {subprocess.py:86} INFO - Output:
[2024-01-02T23:34:00.314+0530] {subprocess.py:93} INFO - bash: summa.sh: No such file or directory
[2024-01-02T23:34:00.314+0530] {subprocess.py:97} INFO - Command exited with return code 127
[2024-01-02T23:34:00.319+0530] {taskinstance.py:1937} ERROR - Task failed with exception
Traceback (most recent call last):
  File "/home/rajabala/Desktop/projects/Airflow/airflow_env/lib/python3.9/site-packages/airflow/operators/bash.py", line 210, in execute
    raise AirflowException(
airflow.exceptions.AirflowException: Bash command failed. The command returned a non-zero exit code 127.
[2024-01-02T23:34:00.322+0530] {taskinstance.py:1400} INFO - Marking task as UP_FOR_RETRY. dag_id=summa1, task_id=copy_files_to_hadoop, execution_date=20240102T180356, start_date=20240102T180400, end_date=20240102T180400
[2024-01-02T23:34:00.333+0530] {standard_task_runner.py:104} ERROR - Failed to execute job 663 for task copy_files_to_hadoop (Bash command failed. The command returned a non-zero exit code 127.; 61223)
[2024-01-02T23:34:00.364+0530] {local_task_job_runner.py:228} INFO - Task exited with return code 1
[2024-01-02T23:34:00.380+0530] {taskinstance.py:2778} INFO - 0 downstream tasks scheduled from follow-on schedule check
