[2023-12-31T21:08:02.071+0530] {taskinstance.py:1159} INFO - Dependencies all met for dep_context=non-requeueable deps ti=<TaskInstance: Cricbuzz_ETL.branch_task scheduled__2023-12-29T00:00:00+00:00 [queued]>
[2023-12-31T21:08:02.083+0530] {taskinstance.py:1159} INFO - Dependencies all met for dep_context=requeueable deps ti=<TaskInstance: Cricbuzz_ETL.branch_task scheduled__2023-12-29T00:00:00+00:00 [queued]>
[2023-12-31T21:08:02.084+0530] {taskinstance.py:1361} INFO - Starting attempt 1 of 2
[2023-12-31T21:08:02.103+0530] {taskinstance.py:1382} INFO - Executing <Task(BranchPythonOperator): branch_task> on 2023-12-29 00:00:00+00:00
[2023-12-31T21:08:02.107+0530] {standard_task_runner.py:57} INFO - Started process 20625 to run task
[2023-12-31T21:08:02.111+0530] {standard_task_runner.py:84} INFO - Running: ['airflow', 'tasks', 'run', 'Cricbuzz_ETL', 'branch_task', 'scheduled__2023-12-29T00:00:00+00:00', '--job-id', '462', '--raw', '--subdir', 'DAGS_FOLDER/Crickbuzz_dag.py', '--cfg-path', '/tmp/tmprtwvevv7']
[2023-12-31T21:08:02.112+0530] {standard_task_runner.py:85} INFO - Job 462: Subtask branch_task
[2023-12-31T21:08:02.154+0530] {task_command.py:416} INFO - Running <TaskInstance: Cricbuzz_ETL.branch_task scheduled__2023-12-29T00:00:00+00:00 [running]> on host Iris
[2023-12-31T21:08:02.208+0530] {taskinstance.py:1662} INFO - Exporting env vars: AIRFLOW_CTX_DAG_OWNER='airflow' AIRFLOW_CTX_DAG_ID='Cricbuzz_ETL' AIRFLOW_CTX_TASK_ID='branch_task' AIRFLOW_CTX_EXECUTION_DATE='2023-12-29T00:00:00+00:00' AIRFLOW_CTX_TRY_NUMBER='1' AIRFLOW_CTX_DAG_RUN_ID='scheduled__2023-12-29T00:00:00+00:00'
[2023-12-31T21:08:02.209+0530] {logging_mixin.py:154} INFO - execution_date = 2023-12-29
[2023-12-31T21:08:02.219+0530] {python.py:194} INFO - Done. Returned value was: run_task
[2023-12-31T21:08:02.219+0530] {python.py:227} INFO - Branch callable return run_task
[2023-12-31T21:08:02.219+0530] {skipmixin.py:173} INFO - Following branch run_task
[2023-12-31T21:08:02.229+0530] {skipmixin.py:239} INFO - Skipping tasks [('trigger_task', -1), ('skip_task', -1)]
[2023-12-31T21:08:02.259+0530] {taskinstance.py:1400} INFO - Marking task as SUCCESS. dag_id=Cricbuzz_ETL, task_id=branch_task, execution_date=20231229T000000, start_date=20231231T153802, end_date=20231231T153802
[2023-12-31T21:08:02.283+0530] {local_task_job_runner.py:228} INFO - Task exited with return code 0
[2023-12-31T21:08:02.311+0530] {taskinstance.py:2778} INFO - 1 downstream tasks scheduled from follow-on schedule check
[2024-01-02T17:20:19.915+0530] {taskinstance.py:1159} INFO - Dependencies all met for dep_context=non-requeueable deps ti=<TaskInstance: Cricbuzz_ETL.branch_task scheduled__2023-12-29T00:00:00+00:00 [queued]>
[2024-01-02T17:20:19.920+0530] {taskinstance.py:1159} INFO - Dependencies all met for dep_context=requeueable deps ti=<TaskInstance: Cricbuzz_ETL.branch_task scheduled__2023-12-29T00:00:00+00:00 [queued]>
[2024-01-02T17:20:19.920+0530] {taskinstance.py:1361} INFO - Starting attempt 1 of 2
[2024-01-02T17:20:19.930+0530] {taskinstance.py:1382} INFO - Executing <Task(BranchPythonOperator): branch_task> on 2023-12-29 00:00:00+00:00
[2024-01-02T17:20:19.932+0530] {standard_task_runner.py:57} INFO - Started process 11368 to run task
[2024-01-02T17:20:19.935+0530] {standard_task_runner.py:84} INFO - Running: ['airflow', 'tasks', 'run', 'Cricbuzz_ETL', 'branch_task', 'scheduled__2023-12-29T00:00:00+00:00', '--job-id', '525', '--raw', '--subdir', 'DAGS_FOLDER/Crickbuzz_dag.py', '--cfg-path', '/tmp/tmpq85szdmd']
[2024-01-02T17:20:19.935+0530] {standard_task_runner.py:85} INFO - Job 525: Subtask branch_task
[2024-01-02T17:20:19.961+0530] {task_command.py:416} INFO - Running <TaskInstance: Cricbuzz_ETL.branch_task scheduled__2023-12-29T00:00:00+00:00 [running]> on host Iris
[2024-01-02T17:20:20.002+0530] {taskinstance.py:1662} INFO - Exporting env vars: AIRFLOW_CTX_DAG_OWNER='airflow' AIRFLOW_CTX_DAG_ID='Cricbuzz_ETL' AIRFLOW_CTX_TASK_ID='branch_task' AIRFLOW_CTX_EXECUTION_DATE='2023-12-29T00:00:00+00:00' AIRFLOW_CTX_TRY_NUMBER='1' AIRFLOW_CTX_DAG_RUN_ID='scheduled__2023-12-29T00:00:00+00:00'
[2024-01-02T17:20:20.003+0530] {logging_mixin.py:154} INFO - execution_date = 2023-12-29
[2024-01-02T17:20:20.011+0530] {python.py:194} INFO - Done. Returned value was: run_task
[2024-01-02T17:20:20.011+0530] {python.py:227} INFO - Branch callable return run_task
[2024-01-02T17:20:20.011+0530] {skipmixin.py:173} INFO - Following branch run_task
[2024-01-02T17:20:20.016+0530] {skipmixin.py:239} INFO - Skipping tasks [('skip_task', -1)]
[2024-01-02T17:20:20.037+0530] {taskinstance.py:1400} INFO - Marking task as SUCCESS. dag_id=Cricbuzz_ETL, task_id=branch_task, execution_date=20231229T000000, start_date=20240102T115019, end_date=20240102T115020
[2024-01-02T17:20:20.067+0530] {local_task_job_runner.py:228} INFO - Task exited with return code 0
[2024-01-02T17:20:20.094+0530] {taskinstance.py:2778} INFO - 1 downstream tasks scheduled from follow-on schedule check
[2024-01-02T17:26:13.996+0530] {taskinstance.py:1159} INFO - Dependencies all met for dep_context=non-requeueable deps ti=<TaskInstance: Cricbuzz_ETL.branch_task scheduled__2023-12-29T00:00:00+00:00 [queued]>
[2024-01-02T17:26:14.002+0530] {taskinstance.py:1159} INFO - Dependencies all met for dep_context=requeueable deps ti=<TaskInstance: Cricbuzz_ETL.branch_task scheduled__2023-12-29T00:00:00+00:00 [queued]>
[2024-01-02T17:26:14.003+0530] {taskinstance.py:1361} INFO - Starting attempt 1 of 2
[2024-01-02T17:26:14.016+0530] {taskinstance.py:1382} INFO - Executing <Task(BranchPythonOperator): branch_task> on 2023-12-29 00:00:00+00:00
[2024-01-02T17:26:14.019+0530] {standard_task_runner.py:57} INFO - Started process 14337 to run task
[2024-01-02T17:26:14.022+0530] {standard_task_runner.py:84} INFO - Running: ['airflow', 'tasks', 'run', 'Cricbuzz_ETL', 'branch_task', 'scheduled__2023-12-29T00:00:00+00:00', '--job-id', '529', '--raw', '--subdir', 'DAGS_FOLDER/Crickbuzz_dag.py', '--cfg-path', '/tmp/tmpr4c7nqj9']
[2024-01-02T17:26:14.023+0530] {standard_task_runner.py:85} INFO - Job 529: Subtask branch_task
[2024-01-02T17:26:14.055+0530] {task_command.py:416} INFO - Running <TaskInstance: Cricbuzz_ETL.branch_task scheduled__2023-12-29T00:00:00+00:00 [running]> on host Iris
[2024-01-02T17:26:14.104+0530] {taskinstance.py:1662} INFO - Exporting env vars: AIRFLOW_CTX_DAG_OWNER='airflow' AIRFLOW_CTX_DAG_ID='Cricbuzz_ETL' AIRFLOW_CTX_TASK_ID='branch_task' AIRFLOW_CTX_EXECUTION_DATE='2023-12-29T00:00:00+00:00' AIRFLOW_CTX_TRY_NUMBER='1' AIRFLOW_CTX_DAG_RUN_ID='scheduled__2023-12-29T00:00:00+00:00'
[2024-01-02T17:26:14.105+0530] {logging_mixin.py:154} INFO - execution_date = 2023-12-29
[2024-01-02T17:26:14.114+0530] {python.py:194} INFO - Done. Returned value was: run_task
[2024-01-02T17:26:14.114+0530] {python.py:227} INFO - Branch callable return run_task
[2024-01-02T17:26:14.114+0530] {skipmixin.py:173} INFO - Following branch run_task
[2024-01-02T17:26:14.122+0530] {skipmixin.py:239} INFO - Skipping tasks [('skip_task', -1)]
[2024-01-02T17:26:14.153+0530] {taskinstance.py:1400} INFO - Marking task as SUCCESS. dag_id=Cricbuzz_ETL, task_id=branch_task, execution_date=20231229T000000, start_date=20240102T115613, end_date=20240102T115614
[2024-01-02T17:26:14.194+0530] {local_task_job_runner.py:228} INFO - Task exited with return code 0
[2024-01-02T17:26:14.237+0530] {taskinstance.py:2778} INFO - 1 downstream tasks scheduled from follow-on schedule check
[2024-01-02T17:45:04.227+0530] {taskinstance.py:1159} INFO - Dependencies all met for dep_context=non-requeueable deps ti=<TaskInstance: Cricbuzz_ETL.branch_task scheduled__2023-12-29T00:00:00+00:00 [queued]>
[2024-01-02T17:45:04.236+0530] {taskinstance.py:1159} INFO - Dependencies all met for dep_context=requeueable deps ti=<TaskInstance: Cricbuzz_ETL.branch_task scheduled__2023-12-29T00:00:00+00:00 [queued]>
[2024-01-02T17:45:04.236+0530] {taskinstance.py:1361} INFO - Starting attempt 1 of 2
[2024-01-02T17:45:04.252+0530] {taskinstance.py:1382} INFO - Executing <Task(BranchPythonOperator): branch_task> on 2023-12-29 00:00:00+00:00
[2024-01-02T17:45:04.255+0530] {standard_task_runner.py:57} INFO - Started process 22455 to run task
[2024-01-02T17:45:04.259+0530] {standard_task_runner.py:84} INFO - Running: ['airflow', 'tasks', 'run', 'Cricbuzz_ETL', 'branch_task', 'scheduled__2023-12-29T00:00:00+00:00', '--job-id', '531', '--raw', '--subdir', 'DAGS_FOLDER/Crickbuzz_dag.py', '--cfg-path', '/tmp/tmpbg2y7a0t']
[2024-01-02T17:45:04.260+0530] {standard_task_runner.py:85} INFO - Job 531: Subtask branch_task
[2024-01-02T17:45:04.307+0530] {task_command.py:416} INFO - Running <TaskInstance: Cricbuzz_ETL.branch_task scheduled__2023-12-29T00:00:00+00:00 [running]> on host Iris
[2024-01-02T17:45:04.355+0530] {taskinstance.py:1662} INFO - Exporting env vars: AIRFLOW_CTX_DAG_OWNER='airflow' AIRFLOW_CTX_DAG_ID='Cricbuzz_ETL' AIRFLOW_CTX_TASK_ID='branch_task' AIRFLOW_CTX_EXECUTION_DATE='2023-12-29T00:00:00+00:00' AIRFLOW_CTX_TRY_NUMBER='1' AIRFLOW_CTX_DAG_RUN_ID='scheduled__2023-12-29T00:00:00+00:00'
[2024-01-02T17:45:04.356+0530] {logging_mixin.py:154} INFO - execution_date = 2023-12-29
[2024-01-02T17:45:04.364+0530] {python.py:194} INFO - Done. Returned value was: run_task
[2024-01-02T17:45:04.364+0530] {python.py:227} INFO - Branch callable return run_task
[2024-01-02T17:45:04.364+0530] {skipmixin.py:173} INFO - Following branch run_task
[2024-01-02T17:45:04.371+0530] {skipmixin.py:239} INFO - Skipping tasks [('skip_task', -1)]
[2024-01-02T17:45:04.395+0530] {taskinstance.py:1400} INFO - Marking task as SUCCESS. dag_id=Cricbuzz_ETL, task_id=branch_task, execution_date=20231229T000000, start_date=20240102T121504, end_date=20240102T121504
[2024-01-02T17:45:04.431+0530] {local_task_job_runner.py:228} INFO - Task exited with return code 0
[2024-01-02T17:45:04.462+0530] {taskinstance.py:2778} INFO - 1 downstream tasks scheduled from follow-on schedule check
[2024-01-02T17:54:48.874+0530] {taskinstance.py:1159} INFO - Dependencies all met for dep_context=non-requeueable deps ti=<TaskInstance: Cricbuzz_ETL.branch_task scheduled__2023-12-29T00:00:00+00:00 [queued]>
[2024-01-02T17:54:48.879+0530] {taskinstance.py:1159} INFO - Dependencies all met for dep_context=requeueable deps ti=<TaskInstance: Cricbuzz_ETL.branch_task scheduled__2023-12-29T00:00:00+00:00 [queued]>
[2024-01-02T17:54:48.879+0530] {taskinstance.py:1361} INFO - Starting attempt 1 of 2
[2024-01-02T17:54:48.893+0530] {taskinstance.py:1382} INFO - Executing <Task(BranchPythonOperator): branch_task> on 2023-12-29 00:00:00+00:00
[2024-01-02T17:54:48.896+0530] {standard_task_runner.py:57} INFO - Started process 24750 to run task
[2024-01-02T17:54:48.900+0530] {standard_task_runner.py:84} INFO - Running: ['airflow', 'tasks', 'run', 'Cricbuzz_ETL', 'branch_task', 'scheduled__2023-12-29T00:00:00+00:00', '--job-id', '534', '--raw', '--subdir', 'DAGS_FOLDER/Crickbuzz_dag.py', '--cfg-path', '/tmp/tmpxu970t__']
[2024-01-02T17:54:48.901+0530] {standard_task_runner.py:85} INFO - Job 534: Subtask branch_task
[2024-01-02T17:54:48.931+0530] {task_command.py:416} INFO - Running <TaskInstance: Cricbuzz_ETL.branch_task scheduled__2023-12-29T00:00:00+00:00 [running]> on host Iris
[2024-01-02T17:54:48.980+0530] {taskinstance.py:1662} INFO - Exporting env vars: AIRFLOW_CTX_DAG_OWNER='airflow' AIRFLOW_CTX_DAG_ID='Cricbuzz_ETL' AIRFLOW_CTX_TASK_ID='branch_task' AIRFLOW_CTX_EXECUTION_DATE='2023-12-29T00:00:00+00:00' AIRFLOW_CTX_TRY_NUMBER='1' AIRFLOW_CTX_DAG_RUN_ID='scheduled__2023-12-29T00:00:00+00:00'
[2024-01-02T17:54:48.982+0530] {logging_mixin.py:154} INFO - execution_date = 2023-12-29
[2024-01-02T17:54:48.991+0530] {python.py:194} INFO - Done. Returned value was: run_task
[2024-01-02T17:54:48.992+0530] {python.py:227} INFO - Branch callable return run_task
[2024-01-02T17:54:48.992+0530] {skipmixin.py:173} INFO - Following branch run_task
[2024-01-02T17:54:48.999+0530] {skipmixin.py:239} INFO - Skipping tasks [('skip_task', -1)]
[2024-01-02T17:54:49.021+0530] {taskinstance.py:1400} INFO - Marking task as SUCCESS. dag_id=Cricbuzz_ETL, task_id=branch_task, execution_date=20231229T000000, start_date=20240102T122448, end_date=20240102T122449
[2024-01-02T17:54:49.071+0530] {local_task_job_runner.py:228} INFO - Task exited with return code 0
[2024-01-02T17:54:49.101+0530] {taskinstance.py:2778} INFO - 1 downstream tasks scheduled from follow-on schedule check
[2024-01-02T18:39:52.120+0530] {taskinstance.py:1159} INFO - Dependencies all met for dep_context=non-requeueable deps ti=<TaskInstance: Cricbuzz_ETL.branch_task scheduled__2023-12-29T00:00:00+00:00 [queued]>
[2024-01-02T18:39:52.124+0530] {taskinstance.py:1159} INFO - Dependencies all met for dep_context=requeueable deps ti=<TaskInstance: Cricbuzz_ETL.branch_task scheduled__2023-12-29T00:00:00+00:00 [queued]>
[2024-01-02T18:39:52.124+0530] {taskinstance.py:1361} INFO - Starting attempt 1 of 2
[2024-01-02T18:39:52.133+0530] {taskinstance.py:1382} INFO - Executing <Task(BranchPythonOperator): branch_task> on 2023-12-29 00:00:00+00:00
[2024-01-02T18:39:52.135+0530] {standard_task_runner.py:57} INFO - Started process 10684 to run task
[2024-01-02T18:39:52.136+0530] {standard_task_runner.py:84} INFO - Running: ['airflow', 'tasks', 'run', 'Cricbuzz_ETL', 'branch_task', 'scheduled__2023-12-29T00:00:00+00:00', '--job-id', '561', '--raw', '--subdir', 'DAGS_FOLDER/Crickbuzz_dag.py', '--cfg-path', '/tmp/tmpl_9mnly1']
[2024-01-02T18:39:52.137+0530] {standard_task_runner.py:85} INFO - Job 561: Subtask branch_task
[2024-01-02T18:39:52.157+0530] {task_command.py:416} INFO - Running <TaskInstance: Cricbuzz_ETL.branch_task scheduled__2023-12-29T00:00:00+00:00 [running]> on host Iris
[2024-01-02T18:39:52.192+0530] {taskinstance.py:1662} INFO - Exporting env vars: AIRFLOW_CTX_DAG_OWNER='airflow' AIRFLOW_CTX_DAG_ID='Cricbuzz_ETL' AIRFLOW_CTX_TASK_ID='branch_task' AIRFLOW_CTX_EXECUTION_DATE='2023-12-29T00:00:00+00:00' AIRFLOW_CTX_TRY_NUMBER='1' AIRFLOW_CTX_DAG_RUN_ID='scheduled__2023-12-29T00:00:00+00:00'
[2024-01-02T18:39:52.192+0530] {logging_mixin.py:154} INFO - execution_date = 2023-12-29
[2024-01-02T18:39:52.198+0530] {python.py:194} INFO - Done. Returned value was: run_task
[2024-01-02T18:39:52.198+0530] {python.py:227} INFO - Branch callable return run_task
[2024-01-02T18:39:52.199+0530] {skipmixin.py:173} INFO - Following branch run_task
[2024-01-02T18:39:52.203+0530] {skipmixin.py:239} INFO - Skipping tasks [('skip_task', -1)]
[2024-01-02T18:39:52.220+0530] {taskinstance.py:1400} INFO - Marking task as SUCCESS. dag_id=Cricbuzz_ETL, task_id=branch_task, execution_date=20231229T000000, start_date=20240102T130952, end_date=20240102T130952
[2024-01-02T18:39:52.268+0530] {local_task_job_runner.py:228} INFO - Task exited with return code 0
[2024-01-02T18:39:52.296+0530] {taskinstance.py:2778} INFO - 1 downstream tasks scheduled from follow-on schedule check
[2024-01-02T18:46:06.723+0530] {taskinstance.py:1159} INFO - Dependencies all met for dep_context=non-requeueable deps ti=<TaskInstance: Cricbuzz_ETL.branch_task scheduled__2023-12-29T00:00:00+00:00 [queued]>
[2024-01-02T18:46:06.726+0530] {taskinstance.py:1159} INFO - Dependencies all met for dep_context=requeueable deps ti=<TaskInstance: Cricbuzz_ETL.branch_task scheduled__2023-12-29T00:00:00+00:00 [queued]>
[2024-01-02T18:46:06.727+0530] {taskinstance.py:1361} INFO - Starting attempt 1 of 2
[2024-01-02T18:46:06.736+0530] {taskinstance.py:1382} INFO - Executing <Task(BranchPythonOperator): branch_task> on 2023-12-29 00:00:00+00:00
[2024-01-02T18:46:06.737+0530] {standard_task_runner.py:57} INFO - Started process 15467 to run task
[2024-01-02T18:46:06.739+0530] {standard_task_runner.py:84} INFO - Running: ['airflow', 'tasks', 'run', 'Cricbuzz_ETL', 'branch_task', 'scheduled__2023-12-29T00:00:00+00:00', '--job-id', '563', '--raw', '--subdir', 'DAGS_FOLDER/Crickbuzz_dag.py', '--cfg-path', '/tmp/tmpqfgk0a0d']
[2024-01-02T18:46:06.740+0530] {standard_task_runner.py:85} INFO - Job 563: Subtask branch_task
[2024-01-02T18:46:06.760+0530] {task_command.py:416} INFO - Running <TaskInstance: Cricbuzz_ETL.branch_task scheduled__2023-12-29T00:00:00+00:00 [running]> on host Iris
[2024-01-02T18:46:06.794+0530] {taskinstance.py:1662} INFO - Exporting env vars: AIRFLOW_CTX_DAG_OWNER='airflow' AIRFLOW_CTX_DAG_ID='Cricbuzz_ETL' AIRFLOW_CTX_TASK_ID='branch_task' AIRFLOW_CTX_EXECUTION_DATE='2023-12-29T00:00:00+00:00' AIRFLOW_CTX_TRY_NUMBER='1' AIRFLOW_CTX_DAG_RUN_ID='scheduled__2023-12-29T00:00:00+00:00'
[2024-01-02T18:46:06.794+0530] {logging_mixin.py:154} INFO - execution_date = 2023-12-29
[2024-01-02T18:46:06.801+0530] {python.py:194} INFO - Done. Returned value was: run_task
[2024-01-02T18:46:06.801+0530] {python.py:227} INFO - Branch callable return run_task
[2024-01-02T18:46:06.801+0530] {skipmixin.py:173} INFO - Following branch run_task
[2024-01-02T18:46:06.806+0530] {skipmixin.py:239} INFO - Skipping tasks [('skip_task', -1)]
[2024-01-02T18:46:06.824+0530] {taskinstance.py:1400} INFO - Marking task as SUCCESS. dag_id=Cricbuzz_ETL, task_id=branch_task, execution_date=20231229T000000, start_date=20240102T131606, end_date=20240102T131606
[2024-01-02T18:46:06.872+0530] {local_task_job_runner.py:228} INFO - Task exited with return code 0
[2024-01-02T18:46:06.899+0530] {taskinstance.py:2778} INFO - 1 downstream tasks scheduled from follow-on schedule check
