[2023-12-09T09:51:23.477+0530] {taskinstance.py:1159} INFO - Dependencies all met for dep_context=non-requeueable deps ti=<TaskInstance: Cricbuzz_ETL.Create_match_table manual__2023-12-09T04:21:19.094252+00:00 [queued]>
[2023-12-09T09:51:23.480+0530] {taskinstance.py:1159} INFO - Dependencies all met for dep_context=requeueable deps ti=<TaskInstance: Cricbuzz_ETL.Create_match_table manual__2023-12-09T04:21:19.094252+00:00 [queued]>
[2023-12-09T09:51:23.480+0530] {taskinstance.py:1361} INFO - Starting attempt 1 of 1
[2023-12-09T09:51:23.489+0530] {taskinstance.py:1382} INFO - Executing <Task(PostgresOperator): Create_match_table> on 2023-12-09 04:21:19.094252+00:00
[2023-12-09T09:51:23.493+0530] {standard_task_runner.py:57} INFO - Started process 57116 to run task
[2023-12-09T09:51:23.494+0530] {standard_task_runner.py:84} INFO - Running: ['airflow', 'tasks', 'run', 'Cricbuzz_ETL', 'Create_match_table', 'manual__2023-12-09T04:21:19.094252+00:00', '--job-id', '98', '--raw', '--subdir', 'DAGS_FOLDER/Crickbuzz_dag.py', '--cfg-path', '/tmp/tmpoo_6oqzu']
[2023-12-09T09:51:23.495+0530] {standard_task_runner.py:85} INFO - Job 98: Subtask Create_match_table
[2023-12-09T09:51:23.514+0530] {task_command.py:416} INFO - Running <TaskInstance: Cricbuzz_ETL.Create_match_table manual__2023-12-09T04:21:19.094252+00:00 [running]> on host Iris
[2023-12-09T09:51:23.550+0530] {taskinstance.py:1662} INFO - Exporting env vars: AIRFLOW_CTX_DAG_OWNER='airflow' AIRFLOW_CTX_DAG_ID='Cricbuzz_ETL' AIRFLOW_CTX_TASK_ID='Create_match_table' AIRFLOW_CTX_EXECUTION_DATE='2023-12-09T04:21:19.094252+00:00' AIRFLOW_CTX_TRY_NUMBER='1' AIRFLOW_CTX_DAG_RUN_ID='manual__2023-12-09T04:21:19.094252+00:00'
[2023-12-09T09:51:23.550+0530] {sql.py:276} INFO - Executing: 
        CREATE TABLE IF NOT EXISTS Match_data(
        "match_id" NUMERIC PRIMARY KEY,
        "team_a" TEXT, 
        "team_b" TEXT,
        "team_a_11" TEXT, 
        "team_b_11" TEXT, 
        "team_a_subs" TEXT, 
        "team_b_subs" TEXT,
        "series" TEXT,
        "season" TEXT, 
        "venue" TEXT, 
        "date" TEXT, 
        "toss" TEXT,
        "winner" TEXT, 
        "player_of_the_match" TEXT,
        "toss_winner" TEXT, 
        "toss_choosen" TEXT
        )
[2023-12-09T09:51:23.553+0530] {base.py:73} INFO - Using connection ID 'Cricbuzz_db' for task execution.
[2023-12-09T09:51:23.748+0530] {base.py:73} INFO - Using connection ID 'Cricbuzz_db' for task execution.
[2023-12-09T09:51:23.751+0530] {sql.py:432} INFO - Running statement: 
        CREATE TABLE IF NOT EXISTS Match_data(
        "match_id" NUMERIC PRIMARY KEY,
        "team_a" TEXT, 
        "team_b" TEXT,
        "team_a_11" TEXT, 
        "team_b_11" TEXT, 
        "team_a_subs" TEXT, 
        "team_b_subs" TEXT,
        "series" TEXT,
        "season" TEXT, 
        "venue" TEXT, 
        "date" TEXT, 
        "toss" TEXT,
        "winner" TEXT, 
        "player_of_the_match" TEXT,
        "toss_winner" TEXT, 
        "toss_choosen" TEXT
        ), parameters: None
[2023-12-09T09:51:23.755+0530] {taskinstance.py:1400} INFO - Marking task as SUCCESS. dag_id=Cricbuzz_ETL, task_id=Create_match_table, execution_date=20231209T042119, start_date=20231209T042123, end_date=20231209T042123
[2023-12-09T09:51:23.787+0530] {local_task_job_runner.py:228} INFO - Task exited with return code 0
[2023-12-09T09:51:23.801+0530] {taskinstance.py:2778} INFO - 1 downstream tasks scheduled from follow-on schedule check
