[2023-12-09T07:05:58.268+0530] {processor.py:157} INFO - Started process (PID=4820) to work on /home/rajabala/Desktop/projects/Airflow/airflow_env/lib/python3.9/site-packages/airflow/example_dags/plugins/event_listener.py
[2023-12-09T07:05:58.269+0530] {processor.py:829} INFO - Processing file /home/rajabala/Desktop/projects/Airflow/airflow_env/lib/python3.9/site-packages/airflow/example_dags/plugins/event_listener.py for tasks to queue
[2023-12-09T07:05:58.269+0530] {logging_mixin.py:154} INFO - [2023-12-09T07:05:58.269+0530] {dagbag.py:536} INFO - Filling up the DagBag from /home/rajabala/Desktop/projects/Airflow/airflow_env/lib/python3.9/site-packages/airflow/example_dags/plugins/event_listener.py
[2023-12-09T07:05:58.271+0530] {processor.py:841} WARNING - No viable dags retrieved from /home/rajabala/Desktop/projects/Airflow/airflow_env/lib/python3.9/site-packages/airflow/example_dags/plugins/event_listener.py
[2023-12-09T07:05:58.277+0530] {processor.py:179} INFO - Processing /home/rajabala/Desktop/projects/Airflow/airflow_env/lib/python3.9/site-packages/airflow/example_dags/plugins/event_listener.py took 0.013 seconds
[2023-12-09T07:06:50.618+0530] {processor.py:157} INFO - Started process (PID=5693) to work on /home/rajabala/Desktop/projects/Airflow/airflow_env/lib/python3.9/site-packages/airflow/example_dags/plugins/event_listener.py
[2023-12-09T07:06:50.621+0530] {processor.py:829} INFO - Processing file /home/rajabala/Desktop/projects/Airflow/airflow_env/lib/python3.9/site-packages/airflow/example_dags/plugins/event_listener.py for tasks to queue
[2023-12-09T07:06:50.623+0530] {logging_mixin.py:154} INFO - [2023-12-09T07:06:50.622+0530] {dagbag.py:536} INFO - Filling up the DagBag from /home/rajabala/Desktop/projects/Airflow/airflow_env/lib/python3.9/site-packages/airflow/example_dags/plugins/event_listener.py
[2023-12-09T07:06:50.625+0530] {processor.py:841} WARNING - No viable dags retrieved from /home/rajabala/Desktop/projects/Airflow/airflow_env/lib/python3.9/site-packages/airflow/example_dags/plugins/event_listener.py
[2023-12-09T07:06:50.635+0530] {processor.py:179} INFO - Processing /home/rajabala/Desktop/projects/Airflow/airflow_env/lib/python3.9/site-packages/airflow/example_dags/plugins/event_listener.py took 0.020 seconds
[2023-12-09T07:07:27.830+0530] {processor.py:157} INFO - Started process (PID=5889) to work on /home/rajabala/Desktop/projects/Airflow/airflow_env/lib/python3.9/site-packages/airflow/example_dags/plugins/event_listener.py
[2023-12-09T07:07:27.832+0530] {processor.py:829} INFO - Processing file /home/rajabala/Desktop/projects/Airflow/airflow_env/lib/python3.9/site-packages/airflow/example_dags/plugins/event_listener.py for tasks to queue
[2023-12-09T07:07:27.833+0530] {logging_mixin.py:154} INFO - [2023-12-09T07:07:27.833+0530] {dagbag.py:536} INFO - Filling up the DagBag from /home/rajabala/Desktop/projects/Airflow/airflow_env/lib/python3.9/site-packages/airflow/example_dags/plugins/event_listener.py
[2023-12-09T07:07:27.836+0530] {processor.py:841} WARNING - No viable dags retrieved from /home/rajabala/Desktop/projects/Airflow/airflow_env/lib/python3.9/site-packages/airflow/example_dags/plugins/event_listener.py
[2023-12-09T07:07:27.845+0530] {processor.py:179} INFO - Processing /home/rajabala/Desktop/projects/Airflow/airflow_env/lib/python3.9/site-packages/airflow/example_dags/plugins/event_listener.py took 0.017 seconds
[2023-12-09T07:08:11.016+0530] {processor.py:157} INFO - Started process (PID=6154) to work on /home/rajabala/Desktop/projects/Airflow/airflow_env/lib/python3.9/site-packages/airflow/example_dags/plugins/event_listener.py
[2023-12-09T07:08:11.020+0530] {processor.py:829} INFO - Processing file /home/rajabala/Desktop/projects/Airflow/airflow_env/lib/python3.9/site-packages/airflow/example_dags/plugins/event_listener.py for tasks to queue
[2023-12-09T07:08:11.021+0530] {logging_mixin.py:154} INFO - [2023-12-09T07:08:11.021+0530] {dagbag.py:536} INFO - Filling up the DagBag from /home/rajabala/Desktop/projects/Airflow/airflow_env/lib/python3.9/site-packages/airflow/example_dags/plugins/event_listener.py
[2023-12-09T07:08:11.025+0530] {processor.py:841} WARNING - No viable dags retrieved from /home/rajabala/Desktop/projects/Airflow/airflow_env/lib/python3.9/site-packages/airflow/example_dags/plugins/event_listener.py
[2023-12-09T07:08:11.038+0530] {processor.py:179} INFO - Processing /home/rajabala/Desktop/projects/Airflow/airflow_env/lib/python3.9/site-packages/airflow/example_dags/plugins/event_listener.py took 0.026 seconds
[2023-12-09T07:08:55.923+0530] {processor.py:157} INFO - Started process (PID=6362) to work on /home/rajabala/Desktop/projects/Airflow/airflow_env/lib/python3.9/site-packages/airflow/example_dags/plugins/event_listener.py
[2023-12-09T07:08:55.926+0530] {processor.py:829} INFO - Processing file /home/rajabala/Desktop/projects/Airflow/airflow_env/lib/python3.9/site-packages/airflow/example_dags/plugins/event_listener.py for tasks to queue
[2023-12-09T07:08:55.927+0530] {logging_mixin.py:154} INFO - [2023-12-09T07:08:55.926+0530] {dagbag.py:536} INFO - Filling up the DagBag from /home/rajabala/Desktop/projects/Airflow/airflow_env/lib/python3.9/site-packages/airflow/example_dags/plugins/event_listener.py
[2023-12-09T07:08:55.930+0530] {processor.py:841} WARNING - No viable dags retrieved from /home/rajabala/Desktop/projects/Airflow/airflow_env/lib/python3.9/site-packages/airflow/example_dags/plugins/event_listener.py
[2023-12-09T07:08:55.939+0530] {processor.py:179} INFO - Processing /home/rajabala/Desktop/projects/Airflow/airflow_env/lib/python3.9/site-packages/airflow/example_dags/plugins/event_listener.py took 0.020 seconds
[2023-12-09T07:09:40.631+0530] {processor.py:157} INFO - Started process (PID=6671) to work on /home/rajabala/Desktop/projects/Airflow/airflow_env/lib/python3.9/site-packages/airflow/example_dags/plugins/event_listener.py
[2023-12-09T07:09:40.632+0530] {processor.py:829} INFO - Processing file /home/rajabala/Desktop/projects/Airflow/airflow_env/lib/python3.9/site-packages/airflow/example_dags/plugins/event_listener.py for tasks to queue
[2023-12-09T07:09:40.633+0530] {logging_mixin.py:154} INFO - [2023-12-09T07:09:40.633+0530] {dagbag.py:536} INFO - Filling up the DagBag from /home/rajabala/Desktop/projects/Airflow/airflow_env/lib/python3.9/site-packages/airflow/example_dags/plugins/event_listener.py
[2023-12-09T07:09:40.636+0530] {processor.py:841} WARNING - No viable dags retrieved from /home/rajabala/Desktop/projects/Airflow/airflow_env/lib/python3.9/site-packages/airflow/example_dags/plugins/event_listener.py
[2023-12-09T07:09:40.648+0530] {processor.py:179} INFO - Processing /home/rajabala/Desktop/projects/Airflow/airflow_env/lib/python3.9/site-packages/airflow/example_dags/plugins/event_listener.py took 0.019 seconds
