[2023-12-09T07:05:59.410+0530] {processor.py:157} INFO - Started process (PID=4821) to work on /home/rajabala/Desktop/projects/Airflow/airflow_env/lib/python3.9/site-packages/airflow/example_dags/plugins/listener_plugin.py
[2023-12-09T07:05:59.411+0530] {processor.py:829} INFO - Processing file /home/rajabala/Desktop/projects/Airflow/airflow_env/lib/python3.9/site-packages/airflow/example_dags/plugins/listener_plugin.py for tasks to queue
[2023-12-09T07:05:59.413+0530] {logging_mixin.py:154} INFO - [2023-12-09T07:05:59.412+0530] {dagbag.py:536} INFO - Filling up the DagBag from /home/rajabala/Desktop/projects/Airflow/airflow_env/lib/python3.9/site-packages/airflow/example_dags/plugins/listener_plugin.py
[2023-12-09T07:05:59.416+0530] {processor.py:841} WARNING - No viable dags retrieved from /home/rajabala/Desktop/projects/Airflow/airflow_env/lib/python3.9/site-packages/airflow/example_dags/plugins/listener_plugin.py
[2023-12-09T07:05:59.425+0530] {processor.py:179} INFO - Processing /home/rajabala/Desktop/projects/Airflow/airflow_env/lib/python3.9/site-packages/airflow/example_dags/plugins/listener_plugin.py took 0.018 seconds
[2023-12-09T07:06:51.768+0530] {processor.py:157} INFO - Started process (PID=5694) to work on /home/rajabala/Desktop/projects/Airflow/airflow_env/lib/python3.9/site-packages/airflow/example_dags/plugins/listener_plugin.py
[2023-12-09T07:06:51.771+0530] {processor.py:829} INFO - Processing file /home/rajabala/Desktop/projects/Airflow/airflow_env/lib/python3.9/site-packages/airflow/example_dags/plugins/listener_plugin.py for tasks to queue
[2023-12-09T07:06:51.772+0530] {logging_mixin.py:154} INFO - [2023-12-09T07:06:51.772+0530] {dagbag.py:536} INFO - Filling up the DagBag from /home/rajabala/Desktop/projects/Airflow/airflow_env/lib/python3.9/site-packages/airflow/example_dags/plugins/listener_plugin.py
[2023-12-09T07:06:51.776+0530] {processor.py:841} WARNING - No viable dags retrieved from /home/rajabala/Desktop/projects/Airflow/airflow_env/lib/python3.9/site-packages/airflow/example_dags/plugins/listener_plugin.py
[2023-12-09T07:06:51.787+0530] {processor.py:179} INFO - Processing /home/rajabala/Desktop/projects/Airflow/airflow_env/lib/python3.9/site-packages/airflow/example_dags/plugins/listener_plugin.py took 0.021 seconds
[2023-12-09T07:07:28.975+0530] {processor.py:157} INFO - Started process (PID=5890) to work on /home/rajabala/Desktop/projects/Airflow/airflow_env/lib/python3.9/site-packages/airflow/example_dags/plugins/listener_plugin.py
[2023-12-09T07:07:28.978+0530] {processor.py:829} INFO - Processing file /home/rajabala/Desktop/projects/Airflow/airflow_env/lib/python3.9/site-packages/airflow/example_dags/plugins/listener_plugin.py for tasks to queue
[2023-12-09T07:07:28.980+0530] {logging_mixin.py:154} INFO - [2023-12-09T07:07:28.979+0530] {dagbag.py:536} INFO - Filling up the DagBag from /home/rajabala/Desktop/projects/Airflow/airflow_env/lib/python3.9/site-packages/airflow/example_dags/plugins/listener_plugin.py
[2023-12-09T07:07:28.983+0530] {processor.py:841} WARNING - No viable dags retrieved from /home/rajabala/Desktop/projects/Airflow/airflow_env/lib/python3.9/site-packages/airflow/example_dags/plugins/listener_plugin.py
[2023-12-09T07:07:28.992+0530] {processor.py:179} INFO - Processing /home/rajabala/Desktop/projects/Airflow/airflow_env/lib/python3.9/site-packages/airflow/example_dags/plugins/listener_plugin.py took 0.018 seconds
[2023-12-09T07:08:12.155+0530] {processor.py:157} INFO - Started process (PID=6155) to work on /home/rajabala/Desktop/projects/Airflow/airflow_env/lib/python3.9/site-packages/airflow/example_dags/plugins/listener_plugin.py
[2023-12-09T07:08:12.158+0530] {processor.py:829} INFO - Processing file /home/rajabala/Desktop/projects/Airflow/airflow_env/lib/python3.9/site-packages/airflow/example_dags/plugins/listener_plugin.py for tasks to queue
[2023-12-09T07:08:12.160+0530] {logging_mixin.py:154} INFO - [2023-12-09T07:08:12.159+0530] {dagbag.py:536} INFO - Filling up the DagBag from /home/rajabala/Desktop/projects/Airflow/airflow_env/lib/python3.9/site-packages/airflow/example_dags/plugins/listener_plugin.py
[2023-12-09T07:08:12.163+0530] {processor.py:841} WARNING - No viable dags retrieved from /home/rajabala/Desktop/projects/Airflow/airflow_env/lib/python3.9/site-packages/airflow/example_dags/plugins/listener_plugin.py
[2023-12-09T07:08:12.172+0530] {processor.py:179} INFO - Processing /home/rajabala/Desktop/projects/Airflow/airflow_env/lib/python3.9/site-packages/airflow/example_dags/plugins/listener_plugin.py took 0.021 seconds
[2023-12-09T07:08:57.059+0530] {processor.py:157} INFO - Started process (PID=6364) to work on /home/rajabala/Desktop/projects/Airflow/airflow_env/lib/python3.9/site-packages/airflow/example_dags/plugins/listener_plugin.py
[2023-12-09T07:08:57.062+0530] {processor.py:829} INFO - Processing file /home/rajabala/Desktop/projects/Airflow/airflow_env/lib/python3.9/site-packages/airflow/example_dags/plugins/listener_plugin.py for tasks to queue
[2023-12-09T07:08:57.063+0530] {logging_mixin.py:154} INFO - [2023-12-09T07:08:57.063+0530] {dagbag.py:536} INFO - Filling up the DagBag from /home/rajabala/Desktop/projects/Airflow/airflow_env/lib/python3.9/site-packages/airflow/example_dags/plugins/listener_plugin.py
[2023-12-09T07:08:57.067+0530] {processor.py:841} WARNING - No viable dags retrieved from /home/rajabala/Desktop/projects/Airflow/airflow_env/lib/python3.9/site-packages/airflow/example_dags/plugins/listener_plugin.py
[2023-12-09T07:08:57.077+0530] {processor.py:179} INFO - Processing /home/rajabala/Desktop/projects/Airflow/airflow_env/lib/python3.9/site-packages/airflow/example_dags/plugins/listener_plugin.py took 0.020 seconds
[2023-12-09T07:09:41.790+0530] {processor.py:157} INFO - Started process (PID=6672) to work on /home/rajabala/Desktop/projects/Airflow/airflow_env/lib/python3.9/site-packages/airflow/example_dags/plugins/listener_plugin.py
[2023-12-09T07:09:41.793+0530] {processor.py:829} INFO - Processing file /home/rajabala/Desktop/projects/Airflow/airflow_env/lib/python3.9/site-packages/airflow/example_dags/plugins/listener_plugin.py for tasks to queue
[2023-12-09T07:09:41.794+0530] {logging_mixin.py:154} INFO - [2023-12-09T07:09:41.794+0530] {dagbag.py:536} INFO - Filling up the DagBag from /home/rajabala/Desktop/projects/Airflow/airflow_env/lib/python3.9/site-packages/airflow/example_dags/plugins/listener_plugin.py
[2023-12-09T07:09:41.798+0530] {processor.py:841} WARNING - No viable dags retrieved from /home/rajabala/Desktop/projects/Airflow/airflow_env/lib/python3.9/site-packages/airflow/example_dags/plugins/listener_plugin.py
[2023-12-09T07:09:41.808+0530] {processor.py:179} INFO - Processing /home/rajabala/Desktop/projects/Airflow/airflow_env/lib/python3.9/site-packages/airflow/example_dags/plugins/listener_plugin.py took 0.020 seconds
