[2023-12-09T07:05:57.133+0530] {processor.py:157} INFO - Started process (PID=4787) to work on /home/rajabala/Desktop/projects/Airflow/airflow_env/lib/python3.9/site-packages/airflow/example_dags/plugins/workday.py
[2023-12-09T07:05:57.134+0530] {processor.py:829} INFO - Processing file /home/rajabala/Desktop/projects/Airflow/airflow_env/lib/python3.9/site-packages/airflow/example_dags/plugins/workday.py for tasks to queue
[2023-12-09T07:05:57.135+0530] {logging_mixin.py:154} INFO - [2023-12-09T07:05:57.135+0530] {dagbag.py:536} INFO - Filling up the DagBag from /home/rajabala/Desktop/projects/Airflow/airflow_env/lib/python3.9/site-packages/airflow/example_dags/plugins/workday.py
[2023-12-09T07:05:57.138+0530] {logging_mixin.py:154} INFO - [2023-12-09T07:05:57.138+0530] {workday.py:36} WARNING - Could not import pandas. Holidays will not be considered.
[2023-12-09T07:05:57.138+0530] {processor.py:841} WARNING - No viable dags retrieved from /home/rajabala/Desktop/projects/Airflow/airflow_env/lib/python3.9/site-packages/airflow/example_dags/plugins/workday.py
[2023-12-09T07:05:57.187+0530] {processor.py:179} INFO - Processing /home/rajabala/Desktop/projects/Airflow/airflow_env/lib/python3.9/site-packages/airflow/example_dags/plugins/workday.py took 0.057 seconds
[2023-12-09T07:06:50.048+0530] {processor.py:157} INFO - Started process (PID=5673) to work on /home/rajabala/Desktop/projects/Airflow/airflow_env/lib/python3.9/site-packages/airflow/example_dags/plugins/workday.py
[2023-12-09T07:06:50.049+0530] {processor.py:829} INFO - Processing file /home/rajabala/Desktop/projects/Airflow/airflow_env/lib/python3.9/site-packages/airflow/example_dags/plugins/workday.py for tasks to queue
[2023-12-09T07:06:50.050+0530] {logging_mixin.py:154} INFO - [2023-12-09T07:06:50.050+0530] {dagbag.py:536} INFO - Filling up the DagBag from /home/rajabala/Desktop/projects/Airflow/airflow_env/lib/python3.9/site-packages/airflow/example_dags/plugins/workday.py
[2023-12-09T07:06:50.052+0530] {logging_mixin.py:154} INFO - [2023-12-09T07:06:50.052+0530] {workday.py:36} WARNING - Could not import pandas. Holidays will not be considered.
[2023-12-09T07:06:50.053+0530] {processor.py:841} WARNING - No viable dags retrieved from /home/rajabala/Desktop/projects/Airflow/airflow_env/lib/python3.9/site-packages/airflow/example_dags/plugins/workday.py
[2023-12-09T07:06:50.062+0530] {processor.py:179} INFO - Processing /home/rajabala/Desktop/projects/Airflow/airflow_env/lib/python3.9/site-packages/airflow/example_dags/plugins/workday.py took 0.017 seconds
[2023-12-09T07:07:26.674+0530] {processor.py:157} INFO - Started process (PID=5882) to work on /home/rajabala/Desktop/projects/Airflow/airflow_env/lib/python3.9/site-packages/airflow/example_dags/plugins/workday.py
[2023-12-09T07:07:26.677+0530] {processor.py:829} INFO - Processing file /home/rajabala/Desktop/projects/Airflow/airflow_env/lib/python3.9/site-packages/airflow/example_dags/plugins/workday.py for tasks to queue
[2023-12-09T07:07:26.678+0530] {logging_mixin.py:154} INFO - [2023-12-09T07:07:26.678+0530] {dagbag.py:536} INFO - Filling up the DagBag from /home/rajabala/Desktop/projects/Airflow/airflow_env/lib/python3.9/site-packages/airflow/example_dags/plugins/workday.py
[2023-12-09T07:07:26.681+0530] {logging_mixin.py:154} INFO - [2023-12-09T07:07:26.681+0530] {workday.py:36} WARNING - Could not import pandas. Holidays will not be considered.
[2023-12-09T07:07:26.682+0530] {processor.py:841} WARNING - No viable dags retrieved from /home/rajabala/Desktop/projects/Airflow/airflow_env/lib/python3.9/site-packages/airflow/example_dags/plugins/workday.py
[2023-12-09T07:07:26.691+0530] {processor.py:179} INFO - Processing /home/rajabala/Desktop/projects/Airflow/airflow_env/lib/python3.9/site-packages/airflow/example_dags/plugins/workday.py took 0.020 seconds
[2023-12-09T07:08:09.862+0530] {processor.py:157} INFO - Started process (PID=6153) to work on /home/rajabala/Desktop/projects/Airflow/airflow_env/lib/python3.9/site-packages/airflow/example_dags/plugins/workday.py
[2023-12-09T07:08:09.865+0530] {processor.py:829} INFO - Processing file /home/rajabala/Desktop/projects/Airflow/airflow_env/lib/python3.9/site-packages/airflow/example_dags/plugins/workday.py for tasks to queue
[2023-12-09T07:08:09.867+0530] {logging_mixin.py:154} INFO - [2023-12-09T07:08:09.866+0530] {dagbag.py:536} INFO - Filling up the DagBag from /home/rajabala/Desktop/projects/Airflow/airflow_env/lib/python3.9/site-packages/airflow/example_dags/plugins/workday.py
[2023-12-09T07:08:09.870+0530] {logging_mixin.py:154} INFO - [2023-12-09T07:08:09.870+0530] {workday.py:36} WARNING - Could not import pandas. Holidays will not be considered.
[2023-12-09T07:08:09.871+0530] {processor.py:841} WARNING - No viable dags retrieved from /home/rajabala/Desktop/projects/Airflow/airflow_env/lib/python3.9/site-packages/airflow/example_dags/plugins/workday.py
[2023-12-09T07:08:09.880+0530] {processor.py:179} INFO - Processing /home/rajabala/Desktop/projects/Airflow/airflow_env/lib/python3.9/site-packages/airflow/example_dags/plugins/workday.py took 0.021 seconds
[2023-12-09T07:08:55.191+0530] {processor.py:157} INFO - Started process (PID=6326) to work on /home/rajabala/Desktop/projects/Airflow/airflow_env/lib/python3.9/site-packages/airflow/example_dags/plugins/workday.py
[2023-12-09T07:08:55.194+0530] {processor.py:829} INFO - Processing file /home/rajabala/Desktop/projects/Airflow/airflow_env/lib/python3.9/site-packages/airflow/example_dags/plugins/workday.py for tasks to queue
[2023-12-09T07:08:55.195+0530] {logging_mixin.py:154} INFO - [2023-12-09T07:08:55.195+0530] {dagbag.py:536} INFO - Filling up the DagBag from /home/rajabala/Desktop/projects/Airflow/airflow_env/lib/python3.9/site-packages/airflow/example_dags/plugins/workday.py
[2023-12-09T07:08:55.198+0530] {logging_mixin.py:154} INFO - [2023-12-09T07:08:55.198+0530] {workday.py:36} WARNING - Could not import pandas. Holidays will not be considered.
[2023-12-09T07:08:55.199+0530] {processor.py:841} WARNING - No viable dags retrieved from /home/rajabala/Desktop/projects/Airflow/airflow_env/lib/python3.9/site-packages/airflow/example_dags/plugins/workday.py
[2023-12-09T07:08:55.208+0530] {processor.py:179} INFO - Processing /home/rajabala/Desktop/projects/Airflow/airflow_env/lib/python3.9/site-packages/airflow/example_dags/plugins/workday.py took 0.019 seconds
[2023-12-09T07:09:39.934+0530] {processor.py:157} INFO - Started process (PID=6670) to work on /home/rajabala/Desktop/projects/Airflow/airflow_env/lib/python3.9/site-packages/airflow/example_dags/plugins/workday.py
[2023-12-09T07:09:39.936+0530] {processor.py:829} INFO - Processing file /home/rajabala/Desktop/projects/Airflow/airflow_env/lib/python3.9/site-packages/airflow/example_dags/plugins/workday.py for tasks to queue
[2023-12-09T07:09:39.937+0530] {logging_mixin.py:154} INFO - [2023-12-09T07:09:39.937+0530] {dagbag.py:536} INFO - Filling up the DagBag from /home/rajabala/Desktop/projects/Airflow/airflow_env/lib/python3.9/site-packages/airflow/example_dags/plugins/workday.py
[2023-12-09T07:09:39.941+0530] {logging_mixin.py:154} INFO - [2023-12-09T07:09:39.941+0530] {workday.py:36} WARNING - Could not import pandas. Holidays will not be considered.
[2023-12-09T07:09:39.942+0530] {processor.py:841} WARNING - No viable dags retrieved from /home/rajabala/Desktop/projects/Airflow/airflow_env/lib/python3.9/site-packages/airflow/example_dags/plugins/workday.py
[2023-12-09T07:09:39.950+0530] {processor.py:179} INFO - Processing /home/rajabala/Desktop/projects/Airflow/airflow_env/lib/python3.9/site-packages/airflow/example_dags/plugins/workday.py took 0.019 seconds
