[2024-01-02T19:20:00.568+0530] {taskinstance.py:1159} INFO - Dependencies all met for dep_context=non-requeueable deps ti=<TaskInstance: Cricbuzz_ETL.transform manual__2024-01-02T13:49:22.228810+00:00 [queued]>
[2024-01-02T19:20:00.572+0530] {taskinstance.py:1159} INFO - Dependencies all met for dep_context=requeueable deps ti=<TaskInstance: Cricbuzz_ETL.transform manual__2024-01-02T13:49:22.228810+00:00 [queued]>
[2024-01-02T19:20:00.572+0530] {taskinstance.py:1361} INFO - Starting attempt 1 of 0
[2024-01-02T19:20:00.581+0530] {taskinstance.py:1382} INFO - Executing <Task(PythonOperator): transform> on 2024-01-02 13:49:22.228810+00:00
[2024-01-02T19:20:00.583+0530] {standard_task_runner.py:57} INFO - Started process 34748 to run task
[2024-01-02T19:20:00.585+0530] {standard_task_runner.py:84} INFO - Running: ['airflow', 'tasks', 'run', 'Cricbuzz_ETL', 'transform', 'manual__2024-01-02T13:49:22.228810+00:00', '--job-id', '606', '--raw', '--subdir', 'DAGS_FOLDER/Crickbuzz_dag.py', '--cfg-path', '/tmp/tmprym8ftf8']
[2024-01-02T19:20:00.586+0530] {standard_task_runner.py:85} INFO - Job 606: Subtask transform
[2024-01-02T19:20:00.605+0530] {task_command.py:416} INFO - Running <TaskInstance: Cricbuzz_ETL.transform manual__2024-01-02T13:49:22.228810+00:00 [running]> on host Iris
[2024-01-02T19:20:00.640+0530] {taskinstance.py:1662} INFO - Exporting env vars: AIRFLOW_CTX_DAG_OWNER='airflow' AIRFLOW_CTX_DAG_ID='Cricbuzz_ETL' AIRFLOW_CTX_TASK_ID='transform' AIRFLOW_CTX_EXECUTION_DATE='2024-01-02T13:49:22.228810+00:00' AIRFLOW_CTX_TRY_NUMBER='1' AIRFLOW_CTX_DAG_RUN_ID='manual__2024-01-02T13:49:22.228810+00:00'
[2024-01-02T19:20:00.641+0530] {taskinstance.py:1937} ERROR - Task failed with exception
Traceback (most recent call last):
  File "/home/rajabala/Desktop/projects/Airflow/airflow_env/lib/python3.9/site-packages/airflow/operators/python.py", line 192, in execute
    return_value = self.execute_callable()
  File "/home/rajabala/Desktop/projects/Airflow/airflow_env/lib/python3.9/site-packages/airflow/operators/python.py", line 209, in execute_callable
    return self.python_callable(*self.op_args, **self.op_kwargs)
  File "/home/rajabala/Desktop/projects/Airflow/dags/Cricbuzz_files/Transform.py", line 3, in clean
    file_name=url.split('/')[-1]
AttributeError: 'list' object has no attribute 'split'
[2024-01-02T19:20:00.643+0530] {taskinstance.py:1400} INFO - Marking task as FAILED. dag_id=Cricbuzz_ETL, task_id=transform, execution_date=20240102T134922, start_date=20240102T135000, end_date=20240102T135000
[2024-01-02T19:20:00.650+0530] {standard_task_runner.py:104} ERROR - Failed to execute job 606 for task transform ('list' object has no attribute 'split'; 34748)
[2024-01-02T19:20:00.677+0530] {local_task_job_runner.py:228} INFO - Task exited with return code 1
[2024-01-02T19:20:00.698+0530] {taskinstance.py:2778} INFO - 0 downstream tasks scheduled from follow-on schedule check
