[2023-12-31T21:37:29.107+0530] {taskinstance.py:1159} INFO - Dependencies all met for dep_context=non-requeueable deps ti=<TaskInstance: trigger.run_task scheduled__2023-12-30T00:00:00+00:00 [queued]>
[2023-12-31T21:37:29.115+0530] {taskinstance.py:1159} INFO - Dependencies all met for dep_context=requeueable deps ti=<TaskInstance: trigger.run_task scheduled__2023-12-30T00:00:00+00:00 [queued]>
[2023-12-31T21:37:29.115+0530] {taskinstance.py:1361} INFO - Starting attempt 1 of 2
[2023-12-31T21:37:29.127+0530] {taskinstance.py:1382} INFO - Executing <Task(BashOperator): run_task> on 2023-12-30 00:00:00+00:00
[2023-12-31T21:37:29.131+0530] {standard_task_runner.py:57} INFO - Started process 26332 to run task
[2023-12-31T21:37:29.134+0530] {standard_task_runner.py:84} INFO - Running: ['airflow', 'tasks', 'run', 'trigger', 'run_task', 'scheduled__2023-12-30T00:00:00+00:00', '--job-id', '493', '--raw', '--subdir', 'DAGS_FOLDER/summa.py', '--cfg-path', '/tmp/tmpik5kk59y']
[2023-12-31T21:37:29.135+0530] {standard_task_runner.py:85} INFO - Job 493: Subtask run_task
[2023-12-31T21:37:29.169+0530] {task_command.py:416} INFO - Running <TaskInstance: trigger.run_task scheduled__2023-12-30T00:00:00+00:00 [running]> on host Iris
[2023-12-31T21:37:29.222+0530] {taskinstance.py:1662} INFO - Exporting env vars: AIRFLOW_CTX_DAG_OWNER='airflow' AIRFLOW_CTX_DAG_ID='trigger' AIRFLOW_CTX_TASK_ID='run_task' AIRFLOW_CTX_EXECUTION_DATE='2023-12-30T00:00:00+00:00' AIRFLOW_CTX_TRY_NUMBER='1' AIRFLOW_CTX_DAG_RUN_ID='scheduled__2023-12-30T00:00:00+00:00'
[2023-12-31T21:37:29.223+0530] {subprocess.py:63} INFO - Tmp dir root location: /tmp
[2023-12-31T21:37:29.224+0530] {subprocess.py:75} INFO - Running command: ['/usr/bin/bash', '-c', 'echo "running task"']
[2023-12-31T21:37:29.231+0530] {subprocess.py:86} INFO - Output:
[2023-12-31T21:37:29.232+0530] {subprocess.py:93} INFO - running task
[2023-12-31T21:37:29.233+0530] {subprocess.py:97} INFO - Command exited with return code 0
[2023-12-31T21:37:29.250+0530] {taskinstance.py:1400} INFO - Marking task as SUCCESS. dag_id=trigger, task_id=run_task, execution_date=20231230T000000, start_date=20231231T160729, end_date=20231231T160729
[2023-12-31T21:37:29.265+0530] {local_task_job_runner.py:228} INFO - Task exited with return code 0
[2023-12-31T21:37:29.276+0530] {taskinstance.py:2778} INFO - 0 downstream tasks scheduled from follow-on schedule check
[2023-12-31T22:38:43.776+0530] {taskinstance.py:1159} INFO - Dependencies all met for dep_context=non-requeueable deps ti=<TaskInstance: trigger.run_task scheduled__2023-12-30T00:00:00+00:00 [queued]>
[2023-12-31T22:38:43.780+0530] {taskinstance.py:1159} INFO - Dependencies all met for dep_context=requeueable deps ti=<TaskInstance: trigger.run_task scheduled__2023-12-30T00:00:00+00:00 [queued]>
[2023-12-31T22:38:43.780+0530] {taskinstance.py:1361} INFO - Starting attempt 1 of 2
[2023-12-31T22:38:43.791+0530] {taskinstance.py:1382} INFO - Executing <Task(BashOperator): run_task> on 2023-12-30 00:00:00+00:00
[2023-12-31T22:38:43.792+0530] {standard_task_runner.py:57} INFO - Started process 49661 to run task
[2023-12-31T22:38:43.794+0530] {standard_task_runner.py:84} INFO - Running: ['airflow', 'tasks', 'run', 'trigger', 'run_task', 'scheduled__2023-12-30T00:00:00+00:00', '--job-id', '495', '--raw', '--subdir', 'DAGS_FOLDER/summa.py', '--cfg-path', '/tmp/tmp2e9g6tl5']
[2023-12-31T22:38:43.795+0530] {standard_task_runner.py:85} INFO - Job 495: Subtask run_task
[2023-12-31T22:38:43.814+0530] {task_command.py:416} INFO - Running <TaskInstance: trigger.run_task scheduled__2023-12-30T00:00:00+00:00 [running]> on host Iris
[2023-12-31T22:38:43.853+0530] {taskinstance.py:1662} INFO - Exporting env vars: AIRFLOW_CTX_DAG_OWNER='airflow' AIRFLOW_CTX_DAG_ID='trigger' AIRFLOW_CTX_TASK_ID='run_task' AIRFLOW_CTX_EXECUTION_DATE='2023-12-30T00:00:00+00:00' AIRFLOW_CTX_TRY_NUMBER='1' AIRFLOW_CTX_DAG_RUN_ID='scheduled__2023-12-30T00:00:00+00:00'
[2023-12-31T22:38:43.854+0530] {subprocess.py:63} INFO - Tmp dir root location: /tmp
[2023-12-31T22:38:43.854+0530] {subprocess.py:75} INFO - Running command: ['/usr/bin/bash', '-c', 'echo "running task"']
[2023-12-31T22:38:43.858+0530] {subprocess.py:86} INFO - Output:
[2023-12-31T22:38:43.859+0530] {subprocess.py:93} INFO - running task
[2023-12-31T22:38:43.859+0530] {subprocess.py:97} INFO - Command exited with return code 0
[2023-12-31T22:38:43.870+0530] {taskinstance.py:1400} INFO - Marking task as SUCCESS. dag_id=trigger, task_id=run_task, execution_date=20231230T000000, start_date=20231231T170843, end_date=20231231T170843
[2023-12-31T22:38:43.886+0530] {local_task_job_runner.py:228} INFO - Task exited with return code 0
[2023-12-31T22:38:43.892+0530] {taskinstance.py:2778} INFO - 0 downstream tasks scheduled from follow-on schedule check
