[2023-12-31T21:37:10.646+0530] {taskinstance.py:1159} INFO - Dependencies all met for dep_context=non-requeueable deps ti=<TaskInstance: trigger.bash scheduled__2023-12-28T00:00:00+00:00 [queued]>
[2023-12-31T21:37:10.655+0530] {taskinstance.py:1159} INFO - Dependencies all met for dep_context=requeueable deps ti=<TaskInstance: trigger.bash scheduled__2023-12-28T00:00:00+00:00 [queued]>
[2023-12-31T21:37:10.656+0530] {taskinstance.py:1361} INFO - Starting attempt 1 of 2
[2023-12-31T21:37:10.671+0530] {taskinstance.py:1382} INFO - Executing <Task(BashOperator): bash> on 2023-12-28 00:00:00+00:00
[2023-12-31T21:37:10.673+0530] {standard_task_runner.py:57} INFO - Started process 26083 to run task
[2023-12-31T21:37:10.676+0530] {standard_task_runner.py:84} INFO - Running: ['airflow', 'tasks', 'run', 'trigger', 'bash', 'scheduled__2023-12-28T00:00:00+00:00', '--job-id', '482', '--raw', '--subdir', 'DAGS_FOLDER/summa.py', '--cfg-path', '/tmp/tmprjio0_z8']
[2023-12-31T21:37:10.676+0530] {standard_task_runner.py:85} INFO - Job 482: Subtask bash
[2023-12-31T21:37:10.704+0530] {task_command.py:416} INFO - Running <TaskInstance: trigger.bash scheduled__2023-12-28T00:00:00+00:00 [running]> on host Iris
[2023-12-31T21:37:10.751+0530] {taskinstance.py:1662} INFO - Exporting env vars: AIRFLOW_CTX_DAG_OWNER='airflow' AIRFLOW_CTX_DAG_ID='trigger' AIRFLOW_CTX_TASK_ID='bash' AIRFLOW_CTX_EXECUTION_DATE='2023-12-28T00:00:00+00:00' AIRFLOW_CTX_TRY_NUMBER='1' AIRFLOW_CTX_DAG_RUN_ID='scheduled__2023-12-28T00:00:00+00:00'
[2023-12-31T21:37:10.751+0530] {subprocess.py:63} INFO - Tmp dir root location: /tmp
[2023-12-31T21:37:10.752+0530] {subprocess.py:75} INFO - Running command: ['/usr/bin/bash', '-c', 'execution_date =2023-12-28']
[2023-12-31T21:37:10.757+0530] {subprocess.py:86} INFO - Output:
[2023-12-31T21:37:10.757+0530] {subprocess.py:93} INFO - /usr/bin/bash: line 1: execution_date: command not found
[2023-12-31T21:37:10.758+0530] {subprocess.py:97} INFO - Command exited with return code 127
[2023-12-31T21:37:10.763+0530] {taskinstance.py:1937} ERROR - Task failed with exception
Traceback (most recent call last):
  File "/home/rajabala/Desktop/projects/Airflow/airflow_env/lib/python3.9/site-packages/airflow/operators/bash.py", line 210, in execute
    raise AirflowException(
airflow.exceptions.AirflowException: Bash command failed. The command returned a non-zero exit code 127.
[2023-12-31T21:37:10.765+0530] {taskinstance.py:1400} INFO - Marking task as UP_FOR_RETRY. dag_id=trigger, task_id=bash, execution_date=20231228T000000, start_date=20231231T160710, end_date=20231231T160710
[2023-12-31T21:37:10.774+0530] {standard_task_runner.py:104} ERROR - Failed to execute job 482 for task bash (Bash command failed. The command returned a non-zero exit code 127.; 26083)
[2023-12-31T21:37:10.808+0530] {local_task_job_runner.py:228} INFO - Task exited with return code 1
[2023-12-31T21:37:10.824+0530] {taskinstance.py:2778} INFO - 0 downstream tasks scheduled from follow-on schedule check
[2023-12-31T22:38:31.264+0530] {taskinstance.py:1159} INFO - Dependencies all met for dep_context=non-requeueable deps ti=<TaskInstance: trigger.bash scheduled__2023-12-28T00:00:00+00:00 [queued]>
[2023-12-31T22:38:31.268+0530] {taskinstance.py:1159} INFO - Dependencies all met for dep_context=requeueable deps ti=<TaskInstance: trigger.bash scheduled__2023-12-28T00:00:00+00:00 [queued]>
[2023-12-31T22:38:31.268+0530] {taskinstance.py:1361} INFO - Starting attempt 1 of 2
[2023-12-31T22:38:31.278+0530] {taskinstance.py:1382} INFO - Executing <Task(BashOperator): bash> on 2023-12-28 00:00:00+00:00
[2023-12-31T22:38:31.280+0530] {standard_task_runner.py:57} INFO - Started process 49503 to run task
[2023-12-31T22:38:31.282+0530] {standard_task_runner.py:84} INFO - Running: ['airflow', 'tasks', 'run', 'trigger', 'bash', 'scheduled__2023-12-28T00:00:00+00:00', '--job-id', '484', '--raw', '--subdir', 'DAGS_FOLDER/summa.py', '--cfg-path', '/tmp/tmppxyep6d2']
[2023-12-31T22:38:31.282+0530] {standard_task_runner.py:85} INFO - Job 484: Subtask bash
[2023-12-31T22:38:31.305+0530] {task_command.py:416} INFO - Running <TaskInstance: trigger.bash scheduled__2023-12-28T00:00:00+00:00 [running]> on host Iris
[2023-12-31T22:38:31.342+0530] {taskinstance.py:1662} INFO - Exporting env vars: AIRFLOW_CTX_DAG_OWNER='airflow' AIRFLOW_CTX_DAG_ID='trigger' AIRFLOW_CTX_TASK_ID='bash' AIRFLOW_CTX_EXECUTION_DATE='2023-12-28T00:00:00+00:00' AIRFLOW_CTX_TRY_NUMBER='1' AIRFLOW_CTX_DAG_RUN_ID='scheduled__2023-12-28T00:00:00+00:00'
[2023-12-31T22:38:31.342+0530] {subprocess.py:63} INFO - Tmp dir root location: /tmp
[2023-12-31T22:38:31.343+0530] {subprocess.py:75} INFO - Running command: ['/usr/bin/bash', '-c', '"echo" execution_date =2023-12-28 link = []\n                            run_id=scheduled__2023-12-28T00:00:00+00:00  ']
[2023-12-31T22:38:31.348+0530] {subprocess.py:86} INFO - Output:
[2023-12-31T22:38:31.348+0530] {subprocess.py:93} INFO - execution_date =2023-12-28 link = []
[2023-12-31T22:38:31.348+0530] {subprocess.py:97} INFO - Command exited with return code 0
[2023-12-31T22:38:31.359+0530] {taskinstance.py:1400} INFO - Marking task as SUCCESS. dag_id=trigger, task_id=bash, execution_date=20231228T000000, start_date=20231231T170831, end_date=20231231T170831
[2023-12-31T22:38:31.373+0530] {local_task_job_runner.py:228} INFO - Task exited with return code 0
[2023-12-31T22:38:31.381+0530] {taskinstance.py:2778} INFO - 0 downstream tasks scheduled from follow-on schedule check
