[2024-01-02T17:20:52.366+0530] {taskinstance.py:1159} INFO - Dependencies all met for dep_context=non-requeueable deps ti=<TaskInstance: Cricbuzz_ETL.Create_match_table scheduled__2023-12-29T00:00:00+00:00 [queued]>
[2024-01-02T17:20:52.372+0530] {taskinstance.py:1159} INFO - Dependencies all met for dep_context=requeueable deps ti=<TaskInstance: Cricbuzz_ETL.Create_match_table scheduled__2023-12-29T00:00:00+00:00 [queued]>
[2024-01-02T17:20:52.373+0530] {taskinstance.py:1361} INFO - Starting attempt 1 of 0
[2024-01-02T17:20:52.384+0530] {taskinstance.py:1382} INFO - Executing <Task(PostgresOperator): Create_match_table> on 2023-12-29 00:00:00+00:00
[2024-01-02T17:20:52.387+0530] {standard_task_runner.py:57} INFO - Started process 11831 to run task
[2024-01-02T17:20:52.390+0530] {standard_task_runner.py:84} INFO - Running: ['airflow', 'tasks', 'run', 'Cricbuzz_ETL', 'Create_match_table', 'scheduled__2023-12-29T00:00:00+00:00', '--job-id', '541', '--raw', '--subdir', 'DAGS_FOLDER/Crickbuzz_dag.py', '--cfg-path', '/tmp/tmpnwfhup63']
[2024-01-02T17:20:52.391+0530] {standard_task_runner.py:85} INFO - Job 541: Subtask Create_match_table
[2024-01-02T17:20:52.420+0530] {task_command.py:416} INFO - Running <TaskInstance: Cricbuzz_ETL.Create_match_table scheduled__2023-12-29T00:00:00+00:00 [running]> on host Iris
[2024-01-02T17:20:52.471+0530] {taskinstance.py:1662} INFO - Exporting env vars: AIRFLOW_CTX_DAG_OWNER='airflow' AIRFLOW_CTX_DAG_ID='Cricbuzz_ETL' AIRFLOW_CTX_TASK_ID='Create_match_table' AIRFLOW_CTX_EXECUTION_DATE='2023-12-29T00:00:00+00:00' AIRFLOW_CTX_TRY_NUMBER='1' AIRFLOW_CTX_DAG_RUN_ID='scheduled__2023-12-29T00:00:00+00:00'
[2024-01-02T17:20:52.471+0530] {sql.py:276} INFO - Executing: 
        CREATE TABLE IF NOT EXISTS Match_data(
        
        "match_id" NUMERIC PRIMARY KEY,
        "match_no" TEXT,
        "date" TEXT,
        "series" TEXT,
        "season" TEXT, 
        "venue" TEXT, 
        "team_a" TEXT, 
        "team_b" TEXT,
        "team_a_11" TEXT, 
        "team_b_11" TEXT, 
        "team_a_subs" TEXT, 
        "team_b_subs" TEXT,
        "toss" TEXT,
        "toss_winner" TEXT,
        "toss_choosen" TEXT,
        "winner" TEXT, 
        "player_of_the_match" TEXT
        )
[2024-01-02T17:20:52.475+0530] {base.py:73} INFO - Using connection ID 'Cricbuzz_db' for task execution.
[2024-01-02T17:20:52.746+0530] {base.py:73} INFO - Using connection ID 'Cricbuzz_db' for task execution.
[2024-01-02T17:20:52.747+0530] {taskinstance.py:1937} ERROR - Task failed with exception
Traceback (most recent call last):
  File "/home/rajabala/Desktop/projects/Airflow/airflow_env/lib/python3.9/site-packages/airflow/providers/common/sql/operators/sql.py", line 282, in execute
    output = hook.run(
  File "/home/rajabala/Desktop/projects/Airflow/airflow_env/lib/python3.9/site-packages/airflow/providers/common/sql/hooks/sql.py", line 385, in run
    with closing(self.get_conn()) as conn:
  File "/home/rajabala/Desktop/projects/Airflow/airflow_env/lib/python3.9/site-packages/airflow/providers/postgres/hooks/postgres.py", line 158, in get_conn
    self.conn = psycopg2.connect(**conn_args)
  File "/home/rajabala/Desktop/projects/Airflow/airflow_env/lib/python3.9/site-packages/psycopg2/__init__.py", line 122, in connect
    conn = _connect(dsn, connection_factory=connection_factory, **kwasync)
psycopg2.OperationalError: connection to server at "127.0.0.1", port 5432 failed: Connection refused
	Is the server running on that host and accepting TCP/IP connections?

[2024-01-02T17:20:52.752+0530] {taskinstance.py:1400} INFO - Marking task as FAILED. dag_id=Cricbuzz_ETL, task_id=Create_match_table, execution_date=20231229T000000, start_date=20240102T115052, end_date=20240102T115052
[2024-01-02T17:20:52.765+0530] {standard_task_runner.py:104} ERROR - Failed to execute job 541 for task Create_match_table (connection to server at "127.0.0.1", port 5432 failed: Connection refused
	Is the server running on that host and accepting TCP/IP connections?
; 11831)
[2024-01-02T17:20:52.803+0530] {local_task_job_runner.py:228} INFO - Task exited with return code 1
[2024-01-02T17:20:52.821+0530] {taskinstance.py:2778} INFO - 1 downstream tasks scheduled from follow-on schedule check
[2024-01-02T17:26:46.537+0530] {taskinstance.py:1159} INFO - Dependencies all met for dep_context=non-requeueable deps ti=<TaskInstance: Cricbuzz_ETL.Create_match_table scheduled__2023-12-29T00:00:00+00:00 [queued]>
[2024-01-02T17:26:46.544+0530] {taskinstance.py:1159} INFO - Dependencies all met for dep_context=requeueable deps ti=<TaskInstance: Cricbuzz_ETL.Create_match_table scheduled__2023-12-29T00:00:00+00:00 [queued]>
[2024-01-02T17:26:46.544+0530] {taskinstance.py:1361} INFO - Starting attempt 1 of 0
[2024-01-02T17:26:46.555+0530] {taskinstance.py:1382} INFO - Executing <Task(PostgresOperator): Create_match_table> on 2023-12-29 00:00:00+00:00
[2024-01-02T17:26:46.558+0530] {standard_task_runner.py:57} INFO - Started process 14796 to run task
[2024-01-02T17:26:46.561+0530] {standard_task_runner.py:84} INFO - Running: ['airflow', 'tasks', 'run', 'Cricbuzz_ETL', 'Create_match_table', 'scheduled__2023-12-29T00:00:00+00:00', '--job-id', '545', '--raw', '--subdir', 'DAGS_FOLDER/Crickbuzz_dag.py', '--cfg-path', '/tmp/tmpkdwvf_mv']
[2024-01-02T17:26:46.562+0530] {standard_task_runner.py:85} INFO - Job 545: Subtask Create_match_table
[2024-01-02T17:26:46.590+0530] {task_command.py:416} INFO - Running <TaskInstance: Cricbuzz_ETL.Create_match_table scheduled__2023-12-29T00:00:00+00:00 [running]> on host Iris
[2024-01-02T17:26:46.638+0530] {taskinstance.py:1662} INFO - Exporting env vars: AIRFLOW_CTX_DAG_OWNER='airflow' AIRFLOW_CTX_DAG_ID='Cricbuzz_ETL' AIRFLOW_CTX_TASK_ID='Create_match_table' AIRFLOW_CTX_EXECUTION_DATE='2023-12-29T00:00:00+00:00' AIRFLOW_CTX_TRY_NUMBER='1' AIRFLOW_CTX_DAG_RUN_ID='scheduled__2023-12-29T00:00:00+00:00'
[2024-01-02T17:26:46.638+0530] {sql.py:276} INFO - Executing: 
        CREATE TABLE IF NOT EXISTS Match_data(
        
        "match_id" NUMERIC PRIMARY KEY,
        "match_no" TEXT,
        "date" TEXT,
        "series" TEXT,
        "season" TEXT, 
        "venue" TEXT, 
        "team_a" TEXT, 
        "team_b" TEXT,
        "team_a_11" TEXT, 
        "team_b_11" TEXT, 
        "team_a_subs" TEXT, 
        "team_b_subs" TEXT,
        "toss" TEXT,
        "toss_winner" TEXT,
        "toss_choosen" TEXT,
        "winner" TEXT, 
        "player_of_the_match" TEXT
        )
[2024-01-02T17:26:46.643+0530] {base.py:73} INFO - Using connection ID 'Cricbuzz_db' for task execution.
[2024-01-02T17:26:46.899+0530] {base.py:73} INFO - Using connection ID 'Cricbuzz_db' for task execution.
[2024-01-02T17:26:46.900+0530] {taskinstance.py:1937} ERROR - Task failed with exception
Traceback (most recent call last):
  File "/home/rajabala/Desktop/projects/Airflow/airflow_env/lib/python3.9/site-packages/airflow/providers/common/sql/operators/sql.py", line 282, in execute
    output = hook.run(
  File "/home/rajabala/Desktop/projects/Airflow/airflow_env/lib/python3.9/site-packages/airflow/providers/common/sql/hooks/sql.py", line 385, in run
    with closing(self.get_conn()) as conn:
  File "/home/rajabala/Desktop/projects/Airflow/airflow_env/lib/python3.9/site-packages/airflow/providers/postgres/hooks/postgres.py", line 158, in get_conn
    self.conn = psycopg2.connect(**conn_args)
  File "/home/rajabala/Desktop/projects/Airflow/airflow_env/lib/python3.9/site-packages/psycopg2/__init__.py", line 122, in connect
    conn = _connect(dsn, connection_factory=connection_factory, **kwasync)
psycopg2.OperationalError: connection to server at "127.0.0.1", port 5432 failed: Connection refused
	Is the server running on that host and accepting TCP/IP connections?

[2024-01-02T17:26:46.904+0530] {taskinstance.py:1400} INFO - Marking task as FAILED. dag_id=Cricbuzz_ETL, task_id=Create_match_table, execution_date=20231229T000000, start_date=20240102T115646, end_date=20240102T115646
[2024-01-02T17:26:46.916+0530] {standard_task_runner.py:104} ERROR - Failed to execute job 545 for task Create_match_table (connection to server at "127.0.0.1", port 5432 failed: Connection refused
	Is the server running on that host and accepting TCP/IP connections?
; 14796)
[2024-01-02T17:26:46.934+0530] {local_task_job_runner.py:228} INFO - Task exited with return code 1
[2024-01-02T17:26:46.950+0530] {taskinstance.py:2778} INFO - 1 downstream tasks scheduled from follow-on schedule check
