[2023-12-09T08:30:41.378+0530] {taskinstance.py:1159} INFO - Dependencies all met for dep_context=non-requeueable deps ti=<TaskInstance: Cricbuzz_ETL.Create_balls_table manual__2023-12-09T03:00:39.782164+00:00 [queued]>
[2023-12-09T08:30:41.383+0530] {taskinstance.py:1159} INFO - Dependencies all met for dep_context=requeueable deps ti=<TaskInstance: Cricbuzz_ETL.Create_balls_table manual__2023-12-09T03:00:39.782164+00:00 [queued]>
[2023-12-09T08:30:41.384+0530] {taskinstance.py:1361} INFO - Starting attempt 1 of 1
[2023-12-09T08:30:41.393+0530] {taskinstance.py:1382} INFO - Executing <Task(PostgresOperator): Create_balls_table> on 2023-12-09 03:00:39.782164+00:00
[2023-12-09T08:30:41.396+0530] {standard_task_runner.py:57} INFO - Started process 32722 to run task
[2023-12-09T08:30:41.398+0530] {standard_task_runner.py:84} INFO - Running: ['airflow', 'tasks', 'run', 'Cricbuzz_ETL', 'Create_balls_table', 'manual__2023-12-09T03:00:39.782164+00:00', '--job-id', '33', '--raw', '--subdir', 'DAGS_FOLDER/Crickbuzz_dag.py', '--cfg-path', '/tmp/tmpdtk0pcq7']
[2023-12-09T08:30:41.399+0530] {standard_task_runner.py:85} INFO - Job 33: Subtask Create_balls_table
[2023-12-09T08:30:41.420+0530] {task_command.py:416} INFO - Running <TaskInstance: Cricbuzz_ETL.Create_balls_table manual__2023-12-09T03:00:39.782164+00:00 [running]> on host Iris
[2023-12-09T08:30:41.455+0530] {taskinstance.py:1662} INFO - Exporting env vars: AIRFLOW_CTX_DAG_OWNER='airflow' AIRFLOW_CTX_DAG_ID='Cricbuzz_ETL' AIRFLOW_CTX_TASK_ID='Create_balls_table' AIRFLOW_CTX_EXECUTION_DATE='2023-12-09T03:00:39.782164+00:00' AIRFLOW_CTX_TRY_NUMBER='1' AIRFLOW_CTX_DAG_RUN_ID='manual__2023-12-09T03:00:39.782164+00:00'
[2023-12-09T08:30:41.456+0530] {sql.py:276} INFO - Executing: 
        CREATE TABLE IF NOT EXISTS Ball_by_ball_data(
            "match_id" NUMERIC PRIMARY KEY,
            "ball" TEXT,
            "Commentary Text" TEXT,
            "innings" TEXT, 
            "match_no" TEXT,
            "batting_team" TEXT,
            "bowling_team"TEXT,      
            "Batsman" TEXT,
            "Bowler" TEXT,
            "runs" TEXT, 
            "extra" TEXT, 
            "ball_length" TEXT, 
            "ball_line" TEXT,
            "ball_destination" TEXT, 
            "shot_name" TEXT, 
            "ball_speed" TEXT,
            "out_type" TEXT 
            )
[2023-12-09T08:30:41.458+0530] {base.py:73} INFO - Using connection ID 'Cricbuzz_db' for task execution.
[2023-12-09T08:30:41.687+0530] {base.py:73} INFO - Using connection ID 'Cricbuzz_db' for task execution.
[2023-12-09T08:30:41.691+0530] {sql.py:432} INFO - Running statement: 
        CREATE TABLE IF NOT EXISTS Ball_by_ball_data(
            "match_id" NUMERIC PRIMARY KEY,
            "ball" TEXT,
            "Commentary Text" TEXT,
            "innings" TEXT, 
            "match_no" TEXT,
            "batting_team" TEXT,
            "bowling_team"TEXT,      
            "Batsman" TEXT,
            "Bowler" TEXT,
            "runs" TEXT, 
            "extra" TEXT, 
            "ball_length" TEXT, 
            "ball_line" TEXT,
            "ball_destination" TEXT, 
            "shot_name" TEXT, 
            "ball_speed" TEXT,
            "out_type" TEXT 
            ), parameters: None
[2023-12-09T08:30:41.699+0530] {taskinstance.py:1400} INFO - Marking task as SUCCESS. dag_id=Cricbuzz_ETL, task_id=Create_balls_table, execution_date=20231209T030039, start_date=20231209T030041, end_date=20231209T030041
[2023-12-09T08:30:41.731+0530] {local_task_job_runner.py:228} INFO - Task exited with return code 0
[2023-12-09T08:30:41.747+0530] {taskinstance.py:2778} INFO - 0 downstream tasks scheduled from follow-on schedule check
