[2024-01-01T14:41:51.440+0530] {taskinstance.py:1159} INFO - Dependencies all met for dep_context=non-requeueable deps ti=<TaskInstance: summa1.task2 scheduled__2023-12-27T00:00:00+00:00 [queued]>
[2024-01-01T14:41:51.446+0530] {taskinstance.py:1159} INFO - Dependencies all met for dep_context=requeueable deps ti=<TaskInstance: summa1.task2 scheduled__2023-12-27T00:00:00+00:00 [queued]>
[2024-01-01T14:41:51.446+0530] {taskinstance.py:1361} INFO - Starting attempt 1 of 2
[2024-01-01T14:41:51.460+0530] {taskinstance.py:1382} INFO - Executing <Task(PythonOperator): task2> on 2023-12-27 00:00:00+00:00
[2024-01-01T14:41:51.462+0530] {standard_task_runner.py:57} INFO - Started process 23024 to run task
[2024-01-01T14:41:51.465+0530] {standard_task_runner.py:84} INFO - Running: ['airflow', 'tasks', 'run', 'summa1', 'task2', 'scheduled__2023-12-27T00:00:00+00:00', '--job-id', '507', '--raw', '--subdir', 'DAGS_FOLDER/summa.py', '--cfg-path', '/tmp/tmpndiyfll5']
[2024-01-01T14:41:51.467+0530] {standard_task_runner.py:85} INFO - Job 507: Subtask task2
[2024-01-01T14:41:51.505+0530] {task_command.py:416} INFO - Running <TaskInstance: summa1.task2 scheduled__2023-12-27T00:00:00+00:00 [running]> on host Iris
[2024-01-01T14:41:51.581+0530] {taskinstance.py:1662} INFO - Exporting env vars: AIRFLOW_CTX_DAG_OWNER='your_username' AIRFLOW_CTX_DAG_ID='summa1' AIRFLOW_CTX_TASK_ID='task2' AIRFLOW_CTX_EXECUTION_DATE='2023-12-27T00:00:00+00:00' AIRFLOW_CTX_TRY_NUMBER='1' AIRFLOW_CTX_DAG_RUN_ID='scheduled__2023-12-27T00:00:00+00:00'
[2024-01-01T14:41:51.582+0530] {python.py:194} INFO - Done. Returned value was: None
[2024-01-01T14:41:51.585+0530] {taskinstance.py:1400} INFO - Marking task as SUCCESS. dag_id=summa1, task_id=task2, execution_date=20231227T000000, start_date=20240101T091151, end_date=20240101T091151
[2024-01-01T14:41:51.597+0530] {local_task_job_runner.py:228} INFO - Task exited with return code 0
[2024-01-01T14:41:51.606+0530] {taskinstance.py:2778} INFO - 0 downstream tasks scheduled from follow-on schedule check
[2024-01-01T14:50:18.002+0530] {taskinstance.py:1159} INFO - Dependencies all met for dep_context=non-requeueable deps ti=<TaskInstance: summa1.task2 scheduled__2023-12-27T00:00:00+00:00 [queued]>
[2024-01-01T14:50:18.007+0530] {taskinstance.py:1159} INFO - Dependencies all met for dep_context=requeueable deps ti=<TaskInstance: summa1.task2 scheduled__2023-12-27T00:00:00+00:00 [queued]>
[2024-01-01T14:50:18.007+0530] {taskinstance.py:1361} INFO - Starting attempt 1 of 2
[2024-01-01T14:50:18.019+0530] {taskinstance.py:1382} INFO - Executing <Task(PythonOperator): task2> on 2023-12-27 00:00:00+00:00
[2024-01-01T14:50:18.021+0530] {standard_task_runner.py:57} INFO - Started process 28256 to run task
[2024-01-01T14:50:18.023+0530] {standard_task_runner.py:84} INFO - Running: ['airflow', 'tasks', 'run', 'summa1', 'task2', 'scheduled__2023-12-27T00:00:00+00:00', '--job-id', '509', '--raw', '--subdir', 'DAGS_FOLDER/summa.py', '--cfg-path', '/tmp/tmpl0jdsy3d']
[2024-01-01T14:50:18.024+0530] {standard_task_runner.py:85} INFO - Job 509: Subtask task2
[2024-01-01T14:50:18.051+0530] {task_command.py:416} INFO - Running <TaskInstance: summa1.task2 scheduled__2023-12-27T00:00:00+00:00 [running]> on host Iris
[2024-01-01T14:50:18.094+0530] {taskinstance.py:1662} INFO - Exporting env vars: AIRFLOW_CTX_DAG_OWNER='your_username' AIRFLOW_CTX_DAG_ID='summa1' AIRFLOW_CTX_TASK_ID='task2' AIRFLOW_CTX_EXECUTION_DATE='2023-12-27T00:00:00+00:00' AIRFLOW_CTX_TRY_NUMBER='1' AIRFLOW_CTX_DAG_RUN_ID='scheduled__2023-12-27T00:00:00+00:00'
[2024-01-01T14:50:18.095+0530] {python.py:194} INFO - Done. Returned value was: None
[2024-01-01T14:50:18.099+0530] {taskinstance.py:1400} INFO - Marking task as SUCCESS. dag_id=summa1, task_id=task2, execution_date=20231227T000000, start_date=20240101T092018, end_date=20240101T092018
[2024-01-01T14:50:18.115+0530] {local_task_job_runner.py:228} INFO - Task exited with return code 0
[2024-01-01T14:50:18.123+0530] {taskinstance.py:2778} INFO - 0 downstream tasks scheduled from follow-on schedule check
