[2023-12-31T21:37:05.384+0530] {taskinstance.py:1159} INFO - Dependencies all met for dep_context=non-requeueable deps ti=<TaskInstance: trigger.branch_task scheduled__2023-12-28T00:00:00+00:00 [queued]>
[2023-12-31T21:37:05.389+0530] {taskinstance.py:1159} INFO - Dependencies all met for dep_context=requeueable deps ti=<TaskInstance: trigger.branch_task scheduled__2023-12-28T00:00:00+00:00 [queued]>
[2023-12-31T21:37:05.389+0530] {taskinstance.py:1361} INFO - Starting attempt 1 of 2
[2023-12-31T21:37:05.413+0530] {taskinstance.py:1382} INFO - Executing <Task(BranchPythonOperator): branch_task> on 2023-12-28 00:00:00+00:00
[2023-12-31T21:37:05.419+0530] {standard_task_runner.py:57} INFO - Started process 25980 to run task
[2023-12-31T21:37:05.423+0530] {standard_task_runner.py:84} INFO - Running: ['airflow', 'tasks', 'run', 'trigger', 'branch_task', 'scheduled__2023-12-28T00:00:00+00:00', '--job-id', '479', '--raw', '--subdir', 'DAGS_FOLDER/summa.py', '--cfg-path', '/tmp/tmp67ilgliv']
[2023-12-31T21:37:05.425+0530] {standard_task_runner.py:85} INFO - Job 479: Subtask branch_task
[2023-12-31T21:37:05.485+0530] {task_command.py:416} INFO - Running <TaskInstance: trigger.branch_task scheduled__2023-12-28T00:00:00+00:00 [running]> on host Iris
[2023-12-31T21:37:05.564+0530] {taskinstance.py:1662} INFO - Exporting env vars: AIRFLOW_CTX_DAG_OWNER='airflow' AIRFLOW_CTX_DAG_ID='trigger' AIRFLOW_CTX_TASK_ID='branch_task' AIRFLOW_CTX_EXECUTION_DATE='2023-12-28T00:00:00+00:00' AIRFLOW_CTX_TRY_NUMBER='1' AIRFLOW_CTX_DAG_RUN_ID='scheduled__2023-12-28T00:00:00+00:00'
[2023-12-31T21:37:05.565+0530] {logging_mixin.py:154} INFO - execution_date = 2023-12-28
[2023-12-31T21:37:05.577+0530] {python.py:194} INFO - Done. Returned value was: run_task
[2023-12-31T21:37:05.577+0530] {python.py:227} INFO - Branch callable return run_task
[2023-12-31T21:37:05.577+0530] {skipmixin.py:173} INFO - Following branch run_task
[2023-12-31T21:37:05.591+0530] {taskinstance.py:1400} INFO - Marking task as SUCCESS. dag_id=trigger, task_id=branch_task, execution_date=20231228T000000, start_date=20231231T160705, end_date=20231231T160705
[2023-12-31T21:37:05.635+0530] {local_task_job_runner.py:228} INFO - Task exited with return code 0
[2023-12-31T21:37:05.656+0530] {taskinstance.py:2778} INFO - 0 downstream tasks scheduled from follow-on schedule check
[2023-12-31T22:38:27.869+0530] {taskinstance.py:1159} INFO - Dependencies all met for dep_context=non-requeueable deps ti=<TaskInstance: trigger.branch_task scheduled__2023-12-28T00:00:00+00:00 [queued]>
[2023-12-31T22:38:27.873+0530] {taskinstance.py:1159} INFO - Dependencies all met for dep_context=requeueable deps ti=<TaskInstance: trigger.branch_task scheduled__2023-12-28T00:00:00+00:00 [queued]>
[2023-12-31T22:38:27.873+0530] {taskinstance.py:1361} INFO - Starting attempt 1 of 2
[2023-12-31T22:38:27.883+0530] {taskinstance.py:1382} INFO - Executing <Task(BranchPythonOperator): branch_task> on 2023-12-28 00:00:00+00:00
[2023-12-31T22:38:27.885+0530] {standard_task_runner.py:57} INFO - Started process 49433 to run task
[2023-12-31T22:38:27.887+0530] {standard_task_runner.py:84} INFO - Running: ['airflow', 'tasks', 'run', 'trigger', 'branch_task', 'scheduled__2023-12-28T00:00:00+00:00', '--job-id', '481', '--raw', '--subdir', 'DAGS_FOLDER/summa.py', '--cfg-path', '/tmp/tmpk6gac1js']
[2023-12-31T22:38:27.887+0530] {standard_task_runner.py:85} INFO - Job 481: Subtask branch_task
[2023-12-31T22:38:27.908+0530] {task_command.py:416} INFO - Running <TaskInstance: trigger.branch_task scheduled__2023-12-28T00:00:00+00:00 [running]> on host Iris
[2023-12-31T22:38:27.985+0530] {taskinstance.py:1662} INFO - Exporting env vars: AIRFLOW_CTX_DAG_OWNER='airflow' AIRFLOW_CTX_DAG_ID='trigger' AIRFLOW_CTX_TASK_ID='branch_task' AIRFLOW_CTX_EXECUTION_DATE='2023-12-28T00:00:00+00:00' AIRFLOW_CTX_TRY_NUMBER='1' AIRFLOW_CTX_DAG_RUN_ID='scheduled__2023-12-28T00:00:00+00:00'
[2023-12-31T22:38:27.985+0530] {logging_mixin.py:154} INFO - execution_date = 2023-12-28
[2023-12-31T22:38:27.992+0530] {python.py:194} INFO - Done. Returned value was: run_task
[2023-12-31T22:38:27.992+0530] {python.py:227} INFO - Branch callable return run_task
[2023-12-31T22:38:27.992+0530] {skipmixin.py:173} INFO - Following branch run_task
[2023-12-31T22:38:28.000+0530] {taskinstance.py:1400} INFO - Marking task as SUCCESS. dag_id=trigger, task_id=branch_task, execution_date=20231228T000000, start_date=20231231T170827, end_date=20231231T170828
[2023-12-31T22:38:28.018+0530] {local_task_job_runner.py:228} INFO - Task exited with return code 0
[2023-12-31T22:38:28.027+0530] {taskinstance.py:2778} INFO - 0 downstream tasks scheduled from follow-on schedule check
