[2023-12-31T21:07:58.864+0530] {taskinstance.py:1159} INFO - Dependencies all met for dep_context=non-requeueable deps ti=<TaskInstance: Cricbuzz_ETL.branch_task scheduled__2023-12-28T00:00:00+00:00 [queued]>
[2023-12-31T21:07:58.869+0530] {taskinstance.py:1159} INFO - Dependencies all met for dep_context=requeueable deps ti=<TaskInstance: Cricbuzz_ETL.branch_task scheduled__2023-12-28T00:00:00+00:00 [queued]>
[2023-12-31T21:07:58.869+0530] {taskinstance.py:1361} INFO - Starting attempt 1 of 2
[2023-12-31T21:07:58.882+0530] {taskinstance.py:1382} INFO - Executing <Task(BranchPythonOperator): branch_task> on 2023-12-28 00:00:00+00:00
[2023-12-31T21:07:58.885+0530] {standard_task_runner.py:57} INFO - Started process 20620 to run task
[2023-12-31T21:07:58.887+0530] {standard_task_runner.py:84} INFO - Running: ['airflow', 'tasks', 'run', 'Cricbuzz_ETL', 'branch_task', 'scheduled__2023-12-28T00:00:00+00:00', '--job-id', '460', '--raw', '--subdir', 'DAGS_FOLDER/Crickbuzz_dag.py', '--cfg-path', '/tmp/tmpvhdg3pwd']
[2023-12-31T21:07:58.888+0530] {standard_task_runner.py:85} INFO - Job 460: Subtask branch_task
[2023-12-31T21:07:58.915+0530] {task_command.py:416} INFO - Running <TaskInstance: Cricbuzz_ETL.branch_task scheduled__2023-12-28T00:00:00+00:00 [running]> on host Iris
[2023-12-31T21:07:58.969+0530] {taskinstance.py:1662} INFO - Exporting env vars: AIRFLOW_CTX_DAG_OWNER='airflow' AIRFLOW_CTX_DAG_ID='Cricbuzz_ETL' AIRFLOW_CTX_TASK_ID='branch_task' AIRFLOW_CTX_EXECUTION_DATE='2023-12-28T00:00:00+00:00' AIRFLOW_CTX_TRY_NUMBER='1' AIRFLOW_CTX_DAG_RUN_ID='scheduled__2023-12-28T00:00:00+00:00'
[2023-12-31T21:07:58.970+0530] {logging_mixin.py:154} INFO - execution_date = 2023-12-28
[2023-12-31T21:07:58.978+0530] {python.py:194} INFO - Done. Returned value was: run_task
[2023-12-31T21:07:58.978+0530] {python.py:227} INFO - Branch callable return run_task
[2023-12-31T21:07:58.978+0530] {skipmixin.py:173} INFO - Following branch run_task
[2023-12-31T21:07:58.985+0530] {skipmixin.py:239} INFO - Skipping tasks [('skip_task', -1), ('trigger_task', -1)]
[2023-12-31T21:07:59.007+0530] {taskinstance.py:1400} INFO - Marking task as SUCCESS. dag_id=Cricbuzz_ETL, task_id=branch_task, execution_date=20231228T000000, start_date=20231231T153758, end_date=20231231T153759
[2023-12-31T21:07:59.019+0530] {local_task_job_runner.py:228} INFO - Task exited with return code 0
[2023-12-31T21:07:59.041+0530] {taskinstance.py:2778} INFO - 1 downstream tasks scheduled from follow-on schedule check
[2024-01-02T17:20:18.502+0530] {taskinstance.py:1159} INFO - Dependencies all met for dep_context=non-requeueable deps ti=<TaskInstance: Cricbuzz_ETL.branch_task scheduled__2023-12-28T00:00:00+00:00 [queued]>
[2024-01-02T17:20:18.506+0530] {taskinstance.py:1159} INFO - Dependencies all met for dep_context=requeueable deps ti=<TaskInstance: Cricbuzz_ETL.branch_task scheduled__2023-12-28T00:00:00+00:00 [queued]>
[2024-01-02T17:20:18.506+0530] {taskinstance.py:1361} INFO - Starting attempt 1 of 2
[2024-01-02T17:20:18.517+0530] {taskinstance.py:1382} INFO - Executing <Task(BranchPythonOperator): branch_task> on 2023-12-28 00:00:00+00:00
[2024-01-02T17:20:18.519+0530] {standard_task_runner.py:57} INFO - Started process 11340 to run task
[2024-01-02T17:20:18.522+0530] {standard_task_runner.py:84} INFO - Running: ['airflow', 'tasks', 'run', 'Cricbuzz_ETL', 'branch_task', 'scheduled__2023-12-28T00:00:00+00:00', '--job-id', '524', '--raw', '--subdir', 'DAGS_FOLDER/Crickbuzz_dag.py', '--cfg-path', '/tmp/tmpta6pmvlu']
[2024-01-02T17:20:18.523+0530] {standard_task_runner.py:85} INFO - Job 524: Subtask branch_task
[2024-01-02T17:20:18.548+0530] {task_command.py:416} INFO - Running <TaskInstance: Cricbuzz_ETL.branch_task scheduled__2023-12-28T00:00:00+00:00 [running]> on host Iris
[2024-01-02T17:20:18.595+0530] {taskinstance.py:1662} INFO - Exporting env vars: AIRFLOW_CTX_DAG_OWNER='airflow' AIRFLOW_CTX_DAG_ID='Cricbuzz_ETL' AIRFLOW_CTX_TASK_ID='branch_task' AIRFLOW_CTX_EXECUTION_DATE='2023-12-28T00:00:00+00:00' AIRFLOW_CTX_TRY_NUMBER='1' AIRFLOW_CTX_DAG_RUN_ID='scheduled__2023-12-28T00:00:00+00:00'
[2024-01-02T17:20:18.596+0530] {logging_mixin.py:154} INFO - execution_date = 2023-12-28
[2024-01-02T17:20:18.604+0530] {python.py:194} INFO - Done. Returned value was: run_task
[2024-01-02T17:20:18.604+0530] {python.py:227} INFO - Branch callable return run_task
[2024-01-02T17:20:18.604+0530] {skipmixin.py:173} INFO - Following branch run_task
[2024-01-02T17:20:18.610+0530] {skipmixin.py:239} INFO - Skipping tasks [('skip_task', -1)]
[2024-01-02T17:20:18.631+0530] {taskinstance.py:1400} INFO - Marking task as SUCCESS. dag_id=Cricbuzz_ETL, task_id=branch_task, execution_date=20231228T000000, start_date=20240102T115018, end_date=20240102T115018
[2024-01-02T17:20:18.653+0530] {local_task_job_runner.py:228} INFO - Task exited with return code 0
[2024-01-02T17:20:18.676+0530] {taskinstance.py:2778} INFO - 1 downstream tasks scheduled from follow-on schedule check
[2024-01-02T17:26:12.194+0530] {taskinstance.py:1159} INFO - Dependencies all met for dep_context=non-requeueable deps ti=<TaskInstance: Cricbuzz_ETL.branch_task scheduled__2023-12-28T00:00:00+00:00 [queued]>
[2024-01-02T17:26:12.200+0530] {taskinstance.py:1159} INFO - Dependencies all met for dep_context=requeueable deps ti=<TaskInstance: Cricbuzz_ETL.branch_task scheduled__2023-12-28T00:00:00+00:00 [queued]>
[2024-01-02T17:26:12.200+0530] {taskinstance.py:1361} INFO - Starting attempt 1 of 2
[2024-01-02T17:26:12.211+0530] {taskinstance.py:1382} INFO - Executing <Task(BranchPythonOperator): branch_task> on 2023-12-28 00:00:00+00:00
[2024-01-02T17:26:12.213+0530] {standard_task_runner.py:57} INFO - Started process 14335 to run task
[2024-01-02T17:26:12.216+0530] {standard_task_runner.py:84} INFO - Running: ['airflow', 'tasks', 'run', 'Cricbuzz_ETL', 'branch_task', 'scheduled__2023-12-28T00:00:00+00:00', '--job-id', '528', '--raw', '--subdir', 'DAGS_FOLDER/Crickbuzz_dag.py', '--cfg-path', '/tmp/tmpx76zpzeb']
[2024-01-02T17:26:12.217+0530] {standard_task_runner.py:85} INFO - Job 528: Subtask branch_task
[2024-01-02T17:26:12.248+0530] {task_command.py:416} INFO - Running <TaskInstance: Cricbuzz_ETL.branch_task scheduled__2023-12-28T00:00:00+00:00 [running]> on host Iris
[2024-01-02T17:26:12.291+0530] {taskinstance.py:1662} INFO - Exporting env vars: AIRFLOW_CTX_DAG_OWNER='airflow' AIRFLOW_CTX_DAG_ID='Cricbuzz_ETL' AIRFLOW_CTX_TASK_ID='branch_task' AIRFLOW_CTX_EXECUTION_DATE='2023-12-28T00:00:00+00:00' AIRFLOW_CTX_TRY_NUMBER='1' AIRFLOW_CTX_DAG_RUN_ID='scheduled__2023-12-28T00:00:00+00:00'
[2024-01-02T17:26:12.292+0530] {logging_mixin.py:154} INFO - execution_date = 2023-12-28
[2024-01-02T17:26:12.300+0530] {python.py:194} INFO - Done. Returned value was: run_task
[2024-01-02T17:26:12.300+0530] {python.py:227} INFO - Branch callable return run_task
[2024-01-02T17:26:12.300+0530] {skipmixin.py:173} INFO - Following branch run_task
[2024-01-02T17:26:12.306+0530] {skipmixin.py:239} INFO - Skipping tasks [('skip_task', -1)]
[2024-01-02T17:26:12.328+0530] {taskinstance.py:1400} INFO - Marking task as SUCCESS. dag_id=Cricbuzz_ETL, task_id=branch_task, execution_date=20231228T000000, start_date=20240102T115612, end_date=20240102T115612
[2024-01-02T17:26:12.348+0530] {local_task_job_runner.py:228} INFO - Task exited with return code 0
[2024-01-02T17:26:12.376+0530] {taskinstance.py:2778} INFO - 1 downstream tasks scheduled from follow-on schedule check
[2024-01-02T17:45:02.402+0530] {taskinstance.py:1159} INFO - Dependencies all met for dep_context=non-requeueable deps ti=<TaskInstance: Cricbuzz_ETL.branch_task scheduled__2023-12-28T00:00:00+00:00 [queued]>
[2024-01-02T17:45:02.410+0530] {taskinstance.py:1159} INFO - Dependencies all met for dep_context=requeueable deps ti=<TaskInstance: Cricbuzz_ETL.branch_task scheduled__2023-12-28T00:00:00+00:00 [queued]>
[2024-01-02T17:45:02.410+0530] {taskinstance.py:1361} INFO - Starting attempt 1 of 2
[2024-01-02T17:45:02.423+0530] {taskinstance.py:1382} INFO - Executing <Task(BranchPythonOperator): branch_task> on 2023-12-28 00:00:00+00:00
[2024-01-02T17:45:02.425+0530] {standard_task_runner.py:57} INFO - Started process 22451 to run task
[2024-01-02T17:45:02.428+0530] {standard_task_runner.py:84} INFO - Running: ['airflow', 'tasks', 'run', 'Cricbuzz_ETL', 'branch_task', 'scheduled__2023-12-28T00:00:00+00:00', '--job-id', '530', '--raw', '--subdir', 'DAGS_FOLDER/Crickbuzz_dag.py', '--cfg-path', '/tmp/tmp21mk25n4']
[2024-01-02T17:45:02.428+0530] {standard_task_runner.py:85} INFO - Job 530: Subtask branch_task
[2024-01-02T17:45:02.459+0530] {task_command.py:416} INFO - Running <TaskInstance: Cricbuzz_ETL.branch_task scheduled__2023-12-28T00:00:00+00:00 [running]> on host Iris
[2024-01-02T17:45:02.507+0530] {taskinstance.py:1662} INFO - Exporting env vars: AIRFLOW_CTX_DAG_OWNER='airflow' AIRFLOW_CTX_DAG_ID='Cricbuzz_ETL' AIRFLOW_CTX_TASK_ID='branch_task' AIRFLOW_CTX_EXECUTION_DATE='2023-12-28T00:00:00+00:00' AIRFLOW_CTX_TRY_NUMBER='1' AIRFLOW_CTX_DAG_RUN_ID='scheduled__2023-12-28T00:00:00+00:00'
[2024-01-02T17:45:02.507+0530] {logging_mixin.py:154} INFO - execution_date = 2023-12-28
[2024-01-02T17:45:02.517+0530] {python.py:194} INFO - Done. Returned value was: run_task
[2024-01-02T17:45:02.518+0530] {python.py:227} INFO - Branch callable return run_task
[2024-01-02T17:45:02.518+0530] {skipmixin.py:173} INFO - Following branch run_task
[2024-01-02T17:45:02.523+0530] {skipmixin.py:239} INFO - Skipping tasks [('skip_task', -1)]
[2024-01-02T17:45:02.546+0530] {taskinstance.py:1400} INFO - Marking task as SUCCESS. dag_id=Cricbuzz_ETL, task_id=branch_task, execution_date=20231228T000000, start_date=20240102T121502, end_date=20240102T121502
[2024-01-02T17:45:02.559+0530] {local_task_job_runner.py:228} INFO - Task exited with return code 0
[2024-01-02T17:45:02.583+0530] {taskinstance.py:2778} INFO - 1 downstream tasks scheduled from follow-on schedule check
[2024-01-02T17:54:45.342+0530] {taskinstance.py:1159} INFO - Dependencies all met for dep_context=non-requeueable deps ti=<TaskInstance: Cricbuzz_ETL.branch_task scheduled__2023-12-28T00:00:00+00:00 [queued]>
[2024-01-02T17:54:45.349+0530] {taskinstance.py:1159} INFO - Dependencies all met for dep_context=requeueable deps ti=<TaskInstance: Cricbuzz_ETL.branch_task scheduled__2023-12-28T00:00:00+00:00 [queued]>
[2024-01-02T17:54:45.349+0530] {taskinstance.py:1361} INFO - Starting attempt 1 of 2
[2024-01-02T17:54:45.362+0530] {taskinstance.py:1382} INFO - Executing <Task(BranchPythonOperator): branch_task> on 2023-12-28 00:00:00+00:00
[2024-01-02T17:54:45.364+0530] {standard_task_runner.py:57} INFO - Started process 24682 to run task
[2024-01-02T17:54:45.367+0530] {standard_task_runner.py:84} INFO - Running: ['airflow', 'tasks', 'run', 'Cricbuzz_ETL', 'branch_task', 'scheduled__2023-12-28T00:00:00+00:00', '--job-id', '532', '--raw', '--subdir', 'DAGS_FOLDER/Crickbuzz_dag.py', '--cfg-path', '/tmp/tmpnfal2mde']
[2024-01-02T17:54:45.368+0530] {standard_task_runner.py:85} INFO - Job 532: Subtask branch_task
[2024-01-02T17:54:45.398+0530] {task_command.py:416} INFO - Running <TaskInstance: Cricbuzz_ETL.branch_task scheduled__2023-12-28T00:00:00+00:00 [running]> on host Iris
[2024-01-02T17:54:45.471+0530] {taskinstance.py:1662} INFO - Exporting env vars: AIRFLOW_CTX_DAG_OWNER='airflow' AIRFLOW_CTX_DAG_ID='Cricbuzz_ETL' AIRFLOW_CTX_TASK_ID='branch_task' AIRFLOW_CTX_EXECUTION_DATE='2023-12-28T00:00:00+00:00' AIRFLOW_CTX_TRY_NUMBER='1' AIRFLOW_CTX_DAG_RUN_ID='scheduled__2023-12-28T00:00:00+00:00'
[2024-01-02T17:54:45.472+0530] {logging_mixin.py:154} INFO - execution_date = 2023-12-28
[2024-01-02T17:54:45.480+0530] {python.py:194} INFO - Done. Returned value was: run_task
[2024-01-02T17:54:45.481+0530] {python.py:227} INFO - Branch callable return run_task
[2024-01-02T17:54:45.481+0530] {skipmixin.py:173} INFO - Following branch run_task
[2024-01-02T17:54:45.488+0530] {skipmixin.py:239} INFO - Skipping tasks [('skip_task', -1)]
[2024-01-02T17:54:45.513+0530] {taskinstance.py:1400} INFO - Marking task as SUCCESS. dag_id=Cricbuzz_ETL, task_id=branch_task, execution_date=20231228T000000, start_date=20240102T122445, end_date=20240102T122445
[2024-01-02T17:54:45.539+0530] {local_task_job_runner.py:228} INFO - Task exited with return code 0
[2024-01-02T17:54:45.567+0530] {taskinstance.py:2778} INFO - 1 downstream tasks scheduled from follow-on schedule check
[2024-01-02T18:39:51.053+0530] {taskinstance.py:1159} INFO - Dependencies all met for dep_context=non-requeueable deps ti=<TaskInstance: Cricbuzz_ETL.branch_task scheduled__2023-12-28T00:00:00+00:00 [queued]>
[2024-01-02T18:39:51.057+0530] {taskinstance.py:1159} INFO - Dependencies all met for dep_context=requeueable deps ti=<TaskInstance: Cricbuzz_ETL.branch_task scheduled__2023-12-28T00:00:00+00:00 [queued]>
[2024-01-02T18:39:51.057+0530] {taskinstance.py:1361} INFO - Starting attempt 1 of 2
[2024-01-02T18:39:51.066+0530] {taskinstance.py:1382} INFO - Executing <Task(BranchPythonOperator): branch_task> on 2023-12-28 00:00:00+00:00
[2024-01-02T18:39:51.068+0530] {standard_task_runner.py:57} INFO - Started process 10649 to run task
[2024-01-02T18:39:51.069+0530] {standard_task_runner.py:84} INFO - Running: ['airflow', 'tasks', 'run', 'Cricbuzz_ETL', 'branch_task', 'scheduled__2023-12-28T00:00:00+00:00', '--job-id', '560', '--raw', '--subdir', 'DAGS_FOLDER/Crickbuzz_dag.py', '--cfg-path', '/tmp/tmpplxezp1r']
[2024-01-02T18:39:51.070+0530] {standard_task_runner.py:85} INFO - Job 560: Subtask branch_task
[2024-01-02T18:39:51.091+0530] {task_command.py:416} INFO - Running <TaskInstance: Cricbuzz_ETL.branch_task scheduled__2023-12-28T00:00:00+00:00 [running]> on host Iris
[2024-01-02T18:39:51.124+0530] {taskinstance.py:1662} INFO - Exporting env vars: AIRFLOW_CTX_DAG_OWNER='airflow' AIRFLOW_CTX_DAG_ID='Cricbuzz_ETL' AIRFLOW_CTX_TASK_ID='branch_task' AIRFLOW_CTX_EXECUTION_DATE='2023-12-28T00:00:00+00:00' AIRFLOW_CTX_TRY_NUMBER='1' AIRFLOW_CTX_DAG_RUN_ID='scheduled__2023-12-28T00:00:00+00:00'
[2024-01-02T18:39:51.124+0530] {logging_mixin.py:154} INFO - execution_date = 2023-12-28
[2024-01-02T18:39:51.131+0530] {python.py:194} INFO - Done. Returned value was: run_task
[2024-01-02T18:39:51.131+0530] {python.py:227} INFO - Branch callable return run_task
[2024-01-02T18:39:51.131+0530] {skipmixin.py:173} INFO - Following branch run_task
[2024-01-02T18:39:51.136+0530] {skipmixin.py:239} INFO - Skipping tasks [('skip_task', -1)]
[2024-01-02T18:39:51.153+0530] {taskinstance.py:1400} INFO - Marking task as SUCCESS. dag_id=Cricbuzz_ETL, task_id=branch_task, execution_date=20231228T000000, start_date=20240102T130951, end_date=20240102T130951
[2024-01-02T18:39:51.201+0530] {local_task_job_runner.py:228} INFO - Task exited with return code 0
[2024-01-02T18:39:51.219+0530] {taskinstance.py:2778} INFO - 1 downstream tasks scheduled from follow-on schedule check
[2024-01-02T18:46:05.591+0530] {taskinstance.py:1159} INFO - Dependencies all met for dep_context=non-requeueable deps ti=<TaskInstance: Cricbuzz_ETL.branch_task scheduled__2023-12-28T00:00:00+00:00 [queued]>
[2024-01-02T18:46:05.595+0530] {taskinstance.py:1159} INFO - Dependencies all met for dep_context=requeueable deps ti=<TaskInstance: Cricbuzz_ETL.branch_task scheduled__2023-12-28T00:00:00+00:00 [queued]>
[2024-01-02T18:46:05.595+0530] {taskinstance.py:1361} INFO - Starting attempt 1 of 2
[2024-01-02T18:46:05.604+0530] {taskinstance.py:1382} INFO - Executing <Task(BranchPythonOperator): branch_task> on 2023-12-28 00:00:00+00:00
[2024-01-02T18:46:05.606+0530] {standard_task_runner.py:57} INFO - Started process 15458 to run task
[2024-01-02T18:46:05.608+0530] {standard_task_runner.py:84} INFO - Running: ['airflow', 'tasks', 'run', 'Cricbuzz_ETL', 'branch_task', 'scheduled__2023-12-28T00:00:00+00:00', '--job-id', '562', '--raw', '--subdir', 'DAGS_FOLDER/Crickbuzz_dag.py', '--cfg-path', '/tmp/tmpn2bl3vl1']
[2024-01-02T18:46:05.609+0530] {standard_task_runner.py:85} INFO - Job 562: Subtask branch_task
[2024-01-02T18:46:05.629+0530] {task_command.py:416} INFO - Running <TaskInstance: Cricbuzz_ETL.branch_task scheduled__2023-12-28T00:00:00+00:00 [running]> on host Iris
[2024-01-02T18:46:05.664+0530] {taskinstance.py:1662} INFO - Exporting env vars: AIRFLOW_CTX_DAG_OWNER='airflow' AIRFLOW_CTX_DAG_ID='Cricbuzz_ETL' AIRFLOW_CTX_TASK_ID='branch_task' AIRFLOW_CTX_EXECUTION_DATE='2023-12-28T00:00:00+00:00' AIRFLOW_CTX_TRY_NUMBER='1' AIRFLOW_CTX_DAG_RUN_ID='scheduled__2023-12-28T00:00:00+00:00'
[2024-01-02T18:46:05.664+0530] {logging_mixin.py:154} INFO - execution_date = 2023-12-28
[2024-01-02T18:46:05.671+0530] {python.py:194} INFO - Done. Returned value was: run_task
[2024-01-02T18:46:05.671+0530] {python.py:227} INFO - Branch callable return run_task
[2024-01-02T18:46:05.671+0530] {skipmixin.py:173} INFO - Following branch run_task
[2024-01-02T18:46:05.676+0530] {skipmixin.py:239} INFO - Skipping tasks [('skip_task', -1)]
[2024-01-02T18:46:05.695+0530] {taskinstance.py:1400} INFO - Marking task as SUCCESS. dag_id=Cricbuzz_ETL, task_id=branch_task, execution_date=20231228T000000, start_date=20240102T131605, end_date=20240102T131605
[2024-01-02T18:46:05.740+0530] {local_task_job_runner.py:228} INFO - Task exited with return code 0
[2024-01-02T18:46:05.765+0530] {taskinstance.py:2778} INFO - 1 downstream tasks scheduled from follow-on schedule check
