[2024-01-02T17:32:03.044+0530] {taskinstance.py:1159} INFO - Dependencies all met for dep_context=non-requeueable deps ti=<TaskInstance: Cricbuzz_ETL.Extract manual__2024-01-02T12:01:57.278387+00:00 [queued]>
[2024-01-02T17:32:03.050+0530] {taskinstance.py:1159} INFO - Dependencies all met for dep_context=requeueable deps ti=<TaskInstance: Cricbuzz_ETL.Extract manual__2024-01-02T12:01:57.278387+00:00 [queued]>
[2024-01-02T17:32:03.050+0530] {taskinstance.py:1361} INFO - Starting attempt 1 of 2
[2024-01-02T17:32:03.062+0530] {taskinstance.py:1382} INFO - Executing <Task(PythonOperator): Extract> on 2024-01-02 12:01:57.278387+00:00
[2024-01-02T17:32:03.066+0530] {standard_task_runner.py:57} INFO - Started process 16471 to run task
[2024-01-02T17:32:03.068+0530] {standard_task_runner.py:84} INFO - Running: ['airflow', 'tasks', 'run', 'Cricbuzz_ETL', 'Extract', 'manual__2024-01-02T12:01:57.278387+00:00', '--job-id', '564', '--raw', '--subdir', 'DAGS_FOLDER/Crickbuzz_dag.py', '--cfg-path', '/tmp/tmp4k9r5zee']
[2024-01-02T17:32:03.069+0530] {standard_task_runner.py:85} INFO - Job 564: Subtask Extract
[2024-01-02T17:32:03.097+0530] {task_command.py:416} INFO - Running <TaskInstance: Cricbuzz_ETL.Extract manual__2024-01-02T12:01:57.278387+00:00 [running]> on host Iris
[2024-01-02T17:32:03.144+0530] {taskinstance.py:1662} INFO - Exporting env vars: AIRFLOW_CTX_DAG_OWNER='airflow' AIRFLOW_CTX_DAG_ID='Cricbuzz_ETL' AIRFLOW_CTX_TASK_ID='Extract' AIRFLOW_CTX_EXECUTION_DATE='2024-01-02T12:01:57.278387+00:00' AIRFLOW_CTX_TRY_NUMBER='1' AIRFLOW_CTX_DAG_RUN_ID='manual__2024-01-02T12:01:57.278387+00:00'
[2024-01-02T17:32:03.144+0530] {taskinstance.py:1937} ERROR - Task failed with exception
Traceback (most recent call last):
  File "/home/rajabala/Desktop/projects/Airflow/airflow_env/lib/python3.9/site-packages/airflow/operators/python.py", line 192, in execute
    return_value = self.execute_callable()
  File "/home/rajabala/Desktop/projects/Airflow/airflow_env/lib/python3.9/site-packages/airflow/operators/python.py", line 209, in execute_callable
    return self.python_callable(*self.op_args, **self.op_kwargs)
TypeError: Scrap_multiple_sites() takes 1 positional argument but 2 were given
[2024-01-02T17:32:03.147+0530] {taskinstance.py:1400} INFO - Marking task as UP_FOR_RETRY. dag_id=Cricbuzz_ETL, task_id=Extract, execution_date=20240102T120157, start_date=20240102T120203, end_date=20240102T120203
[2024-01-02T17:32:03.156+0530] {standard_task_runner.py:104} ERROR - Failed to execute job 564 for task Extract (Scrap_multiple_sites() takes 1 positional argument but 2 were given; 16471)
[2024-01-02T17:32:03.200+0530] {local_task_job_runner.py:228} INFO - Task exited with return code 1
[2024-01-02T17:32:03.223+0530] {taskinstance.py:2778} INFO - 0 downstream tasks scheduled from follow-on schedule check
