[2024-01-02T17:20:59.398+0530] {taskinstance.py:1159} INFO - Dependencies all met for dep_context=non-requeueable deps ti=<TaskInstance: Cricbuzz_ETL.transform scheduled__2023-12-31T00:00:00+00:00 [queued]>
[2024-01-02T17:20:59.404+0530] {taskinstance.py:1159} INFO - Dependencies all met for dep_context=requeueable deps ti=<TaskInstance: Cricbuzz_ETL.transform scheduled__2023-12-31T00:00:00+00:00 [queued]>
[2024-01-02T17:20:59.405+0530] {taskinstance.py:1361} INFO - Starting attempt 1 of 0
[2024-01-02T17:20:59.418+0530] {taskinstance.py:1382} INFO - Executing <Task(PythonOperator): transform> on 2023-12-31 00:00:00+00:00
[2024-01-02T17:20:59.421+0530] {standard_task_runner.py:57} INFO - Started process 11920 to run task
[2024-01-02T17:20:59.424+0530] {standard_task_runner.py:84} INFO - Running: ['airflow', 'tasks', 'run', 'Cricbuzz_ETL', 'transform', 'scheduled__2023-12-31T00:00:00+00:00', '--job-id', '545', '--raw', '--subdir', 'DAGS_FOLDER/Crickbuzz_dag.py', '--cfg-path', '/tmp/tmpwo3k9fds']
[2024-01-02T17:20:59.425+0530] {standard_task_runner.py:85} INFO - Job 545: Subtask transform
[2024-01-02T17:20:59.462+0530] {task_command.py:416} INFO - Running <TaskInstance: Cricbuzz_ETL.transform scheduled__2023-12-31T00:00:00+00:00 [running]> on host Iris
[2024-01-02T17:20:59.525+0530] {taskinstance.py:1662} INFO - Exporting env vars: AIRFLOW_CTX_DAG_OWNER='airflow' AIRFLOW_CTX_DAG_ID='Cricbuzz_ETL' AIRFLOW_CTX_TASK_ID='transform' AIRFLOW_CTX_EXECUTION_DATE='2023-12-31T00:00:00+00:00' AIRFLOW_CTX_TRY_NUMBER='1' AIRFLOW_CTX_DAG_RUN_ID='scheduled__2023-12-31T00:00:00+00:00'
[2024-01-02T17:20:59.873+0530] {logging_mixin.py:154} INFO - AUS IND
[2024-01-02T17:20:59.873+0530] {logging_mixin.py:154} INFO - hi
[2024-01-02T17:20:59.875+0530] {logging_mixin.py:154} INFO - bat
[2024-01-02T17:21:01.787+0530] {logging_mixin.py:154} INFO - https://www.cricbuzz.com/cricket-scores/75437/ind-vs-aus-5th-match-icc-cricket-world-cup-2023
[2024-01-02T17:21:02.681+0530] {python.py:194} INFO - Done. Returned value was: None
[2024-01-02T17:21:02.685+0530] {taskinstance.py:1400} INFO - Marking task as SUCCESS. dag_id=Cricbuzz_ETL, task_id=transform, execution_date=20231231T000000, start_date=20240102T115059, end_date=20240102T115102
[2024-01-02T17:21:02.728+0530] {local_task_job_runner.py:228} INFO - Task exited with return code 0
[2024-01-02T17:21:02.750+0530] {taskinstance.py:2778} INFO - 2 downstream tasks scheduled from follow-on schedule check
[2024-01-02T17:26:53.552+0530] {taskinstance.py:1159} INFO - Dependencies all met for dep_context=non-requeueable deps ti=<TaskInstance: Cricbuzz_ETL.transform scheduled__2023-12-31T00:00:00+00:00 [queued]>
[2024-01-02T17:26:53.558+0530] {taskinstance.py:1159} INFO - Dependencies all met for dep_context=requeueable deps ti=<TaskInstance: Cricbuzz_ETL.transform scheduled__2023-12-31T00:00:00+00:00 [queued]>
[2024-01-02T17:26:53.558+0530] {taskinstance.py:1361} INFO - Starting attempt 1 of 0
[2024-01-02T17:26:53.571+0530] {taskinstance.py:1382} INFO - Executing <Task(PythonOperator): transform> on 2023-12-31 00:00:00+00:00
[2024-01-02T17:26:53.574+0530] {standard_task_runner.py:57} INFO - Started process 14920 to run task
[2024-01-02T17:26:53.578+0530] {standard_task_runner.py:84} INFO - Running: ['airflow', 'tasks', 'run', 'Cricbuzz_ETL', 'transform', 'scheduled__2023-12-31T00:00:00+00:00', '--job-id', '549', '--raw', '--subdir', 'DAGS_FOLDER/Crickbuzz_dag.py', '--cfg-path', '/tmp/tmpauf4918x']
[2024-01-02T17:26:53.579+0530] {standard_task_runner.py:85} INFO - Job 549: Subtask transform
[2024-01-02T17:26:53.608+0530] {task_command.py:416} INFO - Running <TaskInstance: Cricbuzz_ETL.transform scheduled__2023-12-31T00:00:00+00:00 [running]> on host Iris
[2024-01-02T17:26:53.657+0530] {taskinstance.py:1662} INFO - Exporting env vars: AIRFLOW_CTX_DAG_OWNER='airflow' AIRFLOW_CTX_DAG_ID='Cricbuzz_ETL' AIRFLOW_CTX_TASK_ID='transform' AIRFLOW_CTX_EXECUTION_DATE='2023-12-31T00:00:00+00:00' AIRFLOW_CTX_TRY_NUMBER='1' AIRFLOW_CTX_DAG_RUN_ID='scheduled__2023-12-31T00:00:00+00:00'
[2024-01-02T17:26:54.005+0530] {logging_mixin.py:154} INFO - AUS IND
[2024-01-02T17:26:54.006+0530] {logging_mixin.py:154} INFO - hi
[2024-01-02T17:26:54.009+0530] {logging_mixin.py:154} INFO - bat
[2024-01-02T17:26:55.921+0530] {logging_mixin.py:154} INFO - https://www.cricbuzz.com/cricket-scores/75437/ind-vs-aus-5th-match-icc-cricket-world-cup-2023
[2024-01-02T17:26:57.485+0530] {python.py:194} INFO - Done. Returned value was: None
[2024-01-02T17:26:57.490+0530] {taskinstance.py:1400} INFO - Marking task as SUCCESS. dag_id=Cricbuzz_ETL, task_id=transform, execution_date=20231231T000000, start_date=20240102T115653, end_date=20240102T115657
[2024-01-02T17:26:57.525+0530] {local_task_job_runner.py:228} INFO - Task exited with return code 0
[2024-01-02T17:26:57.544+0530] {taskinstance.py:2778} INFO - 2 downstream tasks scheduled from follow-on schedule check
