[2024-01-02T17:20:37.899+0530] {taskinstance.py:1159} INFO - Dependencies all met for dep_context=non-requeueable deps ti=<TaskInstance: Cricbuzz_ETL.branch_task scheduled__2024-01-01T00:00:00+00:00 [queued]>
[2024-01-02T17:20:37.911+0530] {taskinstance.py:1159} INFO - Dependencies all met for dep_context=requeueable deps ti=<TaskInstance: Cricbuzz_ETL.branch_task scheduled__2024-01-01T00:00:00+00:00 [queued]>
[2024-01-02T17:20:37.912+0530] {taskinstance.py:1361} INFO - Starting attempt 1 of 2
[2024-01-02T17:20:37.932+0530] {taskinstance.py:1382} INFO - Executing <Task(BranchPythonOperator): branch_task> on 2024-01-01 00:00:00+00:00
[2024-01-02T17:20:37.936+0530] {standard_task_runner.py:57} INFO - Started process 11619 to run task
[2024-01-02T17:20:37.940+0530] {standard_task_runner.py:84} INFO - Running: ['airflow', 'tasks', 'run', 'Cricbuzz_ETL', 'branch_task', 'scheduled__2024-01-01T00:00:00+00:00', '--job-id', '534', '--raw', '--subdir', 'DAGS_FOLDER/Crickbuzz_dag.py', '--cfg-path', '/tmp/tmpf8w9yhd3']
[2024-01-02T17:20:37.941+0530] {standard_task_runner.py:85} INFO - Job 534: Subtask branch_task
[2024-01-02T17:20:37.980+0530] {task_command.py:416} INFO - Running <TaskInstance: Cricbuzz_ETL.branch_task scheduled__2024-01-01T00:00:00+00:00 [running]> on host Iris
[2024-01-02T17:20:38.036+0530] {taskinstance.py:1662} INFO - Exporting env vars: AIRFLOW_CTX_DAG_OWNER='airflow' AIRFLOW_CTX_DAG_ID='Cricbuzz_ETL' AIRFLOW_CTX_TASK_ID='branch_task' AIRFLOW_CTX_EXECUTION_DATE='2024-01-01T00:00:00+00:00' AIRFLOW_CTX_TRY_NUMBER='1' AIRFLOW_CTX_DAG_RUN_ID='scheduled__2024-01-01T00:00:00+00:00'
[2024-01-02T17:20:38.037+0530] {logging_mixin.py:154} INFO - execution_date = 2024-01-01
[2024-01-02T17:20:38.037+0530] {python.py:194} INFO - Done. Returned value was: skip_task
[2024-01-02T17:20:38.037+0530] {python.py:227} INFO - Branch callable return skip_task
[2024-01-02T17:20:38.037+0530] {skipmixin.py:173} INFO - Following branch skip_task
[2024-01-02T17:20:38.046+0530] {skipmixin.py:239} INFO - Skipping tasks [('run_task', -1)]
[2024-01-02T17:20:38.075+0530] {taskinstance.py:1400} INFO - Marking task as SUCCESS. dag_id=Cricbuzz_ETL, task_id=branch_task, execution_date=20240101T000000, start_date=20240102T115037, end_date=20240102T115038
[2024-01-02T17:20:38.112+0530] {local_task_job_runner.py:228} INFO - Task exited with return code 0
[2024-01-02T17:20:38.140+0530] {taskinstance.py:2778} INFO - 1 downstream tasks scheduled from follow-on schedule check
[2024-01-02T17:26:31.922+0530] {taskinstance.py:1159} INFO - Dependencies all met for dep_context=non-requeueable deps ti=<TaskInstance: Cricbuzz_ETL.branch_task scheduled__2024-01-01T00:00:00+00:00 [queued]>
[2024-01-02T17:26:31.928+0530] {taskinstance.py:1159} INFO - Dependencies all met for dep_context=requeueable deps ti=<TaskInstance: Cricbuzz_ETL.branch_task scheduled__2024-01-01T00:00:00+00:00 [queued]>
[2024-01-02T17:26:31.929+0530] {taskinstance.py:1361} INFO - Starting attempt 1 of 2
[2024-01-02T17:26:31.944+0530] {taskinstance.py:1382} INFO - Executing <Task(BranchPythonOperator): branch_task> on 2024-01-01 00:00:00+00:00
[2024-01-02T17:26:31.946+0530] {standard_task_runner.py:57} INFO - Started process 14616 to run task
[2024-01-02T17:26:31.948+0530] {standard_task_runner.py:84} INFO - Running: ['airflow', 'tasks', 'run', 'Cricbuzz_ETL', 'branch_task', 'scheduled__2024-01-01T00:00:00+00:00', '--job-id', '538', '--raw', '--subdir', 'DAGS_FOLDER/Crickbuzz_dag.py', '--cfg-path', '/tmp/tmpthzlvtt6']
[2024-01-02T17:26:31.949+0530] {standard_task_runner.py:85} INFO - Job 538: Subtask branch_task
[2024-01-02T17:26:31.977+0530] {task_command.py:416} INFO - Running <TaskInstance: Cricbuzz_ETL.branch_task scheduled__2024-01-01T00:00:00+00:00 [running]> on host Iris
[2024-01-02T17:26:32.026+0530] {taskinstance.py:1662} INFO - Exporting env vars: AIRFLOW_CTX_DAG_OWNER='airflow' AIRFLOW_CTX_DAG_ID='Cricbuzz_ETL' AIRFLOW_CTX_TASK_ID='branch_task' AIRFLOW_CTX_EXECUTION_DATE='2024-01-01T00:00:00+00:00' AIRFLOW_CTX_TRY_NUMBER='1' AIRFLOW_CTX_DAG_RUN_ID='scheduled__2024-01-01T00:00:00+00:00'
[2024-01-02T17:26:32.026+0530] {logging_mixin.py:154} INFO - execution_date = 2024-01-01
[2024-01-02T17:26:32.026+0530] {python.py:194} INFO - Done. Returned value was: skip_task
[2024-01-02T17:26:32.026+0530] {python.py:227} INFO - Branch callable return skip_task
[2024-01-02T17:26:32.027+0530] {skipmixin.py:173} INFO - Following branch skip_task
[2024-01-02T17:26:32.033+0530] {skipmixin.py:239} INFO - Skipping tasks [('run_task', -1)]
[2024-01-02T17:26:32.057+0530] {taskinstance.py:1400} INFO - Marking task as SUCCESS. dag_id=Cricbuzz_ETL, task_id=branch_task, execution_date=20240101T000000, start_date=20240102T115631, end_date=20240102T115632
[2024-01-02T17:26:32.080+0530] {local_task_job_runner.py:228} INFO - Task exited with return code 0
[2024-01-02T17:26:32.108+0530] {taskinstance.py:2778} INFO - 1 downstream tasks scheduled from follow-on schedule check
[2024-01-02T17:55:07.667+0530] {taskinstance.py:1159} INFO - Dependencies all met for dep_context=non-requeueable deps ti=<TaskInstance: Cricbuzz_ETL.branch_task scheduled__2024-01-01T00:00:00+00:00 [queued]>
[2024-01-02T17:55:07.674+0530] {taskinstance.py:1159} INFO - Dependencies all met for dep_context=requeueable deps ti=<TaskInstance: Cricbuzz_ETL.branch_task scheduled__2024-01-01T00:00:00+00:00 [queued]>
[2024-01-02T17:55:07.674+0530] {taskinstance.py:1361} INFO - Starting attempt 1 of 2
[2024-01-02T17:55:07.687+0530] {taskinstance.py:1382} INFO - Executing <Task(BranchPythonOperator): branch_task> on 2024-01-01 00:00:00+00:00
[2024-01-02T17:55:07.689+0530] {standard_task_runner.py:57} INFO - Started process 24989 to run task
[2024-01-02T17:55:07.693+0530] {standard_task_runner.py:84} INFO - Running: ['airflow', 'tasks', 'run', 'Cricbuzz_ETL', 'branch_task', 'scheduled__2024-01-01T00:00:00+00:00', '--job-id', '546', '--raw', '--subdir', 'DAGS_FOLDER/Crickbuzz_dag.py', '--cfg-path', '/tmp/tmplmzy5wpo']
[2024-01-02T17:55:07.694+0530] {standard_task_runner.py:85} INFO - Job 546: Subtask branch_task
[2024-01-02T17:55:07.722+0530] {task_command.py:416} INFO - Running <TaskInstance: Cricbuzz_ETL.branch_task scheduled__2024-01-01T00:00:00+00:00 [running]> on host Iris
[2024-01-02T17:55:07.772+0530] {taskinstance.py:1662} INFO - Exporting env vars: AIRFLOW_CTX_DAG_OWNER='airflow' AIRFLOW_CTX_DAG_ID='Cricbuzz_ETL' AIRFLOW_CTX_TASK_ID='branch_task' AIRFLOW_CTX_EXECUTION_DATE='2024-01-01T00:00:00+00:00' AIRFLOW_CTX_TRY_NUMBER='1' AIRFLOW_CTX_DAG_RUN_ID='scheduled__2024-01-01T00:00:00+00:00'
[2024-01-02T17:55:07.772+0530] {logging_mixin.py:154} INFO - execution_date = 2024-01-01
[2024-01-02T17:55:07.772+0530] {python.py:194} INFO - Done. Returned value was: skip_task
[2024-01-02T17:55:07.772+0530] {python.py:227} INFO - Branch callable return skip_task
[2024-01-02T17:55:07.772+0530] {skipmixin.py:173} INFO - Following branch skip_task
[2024-01-02T17:55:07.780+0530] {skipmixin.py:239} INFO - Skipping tasks [('run_task', -1)]
[2024-01-02T17:55:07.803+0530] {taskinstance.py:1400} INFO - Marking task as SUCCESS. dag_id=Cricbuzz_ETL, task_id=branch_task, execution_date=20240101T000000, start_date=20240102T122507, end_date=20240102T122507
[2024-01-02T17:55:07.824+0530] {local_task_job_runner.py:228} INFO - Task exited with return code 0
[2024-01-02T17:55:07.855+0530] {taskinstance.py:2778} INFO - 1 downstream tasks scheduled from follow-on schedule check
[2024-01-02T18:54:00.438+0530] {taskinstance.py:1159} INFO - Dependencies all met for dep_context=non-requeueable deps ti=<TaskInstance: Cricbuzz_ETL.branch_task scheduled__2024-01-01T00:00:00+00:00 [queued]>
[2024-01-02T18:54:00.441+0530] {taskinstance.py:1159} INFO - Dependencies all met for dep_context=requeueable deps ti=<TaskInstance: Cricbuzz_ETL.branch_task scheduled__2024-01-01T00:00:00+00:00 [queued]>
[2024-01-02T18:54:00.442+0530] {taskinstance.py:1361} INFO - Starting attempt 1 of 2
[2024-01-02T18:54:00.451+0530] {taskinstance.py:1382} INFO - Executing <Task(BranchPythonOperator): branch_task> on 2024-01-01 00:00:00+00:00
[2024-01-02T18:54:00.454+0530] {standard_task_runner.py:57} INFO - Started process 19244 to run task
[2024-01-02T18:54:00.455+0530] {standard_task_runner.py:84} INFO - Running: ['airflow', 'tasks', 'run', 'Cricbuzz_ETL', 'branch_task', 'scheduled__2024-01-01T00:00:00+00:00', '--job-id', '564', '--raw', '--subdir', 'DAGS_FOLDER/Crickbuzz_dag.py', '--cfg-path', '/tmp/tmpqm9gwh_u']
[2024-01-02T18:54:00.456+0530] {standard_task_runner.py:85} INFO - Job 564: Subtask branch_task
[2024-01-02T18:54:00.479+0530] {task_command.py:416} INFO - Running <TaskInstance: Cricbuzz_ETL.branch_task scheduled__2024-01-01T00:00:00+00:00 [running]> on host Iris
[2024-01-02T18:54:00.513+0530] {taskinstance.py:1662} INFO - Exporting env vars: AIRFLOW_CTX_DAG_OWNER='airflow' AIRFLOW_CTX_DAG_ID='Cricbuzz_ETL' AIRFLOW_CTX_TASK_ID='branch_task' AIRFLOW_CTX_EXECUTION_DATE='2024-01-01T00:00:00+00:00' AIRFLOW_CTX_TRY_NUMBER='1' AIRFLOW_CTX_DAG_RUN_ID='scheduled__2024-01-01T00:00:00+00:00'
[2024-01-02T18:54:00.514+0530] {logging_mixin.py:154} INFO - execution_date = 2024-01-01
[2024-01-02T18:54:00.514+0530] {python.py:194} INFO - Done. Returned value was: skip_task
[2024-01-02T18:54:00.514+0530] {python.py:227} INFO - Branch callable return skip_task
[2024-01-02T18:54:00.514+0530] {skipmixin.py:173} INFO - Following branch skip_task
[2024-01-02T18:54:00.519+0530] {skipmixin.py:239} INFO - Skipping tasks [('run_task', -1)]
[2024-01-02T18:54:00.539+0530] {taskinstance.py:1400} INFO - Marking task as SUCCESS. dag_id=Cricbuzz_ETL, task_id=branch_task, execution_date=20240101T000000, start_date=20240102T132400, end_date=20240102T132400
[2024-01-02T18:54:00.588+0530] {local_task_job_runner.py:228} INFO - Task exited with return code 0
[2024-01-02T18:54:00.615+0530] {taskinstance.py:2778} INFO - 1 downstream tasks scheduled from follow-on schedule check
[2024-01-02T19:17:03.987+0530] {taskinstance.py:1159} INFO - Dependencies all met for dep_context=non-requeueable deps ti=<TaskInstance: Cricbuzz_ETL.branch_task scheduled__2024-01-01T00:00:00+00:00 [queued]>
[2024-01-02T19:17:03.992+0530] {taskinstance.py:1159} INFO - Dependencies all met for dep_context=requeueable deps ti=<TaskInstance: Cricbuzz_ETL.branch_task scheduled__2024-01-01T00:00:00+00:00 [queued]>
[2024-01-02T19:17:03.992+0530] {taskinstance.py:1361} INFO - Starting attempt 1 of 2
[2024-01-02T19:17:04.001+0530] {taskinstance.py:1382} INFO - Executing <Task(BranchPythonOperator): branch_task> on 2024-01-01 00:00:00+00:00
[2024-01-02T19:17:04.004+0530] {standard_task_runner.py:57} INFO - Started process 32578 to run task
[2024-01-02T19:17:04.006+0530] {standard_task_runner.py:84} INFO - Running: ['airflow', 'tasks', 'run', 'Cricbuzz_ETL', 'branch_task', 'scheduled__2024-01-01T00:00:00+00:00', '--job-id', '589', '--raw', '--subdir', 'DAGS_FOLDER/Crickbuzz_dag.py', '--cfg-path', '/tmp/tmp1krklwpu']
[2024-01-02T19:17:04.006+0530] {standard_task_runner.py:85} INFO - Job 589: Subtask branch_task
[2024-01-02T19:17:04.032+0530] {task_command.py:416} INFO - Running <TaskInstance: Cricbuzz_ETL.branch_task scheduled__2024-01-01T00:00:00+00:00 [running]> on host Iris
[2024-01-02T19:17:04.069+0530] {taskinstance.py:1662} INFO - Exporting env vars: AIRFLOW_CTX_DAG_OWNER='airflow' AIRFLOW_CTX_DAG_ID='Cricbuzz_ETL' AIRFLOW_CTX_TASK_ID='branch_task' AIRFLOW_CTX_EXECUTION_DATE='2024-01-01T00:00:00+00:00' AIRFLOW_CTX_TRY_NUMBER='1' AIRFLOW_CTX_DAG_RUN_ID='scheduled__2024-01-01T00:00:00+00:00'
[2024-01-02T19:17:04.070+0530] {logging_mixin.py:154} INFO - execution_date = 2024-01-01
[2024-01-02T19:17:04.076+0530] {python.py:194} INFO - Done. Returned value was: run_task
[2024-01-02T19:17:04.076+0530] {python.py:227} INFO - Branch callable return run_task
[2024-01-02T19:17:04.076+0530] {skipmixin.py:173} INFO - Following branch run_task
[2024-01-02T19:17:04.080+0530] {skipmixin.py:239} INFO - Skipping tasks [('skip_task', -1)]
[2024-01-02T19:17:04.101+0530] {taskinstance.py:1400} INFO - Marking task as SUCCESS. dag_id=Cricbuzz_ETL, task_id=branch_task, execution_date=20240101T000000, start_date=20240102T134703, end_date=20240102T134704
[2024-01-02T19:17:04.138+0530] {local_task_job_runner.py:228} INFO - Task exited with return code 0
[2024-01-02T19:17:04.164+0530] {taskinstance.py:2778} INFO - 1 downstream tasks scheduled from follow-on schedule check
