[2023-12-31T21:08:07.540+0530] {taskinstance.py:1159} INFO - Dependencies all met for dep_context=non-requeueable deps ti=<TaskInstance: Cricbuzz_ETL.run_task scheduled__2023-12-29T00:00:00+00:00 [queued]>
[2023-12-31T21:08:07.551+0530] {taskinstance.py:1159} INFO - Dependencies all met for dep_context=requeueable deps ti=<TaskInstance: Cricbuzz_ETL.run_task scheduled__2023-12-29T00:00:00+00:00 [queued]>
[2023-12-31T21:08:07.551+0530] {taskinstance.py:1361} INFO - Starting attempt 1 of 2
[2023-12-31T21:08:07.564+0530] {taskinstance.py:1382} INFO - Executing <Task(BashOperator): run_task> on 2023-12-29 00:00:00+00:00
[2023-12-31T21:08:07.567+0530] {standard_task_runner.py:57} INFO - Started process 20720 to run task
[2023-12-31T21:08:07.570+0530] {standard_task_runner.py:84} INFO - Running: ['airflow', 'tasks', 'run', 'Cricbuzz_ETL', 'run_task', 'scheduled__2023-12-29T00:00:00+00:00', '--job-id', '465', '--raw', '--subdir', 'DAGS_FOLDER/Crickbuzz_dag.py', '--cfg-path', '/tmp/tmpt07bjrrw']
[2023-12-31T21:08:07.571+0530] {standard_task_runner.py:85} INFO - Job 465: Subtask run_task
[2023-12-31T21:08:07.602+0530] {task_command.py:416} INFO - Running <TaskInstance: Cricbuzz_ETL.run_task scheduled__2023-12-29T00:00:00+00:00 [running]> on host Iris
[2023-12-31T21:08:07.654+0530] {taskinstance.py:1662} INFO - Exporting env vars: AIRFLOW_CTX_DAG_OWNER='airflow' AIRFLOW_CTX_DAG_ID='Cricbuzz_ETL' AIRFLOW_CTX_TASK_ID='run_task' AIRFLOW_CTX_EXECUTION_DATE='2023-12-29T00:00:00+00:00' AIRFLOW_CTX_TRY_NUMBER='1' AIRFLOW_CTX_DAG_RUN_ID='scheduled__2023-12-29T00:00:00+00:00'
[2023-12-31T21:08:07.654+0530] {subprocess.py:63} INFO - Tmp dir root location: /tmp
[2023-12-31T21:08:07.655+0530] {subprocess.py:75} INFO - Running command: ['/usr/bin/bash', '-c', 'echo "running task"']
[2023-12-31T21:08:07.662+0530] {subprocess.py:86} INFO - Output:
[2023-12-31T21:08:07.662+0530] {subprocess.py:93} INFO - running task
[2023-12-31T21:08:07.663+0530] {subprocess.py:97} INFO - Command exited with return code 0
[2023-12-31T21:08:07.680+0530] {taskinstance.py:1400} INFO - Marking task as SUCCESS. dag_id=Cricbuzz_ETL, task_id=run_task, execution_date=20231229T000000, start_date=20231231T153807, end_date=20231231T153807
[2023-12-31T21:08:07.701+0530] {local_task_job_runner.py:228} INFO - Task exited with return code 0
[2023-12-31T21:08:07.725+0530] {taskinstance.py:2778} INFO - 1 downstream tasks scheduled from follow-on schedule check
[2024-01-02T17:20:24.065+0530] {taskinstance.py:1159} INFO - Dependencies all met for dep_context=non-requeueable deps ti=<TaskInstance: Cricbuzz_ETL.run_task scheduled__2023-12-29T00:00:00+00:00 [queued]>
[2024-01-02T17:20:24.072+0530] {taskinstance.py:1159} INFO - Dependencies all met for dep_context=requeueable deps ti=<TaskInstance: Cricbuzz_ETL.run_task scheduled__2023-12-29T00:00:00+00:00 [queued]>
[2024-01-02T17:20:24.073+0530] {taskinstance.py:1361} INFO - Starting attempt 1 of 2
[2024-01-02T17:20:24.084+0530] {taskinstance.py:1382} INFO - Executing <Task(BashOperator): run_task> on 2023-12-29 00:00:00+00:00
[2024-01-02T17:20:24.087+0530] {standard_task_runner.py:57} INFO - Started process 11411 to run task
[2024-01-02T17:20:24.090+0530] {standard_task_runner.py:84} INFO - Running: ['airflow', 'tasks', 'run', 'Cricbuzz_ETL', 'run_task', 'scheduled__2023-12-29T00:00:00+00:00', '--job-id', '528', '--raw', '--subdir', 'DAGS_FOLDER/Crickbuzz_dag.py', '--cfg-path', '/tmp/tmp5qain2h4']
[2024-01-02T17:20:24.091+0530] {standard_task_runner.py:85} INFO - Job 528: Subtask run_task
[2024-01-02T17:20:24.119+0530] {task_command.py:416} INFO - Running <TaskInstance: Cricbuzz_ETL.run_task scheduled__2023-12-29T00:00:00+00:00 [running]> on host Iris
[2024-01-02T17:20:24.162+0530] {taskinstance.py:1662} INFO - Exporting env vars: AIRFLOW_CTX_DAG_OWNER='airflow' AIRFLOW_CTX_DAG_ID='Cricbuzz_ETL' AIRFLOW_CTX_TASK_ID='run_task' AIRFLOW_CTX_EXECUTION_DATE='2023-12-29T00:00:00+00:00' AIRFLOW_CTX_TRY_NUMBER='1' AIRFLOW_CTX_DAG_RUN_ID='scheduled__2023-12-29T00:00:00+00:00'
[2024-01-02T17:20:24.162+0530] {subprocess.py:63} INFO - Tmp dir root location: /tmp
[2024-01-02T17:20:24.163+0530] {subprocess.py:75} INFO - Running command: ['/usr/bin/bash', '-c', 'echo "running task"']
[2024-01-02T17:20:24.169+0530] {subprocess.py:86} INFO - Output:
[2024-01-02T17:20:24.170+0530] {subprocess.py:93} INFO - running task
[2024-01-02T17:20:24.170+0530] {subprocess.py:97} INFO - Command exited with return code 0
[2024-01-02T17:20:24.184+0530] {taskinstance.py:1400} INFO - Marking task as SUCCESS. dag_id=Cricbuzz_ETL, task_id=run_task, execution_date=20231229T000000, start_date=20240102T115024, end_date=20240102T115024
[2024-01-02T17:20:24.221+0530] {local_task_job_runner.py:228} INFO - Task exited with return code 0
[2024-01-02T17:20:24.246+0530] {taskinstance.py:2778} INFO - 1 downstream tasks scheduled from follow-on schedule check
[2024-01-02T17:26:19.211+0530] {taskinstance.py:1159} INFO - Dependencies all met for dep_context=non-requeueable deps ti=<TaskInstance: Cricbuzz_ETL.run_task scheduled__2023-12-29T00:00:00+00:00 [queued]>
[2024-01-02T17:26:19.218+0530] {taskinstance.py:1159} INFO - Dependencies all met for dep_context=requeueable deps ti=<TaskInstance: Cricbuzz_ETL.run_task scheduled__2023-12-29T00:00:00+00:00 [queued]>
[2024-01-02T17:26:19.218+0530] {taskinstance.py:1361} INFO - Starting attempt 1 of 2
[2024-01-02T17:26:19.232+0530] {taskinstance.py:1382} INFO - Executing <Task(BashOperator): run_task> on 2023-12-29 00:00:00+00:00
[2024-01-02T17:26:19.234+0530] {standard_task_runner.py:57} INFO - Started process 14407 to run task
[2024-01-02T17:26:19.237+0530] {standard_task_runner.py:84} INFO - Running: ['airflow', 'tasks', 'run', 'Cricbuzz_ETL', 'run_task', 'scheduled__2023-12-29T00:00:00+00:00', '--job-id', '532', '--raw', '--subdir', 'DAGS_FOLDER/Crickbuzz_dag.py', '--cfg-path', '/tmp/tmp6rkrfmdf']
[2024-01-02T17:26:19.239+0530] {standard_task_runner.py:85} INFO - Job 532: Subtask run_task
[2024-01-02T17:26:19.269+0530] {task_command.py:416} INFO - Running <TaskInstance: Cricbuzz_ETL.run_task scheduled__2023-12-29T00:00:00+00:00 [running]> on host Iris
[2024-01-02T17:26:19.317+0530] {taskinstance.py:1662} INFO - Exporting env vars: AIRFLOW_CTX_DAG_OWNER='airflow' AIRFLOW_CTX_DAG_ID='Cricbuzz_ETL' AIRFLOW_CTX_TASK_ID='run_task' AIRFLOW_CTX_EXECUTION_DATE='2023-12-29T00:00:00+00:00' AIRFLOW_CTX_TRY_NUMBER='1' AIRFLOW_CTX_DAG_RUN_ID='scheduled__2023-12-29T00:00:00+00:00'
[2024-01-02T17:26:19.318+0530] {subprocess.py:63} INFO - Tmp dir root location: /tmp
[2024-01-02T17:26:19.318+0530] {subprocess.py:75} INFO - Running command: ['/usr/bin/bash', '-c', 'echo "running task"']
[2024-01-02T17:26:19.324+0530] {subprocess.py:86} INFO - Output:
[2024-01-02T17:26:19.325+0530] {subprocess.py:93} INFO - running task
[2024-01-02T17:26:19.325+0530] {subprocess.py:97} INFO - Command exited with return code 0
[2024-01-02T17:26:19.340+0530] {taskinstance.py:1400} INFO - Marking task as SUCCESS. dag_id=Cricbuzz_ETL, task_id=run_task, execution_date=20231229T000000, start_date=20240102T115619, end_date=20240102T115619
[2024-01-02T17:26:19.370+0530] {local_task_job_runner.py:228} INFO - Task exited with return code 0
[2024-01-02T17:26:19.395+0530] {taskinstance.py:2778} INFO - 1 downstream tasks scheduled from follow-on schedule check
[2024-01-02T17:45:08.978+0530] {taskinstance.py:1159} INFO - Dependencies all met for dep_context=non-requeueable deps ti=<TaskInstance: Cricbuzz_ETL.run_task scheduled__2023-12-29T00:00:00+00:00 [queued]>
[2024-01-02T17:45:08.986+0530] {taskinstance.py:1159} INFO - Dependencies all met for dep_context=requeueable deps ti=<TaskInstance: Cricbuzz_ETL.run_task scheduled__2023-12-29T00:00:00+00:00 [queued]>
[2024-01-02T17:45:08.987+0530] {taskinstance.py:1361} INFO - Starting attempt 1 of 2
[2024-01-02T17:45:08.998+0530] {taskinstance.py:1382} INFO - Executing <Task(BashOperator): run_task> on 2023-12-29 00:00:00+00:00
[2024-01-02T17:45:09.002+0530] {standard_task_runner.py:57} INFO - Started process 22524 to run task
[2024-01-02T17:45:09.005+0530] {standard_task_runner.py:84} INFO - Running: ['airflow', 'tasks', 'run', 'Cricbuzz_ETL', 'run_task', 'scheduled__2023-12-29T00:00:00+00:00', '--job-id', '534', '--raw', '--subdir', 'DAGS_FOLDER/Crickbuzz_dag.py', '--cfg-path', '/tmp/tmpjgy6wzif']
[2024-01-02T17:45:09.006+0530] {standard_task_runner.py:85} INFO - Job 534: Subtask run_task
[2024-01-02T17:45:09.034+0530] {task_command.py:416} INFO - Running <TaskInstance: Cricbuzz_ETL.run_task scheduled__2023-12-29T00:00:00+00:00 [running]> on host Iris
[2024-01-02T17:45:09.078+0530] {taskinstance.py:1662} INFO - Exporting env vars: AIRFLOW_CTX_DAG_OWNER='airflow' AIRFLOW_CTX_DAG_ID='Cricbuzz_ETL' AIRFLOW_CTX_TASK_ID='run_task' AIRFLOW_CTX_EXECUTION_DATE='2023-12-29T00:00:00+00:00' AIRFLOW_CTX_TRY_NUMBER='1' AIRFLOW_CTX_DAG_RUN_ID='scheduled__2023-12-29T00:00:00+00:00'
[2024-01-02T17:45:09.079+0530] {subprocess.py:63} INFO - Tmp dir root location: /tmp
[2024-01-02T17:45:09.079+0530] {subprocess.py:75} INFO - Running command: ['/usr/bin/bash', '-c', 'echo "running task"']
[2024-01-02T17:45:09.087+0530] {subprocess.py:86} INFO - Output:
[2024-01-02T17:45:09.088+0530] {subprocess.py:93} INFO - running task
[2024-01-02T17:45:09.088+0530] {subprocess.py:97} INFO - Command exited with return code 0
[2024-01-02T17:45:09.103+0530] {taskinstance.py:1400} INFO - Marking task as SUCCESS. dag_id=Cricbuzz_ETL, task_id=run_task, execution_date=20231229T000000, start_date=20240102T121508, end_date=20240102T121509
[2024-01-02T17:45:09.137+0530] {local_task_job_runner.py:228} INFO - Task exited with return code 0
[2024-01-02T17:45:09.160+0530] {taskinstance.py:2778} INFO - 1 downstream tasks scheduled from follow-on schedule check
[2024-01-02T17:54:55.292+0530] {taskinstance.py:1159} INFO - Dependencies all met for dep_context=non-requeueable deps ti=<TaskInstance: Cricbuzz_ETL.run_task scheduled__2023-12-29T00:00:00+00:00 [queued]>
[2024-01-02T17:54:55.299+0530] {taskinstance.py:1159} INFO - Dependencies all met for dep_context=requeueable deps ti=<TaskInstance: Cricbuzz_ETL.run_task scheduled__2023-12-29T00:00:00+00:00 [queued]>
[2024-01-02T17:54:55.300+0530] {taskinstance.py:1361} INFO - Starting attempt 1 of 2
[2024-01-02T17:54:55.312+0530] {taskinstance.py:1382} INFO - Executing <Task(BashOperator): run_task> on 2023-12-29 00:00:00+00:00
[2024-01-02T17:54:55.314+0530] {standard_task_runner.py:57} INFO - Started process 24824 to run task
[2024-01-02T17:54:55.317+0530] {standard_task_runner.py:84} INFO - Running: ['airflow', 'tasks', 'run', 'Cricbuzz_ETL', 'run_task', 'scheduled__2023-12-29T00:00:00+00:00', '--job-id', '538', '--raw', '--subdir', 'DAGS_FOLDER/Crickbuzz_dag.py', '--cfg-path', '/tmp/tmptnm6l4b4']
[2024-01-02T17:54:55.317+0530] {standard_task_runner.py:85} INFO - Job 538: Subtask run_task
[2024-01-02T17:54:55.347+0530] {task_command.py:416} INFO - Running <TaskInstance: Cricbuzz_ETL.run_task scheduled__2023-12-29T00:00:00+00:00 [running]> on host Iris
[2024-01-02T17:54:55.392+0530] {taskinstance.py:1662} INFO - Exporting env vars: AIRFLOW_CTX_DAG_OWNER='airflow' AIRFLOW_CTX_DAG_ID='Cricbuzz_ETL' AIRFLOW_CTX_TASK_ID='run_task' AIRFLOW_CTX_EXECUTION_DATE='2023-12-29T00:00:00+00:00' AIRFLOW_CTX_TRY_NUMBER='1' AIRFLOW_CTX_DAG_RUN_ID='scheduled__2023-12-29T00:00:00+00:00'
[2024-01-02T17:54:55.393+0530] {subprocess.py:63} INFO - Tmp dir root location: /tmp
[2024-01-02T17:54:55.394+0530] {subprocess.py:75} INFO - Running command: ['/usr/bin/bash', '-c', 'echo "running task"']
[2024-01-02T17:54:55.400+0530] {subprocess.py:86} INFO - Output:
[2024-01-02T17:54:55.400+0530] {subprocess.py:93} INFO - running task
[2024-01-02T17:54:55.401+0530] {subprocess.py:97} INFO - Command exited with return code 0
[2024-01-02T17:54:55.416+0530] {taskinstance.py:1400} INFO - Marking task as SUCCESS. dag_id=Cricbuzz_ETL, task_id=run_task, execution_date=20231229T000000, start_date=20240102T122455, end_date=20240102T122455
[2024-01-02T17:54:55.449+0530] {local_task_job_runner.py:228} INFO - Task exited with return code 0
[2024-01-02T17:54:55.474+0530] {taskinstance.py:2778} INFO - 1 downstream tasks scheduled from follow-on schedule check
[2024-01-02T18:39:55.299+0530] {taskinstance.py:1159} INFO - Dependencies all met for dep_context=non-requeueable deps ti=<TaskInstance: Cricbuzz_ETL.run_task scheduled__2023-12-29T00:00:00+00:00 [queued]>
[2024-01-02T18:39:55.305+0530] {taskinstance.py:1159} INFO - Dependencies all met for dep_context=requeueable deps ti=<TaskInstance: Cricbuzz_ETL.run_task scheduled__2023-12-29T00:00:00+00:00 [queued]>
[2024-01-02T18:39:55.306+0530] {taskinstance.py:1361} INFO - Starting attempt 1 of 2
[2024-01-02T18:39:55.320+0530] {taskinstance.py:1382} INFO - Executing <Task(BashOperator): run_task> on 2023-12-29 00:00:00+00:00
[2024-01-02T18:39:55.322+0530] {standard_task_runner.py:57} INFO - Started process 10750 to run task
[2024-01-02T18:39:55.324+0530] {standard_task_runner.py:84} INFO - Running: ['airflow', 'tasks', 'run', 'Cricbuzz_ETL', 'run_task', 'scheduled__2023-12-29T00:00:00+00:00', '--job-id', '564', '--raw', '--subdir', 'DAGS_FOLDER/Crickbuzz_dag.py', '--cfg-path', '/tmp/tmpsq6filw5']
[2024-01-02T18:39:55.325+0530] {standard_task_runner.py:85} INFO - Job 564: Subtask run_task
[2024-01-02T18:39:55.357+0530] {task_command.py:416} INFO - Running <TaskInstance: Cricbuzz_ETL.run_task scheduled__2023-12-29T00:00:00+00:00 [running]> on host Iris
[2024-01-02T18:39:55.395+0530] {taskinstance.py:1662} INFO - Exporting env vars: AIRFLOW_CTX_DAG_OWNER='airflow' AIRFLOW_CTX_DAG_ID='Cricbuzz_ETL' AIRFLOW_CTX_TASK_ID='run_task' AIRFLOW_CTX_EXECUTION_DATE='2023-12-29T00:00:00+00:00' AIRFLOW_CTX_TRY_NUMBER='1' AIRFLOW_CTX_DAG_RUN_ID='scheduled__2023-12-29T00:00:00+00:00'
[2024-01-02T18:39:55.396+0530] {subprocess.py:63} INFO - Tmp dir root location: /tmp
[2024-01-02T18:39:55.396+0530] {subprocess.py:75} INFO - Running command: ['/usr/bin/bash', '-c', 'echo "running task"']
[2024-01-02T18:39:55.400+0530] {subprocess.py:86} INFO - Output:
[2024-01-02T18:39:55.400+0530] {subprocess.py:93} INFO - running task
[2024-01-02T18:39:55.400+0530] {subprocess.py:97} INFO - Command exited with return code 0
[2024-01-02T18:39:55.413+0530] {taskinstance.py:1400} INFO - Marking task as SUCCESS. dag_id=Cricbuzz_ETL, task_id=run_task, execution_date=20231229T000000, start_date=20240102T130955, end_date=20240102T130955
[2024-01-02T18:39:55.456+0530] {local_task_job_runner.py:228} INFO - Task exited with return code 0
[2024-01-02T18:39:55.478+0530] {taskinstance.py:2778} INFO - 1 downstream tasks scheduled from follow-on schedule check
[2024-01-02T18:46:10.276+0530] {taskinstance.py:1159} INFO - Dependencies all met for dep_context=non-requeueable deps ti=<TaskInstance: Cricbuzz_ETL.run_task scheduled__2023-12-29T00:00:00+00:00 [queued]>
[2024-01-02T18:46:10.281+0530] {taskinstance.py:1159} INFO - Dependencies all met for dep_context=requeueable deps ti=<TaskInstance: Cricbuzz_ETL.run_task scheduled__2023-12-29T00:00:00+00:00 [queued]>
[2024-01-02T18:46:10.281+0530] {taskinstance.py:1361} INFO - Starting attempt 1 of 2
[2024-01-02T18:46:10.292+0530] {taskinstance.py:1382} INFO - Executing <Task(BashOperator): run_task> on 2023-12-29 00:00:00+00:00
[2024-01-02T18:46:10.293+0530] {standard_task_runner.py:57} INFO - Started process 15552 to run task
[2024-01-02T18:46:10.295+0530] {standard_task_runner.py:84} INFO - Running: ['airflow', 'tasks', 'run', 'Cricbuzz_ETL', 'run_task', 'scheduled__2023-12-29T00:00:00+00:00', '--job-id', '566', '--raw', '--subdir', 'DAGS_FOLDER/Crickbuzz_dag.py', '--cfg-path', '/tmp/tmpm6x5bsyh']
[2024-01-02T18:46:10.295+0530] {standard_task_runner.py:85} INFO - Job 566: Subtask run_task
[2024-01-02T18:46:10.319+0530] {task_command.py:416} INFO - Running <TaskInstance: Cricbuzz_ETL.run_task scheduled__2023-12-29T00:00:00+00:00 [running]> on host Iris
[2024-01-02T18:46:10.358+0530] {taskinstance.py:1662} INFO - Exporting env vars: AIRFLOW_CTX_DAG_OWNER='airflow' AIRFLOW_CTX_DAG_ID='Cricbuzz_ETL' AIRFLOW_CTX_TASK_ID='run_task' AIRFLOW_CTX_EXECUTION_DATE='2023-12-29T00:00:00+00:00' AIRFLOW_CTX_TRY_NUMBER='1' AIRFLOW_CTX_DAG_RUN_ID='scheduled__2023-12-29T00:00:00+00:00'
[2024-01-02T18:46:10.359+0530] {subprocess.py:63} INFO - Tmp dir root location: /tmp
[2024-01-02T18:46:10.359+0530] {subprocess.py:75} INFO - Running command: ['/usr/bin/bash', '-c', 'echo "running task"']
[2024-01-02T18:46:10.363+0530] {subprocess.py:86} INFO - Output:
[2024-01-02T18:46:10.363+0530] {subprocess.py:93} INFO - running task
[2024-01-02T18:46:10.363+0530] {subprocess.py:97} INFO - Command exited with return code 0
[2024-01-02T18:46:10.377+0530] {taskinstance.py:1400} INFO - Marking task as SUCCESS. dag_id=Cricbuzz_ETL, task_id=run_task, execution_date=20231229T000000, start_date=20240102T131610, end_date=20240102T131610
[2024-01-02T18:46:10.427+0530] {local_task_job_runner.py:228} INFO - Task exited with return code 0
[2024-01-02T18:46:10.447+0530] {taskinstance.py:2778} INFO - 1 downstream tasks scheduled from follow-on schedule check
