[2024-01-03T16:02:47.666+0530] {taskinstance.py:1159} INFO - Dependencies all met for dep_context=non-requeueable deps ti=<TaskInstance: Cricbuzz_ETL.load_to_postgres manual__2024-01-03T10:32:43.616123+00:00 [queued]>
[2024-01-03T16:02:47.670+0530] {taskinstance.py:1159} INFO - Dependencies all met for dep_context=requeueable deps ti=<TaskInstance: Cricbuzz_ETL.load_to_postgres manual__2024-01-03T10:32:43.616123+00:00 [queued]>
[2024-01-03T16:02:47.670+0530] {taskinstance.py:1361} INFO - Starting attempt 1 of 1
[2024-01-03T16:02:47.678+0530] {taskinstance.py:1382} INFO - Executing <Task(PythonOperator): load_to_postgres> on 2024-01-03 10:32:43.616123+00:00
[2024-01-03T16:02:47.680+0530] {standard_task_runner.py:57} INFO - Started process 6834 to run task
[2024-01-03T16:02:47.682+0530] {standard_task_runner.py:84} INFO - Running: ['airflow', 'tasks', 'run', 'Cricbuzz_ETL', 'load_to_postgres', 'manual__2024-01-03T10:32:43.616123+00:00', '--job-id', '676', '--raw', '--subdir', 'DAGS_FOLDER/Crickbuzz_dag.py', '--cfg-path', '/tmp/tmpptt1v1dh']
[2024-01-03T16:02:47.683+0530] {standard_task_runner.py:85} INFO - Job 676: Subtask load_to_postgres
[2024-01-03T16:02:47.703+0530] {task_command.py:416} INFO - Running <TaskInstance: Cricbuzz_ETL.load_to_postgres manual__2024-01-03T10:32:43.616123+00:00 [running]> on host Iris
[2024-01-03T16:02:47.737+0530] {taskinstance.py:1662} INFO - Exporting env vars: AIRFLOW_CTX_DAG_OWNER='airflow' AIRFLOW_CTX_DAG_ID='Cricbuzz_ETL' AIRFLOW_CTX_TASK_ID='load_to_postgres' AIRFLOW_CTX_EXECUTION_DATE='2024-01-03T10:32:43.616123+00:00' AIRFLOW_CTX_TRY_NUMBER='1' AIRFLOW_CTX_DAG_RUN_ID='manual__2024-01-03T10:32:43.616123+00:00'
[2024-01-03T16:02:47.957+0530] {taskinstance.py:1937} ERROR - Task failed with exception
Traceback (most recent call last):
  File "/home/rajabala/Desktop/projects/Airflow/airflow_env/lib/python3.9/site-packages/airflow/operators/python.py", line 192, in execute
    return_value = self.execute_callable()
  File "/home/rajabala/Desktop/projects/Airflow/airflow_env/lib/python3.9/site-packages/airflow/operators/python.py", line 209, in execute_callable
    return self.python_callable(*self.op_args, **self.op_kwargs)
  File "/home/rajabala/Desktop/projects/Airflow/dags/Cricbuzz_files/Load.py", line 9, in load_to_db
    file_name=url.split('/')[-1]
AttributeError: 'list' object has no attribute 'split'
[2024-01-03T16:02:47.960+0530] {taskinstance.py:1400} INFO - Marking task as FAILED. dag_id=Cricbuzz_ETL, task_id=load_to_postgres, execution_date=20240103T103243, start_date=20240103T103247, end_date=20240103T103247
[2024-01-03T16:02:47.968+0530] {standard_task_runner.py:104} ERROR - Failed to execute job 676 for task load_to_postgres ('list' object has no attribute 'split'; 6834)
[2024-01-03T16:02:47.974+0530] {local_task_job_runner.py:228} INFO - Task exited with return code 1
[2024-01-03T16:02:47.983+0530] {taskinstance.py:2778} INFO - 1 downstream tasks scheduled from follow-on schedule check
