[2024-01-06T12:53:41.986+0530] {taskinstance.py:1159} INFO - Dependencies all met for dep_context=non-requeueable deps ti=<TaskInstance: Cricbuzz_ETL.Get_schedule scheduled__2024-01-04T00:00:00+00:00 [queued]>
[2024-01-06T12:53:41.990+0530] {taskinstance.py:1159} INFO - Dependencies all met for dep_context=requeueable deps ti=<TaskInstance: Cricbuzz_ETL.Get_schedule scheduled__2024-01-04T00:00:00+00:00 [queued]>
[2024-01-06T12:53:41.991+0530] {taskinstance.py:1361} INFO - Starting attempt 1 of 2
[2024-01-06T12:53:42.004+0530] {taskinstance.py:1382} INFO - Executing <Task(BranchPythonOperator): Get_schedule> on 2024-01-04 00:00:00+00:00
[2024-01-06T12:53:42.006+0530] {standard_task_runner.py:57} INFO - Started process 96281 to run task
[2024-01-06T12:53:42.008+0530] {standard_task_runner.py:84} INFO - Running: ['airflow', 'tasks', 'run', 'Cricbuzz_ETL', 'Get_schedule', 'scheduled__2024-01-04T00:00:00+00:00', '--job-id', '752', '--raw', '--subdir', 'DAGS_FOLDER/Crickbuzz_dag.py', '--cfg-path', '/tmp/tmp_wjy8y2g']
[2024-01-06T12:53:42.008+0530] {standard_task_runner.py:85} INFO - Job 752: Subtask Get_schedule
[2024-01-06T12:53:42.032+0530] {task_command.py:416} INFO - Running <TaskInstance: Cricbuzz_ETL.Get_schedule scheduled__2024-01-04T00:00:00+00:00 [running]> on host Iris
[2024-01-06T12:53:42.070+0530] {taskinstance.py:1662} INFO - Exporting env vars: AIRFLOW_CTX_DAG_OWNER='airflow' AIRFLOW_CTX_DAG_ID='Cricbuzz_ETL' AIRFLOW_CTX_TASK_ID='Get_schedule' AIRFLOW_CTX_EXECUTION_DATE='2024-01-04T00:00:00+00:00' AIRFLOW_CTX_TRY_NUMBER='1' AIRFLOW_CTX_DAG_RUN_ID='scheduled__2024-01-04T00:00:00+00:00'
[2024-01-06T12:53:42.071+0530] {logging_mixin.py:154} INFO - <class 'dict'>
[2024-01-06T12:53:42.071+0530] {logging_mixin.py:154} INFO - file =  {'2024-01-03': ['https://www.cricbuzz.com/cricket-full-commentary/66169/gt-vs-csk-1st-match-indian-premier-league-2023'], '2023-04-01': ['https://www.cricbuzz.com/cricket-full-commentary/66173/pbks-vs-kkr-2nd-match-indian-premier-league-2023', 'https://www.cricbuzz.com/cricket-full-commentary/66176/lsg-vs-dc-3rd-match-indian-premier-league-2023'], '2023-04-02': ['https://www.cricbuzz.com/cricket-full-commentary/66183/srh-vs-rr-4th-match-indian-premier-league-2023', 'https://www.cricbuzz.com/cricket-full-commentary/66190/rcb-vs-mi-5th-match-indian-premier-league-2023'], '2024-01-06': ['https://www.cricbuzz.com/cricket-full-commentary/66197/csk-vs-lsg-6th-match-indian-premier-league-2023'], '2023-04-04': ['https://www.cricbuzz.com/cricket-full-commentary/66204/dc-vs-gt-7th-match-indian-premier-league-2023'], '2023-04-05': ['https://www.cricbuzz.com/cricket-full-commentary/66208/rr-vs-pbks-8th-match-indian-premier-league-2023'], '2023-04-06': ['https://www.cricbuzz.com/cricket-full-commentary/66211/kkr-vs-rcb-9th-match-indian-premier-league-2023'], '2023-04-07': ['https://www.cricbuzz.com/cricket-full-commentary/66215/lsg-vs-srh-10th-match-indian-premier-league-2023'], '2023-04-08': ['https://www.cricbuzz.com/cricket-full-commentary/66218/rr-vs-dc-11th-match-indian-premier-league-2023', 'https://www.cricbuzz.com/cricket-full-commentary/66225/mi-vs-csk-12th-match-indian-premier-league-2023'], '2023-04-09': ['https://www.cricbuzz.com/cricket-full-commentary/66232/gt-vs-kkr-13th-match-indian-premier-league-2023', 'https://www.cricbuzz.com/cricket-full-commentary/66236/srh-vs-pbks-14th-match-indian-premier-league-2023'], '2023-04-10': ['https://www.cricbuzz.com/cricket-full-commentary/66239/rcb-vs-lsg-15th-match-indian-premier-league-2023'], '2023-04-11': ['https://www.cricbuzz.com/cricket-full-commentary/66243/dc-vs-mi-16th-match-indian-premier-league-2023'], '2023-04-12': ['https://www.cricbuzz.com/cricket-full-commentary/66250/csk-vs-rr-17th-match-indian-premier-league-2023'], '2023-04-13': ['https://www.cricbuzz.com/cricket-full-commentary/66253/pbks-vs-gt-18th-match-indian-premier-league-2023'], '2023-04-14': ['https://www.cricbuzz.com/cricket-full-commentary/66257/kkr-vs-srh-19th-match-indian-premier-league-2023'], '2023-04-15': ['https://www.cricbuzz.com/cricket-full-commentary/66260/rcb-vs-dc-20th-match-indian-premier-league-2023', 'https://www.cricbuzz.com/cricket-full-commentary/66264/lsg-vs-pbks-21st-match-indian-premier-league-2023'], '2023-04-16': ['https://www.cricbuzz.com/cricket-full-commentary/66271/mi-vs-kkr-22nd-match-indian-premier-league-2023', 'https://www.cricbuzz.com/cricket-full-commentary/66274/gt-vs-rr-23rd-match-indian-premier-league-2023'], '2023-04-17': ['https://www.cricbuzz.com/cricket-full-commentary/66278/rcb-vs-csk-24th-match-indian-premier-league-2023'], '2023-04-18': ['https://www.cricbuzz.com/cricket-full-commentary/66285/srh-vs-mi-25th-match-indian-premier-league-2023'], '2023-04-19': ['https://www.cricbuzz.com/cricket-full-commentary/66292/rr-vs-lsg-26th-match-indian-premier-league-2023'], '2023-04-20': ['https://www.cricbuzz.com/cricket-full-commentary/66313/pbks-vs-rcb-27th-match-indian-premier-league-2023', 'https://www.cricbuzz.com/cricket-full-commentary/66330/dc-vs-kkr-28th-match-indian-premier-league-2023'], '2023-04-21': ['https://www.cricbuzz.com/cricket-full-commentary/66351/csk-vs-srh-29th-match-indian-premier-league-2023'], '2023-04-22': ['https://www.cricbuzz.com/cricket-full-commentary/66369/lsg-vs-gt-30th-match-indian-premier-league-2023', 'https://www.cricbuzz.com/cricket-full-commentary/66404/mi-vs-pbks-31st-match-indian-premier-league-2023'], '2023-04-23': ['https://www.cricbuzz.com/cricket-full-commentary/66421/rcb-vs-rr-32nd-match-indian-premier-league-2023', 'https://www.cricbuzz.com/cricket-full-commentary/66435/kkr-vs-csk-33rd-match-indian-premier-league-2023'], '2023-04-24': ['https://www.cricbuzz.com/cricket-full-commentary/66449/srh-vs-dc-34th-match-indian-premier-league-2023'], '2023-04-25': ['https://www.cricbuzz.com/cricket-full-commentary/66470/gt-vs-mi-35th-match-indian-premier-league-2023'], '2023-04-26': ['https://www.cricbuzz.com/cricket-full-commentary/66484/rcb-vs-kkr-36th-match-indian-premier-league-2023'], '2023-04-27': ['https://www.cricbuzz.com/cricket-full-commentary/66502/rr-vs-csk-37th-match-indian-premier-league-2023'], '2023-04-28': ['https://www.cricbuzz.com/cricket-full-commentary/66512/pbks-vs-lsg-38th-match-indian-premier-league-2023'], '2023-04-29': ['https://www.cricbuzz.com/cricket-full-commentary/66519/kkr-vs-gt-39th-match-indian-premier-league-2023', 'https://www.cricbuzz.com/cricket-full-commentary/66526/dc-vs-srh-40th-match-indian-premier-league-2023'], '2023-04-30': ['https://www.cricbuzz.com/cricket-full-commentary/66288/csk-vs-pbks-41st-match-indian-premier-league-2023', 'https://www.cricbuzz.com/cricket-full-commentary/66299/mi-vs-rr-42nd-match-indian-premier-league-2023'], '2023-05-01': ['https://www.cricbuzz.com/cricket-full-commentary/66306/lsg-vs-rcb-43rd-match-indian-premier-league-2023'], '2023-05-02': ['https://www.cricbuzz.com/cricket-full-commentary/66320/gt-vs-dc-44th-match-indian-premier-league-2023'], '2023-05-03': ['https://www.cricbuzz.com/cricket-full-commentary/66337/lsg-vs-csk-45th-match-indian-premier-league-2023', 'https://www.cricbuzz.com/cricket-full-commentary/66327/pbks-vs-mi-46th-match-indian-premier-league-2023'], '2023-05-04': ['https://www.cricbuzz.com/cricket-full-commentary/66344/srh-vs-kkr-47th-match-indian-premier-league-2023'], '2023-05-05': ['https://www.cricbuzz.com/cricket-full-commentary/66348/rr-vs-gt-48th-match-indian-premier-league-2023'], '2023-05-06': ['https://www.cricbuzz.com/cricket-full-commentary/66355/csk-vs-mi-49th-match-indian-premier-league-2023', 'https://www.cricbuzz.com/cricket-full-commentary/66358/dc-vs-rcb-50th-match-indian-premier-league-2023'], '2023-05-07': ['https://www.cricbuzz.com/cricket-full-commentary/66365/gt-vs-lsg-51st-match-indian-premier-league-2023', 'https://www.cricbuzz.com/cricket-full-commentary/66376/rr-vs-srh-52nd-match-indian-premier-league-2023'], '2023-05-08': ['https://www.cricbuzz.com/cricket-full-commentary/66379/kkr-vs-pbks-53rd-match-indian-premier-league-2023'], '2023-05-09': ['https://www.cricbuzz.com/cricket-full-commentary/66386/mi-vs-rcb-54th-match-indian-premier-league-2023'], '2023-05-10': ['https://www.cricbuzz.com/cricket-full-commentary/66393/csk-vs-dc-55th-match-indian-premier-league-2023'], '2023-05-11': ['https://www.cricbuzz.com/cricket-full-commentary/66397/kkr-vs-rr-56th-match-indian-premier-league-2023'], '2023-05-12': ['https://www.cricbuzz.com/cricket-full-commentary/66411/mi-vs-gt-57th-match-indian-premier-league-2023'], '2023-05-13': ['https://www.cricbuzz.com/cricket-full-commentary/66414/srh-vs-lsg-58th-match-indian-premier-league-2023', 'https://www.cricbuzz.com/cricket-full-commentary/66428/dc-vs-pbks-59th-match-indian-premier-league-2023'], '2023-05-14': ['https://www.cricbuzz.com/cricket-full-commentary/66432/rr-vs-rcb-60th-match-indian-premier-league-2023', 'https://www.cricbuzz.com/cricket-full-commentary/66442/csk-vs-kkr-61st-match-indian-premier-league-2023'], '2023-05-15': ['https://www.cricbuzz.com/cricket-full-commentary/66446/gt-vs-srh-62nd-match-indian-premier-league-2023'], '2023-05-16': ['https://www.cricbuzz.com/cricket-full-commentary/66453/lsg-vs-mi-63rd-match-indian-premier-league-2023'], '2023-05-17': ['https://www.cricbuzz.com/cricket-full-commentary/66460/pbks-vs-dc-64th-match-indian-premier-league-2023'], '2023-05-18': ['https://www.cricbuzz.com/cricket-full-commentary/66467/srh-vs-rcb-65th-match-indian-premier-league-2023'], '2023-05-19': ['https://www.cricbuzz.com/cricket-full-commentary/66477/pbks-vs-rr-66th-match-indian-premier-league-2023'], '2023-05-20': ['https://www.cricbuzz.com/cricket-full-commentary/66481/dc-vs-csk-67th-match-indian-premier-league-2023', 'https://www.cricbuzz.com/cricket-full-commentary/66488/kkr-vs-lsg-68th-match-indian-premier-league-2023'], '2023-05-21': ['https://www.cricbuzz.com/cricket-full-commentary/66495/mi-vs-srh-69th-match-indian-premier-league-2023', 'https://www.cricbuzz.com/cricket-full-commentary/66505/rcb-vs-gt-70th-match-indian-premier-league-2023'], '2023-05-23': ['https://www.cricbuzz.com/cricket-full-commentary/69557/gt-vs-csk-qualifier-1-indian-premier-league-2023'], '2023-05-24': ['https://www.cricbuzz.com/cricket-full-commentary/69561/lsg-vs-mi-eliminator-indian-premier-league-2023'], '2023-05-26': ['https://www.cricbuzz.com/cricket-full-commentary/69568/gt-vs-mi-qualifier-2-indian-premier-league-2023'], '2023-05-28': ['https://www.cricbuzz.com/cricket-full-commentary/69575/csk-vs-gt-final-indian-premier-league-2023'], '2023-05-29': ['https://www.cricbuzz.com/cricket-full-commentary/72622/csk-vs-gt-final-reserve-day-indian-premier-league-2023']}
[2024-01-06T12:53:42.071+0530] {logging_mixin.py:154} INFO - execution_date = 2024-01-04
[2024-01-06T12:53:42.075+0530] {logging_mixin.py:154} INFO - Help on class WebHDFSHook in module airflow.providers.apache.hdfs.hooks.webhdfs:

class WebHDFSHook(airflow.hooks.base.BaseHook)
 |  WebHDFSHook(webhdfs_conn_id: 'str' = 'webhdfs_default', proxy_user: 'str | None' = None)
 |  
 |  Interact with HDFS. This class is a wrapper around the hdfscli library.
 |  
 |  :param webhdfs_conn_id: The connection id for the webhdfs client to connect to.
 |  :param proxy_user: The user used to authenticate.
 |  
 |  Method resolution order:
 |      WebHDFSHook
 |      airflow.hooks.base.BaseHook
 |      airflow.utils.log.logging_mixin.LoggingMixin
 |      builtins.object
 |  
 |  Methods defined here:
 |  
 |  __init__(self, webhdfs_conn_id: 'str' = 'webhdfs_default', proxy_user: 'str | None' = None)
 |      Initialize self.  See help(type(self)) for accurate signature.
 |  
 |  check_for_path(self, hdfs_path: 'str') -> 'bool'
 |      Check for the existence of a path in HDFS by querying FileStatus.
 |      
 |      :param hdfs_path: The path to check.
 |      :return: True if the path exists and False if not.
 |  
 |  get_conn(self) -> 'Any'
 |      Establish a connection depending on the security mode set via config or environment variable.
 |      
 |      :return: a hdfscli InsecureClient or KerberosClient object.
 |  
 |  load_file(self, source: 'str', destination: 'str', overwrite: 'bool' = True, parallelism: 'int' = 1, **kwargs: 'Any') -> 'None'
 |      Upload a file to HDFS.
 |      
 |      :param source: Local path to file or folder.
 |          If it's a folder, all the files inside it will be uploaded.
 |          .. note:: This implies that folders empty of files will not be created remotely.
 |      
 |      :param destination: PTarget HDFS path.
 |          If it already exists and is a directory, files will be uploaded inside.
 |      :param overwrite: Overwrite any existing file or directory.
 |      :param parallelism: Number of threads to use for parallelization.
 |          A value of `0` (or negative) uses as many threads as there are files.
 |      :param kwargs: Keyword arguments forwarded to :meth:`hdfs.client.Client.upload`.
 |  
 |  read_file(self, filename: 'str') -> 'bytes'
 |      Read a file from HDFS.
 |      
 |      :param filename: The path of the file to read.
 |      :return: File content as a raw string
 |  
 |  ----------------------------------------------------------------------
 |  Data and other attributes defined here:
 |  
 |  conn_name_attr = 'webhdfs_conn_id'
 |  
 |  conn_type = 'webhdfs'
 |  
 |  default_conn_name = 'webhdfs_default'
 |  
 |  hook_name = 'Apache WebHDFS'
 |  
 |  ----------------------------------------------------------------------
 |  Class methods inherited from airflow.hooks.base.BaseHook:
 |  
 |  get_connection(conn_id: 'str') -> 'Connection' from builtins.type
 |      Get connection, given connection id.
 |      
 |      :param conn_id: connection id
 |      :return: connection
 |  
 |  get_connection_form_widgets() -> 'dict[str, Any]' from builtins.type
 |  
 |  get_connections(conn_id: 'str') -> 'list[Connection]' from builtins.type
 |      Get all connections as an iterable, given the connection id.
 |      
 |      :param conn_id: connection id
 |      :return: array of connections
 |  
 |  get_hook(conn_id: 'str') -> 'BaseHook' from builtins.type
 |      Return default hook for this connection id.
 |      
 |      :param conn_id: connection id
 |      :return: default hook for this connection
 |  
 |  get_ui_field_behaviour() -> 'dict[str, Any]' from builtins.type
 |  
 |  ----------------------------------------------------------------------
 |  Class methods inherited from airflow.utils.log.logging_mixin.LoggingMixin:
 |  
 |  logger() -> 'Logger' from builtins.type
 |      Return a logger.
 |  
 |  ----------------------------------------------------------------------
 |  Readonly properties inherited from airflow.utils.log.logging_mixin.LoggingMixin:
 |  
 |  log
 |      Return a logger.
 |  
 |  ----------------------------------------------------------------------
 |  Data descriptors inherited from airflow.utils.log.logging_mixin.LoggingMixin:
 |  
 |  __dict__
 |      dictionary for instance variables (if defined)
 |  
 |  __weakref__
 |      list of weak references to the object (if defined)
 |  
 |  ----------------------------------------------------------------------
 |  Data and other attributes inherited from airflow.utils.log.logging_mixin.LoggingMixin:
 |  
 |  __annotations__ = {'_log': 'logging.Logger | None'}
[2024-01-06T12:53:42.075+0530] {logging_mixin.py:154} INFO - None
[2024-01-06T12:53:42.075+0530] {python.py:194} INFO - Done. Returned value was: skip_today
[2024-01-06T12:53:42.075+0530] {python.py:227} INFO - Branch callable return skip_today
[2024-01-06T12:53:42.075+0530] {skipmixin.py:173} INFO - Following branch skip_today
[2024-01-06T12:53:42.078+0530] {skipmixin.py:239} INFO - Skipping tasks [('run_today', -1)]
[2024-01-06T12:53:42.100+0530] {taskinstance.py:1400} INFO - Marking task as SUCCESS. dag_id=Cricbuzz_ETL, task_id=Get_schedule, execution_date=20240104T000000, start_date=20240106T072341, end_date=20240106T072342
[2024-01-06T12:53:42.139+0530] {local_task_job_runner.py:228} INFO - Task exited with return code 0
[2024-01-06T12:53:42.157+0530] {taskinstance.py:2778} INFO - 1 downstream tasks scheduled from follow-on schedule check
