[2023-12-09T09:45:34.330+0530] {taskinstance.py:1159} INFO - Dependencies all met for dep_context=non-requeueable deps ti=<TaskInstance: Cricbuzz_ETL.load manual__2023-12-09T04:15:02.366132+00:00 [queued]>
[2023-12-09T09:45:34.333+0530] {taskinstance.py:1159} INFO - Dependencies all met for dep_context=requeueable deps ti=<TaskInstance: Cricbuzz_ETL.load manual__2023-12-09T04:15:02.366132+00:00 [queued]>
[2023-12-09T09:45:34.334+0530] {taskinstance.py:1361} INFO - Starting attempt 1 of 1
[2023-12-09T09:45:34.343+0530] {taskinstance.py:1382} INFO - Executing <Task(PythonOperator): load> on 2023-12-09 04:15:02.366132+00:00
[2023-12-09T09:45:34.347+0530] {standard_task_runner.py:57} INFO - Started process 54776 to run task
[2023-12-09T09:45:34.349+0530] {standard_task_runner.py:84} INFO - Running: ['airflow', 'tasks', 'run', 'Cricbuzz_ETL', 'load', 'manual__2023-12-09T04:15:02.366132+00:00', '--job-id', '84', '--raw', '--subdir', 'DAGS_FOLDER/Crickbuzz_dag.py', '--cfg-path', '/tmp/tmphnnshfh4']
[2023-12-09T09:45:34.349+0530] {standard_task_runner.py:85} INFO - Job 84: Subtask load
[2023-12-09T09:45:34.370+0530] {task_command.py:416} INFO - Running <TaskInstance: Cricbuzz_ETL.load manual__2023-12-09T04:15:02.366132+00:00 [running]> on host Iris
[2023-12-09T09:45:34.408+0530] {taskinstance.py:1662} INFO - Exporting env vars: AIRFLOW_CTX_DAG_OWNER='airflow' AIRFLOW_CTX_DAG_ID='Cricbuzz_ETL' AIRFLOW_CTX_TASK_ID='load' AIRFLOW_CTX_EXECUTION_DATE='2023-12-09T04:15:02.366132+00:00' AIRFLOW_CTX_TRY_NUMBER='1' AIRFLOW_CTX_DAG_RUN_ID='manual__2023-12-09T04:15:02.366132+00:00'
[2023-12-09T09:45:34.408+0530] {taskinstance.py:1937} ERROR - Task failed with exception
Traceback (most recent call last):
  File "/home/rajabala/Desktop/projects/Airflow/airflow_env/lib/python3.9/site-packages/airflow/operators/python.py", line 192, in execute
    return_value = self.execute_callable()
  File "/home/rajabala/Desktop/projects/Airflow/airflow_env/lib/python3.9/site-packages/airflow/operators/python.py", line 209, in execute_callable
    return self.python_callable(*self.op_args, **self.op_kwargs)
  File "/home/rajabala/Desktop/projects/Airflow/dags/Cricbuzz_files/Load.py", line 6, in load_to_db
    from airflow.hooks.base import get_connection
ImportError: cannot import name 'get_connection' from 'airflow.hooks.base' (/home/rajabala/Desktop/projects/Airflow/airflow_env/lib/python3.9/site-packages/airflow/hooks/base.py)
[2023-12-09T09:45:34.412+0530] {taskinstance.py:1400} INFO - Marking task as FAILED. dag_id=Cricbuzz_ETL, task_id=load, execution_date=20231209T041502, start_date=20231209T041534, end_date=20231209T041534
[2023-12-09T09:45:34.420+0530] {standard_task_runner.py:104} ERROR - Failed to execute job 84 for task load (cannot import name 'get_connection' from 'airflow.hooks.base' (/home/rajabala/Desktop/projects/Airflow/airflow_env/lib/python3.9/site-packages/airflow/hooks/base.py); 54776)
[2023-12-09T09:45:34.441+0530] {local_task_job_runner.py:228} INFO - Task exited with return code 1
[2023-12-09T09:45:34.451+0530] {taskinstance.py:2778} INFO - 0 downstream tasks scheduled from follow-on schedule check
