[2023-12-31T21:37:07.272+0530] {taskinstance.py:1159} INFO - Dependencies all met for dep_context=non-requeueable deps ti=<TaskInstance: trigger.skip_task scheduled__2023-12-28T00:00:00+00:00 [queued]>
[2023-12-31T21:37:07.278+0530] {taskinstance.py:1159} INFO - Dependencies all met for dep_context=requeueable deps ti=<TaskInstance: trigger.skip_task scheduled__2023-12-28T00:00:00+00:00 [queued]>
[2023-12-31T21:37:07.278+0530] {taskinstance.py:1361} INFO - Starting attempt 1 of 2
[2023-12-31T21:37:07.290+0530] {taskinstance.py:1382} INFO - Executing <Task(BashOperator): skip_task> on 2023-12-28 00:00:00+00:00
[2023-12-31T21:37:07.294+0530] {standard_task_runner.py:57} INFO - Started process 25982 to run task
[2023-12-31T21:37:07.297+0530] {standard_task_runner.py:84} INFO - Running: ['airflow', 'tasks', 'run', 'trigger', 'skip_task', 'scheduled__2023-12-28T00:00:00+00:00', '--job-id', '480', '--raw', '--subdir', 'DAGS_FOLDER/summa.py', '--cfg-path', '/tmp/tmpme2_b108']
[2023-12-31T21:37:07.298+0530] {standard_task_runner.py:85} INFO - Job 480: Subtask skip_task
[2023-12-31T21:37:07.332+0530] {task_command.py:416} INFO - Running <TaskInstance: trigger.skip_task scheduled__2023-12-28T00:00:00+00:00 [running]> on host Iris
[2023-12-31T21:37:07.379+0530] {taskinstance.py:1662} INFO - Exporting env vars: AIRFLOW_CTX_DAG_OWNER='airflow' AIRFLOW_CTX_DAG_ID='trigger' AIRFLOW_CTX_TASK_ID='skip_task' AIRFLOW_CTX_EXECUTION_DATE='2023-12-28T00:00:00+00:00' AIRFLOW_CTX_TRY_NUMBER='1' AIRFLOW_CTX_DAG_RUN_ID='scheduled__2023-12-28T00:00:00+00:00'
[2023-12-31T21:37:07.380+0530] {subprocess.py:63} INFO - Tmp dir root location: /tmp
[2023-12-31T21:37:07.380+0530] {subprocess.py:75} INFO - Running command: ['/usr/bin/bash', '-c', 'echo "skipped task"']
[2023-12-31T21:37:07.386+0530] {subprocess.py:86} INFO - Output:
[2023-12-31T21:37:07.387+0530] {subprocess.py:93} INFO - skipped task
[2023-12-31T21:37:07.387+0530] {subprocess.py:97} INFO - Command exited with return code 0
[2023-12-31T21:37:07.403+0530] {taskinstance.py:1400} INFO - Marking task as SUCCESS. dag_id=trigger, task_id=skip_task, execution_date=20231228T000000, start_date=20231231T160707, end_date=20231231T160707
[2023-12-31T21:37:07.428+0530] {local_task_job_runner.py:228} INFO - Task exited with return code 0
[2023-12-31T21:37:07.439+0530] {taskinstance.py:2778} INFO - 0 downstream tasks scheduled from follow-on schedule check
[2023-12-31T22:38:29.072+0530] {taskinstance.py:1159} INFO - Dependencies all met for dep_context=non-requeueable deps ti=<TaskInstance: trigger.skip_task scheduled__2023-12-28T00:00:00+00:00 [queued]>
[2023-12-31T22:38:29.078+0530] {taskinstance.py:1159} INFO - Dependencies all met for dep_context=requeueable deps ti=<TaskInstance: trigger.skip_task scheduled__2023-12-28T00:00:00+00:00 [queued]>
[2023-12-31T22:38:29.078+0530] {taskinstance.py:1361} INFO - Starting attempt 1 of 2
[2023-12-31T22:38:29.090+0530] {taskinstance.py:1382} INFO - Executing <Task(BashOperator): skip_task> on 2023-12-28 00:00:00+00:00
[2023-12-31T22:38:29.092+0530] {standard_task_runner.py:57} INFO - Started process 49435 to run task
[2023-12-31T22:38:29.095+0530] {standard_task_runner.py:84} INFO - Running: ['airflow', 'tasks', 'run', 'trigger', 'skip_task', 'scheduled__2023-12-28T00:00:00+00:00', '--job-id', '482', '--raw', '--subdir', 'DAGS_FOLDER/summa.py', '--cfg-path', '/tmp/tmpd14gyo2c']
[2023-12-31T22:38:29.096+0530] {standard_task_runner.py:85} INFO - Job 482: Subtask skip_task
[2023-12-31T22:38:29.121+0530] {task_command.py:416} INFO - Running <TaskInstance: trigger.skip_task scheduled__2023-12-28T00:00:00+00:00 [running]> on host Iris
[2023-12-31T22:38:29.162+0530] {taskinstance.py:1662} INFO - Exporting env vars: AIRFLOW_CTX_DAG_OWNER='airflow' AIRFLOW_CTX_DAG_ID='trigger' AIRFLOW_CTX_TASK_ID='skip_task' AIRFLOW_CTX_EXECUTION_DATE='2023-12-28T00:00:00+00:00' AIRFLOW_CTX_TRY_NUMBER='1' AIRFLOW_CTX_DAG_RUN_ID='scheduled__2023-12-28T00:00:00+00:00'
[2023-12-31T22:38:29.163+0530] {subprocess.py:63} INFO - Tmp dir root location: /tmp
[2023-12-31T22:38:29.163+0530] {subprocess.py:75} INFO - Running command: ['/usr/bin/bash', '-c', 'echo "skipped task"']
[2023-12-31T22:38:29.167+0530] {subprocess.py:86} INFO - Output:
[2023-12-31T22:38:29.168+0530] {subprocess.py:93} INFO - skipped task
[2023-12-31T22:38:29.168+0530] {subprocess.py:97} INFO - Command exited with return code 0
[2023-12-31T22:38:29.181+0530] {taskinstance.py:1400} INFO - Marking task as SUCCESS. dag_id=trigger, task_id=skip_task, execution_date=20231228T000000, start_date=20231231T170829, end_date=20231231T170829
[2023-12-31T22:38:29.226+0530] {local_task_job_runner.py:228} INFO - Task exited with return code 0
[2023-12-31T22:38:29.236+0530] {taskinstance.py:2778} INFO - 0 downstream tasks scheduled from follow-on schedule check
