[2023-12-09T08:34:01.893+0530] {taskinstance.py:1159} INFO - Dependencies all met for dep_context=non-requeueable deps ti=<TaskInstance: Cricbuzz_ETL.transform manual__2023-12-09T03:03:37.720232+00:00 [queued]>
[2023-12-09T08:34:01.897+0530] {taskinstance.py:1159} INFO - Dependencies all met for dep_context=requeueable deps ti=<TaskInstance: Cricbuzz_ETL.transform manual__2023-12-09T03:03:37.720232+00:00 [queued]>
[2023-12-09T08:34:01.897+0530] {taskinstance.py:1361} INFO - Starting attempt 1 of 1
[2023-12-09T08:34:01.905+0530] {taskinstance.py:1382} INFO - Executing <Task(PythonOperator): transform> on 2023-12-09 03:03:37.720232+00:00
[2023-12-09T08:34:01.909+0530] {standard_task_runner.py:57} INFO - Started process 35127 to run task
[2023-12-09T08:34:01.911+0530] {standard_task_runner.py:84} INFO - Running: ['airflow', 'tasks', 'run', 'Cricbuzz_ETL', 'transform', 'manual__2023-12-09T03:03:37.720232+00:00', '--job-id', '44', '--raw', '--subdir', 'DAGS_FOLDER/Crickbuzz_dag.py', '--cfg-path', '/tmp/tmpmru0aljy']
[2023-12-09T08:34:01.912+0530] {standard_task_runner.py:85} INFO - Job 44: Subtask transform
[2023-12-09T08:34:01.933+0530] {task_command.py:416} INFO - Running <TaskInstance: Cricbuzz_ETL.transform manual__2023-12-09T03:03:37.720232+00:00 [running]> on host Iris
[2023-12-09T08:34:01.965+0530] {taskinstance.py:1662} INFO - Exporting env vars: AIRFLOW_CTX_DAG_OWNER='airflow' AIRFLOW_CTX_DAG_ID='Cricbuzz_ETL' AIRFLOW_CTX_TASK_ID='transform' AIRFLOW_CTX_EXECUTION_DATE='2023-12-09T03:03:37.720232+00:00' AIRFLOW_CTX_TRY_NUMBER='1' AIRFLOW_CTX_DAG_RUN_ID='manual__2023-12-09T03:03:37.720232+00:00'
[2023-12-09T08:34:01.975+0530] {logging_mixin.py:154} INFO - AUS IND
[2023-12-09T08:34:01.975+0530] {logging_mixin.py:154} INFO - hi
[2023-12-09T08:34:01.977+0530] {logging_mixin.py:154} INFO - bat
[2023-12-09T08:34:03.182+0530] {logging_mixin.py:154} INFO - https://www.cricbuzz.com/cricket-scores/75437/ind-vs-aus-5th-match-icc-cricket-world-cup-2023
[2023-12-09T08:34:03.183+0530] {taskinstance.py:1937} ERROR - Task failed with exception
Traceback (most recent call last):
  File "/home/rajabala/Desktop/projects/Airflow/airflow_env/lib/python3.9/site-packages/airflow/operators/python.py", line 192, in execute
    return_value = self.execute_callable()
  File "/home/rajabala/Desktop/projects/Airflow/airflow_env/lib/python3.9/site-packages/airflow/operators/python.py", line 209, in execute_callable
    return self.python_callable(*self.op_args, **self.op_kwargs)
  File "/home/rajabala/Desktop/projects/Airflow/dags/Cricbuzz_files/Transform.py", line 428, in clean
    get_moth()
  File "/home/rajabala/Desktop/projects/Airflow/dags/Cricbuzz_files/Transform.py", line 398, in get_moth
    page=requests.get(cricbuzz_highlights_url)
NameError: name 'requests' is not defined
[2023-12-09T08:34:03.185+0530] {taskinstance.py:1400} INFO - Marking task as FAILED. dag_id=Cricbuzz_ETL, task_id=transform, execution_date=20231209T030337, start_date=20231209T030401, end_date=20231209T030403
[2023-12-09T08:34:03.194+0530] {standard_task_runner.py:104} ERROR - Failed to execute job 44 for task transform (name 'requests' is not defined; 35127)
[2023-12-09T08:34:03.207+0530] {local_task_job_runner.py:228} INFO - Task exited with return code 1
[2023-12-09T08:34:03.220+0530] {taskinstance.py:2778} INFO - 0 downstream tasks scheduled from follow-on schedule check
