[2023-12-31T21:37:12.198+0530] {taskinstance.py:1159} INFO - Dependencies all met for dep_context=non-requeueable deps ti=<TaskInstance: trigger.branch_task scheduled__2023-12-29T00:00:00+00:00 [queued]>
[2023-12-31T21:37:12.204+0530] {taskinstance.py:1159} INFO - Dependencies all met for dep_context=requeueable deps ti=<TaskInstance: trigger.branch_task scheduled__2023-12-29T00:00:00+00:00 [queued]>
[2023-12-31T21:37:12.204+0530] {taskinstance.py:1361} INFO - Starting attempt 1 of 2
[2023-12-31T21:37:12.216+0530] {taskinstance.py:1382} INFO - Executing <Task(BranchPythonOperator): branch_task> on 2023-12-29 00:00:00+00:00
[2023-12-31T21:37:12.219+0530] {standard_task_runner.py:57} INFO - Started process 26086 to run task
[2023-12-31T21:37:12.221+0530] {standard_task_runner.py:84} INFO - Running: ['airflow', 'tasks', 'run', 'trigger', 'branch_task', 'scheduled__2023-12-29T00:00:00+00:00', '--job-id', '483', '--raw', '--subdir', 'DAGS_FOLDER/summa.py', '--cfg-path', '/tmp/tmpmbgbrsf3']
[2023-12-31T21:37:12.222+0530] {standard_task_runner.py:85} INFO - Job 483: Subtask branch_task
[2023-12-31T21:37:12.255+0530] {task_command.py:416} INFO - Running <TaskInstance: trigger.branch_task scheduled__2023-12-29T00:00:00+00:00 [running]> on host Iris
[2023-12-31T21:37:12.301+0530] {taskinstance.py:1662} INFO - Exporting env vars: AIRFLOW_CTX_DAG_OWNER='airflow' AIRFLOW_CTX_DAG_ID='trigger' AIRFLOW_CTX_TASK_ID='branch_task' AIRFLOW_CTX_EXECUTION_DATE='2023-12-29T00:00:00+00:00' AIRFLOW_CTX_TRY_NUMBER='1' AIRFLOW_CTX_DAG_RUN_ID='scheduled__2023-12-29T00:00:00+00:00'
[2023-12-31T21:37:12.302+0530] {logging_mixin.py:154} INFO - execution_date = 2023-12-29
[2023-12-31T21:37:12.310+0530] {python.py:194} INFO - Done. Returned value was: run_task
[2023-12-31T21:37:12.310+0530] {python.py:227} INFO - Branch callable return run_task
[2023-12-31T21:37:12.311+0530] {skipmixin.py:173} INFO - Following branch run_task
[2023-12-31T21:37:12.320+0530] {taskinstance.py:1400} INFO - Marking task as SUCCESS. dag_id=trigger, task_id=branch_task, execution_date=20231229T000000, start_date=20231231T160712, end_date=20231231T160712
[2023-12-31T21:37:12.353+0530] {local_task_job_runner.py:228} INFO - Task exited with return code 0
[2023-12-31T21:37:12.366+0530] {taskinstance.py:2778} INFO - 0 downstream tasks scheduled from follow-on schedule check
[2023-12-31T22:38:36.699+0530] {taskinstance.py:1159} INFO - Dependencies all met for dep_context=non-requeueable deps ti=<TaskInstance: trigger.branch_task scheduled__2023-12-29T00:00:00+00:00 [queued]>
[2023-12-31T22:38:36.703+0530] {taskinstance.py:1159} INFO - Dependencies all met for dep_context=requeueable deps ti=<TaskInstance: trigger.branch_task scheduled__2023-12-29T00:00:00+00:00 [queued]>
[2023-12-31T22:38:36.703+0530] {taskinstance.py:1361} INFO - Starting attempt 1 of 2
[2023-12-31T22:38:36.712+0530] {taskinstance.py:1382} INFO - Executing <Task(BranchPythonOperator): branch_task> on 2023-12-29 00:00:00+00:00
[2023-12-31T22:38:36.714+0530] {standard_task_runner.py:57} INFO - Started process 49580 to run task
[2023-12-31T22:38:36.716+0530] {standard_task_runner.py:84} INFO - Running: ['airflow', 'tasks', 'run', 'trigger', 'branch_task', 'scheduled__2023-12-29T00:00:00+00:00', '--job-id', '489', '--raw', '--subdir', 'DAGS_FOLDER/summa.py', '--cfg-path', '/tmp/tmp4s9qjtv_']
[2023-12-31T22:38:36.717+0530] {standard_task_runner.py:85} INFO - Job 489: Subtask branch_task
[2023-12-31T22:38:36.738+0530] {task_command.py:416} INFO - Running <TaskInstance: trigger.branch_task scheduled__2023-12-29T00:00:00+00:00 [running]> on host Iris
[2023-12-31T22:38:36.776+0530] {taskinstance.py:1662} INFO - Exporting env vars: AIRFLOW_CTX_DAG_OWNER='airflow' AIRFLOW_CTX_DAG_ID='trigger' AIRFLOW_CTX_TASK_ID='branch_task' AIRFLOW_CTX_EXECUTION_DATE='2023-12-29T00:00:00+00:00' AIRFLOW_CTX_TRY_NUMBER='1' AIRFLOW_CTX_DAG_RUN_ID='scheduled__2023-12-29T00:00:00+00:00'
[2023-12-31T22:38:36.777+0530] {logging_mixin.py:154} INFO - execution_date = 2023-12-29
[2023-12-31T22:38:36.785+0530] {python.py:194} INFO - Done. Returned value was: run_task
[2023-12-31T22:38:36.785+0530] {python.py:227} INFO - Branch callable return run_task
[2023-12-31T22:38:36.785+0530] {skipmixin.py:173} INFO - Following branch run_task
[2023-12-31T22:38:36.794+0530] {taskinstance.py:1400} INFO - Marking task as SUCCESS. dag_id=trigger, task_id=branch_task, execution_date=20231229T000000, start_date=20231231T170836, end_date=20231231T170836
[2023-12-31T22:38:36.848+0530] {local_task_job_runner.py:228} INFO - Task exited with return code 0
[2023-12-31T22:38:36.860+0530] {taskinstance.py:2778} INFO - 0 downstream tasks scheduled from follow-on schedule check
