[2023-12-09T08:05:06.580+0530] {taskinstance.py:1159} INFO - Dependencies all met for dep_context=non-requeueable deps ti=<TaskInstance: Cricbuzz_ETL.Create_balls_table scheduled__2023-12-08T00:00:00+00:00 [queued]>
[2023-12-09T08:05:06.589+0530] {taskinstance.py:1159} INFO - Dependencies all met for dep_context=requeueable deps ti=<TaskInstance: Cricbuzz_ETL.Create_balls_table scheduled__2023-12-08T00:00:00+00:00 [queued]>
[2023-12-09T08:05:06.590+0530] {taskinstance.py:1361} INFO - Starting attempt 1 of 1
[2023-12-09T08:05:06.607+0530] {taskinstance.py:1382} INFO - Executing <Task(PostgresOperator): Create_balls_table> on 2023-12-08 00:00:00+00:00
[2023-12-09T08:05:06.612+0530] {standard_task_runner.py:57} INFO - Started process 25139 to run task
[2023-12-09T08:05:06.616+0530] {standard_task_runner.py:84} INFO - Running: ['airflow', 'tasks', 'run', 'Cricbuzz_ETL', 'Create_balls_table', 'scheduled__2023-12-08T00:00:00+00:00', '--job-id', '15', '--raw', '--subdir', 'DAGS_FOLDER/Crickbuzz_dag.py', '--cfg-path', '/tmp/tmp7l3qmolj']
[2023-12-09T08:05:06.617+0530] {standard_task_runner.py:85} INFO - Job 15: Subtask Create_balls_table
[2023-12-09T08:05:06.655+0530] {task_command.py:416} INFO - Running <TaskInstance: Cricbuzz_ETL.Create_balls_table scheduled__2023-12-08T00:00:00+00:00 [running]> on host Iris
[2023-12-09T08:05:06.714+0530] {taskinstance.py:1662} INFO - Exporting env vars: AIRFLOW_CTX_DAG_OWNER='airflow' AIRFLOW_CTX_DAG_ID='Cricbuzz_ETL' AIRFLOW_CTX_TASK_ID='Create_balls_table' AIRFLOW_CTX_EXECUTION_DATE='2023-12-08T00:00:00+00:00' AIRFLOW_CTX_TRY_NUMBER='1' AIRFLOW_CTX_DAG_RUN_ID='scheduled__2023-12-08T00:00:00+00:00'
[2023-12-09T08:05:06.715+0530] {sql.py:276} INFO - Executing: 
        CREATE TABLE IF NOT EXISTS Ball_by_ball_data(
            "match_id" NUMERIC PRIMARY KEY,
            "ball" TEXT,
            "Commentary TEXT" TEXT,
            "innings" TEXT, 
            "match_no TEXT"
            "batting_team" TEXT,
            "bowling_team"TEXT,      
            "Batsman" TEXT,
            "Bowler" TEXT,
            "runs" TEXT, 
            "extra" TEXT, 
            "ball_length" TEXT, 
            "ball_line" TEXT,
            "ball_destination" TEXT, 
            "shot_name" TEXT, 
            "ball_speed" TEXT,
            "out_type TEXT"
        );
[2023-12-09T08:05:06.728+0530] {taskinstance.py:1937} ERROR - Task failed with exception
Traceback (most recent call last):
  File "/home/rajabala/Desktop/projects/Airflow/airflow_env/lib/python3.9/site-packages/airflow/providers/common/sql/operators/sql.py", line 277, in execute
    hook = self.get_db_hook()
  File "/home/rajabala/Desktop/projects/Airflow/airflow_env/lib/python3.9/site-packages/airflow/providers/common/sql/operators/sql.py", line 188, in get_db_hook
    return self._hook
  File "/home/rajabala/anaconda3/lib/python3.9/functools.py", line 993, in __get__
    val = self.func(instance)
  File "/home/rajabala/Desktop/projects/Airflow/airflow_env/lib/python3.9/site-packages/airflow/providers/common/sql/operators/sql.py", line 150, in _hook
    conn = BaseHook.get_connection(conn_id)
  File "/home/rajabala/Desktop/projects/Airflow/airflow_env/lib/python3.9/site-packages/airflow/hooks/base.py", line 72, in get_connection
    conn = Connection.get_connection_from_secrets(conn_id)
  File "/home/rajabala/Desktop/projects/Airflow/airflow_env/lib/python3.9/site-packages/airflow/models/connection.py", line 477, in get_connection_from_secrets
    raise AirflowNotFoundException(f"The conn_id `{conn_id}` isn't defined")
airflow.exceptions.AirflowNotFoundException: The conn_id `tutorial_pg_conn` isn't defined
[2023-12-09T08:05:06.734+0530] {taskinstance.py:1400} INFO - Marking task as FAILED. dag_id=Cricbuzz_ETL, task_id=Create_balls_table, execution_date=20231208T000000, start_date=20231209T023506, end_date=20231209T023506
[2023-12-09T08:05:06.750+0530] {standard_task_runner.py:104} ERROR - Failed to execute job 15 for task Create_balls_table (The conn_id `tutorial_pg_conn` isn't defined; 25139)
[2023-12-09T08:05:06.787+0530] {local_task_job_runner.py:228} INFO - Task exited with return code 1
[2023-12-09T08:05:06.822+0530] {taskinstance.py:2778} INFO - 0 downstream tasks scheduled from follow-on schedule check
