[2024-01-02T17:36:07.811+0530] {taskinstance.py:1159} INFO - Dependencies all met for dep_context=non-requeueable deps ti=<TaskInstance: Cricbuzz_ETL.Extract manual__2024-01-02T12:05:40.194540+00:00 [queued]>
[2024-01-02T17:36:07.821+0530] {taskinstance.py:1159} INFO - Dependencies all met for dep_context=requeueable deps ti=<TaskInstance: Cricbuzz_ETL.Extract manual__2024-01-02T12:05:40.194540+00:00 [queued]>
[2024-01-02T17:36:07.822+0530] {taskinstance.py:1361} INFO - Starting attempt 2 of 2
[2024-01-02T17:36:07.836+0530] {taskinstance.py:1382} INFO - Executing <Task(PythonOperator): Extract> on 2024-01-02 12:05:40.194540+00:00
[2024-01-02T17:36:07.840+0530] {standard_task_runner.py:57} INFO - Started process 18029 to run task
[2024-01-02T17:36:07.843+0530] {standard_task_runner.py:84} INFO - Running: ['airflow', 'tasks', 'run', 'Cricbuzz_ETL', 'Extract', 'manual__2024-01-02T12:05:40.194540+00:00', '--job-id', '575', '--raw', '--subdir', 'DAGS_FOLDER/Crickbuzz_dag.py', '--cfg-path', '/tmp/tmpn4v5o14p']
[2024-01-02T17:36:07.844+0530] {standard_task_runner.py:85} INFO - Job 575: Subtask Extract
[2024-01-02T17:36:07.878+0530] {task_command.py:416} INFO - Running <TaskInstance: Cricbuzz_ETL.Extract manual__2024-01-02T12:05:40.194540+00:00 [running]> on host Iris
[2024-01-02T17:36:07.925+0530] {taskinstance.py:1662} INFO - Exporting env vars: AIRFLOW_CTX_DAG_OWNER='airflow' AIRFLOW_CTX_DAG_ID='Cricbuzz_ETL' AIRFLOW_CTX_TASK_ID='Extract' AIRFLOW_CTX_EXECUTION_DATE='2024-01-02T12:05:40.194540+00:00' AIRFLOW_CTX_TRY_NUMBER='2' AIRFLOW_CTX_DAG_RUN_ID='manual__2024-01-02T12:05:40.194540+00:00'
[2024-01-02T17:36:07.926+0530] {logging_mixin.py:154} INFO - ['https://www.cricbuzz.com/cricket-full-commentary/75437/ind-vs-aus-5th-match-icc-cricket-world-cup-2023', 'https://www.cricbuzz.com/cricket-full-commentary/66183/srh-vs-rr-4th-match-indian-premier-league-2023']
[2024-01-02T17:36:07.926+0530] {logging_mixin.py:154} INFO - <class 'list'>
[2024-01-02T17:36:07.926+0530] {logging_mixin.py:154} INFO - working
[2024-01-02T17:36:07.926+0530] {logging_mixin.py:154} INFO - https://www.cricbuzz.com/cricket-full-commentary/75437/ind-vs-aus-5th-match-icc-cricket-world-cup-2023started.......................................
[2024-01-02T17:36:07.926+0530] {taskinstance.py:1937} ERROR - Task failed with exception
Traceback (most recent call last):
  File "/home/rajabala/Desktop/projects/Airflow/airflow_env/lib/python3.9/site-packages/airflow/operators/python.py", line 192, in execute
    return_value = self.execute_callable()
  File "/home/rajabala/Desktop/projects/Airflow/airflow_env/lib/python3.9/site-packages/airflow/operators/python.py", line 209, in execute_callable
    return self.python_callable(*self.op_args, **self.op_kwargs)
  File "/home/rajabala/Desktop/projects/Airflow/dags/Cricbuzz_files/Extract.py", line 258, in Scrap_multiple_sites
    web_scrap(link)
  File "/home/rajabala/Desktop/projects/Airflow/dags/Cricbuzz_files/Extract.py", line 4, in web_scrap
    ti = kwargs['ti']
KeyError: 'ti'
[2024-01-02T17:36:07.929+0530] {taskinstance.py:1400} INFO - Marking task as FAILED. dag_id=Cricbuzz_ETL, task_id=Extract, execution_date=20240102T120540, start_date=20240102T120607, end_date=20240102T120607
[2024-01-02T17:36:07.939+0530] {standard_task_runner.py:104} ERROR - Failed to execute job 575 for task Extract ('ti'; 18029)
[2024-01-02T17:36:07.975+0530] {local_task_job_runner.py:228} INFO - Task exited with return code 1
[2024-01-02T17:36:07.997+0530] {taskinstance.py:2778} INFO - 0 downstream tasks scheduled from follow-on schedule check
