[2024-01-03T16:04:43.909+0530] {taskinstance.py:1159} INFO - Dependencies all met for dep_context=non-requeueable deps ti=<TaskInstance: Cricbuzz_ETL.copy_files_to_hadoop manual__2024-01-03T10:34:14.886754+00:00 [queued]>
[2024-01-03T16:04:43.914+0530] {taskinstance.py:1159} INFO - Dependencies all met for dep_context=requeueable deps ti=<TaskInstance: Cricbuzz_ETL.copy_files_to_hadoop manual__2024-01-03T10:34:14.886754+00:00 [queued]>
[2024-01-03T16:04:43.914+0530] {taskinstance.py:1361} INFO - Starting attempt 1 of 2
[2024-01-03T16:04:43.924+0530] {taskinstance.py:1382} INFO - Executing <Task(BashOperator): copy_files_to_hadoop> on 2024-01-03 10:34:14.886754+00:00
[2024-01-03T16:04:43.926+0530] {standard_task_runner.py:57} INFO - Started process 8584 to run task
[2024-01-03T16:04:43.928+0530] {standard_task_runner.py:84} INFO - Running: ['airflow', 'tasks', 'run', 'Cricbuzz_ETL', 'copy_files_to_hadoop', 'manual__2024-01-03T10:34:14.886754+00:00', '--job-id', '687', '--raw', '--subdir', 'DAGS_FOLDER/Crickbuzz_dag.py', '--cfg-path', '/tmp/tmp0kb0qlip']
[2024-01-03T16:04:43.929+0530] {standard_task_runner.py:85} INFO - Job 687: Subtask copy_files_to_hadoop
[2024-01-03T16:04:43.949+0530] {task_command.py:416} INFO - Running <TaskInstance: Cricbuzz_ETL.copy_files_to_hadoop manual__2024-01-03T10:34:14.886754+00:00 [running]> on host Iris
[2024-01-03T16:04:43.983+0530] {taskinstance.py:1662} INFO - Exporting env vars: AIRFLOW_CTX_DAG_OWNER='airflow' AIRFLOW_CTX_DAG_ID='Cricbuzz_ETL' AIRFLOW_CTX_TASK_ID='copy_files_to_hadoop' AIRFLOW_CTX_EXECUTION_DATE='2024-01-03T10:34:14.886754+00:00' AIRFLOW_CTX_TRY_NUMBER='1' AIRFLOW_CTX_DAG_RUN_ID='manual__2024-01-03T10:34:14.886754+00:00'
[2024-01-03T16:04:43.984+0530] {subprocess.py:63} INFO - Tmp dir root location: /tmp
[2024-01-03T16:04:43.984+0530] {subprocess.py:75} INFO - Running command: ['/usr/bin/bash', '-c', 'echo "Copying files from local to Hadoop Docker image..."\n\ndocker exec -it namenode hdfs dfs -mkdir /Cricbuzz\ndocker exec -it namenode hdfs dfs -mkdir /Cricbuzz/Cricbuzz_files\ndocker exec -it namenode hdfs dfs -mkdir /Cricbuzz/Cricbuzz_files/Scraped_raw_files\ndocker exec -it namenode hdfs dfs -mkdir /Cricbuzz/Cricbuzz_files/Cleaned_files\n\n\ndocker exec -it namenode hdfs dfs -put -f /Scraped__raw_files /Cricbuzz/Cricbuzz_files/Scraped_raw_files\ndocker exec -it namenode hdfs dfs -put -f /Transformed_files /Cricbuzz/Cricbuzz_files/Transformed_files\n\nrm Scraped_raw_files/*\nrm Transformed_files/*']
[2024-01-03T16:04:43.988+0530] {subprocess.py:86} INFO - Output:
[2024-01-03T16:04:43.988+0530] {subprocess.py:93} INFO - Copying files from local to Hadoop Docker image...
[2024-01-03T16:04:43.997+0530] {subprocess.py:93} INFO - Error response from daemon: No such container: namenode
[2024-01-03T16:04:44.006+0530] {subprocess.py:93} INFO - Error response from daemon: No such container: namenode
[2024-01-03T16:04:44.015+0530] {subprocess.py:93} INFO - Error response from daemon: No such container: namenode
[2024-01-03T16:04:44.025+0530] {subprocess.py:93} INFO - Error response from daemon: No such container: namenode
[2024-01-03T16:04:44.034+0530] {subprocess.py:93} INFO - Error response from daemon: No such container: namenode
[2024-01-03T16:04:44.043+0530] {subprocess.py:93} INFO - Error response from daemon: No such container: namenode
[2024-01-03T16:04:44.044+0530] {subprocess.py:93} INFO - rm: cannot remove 'Scraped_raw_files/*': No such file or directory
[2024-01-03T16:04:44.045+0530] {subprocess.py:93} INFO - rm: cannot remove 'Transformed_files/*': No such file or directory
[2024-01-03T16:04:44.045+0530] {subprocess.py:97} INFO - Command exited with return code 1
[2024-01-03T16:04:44.049+0530] {taskinstance.py:1937} ERROR - Task failed with exception
Traceback (most recent call last):
  File "/home/rajabala/Desktop/projects/Airflow/airflow_env/lib/python3.9/site-packages/airflow/operators/bash.py", line 210, in execute
    raise AirflowException(
airflow.exceptions.AirflowException: Bash command failed. The command returned a non-zero exit code 1.
[2024-01-03T16:04:44.051+0530] {taskinstance.py:1400} INFO - Marking task as UP_FOR_RETRY. dag_id=Cricbuzz_ETL, task_id=copy_files_to_hadoop, execution_date=20240103T103414, start_date=20240103T103443, end_date=20240103T103444
[2024-01-03T16:04:44.059+0530] {standard_task_runner.py:104} ERROR - Failed to execute job 687 for task copy_files_to_hadoop (Bash command failed. The command returned a non-zero exit code 1.; 8584)
[2024-01-03T16:04:44.100+0530] {local_task_job_runner.py:228} INFO - Task exited with return code 1
[2024-01-03T16:04:44.116+0530] {taskinstance.py:2778} INFO - 0 downstream tasks scheduled from follow-on schedule check
