[2023-12-31T21:37:30.800+0530] {taskinstance.py:1159} INFO - Dependencies all met for dep_context=non-requeueable deps ti=<TaskInstance: trigger.bash scheduled__2023-12-30T00:00:00+00:00 [queued]>
[2023-12-31T21:37:30.808+0530] {taskinstance.py:1159} INFO - Dependencies all met for dep_context=requeueable deps ti=<TaskInstance: trigger.bash scheduled__2023-12-30T00:00:00+00:00 [queued]>
[2023-12-31T21:37:30.808+0530] {taskinstance.py:1361} INFO - Starting attempt 1 of 2
[2023-12-31T21:37:30.826+0530] {taskinstance.py:1382} INFO - Executing <Task(BashOperator): bash> on 2023-12-30 00:00:00+00:00
[2023-12-31T21:37:30.830+0530] {standard_task_runner.py:57} INFO - Started process 26372 to run task
[2023-12-31T21:37:30.834+0530] {standard_task_runner.py:84} INFO - Running: ['airflow', 'tasks', 'run', 'trigger', 'bash', 'scheduled__2023-12-30T00:00:00+00:00', '--job-id', '494', '--raw', '--subdir', 'DAGS_FOLDER/summa.py', '--cfg-path', '/tmp/tmppfdjp2pb']
[2023-12-31T21:37:30.835+0530] {standard_task_runner.py:85} INFO - Job 494: Subtask bash
[2023-12-31T21:37:30.870+0530] {task_command.py:416} INFO - Running <TaskInstance: trigger.bash scheduled__2023-12-30T00:00:00+00:00 [running]> on host Iris
[2023-12-31T21:37:30.927+0530] {taskinstance.py:1662} INFO - Exporting env vars: AIRFLOW_CTX_DAG_OWNER='airflow' AIRFLOW_CTX_DAG_ID='trigger' AIRFLOW_CTX_TASK_ID='bash' AIRFLOW_CTX_EXECUTION_DATE='2023-12-30T00:00:00+00:00' AIRFLOW_CTX_TRY_NUMBER='1' AIRFLOW_CTX_DAG_RUN_ID='scheduled__2023-12-30T00:00:00+00:00'
[2023-12-31T21:37:30.928+0530] {subprocess.py:63} INFO - Tmp dir root location: /tmp
[2023-12-31T21:37:30.929+0530] {subprocess.py:75} INFO - Running command: ['/usr/bin/bash', '-c', 'execution_date =2023-12-30']
[2023-12-31T21:37:30.935+0530] {subprocess.py:86} INFO - Output:
[2023-12-31T21:37:30.936+0530] {subprocess.py:93} INFO - /usr/bin/bash: line 1: execution_date: command not found
[2023-12-31T21:37:30.936+0530] {subprocess.py:97} INFO - Command exited with return code 127
[2023-12-31T21:37:30.943+0530] {taskinstance.py:1937} ERROR - Task failed with exception
Traceback (most recent call last):
  File "/home/rajabala/Desktop/projects/Airflow/airflow_env/lib/python3.9/site-packages/airflow/operators/bash.py", line 210, in execute
    raise AirflowException(
airflow.exceptions.AirflowException: Bash command failed. The command returned a non-zero exit code 127.
[2023-12-31T21:37:30.946+0530] {taskinstance.py:1400} INFO - Marking task as UP_FOR_RETRY. dag_id=trigger, task_id=bash, execution_date=20231230T000000, start_date=20231231T160730, end_date=20231231T160730
[2023-12-31T21:37:30.957+0530] {standard_task_runner.py:104} ERROR - Failed to execute job 494 for task bash (Bash command failed. The command returned a non-zero exit code 127.; 26372)
[2023-12-31T21:37:30.965+0530] {local_task_job_runner.py:228} INFO - Task exited with return code 1
[2023-12-31T21:37:30.974+0530] {taskinstance.py:2778} INFO - 0 downstream tasks scheduled from follow-on schedule check
[2023-12-31T22:38:44.841+0530] {taskinstance.py:1159} INFO - Dependencies all met for dep_context=non-requeueable deps ti=<TaskInstance: trigger.bash scheduled__2023-12-30T00:00:00+00:00 [queued]>
[2023-12-31T22:38:44.845+0530] {taskinstance.py:1159} INFO - Dependencies all met for dep_context=requeueable deps ti=<TaskInstance: trigger.bash scheduled__2023-12-30T00:00:00+00:00 [queued]>
[2023-12-31T22:38:44.846+0530] {taskinstance.py:1361} INFO - Starting attempt 1 of 2
[2023-12-31T22:38:44.856+0530] {taskinstance.py:1382} INFO - Executing <Task(BashOperator): bash> on 2023-12-30 00:00:00+00:00
[2023-12-31T22:38:44.858+0530] {standard_task_runner.py:57} INFO - Started process 49664 to run task
[2023-12-31T22:38:44.859+0530] {standard_task_runner.py:84} INFO - Running: ['airflow', 'tasks', 'run', 'trigger', 'bash', 'scheduled__2023-12-30T00:00:00+00:00', '--job-id', '496', '--raw', '--subdir', 'DAGS_FOLDER/summa.py', '--cfg-path', '/tmp/tmppoyxudwy']
[2023-12-31T22:38:44.860+0530] {standard_task_runner.py:85} INFO - Job 496: Subtask bash
[2023-12-31T22:38:44.881+0530] {task_command.py:416} INFO - Running <TaskInstance: trigger.bash scheduled__2023-12-30T00:00:00+00:00 [running]> on host Iris
[2023-12-31T22:38:44.922+0530] {taskinstance.py:1662} INFO - Exporting env vars: AIRFLOW_CTX_DAG_OWNER='airflow' AIRFLOW_CTX_DAG_ID='trigger' AIRFLOW_CTX_TASK_ID='bash' AIRFLOW_CTX_EXECUTION_DATE='2023-12-30T00:00:00+00:00' AIRFLOW_CTX_TRY_NUMBER='1' AIRFLOW_CTX_DAG_RUN_ID='scheduled__2023-12-30T00:00:00+00:00'
[2023-12-31T22:38:44.922+0530] {subprocess.py:63} INFO - Tmp dir root location: /tmp
[2023-12-31T22:38:44.923+0530] {subprocess.py:75} INFO - Running command: ['/usr/bin/bash', '-c', '"echo" execution_date =2023-12-30 link = []\n                            run_id=scheduled__2023-12-30T00:00:00+00:00  ']
[2023-12-31T22:38:44.927+0530] {subprocess.py:86} INFO - Output:
[2023-12-31T22:38:44.927+0530] {subprocess.py:93} INFO - execution_date =2023-12-30 link = []
[2023-12-31T22:38:44.927+0530] {subprocess.py:97} INFO - Command exited with return code 0
[2023-12-31T22:38:44.939+0530] {taskinstance.py:1400} INFO - Marking task as SUCCESS. dag_id=trigger, task_id=bash, execution_date=20231230T000000, start_date=20231231T170844, end_date=20231231T170844
[2023-12-31T22:38:44.952+0530] {local_task_job_runner.py:228} INFO - Task exited with return code 0
[2023-12-31T22:38:44.958+0530] {taskinstance.py:2778} INFO - 0 downstream tasks scheduled from follow-on schedule check
