[2024-01-02T19:03:35.758+0530] {taskinstance.py:1159} INFO - Dependencies all met for dep_context=non-requeueable deps ti=<TaskInstance: Cricbuzz_ETL.load manual__2024-01-02T13:29:12.289816+00:00 [queued]>
[2024-01-02T19:03:35.762+0530] {taskinstance.py:1159} INFO - Dependencies all met for dep_context=requeueable deps ti=<TaskInstance: Cricbuzz_ETL.load manual__2024-01-02T13:29:12.289816+00:00 [queued]>
[2024-01-02T19:03:35.762+0530] {taskinstance.py:1361} INFO - Starting attempt 1 of 1
[2024-01-02T19:03:35.773+0530] {taskinstance.py:1382} INFO - Executing <Task(PythonOperator): load> on 2024-01-02 13:29:12.289816+00:00
[2024-01-02T19:03:35.775+0530] {standard_task_runner.py:57} INFO - Started process 28055 to run task
[2024-01-02T19:03:35.777+0530] {standard_task_runner.py:84} INFO - Running: ['airflow', 'tasks', 'run', 'Cricbuzz_ETL', 'load', 'manual__2024-01-02T13:29:12.289816+00:00', '--job-id', '579', '--raw', '--subdir', 'DAGS_FOLDER/Crickbuzz_dag.py', '--cfg-path', '/tmp/tmpj0i66zub']
[2024-01-02T19:03:35.777+0530] {standard_task_runner.py:85} INFO - Job 579: Subtask load
[2024-01-02T19:03:35.797+0530] {task_command.py:416} INFO - Running <TaskInstance: Cricbuzz_ETL.load manual__2024-01-02T13:29:12.289816+00:00 [running]> on host Iris
[2024-01-02T19:03:35.832+0530] {taskinstance.py:1662} INFO - Exporting env vars: AIRFLOW_CTX_DAG_OWNER='airflow' AIRFLOW_CTX_DAG_ID='Cricbuzz_ETL' AIRFLOW_CTX_TASK_ID='load' AIRFLOW_CTX_EXECUTION_DATE='2024-01-02T13:29:12.289816+00:00' AIRFLOW_CTX_TRY_NUMBER='1' AIRFLOW_CTX_DAG_RUN_ID='manual__2024-01-02T13:29:12.289816+00:00'
[2024-01-02T19:03:36.052+0530] {taskinstance.py:1937} ERROR - Task failed with exception
Traceback (most recent call last):
  File "/home/rajabala/Desktop/projects/Airflow/airflow_env/lib/python3.9/site-packages/airflow/operators/python.py", line 192, in execute
    return_value = self.execute_callable()
  File "/home/rajabala/Desktop/projects/Airflow/airflow_env/lib/python3.9/site-packages/airflow/operators/python.py", line 209, in execute_callable
    return self.python_callable(*self.op_args, **self.op_kwargs)
  File "/home/rajabala/Desktop/projects/Airflow/dags/Cricbuzz_files/Load.py", line 9, in load_to_db
    file_name=url.split('/')[-1]
AttributeError: 'list' object has no attribute 'split'
[2024-01-02T19:03:36.054+0530] {taskinstance.py:1400} INFO - Marking task as FAILED. dag_id=Cricbuzz_ETL, task_id=load, execution_date=20240102T132912, start_date=20240102T133335, end_date=20240102T133336
[2024-01-02T19:03:36.064+0530] {standard_task_runner.py:104} ERROR - Failed to execute job 579 for task load ('list' object has no attribute 'split'; 28055)
[2024-01-02T19:03:36.109+0530] {local_task_job_runner.py:228} INFO - Task exited with return code 1
[2024-01-02T19:03:36.125+0530] {taskinstance.py:2778} INFO - 0 downstream tasks scheduled from follow-on schedule check
