[2023-12-09T19:38:31.977+0530] {taskinstance.py:1159} INFO - Dependencies all met for dep_context=non-requeueable deps ti=<TaskInstance: Cricbuzz_ETL.Create_match_table manual__2023-12-09T14:08:02.897163+00:00 [queued]>
[2023-12-09T19:38:31.981+0530] {taskinstance.py:1159} INFO - Dependencies all met for dep_context=requeueable deps ti=<TaskInstance: Cricbuzz_ETL.Create_match_table manual__2023-12-09T14:08:02.897163+00:00 [queued]>
[2023-12-09T19:38:31.981+0530] {taskinstance.py:1361} INFO - Starting attempt 1 of 1
[2023-12-09T19:38:31.992+0530] {taskinstance.py:1382} INFO - Executing <Task(PostgresOperator): Create_match_table> on 2023-12-09 14:08:02.897163+00:00
[2023-12-09T19:38:31.995+0530] {standard_task_runner.py:57} INFO - Started process 55725 to run task
[2023-12-09T19:38:31.997+0530] {standard_task_runner.py:84} INFO - Running: ['airflow', 'tasks', 'run', 'Cricbuzz_ETL', 'Create_match_table', 'manual__2023-12-09T14:08:02.897163+00:00', '--job-id', '224', '--raw', '--subdir', 'DAGS_FOLDER/Crickbuzz_dag.py', '--cfg-path', '/tmp/tmp3pg8wxhk']
[2023-12-09T19:38:31.997+0530] {standard_task_runner.py:85} INFO - Job 224: Subtask Create_match_table
[2023-12-09T19:38:32.018+0530] {task_command.py:416} INFO - Running <TaskInstance: Cricbuzz_ETL.Create_match_table manual__2023-12-09T14:08:02.897163+00:00 [running]> on host Iris
[2023-12-09T19:38:32.059+0530] {taskinstance.py:1662} INFO - Exporting env vars: AIRFLOW_CTX_DAG_OWNER='airflow' AIRFLOW_CTX_DAG_ID='Cricbuzz_ETL' AIRFLOW_CTX_TASK_ID='Create_match_table' AIRFLOW_CTX_EXECUTION_DATE='2023-12-09T14:08:02.897163+00:00' AIRFLOW_CTX_TRY_NUMBER='1' AIRFLOW_CTX_DAG_RUN_ID='manual__2023-12-09T14:08:02.897163+00:00'
[2023-12-09T19:38:32.060+0530] {sql.py:276} INFO - Executing: 
        CREATE TABLE IF NOT EXISTS Match_data(
        
        "match_id" NUMERIC PRIMARY KEY,
        "match_no" TEXT,
        "date" TEXT,
        "series" TEXT,
        "season" TEXT, 
        "venue" TEXT, 
        "team_a" TEXT, 
        "team_b" TEXT,
        "team_a_11" TEXT, 
        "team_b_11" TEXT, 
        "team_a_subs" TEXT, 
        "team_b_subs" TEXT,
        "toss" TEXT,
        "toss_winner" TEXT,
        "toss_choosen" TEXT,
        "winner" TEXT, 
        "player_of_the_match" TEXT
        )
[2023-12-09T19:38:32.063+0530] {base.py:73} INFO - Using connection ID 'Cricbuzz_db' for task execution.
[2023-12-09T19:38:32.258+0530] {base.py:73} INFO - Using connection ID 'Cricbuzz_db' for task execution.
[2023-12-09T19:38:32.261+0530] {sql.py:432} INFO - Running statement: 
        CREATE TABLE IF NOT EXISTS Match_data(
        
        "match_id" NUMERIC PRIMARY KEY,
        "match_no" TEXT,
        "date" TEXT,
        "series" TEXT,
        "season" TEXT, 
        "venue" TEXT, 
        "team_a" TEXT, 
        "team_b" TEXT,
        "team_a_11" TEXT, 
        "team_b_11" TEXT, 
        "team_a_subs" TEXT, 
        "team_b_subs" TEXT,
        "toss" TEXT,
        "toss_winner" TEXT,
        "toss_choosen" TEXT,
        "winner" TEXT, 
        "player_of_the_match" TEXT
        ), parameters: None
[2023-12-09T19:38:32.265+0530] {taskinstance.py:1400} INFO - Marking task as SUCCESS. dag_id=Cricbuzz_ETL, task_id=Create_match_table, execution_date=20231209T140802, start_date=20231209T140831, end_date=20231209T140832
[2023-12-09T19:38:32.289+0530] {local_task_job_runner.py:228} INFO - Task exited with return code 0
[2023-12-09T19:38:32.307+0530] {taskinstance.py:2778} INFO - 1 downstream tasks scheduled from follow-on schedule check
