[2023-12-09T09:35:39.534+0530] {taskinstance.py:1159} INFO - Dependencies all met for dep_context=non-requeueable deps ti=<TaskInstance: Cricbuzz_ETL.load manual__2023-12-09T04:05:02.729211+00:00 [queued]>
[2023-12-09T09:35:39.538+0530] {taskinstance.py:1159} INFO - Dependencies all met for dep_context=requeueable deps ti=<TaskInstance: Cricbuzz_ETL.load manual__2023-12-09T04:05:02.729211+00:00 [queued]>
[2023-12-09T09:35:39.538+0530] {taskinstance.py:1361} INFO - Starting attempt 1 of 1
[2023-12-09T09:35:39.547+0530] {taskinstance.py:1382} INFO - Executing <Task(PythonOperator): load> on 2023-12-09 04:05:02.729211+00:00
[2023-12-09T09:35:39.551+0530] {standard_task_runner.py:57} INFO - Started process 51922 to run task
[2023-12-09T09:35:39.552+0530] {standard_task_runner.py:84} INFO - Running: ['airflow', 'tasks', 'run', 'Cricbuzz_ETL', 'load', 'manual__2023-12-09T04:05:02.729211+00:00', '--job-id', '79', '--raw', '--subdir', 'DAGS_FOLDER/Crickbuzz_dag.py', '--cfg-path', '/tmp/tmph03uppr6']
[2023-12-09T09:35:39.553+0530] {standard_task_runner.py:85} INFO - Job 79: Subtask load
[2023-12-09T09:35:39.572+0530] {task_command.py:416} INFO - Running <TaskInstance: Cricbuzz_ETL.load manual__2023-12-09T04:05:02.729211+00:00 [running]> on host Iris
[2023-12-09T09:35:39.608+0530] {taskinstance.py:1662} INFO - Exporting env vars: AIRFLOW_CTX_DAG_OWNER='airflow' AIRFLOW_CTX_DAG_ID='Cricbuzz_ETL' AIRFLOW_CTX_TASK_ID='load' AIRFLOW_CTX_EXECUTION_DATE='2023-12-09T04:05:02.729211+00:00' AIRFLOW_CTX_TRY_NUMBER='1' AIRFLOW_CTX_DAG_RUN_ID='manual__2023-12-09T04:05:02.729211+00:00'
[2023-12-09T09:35:39.621+0530] {taskinstance.py:1937} ERROR - Task failed with exception
Traceback (most recent call last):
  File "/home/rajabala/Desktop/projects/Airflow/airflow_env/lib/python3.9/site-packages/airflow/operators/python.py", line 192, in execute
    return_value = self.execute_callable()
  File "/home/rajabala/Desktop/projects/Airflow/airflow_env/lib/python3.9/site-packages/airflow/operators/python.py", line 209, in execute_callable
    return self.python_callable(*self.op_args, **self.op_kwargs)
  File "/home/rajabala/Desktop/projects/Airflow/dags/Cricbuzz_files/Load.py", line 29, in load_to_db
    conn_info = get_connection(postgres_conn_id)
NameError: name 'get_connection' is not defined
[2023-12-09T09:35:39.623+0530] {taskinstance.py:1400} INFO - Marking task as FAILED. dag_id=Cricbuzz_ETL, task_id=load, execution_date=20231209T040502, start_date=20231209T040539, end_date=20231209T040539
[2023-12-09T09:35:39.631+0530] {standard_task_runner.py:104} ERROR - Failed to execute job 79 for task load (name 'get_connection' is not defined; 51922)
[2023-12-09T09:35:39.644+0530] {local_task_job_runner.py:228} INFO - Task exited with return code 1
[2023-12-09T09:35:39.651+0530] {taskinstance.py:2778} INFO - 0 downstream tasks scheduled from follow-on schedule check
