[2024-01-02T17:20:40.933+0530] {taskinstance.py:1159} INFO - Dependencies all met for dep_context=non-requeueable deps ti=<TaskInstance: Cricbuzz_ETL.transform scheduled__2023-12-29T00:00:00+00:00 [queued]>
[2024-01-02T17:20:40.939+0530] {taskinstance.py:1159} INFO - Dependencies all met for dep_context=requeueable deps ti=<TaskInstance: Cricbuzz_ETL.transform scheduled__2023-12-29T00:00:00+00:00 [queued]>
[2024-01-02T17:20:40.939+0530] {taskinstance.py:1361} INFO - Starting attempt 1 of 0
[2024-01-02T17:20:40.951+0530] {taskinstance.py:1382} INFO - Executing <Task(PythonOperator): transform> on 2023-12-29 00:00:00+00:00
[2024-01-02T17:20:40.954+0530] {standard_task_runner.py:57} INFO - Started process 11684 to run task
[2024-01-02T17:20:40.956+0530] {standard_task_runner.py:84} INFO - Running: ['airflow', 'tasks', 'run', 'Cricbuzz_ETL', 'transform', 'scheduled__2023-12-29T00:00:00+00:00', '--job-id', '536', '--raw', '--subdir', 'DAGS_FOLDER/Crickbuzz_dag.py', '--cfg-path', '/tmp/tmp_468coue']
[2024-01-02T17:20:40.957+0530] {standard_task_runner.py:85} INFO - Job 536: Subtask transform
[2024-01-02T17:20:40.987+0530] {task_command.py:416} INFO - Running <TaskInstance: Cricbuzz_ETL.transform scheduled__2023-12-29T00:00:00+00:00 [running]> on host Iris
[2024-01-02T17:20:41.034+0530] {taskinstance.py:1662} INFO - Exporting env vars: AIRFLOW_CTX_DAG_OWNER='airflow' AIRFLOW_CTX_DAG_ID='Cricbuzz_ETL' AIRFLOW_CTX_TASK_ID='transform' AIRFLOW_CTX_EXECUTION_DATE='2023-12-29T00:00:00+00:00' AIRFLOW_CTX_TRY_NUMBER='1' AIRFLOW_CTX_DAG_RUN_ID='scheduled__2023-12-29T00:00:00+00:00'
[2024-01-02T17:20:41.394+0530] {logging_mixin.py:154} INFO - AUS IND
[2024-01-02T17:20:41.394+0530] {logging_mixin.py:154} INFO - hi
[2024-01-02T17:20:41.398+0530] {logging_mixin.py:154} INFO - bat
[2024-01-02T17:20:43.297+0530] {logging_mixin.py:154} INFO - https://www.cricbuzz.com/cricket-scores/75437/ind-vs-aus-5th-match-icc-cricket-world-cup-2023
[2024-01-02T17:20:44.155+0530] {python.py:194} INFO - Done. Returned value was: None
[2024-01-02T17:20:44.160+0530] {taskinstance.py:1400} INFO - Marking task as SUCCESS. dag_id=Cricbuzz_ETL, task_id=transform, execution_date=20231229T000000, start_date=20240102T115040, end_date=20240102T115044
[2024-01-02T17:20:44.221+0530] {local_task_job_runner.py:228} INFO - Task exited with return code 0
[2024-01-02T17:20:44.239+0530] {taskinstance.py:2778} INFO - 2 downstream tasks scheduled from follow-on schedule check
[2024-01-02T17:26:35.140+0530] {taskinstance.py:1159} INFO - Dependencies all met for dep_context=non-requeueable deps ti=<TaskInstance: Cricbuzz_ETL.transform scheduled__2023-12-29T00:00:00+00:00 [queued]>
[2024-01-02T17:26:35.146+0530] {taskinstance.py:1159} INFO - Dependencies all met for dep_context=requeueable deps ti=<TaskInstance: Cricbuzz_ETL.transform scheduled__2023-12-29T00:00:00+00:00 [queued]>
[2024-01-02T17:26:35.146+0530] {taskinstance.py:1361} INFO - Starting attempt 1 of 0
[2024-01-02T17:26:35.157+0530] {taskinstance.py:1382} INFO - Executing <Task(PythonOperator): transform> on 2023-12-29 00:00:00+00:00
[2024-01-02T17:26:35.160+0530] {standard_task_runner.py:57} INFO - Started process 14621 to run task
[2024-01-02T17:26:35.162+0530] {standard_task_runner.py:84} INFO - Running: ['airflow', 'tasks', 'run', 'Cricbuzz_ETL', 'transform', 'scheduled__2023-12-29T00:00:00+00:00', '--job-id', '540', '--raw', '--subdir', 'DAGS_FOLDER/Crickbuzz_dag.py', '--cfg-path', '/tmp/tmp6lqdcjh6']
[2024-01-02T17:26:35.163+0530] {standard_task_runner.py:85} INFO - Job 540: Subtask transform
[2024-01-02T17:26:35.193+0530] {task_command.py:416} INFO - Running <TaskInstance: Cricbuzz_ETL.transform scheduled__2023-12-29T00:00:00+00:00 [running]> on host Iris
[2024-01-02T17:26:35.246+0530] {taskinstance.py:1662} INFO - Exporting env vars: AIRFLOW_CTX_DAG_OWNER='airflow' AIRFLOW_CTX_DAG_ID='Cricbuzz_ETL' AIRFLOW_CTX_TASK_ID='transform' AIRFLOW_CTX_EXECUTION_DATE='2023-12-29T00:00:00+00:00' AIRFLOW_CTX_TRY_NUMBER='1' AIRFLOW_CTX_DAG_RUN_ID='scheduled__2023-12-29T00:00:00+00:00'
[2024-01-02T17:26:35.622+0530] {logging_mixin.py:154} INFO - AUS IND
[2024-01-02T17:26:35.622+0530] {logging_mixin.py:154} INFO - hi
[2024-01-02T17:26:35.626+0530] {logging_mixin.py:154} INFO - bat
[2024-01-02T17:26:37.553+0530] {logging_mixin.py:154} INFO - https://www.cricbuzz.com/cricket-scores/75437/ind-vs-aus-5th-match-icc-cricket-world-cup-2023
[2024-01-02T17:26:38.404+0530] {python.py:194} INFO - Done. Returned value was: None
[2024-01-02T17:26:38.409+0530] {taskinstance.py:1400} INFO - Marking task as SUCCESS. dag_id=Cricbuzz_ETL, task_id=transform, execution_date=20231229T000000, start_date=20240102T115635, end_date=20240102T115638
[2024-01-02T17:26:38.465+0530] {local_task_job_runner.py:228} INFO - Task exited with return code 0
[2024-01-02T17:26:38.487+0530] {taskinstance.py:2778} INFO - 2 downstream tasks scheduled from follow-on schedule check
[2024-01-02T17:55:09.171+0530] {taskinstance.py:1159} INFO - Dependencies all met for dep_context=non-requeueable deps ti=<TaskInstance: Cricbuzz_ETL.transform scheduled__2023-12-29T00:00:00+00:00 [queued]>
[2024-01-02T17:55:09.179+0530] {taskinstance.py:1159} INFO - Dependencies all met for dep_context=requeueable deps ti=<TaskInstance: Cricbuzz_ETL.transform scheduled__2023-12-29T00:00:00+00:00 [queued]>
[2024-01-02T17:55:09.180+0530] {taskinstance.py:1361} INFO - Starting attempt 1 of 0
[2024-01-02T17:55:09.192+0530] {taskinstance.py:1382} INFO - Executing <Task(PythonOperator): transform> on 2023-12-29 00:00:00+00:00
[2024-01-02T17:55:09.196+0530] {standard_task_runner.py:57} INFO - Started process 25028 to run task
[2024-01-02T17:55:09.199+0530] {standard_task_runner.py:84} INFO - Running: ['airflow', 'tasks', 'run', 'Cricbuzz_ETL', 'transform', 'scheduled__2023-12-29T00:00:00+00:00', '--job-id', '547', '--raw', '--subdir', 'DAGS_FOLDER/Crickbuzz_dag.py', '--cfg-path', '/tmp/tmptz_hsf7s']
[2024-01-02T17:55:09.200+0530] {standard_task_runner.py:85} INFO - Job 547: Subtask transform
[2024-01-02T17:55:09.231+0530] {task_command.py:416} INFO - Running <TaskInstance: Cricbuzz_ETL.transform scheduled__2023-12-29T00:00:00+00:00 [running]> on host Iris
[2024-01-02T17:55:09.286+0530] {taskinstance.py:1662} INFO - Exporting env vars: AIRFLOW_CTX_DAG_OWNER='airflow' AIRFLOW_CTX_DAG_ID='Cricbuzz_ETL' AIRFLOW_CTX_TASK_ID='transform' AIRFLOW_CTX_EXECUTION_DATE='2023-12-29T00:00:00+00:00' AIRFLOW_CTX_TRY_NUMBER='1' AIRFLOW_CTX_DAG_RUN_ID='scheduled__2023-12-29T00:00:00+00:00'
[2024-01-02T17:55:09.287+0530] {taskinstance.py:1937} ERROR - Task failed with exception
Traceback (most recent call last):
  File "/home/rajabala/Desktop/projects/Airflow/airflow_env/lib/python3.9/site-packages/airflow/operators/python.py", line 192, in execute
    return_value = self.execute_callable()
  File "/home/rajabala/Desktop/projects/Airflow/airflow_env/lib/python3.9/site-packages/airflow/operators/python.py", line 209, in execute_callable
    return self.python_callable(*self.op_args, **self.op_kwargs)
  File "/home/rajabala/Desktop/projects/Airflow/dags/Cricbuzz_files/Transform.py", line 3, in clean
    file_name=url.split('/')[-1]
AttributeError: 'list' object has no attribute 'split'
[2024-01-02T17:55:09.290+0530] {taskinstance.py:1400} INFO - Marking task as FAILED. dag_id=Cricbuzz_ETL, task_id=transform, execution_date=20231229T000000, start_date=20240102T122509, end_date=20240102T122509
[2024-01-02T17:55:09.301+0530] {standard_task_runner.py:104} ERROR - Failed to execute job 547 for task transform ('list' object has no attribute 'split'; 25028)
[2024-01-02T17:55:09.330+0530] {local_task_job_runner.py:228} INFO - Task exited with return code 1
[2024-01-02T17:55:09.349+0530] {taskinstance.py:2778} INFO - 0 downstream tasks scheduled from follow-on schedule check
