[2023-12-31T21:37:13.740+0530] {taskinstance.py:1159} INFO - Dependencies all met for dep_context=non-requeueable deps ti=<TaskInstance: trigger.skip_task scheduled__2023-12-29T00:00:00+00:00 [queued]>
[2023-12-31T21:37:13.748+0530] {taskinstance.py:1159} INFO - Dependencies all met for dep_context=requeueable deps ti=<TaskInstance: trigger.skip_task scheduled__2023-12-29T00:00:00+00:00 [queued]>
[2023-12-31T21:37:13.748+0530] {taskinstance.py:1361} INFO - Starting attempt 1 of 2
[2023-12-31T21:37:13.761+0530] {taskinstance.py:1382} INFO - Executing <Task(BashOperator): skip_task> on 2023-12-29 00:00:00+00:00
[2023-12-31T21:37:13.765+0530] {standard_task_runner.py:57} INFO - Started process 26114 to run task
[2023-12-31T21:37:13.768+0530] {standard_task_runner.py:84} INFO - Running: ['airflow', 'tasks', 'run', 'trigger', 'skip_task', 'scheduled__2023-12-29T00:00:00+00:00', '--job-id', '484', '--raw', '--subdir', 'DAGS_FOLDER/summa.py', '--cfg-path', '/tmp/tmpgaaur18v']
[2023-12-31T21:37:13.768+0530] {standard_task_runner.py:85} INFO - Job 484: Subtask skip_task
[2023-12-31T21:37:13.803+0530] {task_command.py:416} INFO - Running <TaskInstance: trigger.skip_task scheduled__2023-12-29T00:00:00+00:00 [running]> on host Iris
[2023-12-31T21:37:13.859+0530] {taskinstance.py:1662} INFO - Exporting env vars: AIRFLOW_CTX_DAG_OWNER='airflow' AIRFLOW_CTX_DAG_ID='trigger' AIRFLOW_CTX_TASK_ID='skip_task' AIRFLOW_CTX_EXECUTION_DATE='2023-12-29T00:00:00+00:00' AIRFLOW_CTX_TRY_NUMBER='1' AIRFLOW_CTX_DAG_RUN_ID='scheduled__2023-12-29T00:00:00+00:00'
[2023-12-31T21:37:13.860+0530] {subprocess.py:63} INFO - Tmp dir root location: /tmp
[2023-12-31T21:37:13.861+0530] {subprocess.py:75} INFO - Running command: ['/usr/bin/bash', '-c', 'echo "skipped task"']
[2023-12-31T21:37:13.868+0530] {subprocess.py:86} INFO - Output:
[2023-12-31T21:37:13.868+0530] {subprocess.py:93} INFO - skipped task
[2023-12-31T21:37:13.869+0530] {subprocess.py:97} INFO - Command exited with return code 0
[2023-12-31T21:37:13.887+0530] {taskinstance.py:1400} INFO - Marking task as SUCCESS. dag_id=trigger, task_id=skip_task, execution_date=20231229T000000, start_date=20231231T160713, end_date=20231231T160713
[2023-12-31T21:37:13.939+0530] {local_task_job_runner.py:228} INFO - Task exited with return code 0
[2023-12-31T21:37:13.955+0530] {taskinstance.py:2778} INFO - 0 downstream tasks scheduled from follow-on schedule check
[2023-12-31T22:38:37.792+0530] {taskinstance.py:1159} INFO - Dependencies all met for dep_context=non-requeueable deps ti=<TaskInstance: trigger.skip_task scheduled__2023-12-29T00:00:00+00:00 [queued]>
[2023-12-31T22:38:37.796+0530] {taskinstance.py:1159} INFO - Dependencies all met for dep_context=requeueable deps ti=<TaskInstance: trigger.skip_task scheduled__2023-12-29T00:00:00+00:00 [queued]>
[2023-12-31T22:38:37.796+0530] {taskinstance.py:1361} INFO - Starting attempt 1 of 2
[2023-12-31T22:38:37.806+0530] {taskinstance.py:1382} INFO - Executing <Task(BashOperator): skip_task> on 2023-12-29 00:00:00+00:00
[2023-12-31T22:38:37.808+0530] {standard_task_runner.py:57} INFO - Started process 49582 to run task
[2023-12-31T22:38:37.809+0530] {standard_task_runner.py:84} INFO - Running: ['airflow', 'tasks', 'run', 'trigger', 'skip_task', 'scheduled__2023-12-29T00:00:00+00:00', '--job-id', '490', '--raw', '--subdir', 'DAGS_FOLDER/summa.py', '--cfg-path', '/tmp/tmpzm_2zgt9']
[2023-12-31T22:38:37.810+0530] {standard_task_runner.py:85} INFO - Job 490: Subtask skip_task
[2023-12-31T22:38:37.832+0530] {task_command.py:416} INFO - Running <TaskInstance: trigger.skip_task scheduled__2023-12-29T00:00:00+00:00 [running]> on host Iris
[2023-12-31T22:38:37.872+0530] {taskinstance.py:1662} INFO - Exporting env vars: AIRFLOW_CTX_DAG_OWNER='airflow' AIRFLOW_CTX_DAG_ID='trigger' AIRFLOW_CTX_TASK_ID='skip_task' AIRFLOW_CTX_EXECUTION_DATE='2023-12-29T00:00:00+00:00' AIRFLOW_CTX_TRY_NUMBER='1' AIRFLOW_CTX_DAG_RUN_ID='scheduled__2023-12-29T00:00:00+00:00'
[2023-12-31T22:38:37.873+0530] {subprocess.py:63} INFO - Tmp dir root location: /tmp
[2023-12-31T22:38:37.873+0530] {subprocess.py:75} INFO - Running command: ['/usr/bin/bash', '-c', 'echo "skipped task"']
[2023-12-31T22:38:37.877+0530] {subprocess.py:86} INFO - Output:
[2023-12-31T22:38:37.878+0530] {subprocess.py:93} INFO - skipped task
[2023-12-31T22:38:37.878+0530] {subprocess.py:97} INFO - Command exited with return code 0
[2023-12-31T22:38:37.890+0530] {taskinstance.py:1400} INFO - Marking task as SUCCESS. dag_id=trigger, task_id=skip_task, execution_date=20231229T000000, start_date=20231231T170837, end_date=20231231T170837
[2023-12-31T22:38:37.901+0530] {local_task_job_runner.py:228} INFO - Task exited with return code 0
[2023-12-31T22:38:37.907+0530] {taskinstance.py:2778} INFO - 0 downstream tasks scheduled from follow-on schedule check
