[2023-12-31T21:08:03.933+0530] {taskinstance.py:1159} INFO - Dependencies all met for dep_context=non-requeueable deps ti=<TaskInstance: Cricbuzz_ETL.run_task scheduled__2023-12-28T00:00:00+00:00 [queued]>
[2023-12-31T21:08:03.943+0530] {taskinstance.py:1159} INFO - Dependencies all met for dep_context=requeueable deps ti=<TaskInstance: Cricbuzz_ETL.run_task scheduled__2023-12-28T00:00:00+00:00 [queued]>
[2023-12-31T21:08:03.944+0530] {taskinstance.py:1361} INFO - Starting attempt 1 of 2
[2023-12-31T21:08:03.962+0530] {taskinstance.py:1382} INFO - Executing <Task(BashOperator): run_task> on 2023-12-28 00:00:00+00:00
[2023-12-31T21:08:03.966+0530] {standard_task_runner.py:57} INFO - Started process 20687 to run task
[2023-12-31T21:08:03.969+0530] {standard_task_runner.py:84} INFO - Running: ['airflow', 'tasks', 'run', 'Cricbuzz_ETL', 'run_task', 'scheduled__2023-12-28T00:00:00+00:00', '--job-id', '463', '--raw', '--subdir', 'DAGS_FOLDER/Crickbuzz_dag.py', '--cfg-path', '/tmp/tmpwu1hrojf']
[2023-12-31T21:08:03.971+0530] {standard_task_runner.py:85} INFO - Job 463: Subtask run_task
[2023-12-31T21:08:04.009+0530] {task_command.py:416} INFO - Running <TaskInstance: Cricbuzz_ETL.run_task scheduled__2023-12-28T00:00:00+00:00 [running]> on host Iris
[2023-12-31T21:08:04.068+0530] {taskinstance.py:1662} INFO - Exporting env vars: AIRFLOW_CTX_DAG_OWNER='airflow' AIRFLOW_CTX_DAG_ID='Cricbuzz_ETL' AIRFLOW_CTX_TASK_ID='run_task' AIRFLOW_CTX_EXECUTION_DATE='2023-12-28T00:00:00+00:00' AIRFLOW_CTX_TRY_NUMBER='1' AIRFLOW_CTX_DAG_RUN_ID='scheduled__2023-12-28T00:00:00+00:00'
[2023-12-31T21:08:04.069+0530] {subprocess.py:63} INFO - Tmp dir root location: /tmp
[2023-12-31T21:08:04.069+0530] {subprocess.py:75} INFO - Running command: ['/usr/bin/bash', '-c', 'echo "running task"']
[2023-12-31T21:08:04.074+0530] {subprocess.py:86} INFO - Output:
[2023-12-31T21:08:04.076+0530] {subprocess.py:93} INFO - running task
[2023-12-31T21:08:04.076+0530] {subprocess.py:97} INFO - Command exited with return code 0
[2023-12-31T21:08:04.093+0530] {taskinstance.py:1400} INFO - Marking task as SUCCESS. dag_id=Cricbuzz_ETL, task_id=run_task, execution_date=20231228T000000, start_date=20231231T153803, end_date=20231231T153804
[2023-12-31T21:08:04.141+0530] {local_task_job_runner.py:228} INFO - Task exited with return code 0
[2023-12-31T21:08:04.168+0530] {taskinstance.py:2778} INFO - 1 downstream tasks scheduled from follow-on schedule check
[2024-01-02T17:20:21.192+0530] {taskinstance.py:1159} INFO - Dependencies all met for dep_context=non-requeueable deps ti=<TaskInstance: Cricbuzz_ETL.run_task scheduled__2023-12-28T00:00:00+00:00 [queued]>
[2024-01-02T17:20:21.199+0530] {taskinstance.py:1159} INFO - Dependencies all met for dep_context=requeueable deps ti=<TaskInstance: Cricbuzz_ETL.run_task scheduled__2023-12-28T00:00:00+00:00 [queued]>
[2024-01-02T17:20:21.199+0530] {taskinstance.py:1361} INFO - Starting attempt 1 of 2
[2024-01-02T17:20:21.209+0530] {taskinstance.py:1382} INFO - Executing <Task(BashOperator): run_task> on 2023-12-28 00:00:00+00:00
[2024-01-02T17:20:21.211+0530] {standard_task_runner.py:57} INFO - Started process 11406 to run task
[2024-01-02T17:20:21.214+0530] {standard_task_runner.py:84} INFO - Running: ['airflow', 'tasks', 'run', 'Cricbuzz_ETL', 'run_task', 'scheduled__2023-12-28T00:00:00+00:00', '--job-id', '526', '--raw', '--subdir', 'DAGS_FOLDER/Crickbuzz_dag.py', '--cfg-path', '/tmp/tmpu90xttke']
[2024-01-02T17:20:21.214+0530] {standard_task_runner.py:85} INFO - Job 526: Subtask run_task
[2024-01-02T17:20:21.241+0530] {task_command.py:416} INFO - Running <TaskInstance: Cricbuzz_ETL.run_task scheduled__2023-12-28T00:00:00+00:00 [running]> on host Iris
[2024-01-02T17:20:21.284+0530] {taskinstance.py:1662} INFO - Exporting env vars: AIRFLOW_CTX_DAG_OWNER='airflow' AIRFLOW_CTX_DAG_ID='Cricbuzz_ETL' AIRFLOW_CTX_TASK_ID='run_task' AIRFLOW_CTX_EXECUTION_DATE='2023-12-28T00:00:00+00:00' AIRFLOW_CTX_TRY_NUMBER='1' AIRFLOW_CTX_DAG_RUN_ID='scheduled__2023-12-28T00:00:00+00:00'
[2024-01-02T17:20:21.285+0530] {subprocess.py:63} INFO - Tmp dir root location: /tmp
[2024-01-02T17:20:21.285+0530] {subprocess.py:75} INFO - Running command: ['/usr/bin/bash', '-c', 'echo "running task"']
[2024-01-02T17:20:21.290+0530] {subprocess.py:86} INFO - Output:
[2024-01-02T17:20:21.290+0530] {subprocess.py:93} INFO - running task
[2024-01-02T17:20:21.290+0530] {subprocess.py:97} INFO - Command exited with return code 0
[2024-01-02T17:20:21.305+0530] {taskinstance.py:1400} INFO - Marking task as SUCCESS. dag_id=Cricbuzz_ETL, task_id=run_task, execution_date=20231228T000000, start_date=20240102T115021, end_date=20240102T115021
[2024-01-02T17:20:21.346+0530] {local_task_job_runner.py:228} INFO - Task exited with return code 0
[2024-01-02T17:20:21.371+0530] {taskinstance.py:2778} INFO - 1 downstream tasks scheduled from follow-on schedule check
[2024-01-02T17:26:15.878+0530] {taskinstance.py:1159} INFO - Dependencies all met for dep_context=non-requeueable deps ti=<TaskInstance: Cricbuzz_ETL.run_task scheduled__2023-12-28T00:00:00+00:00 [queued]>
[2024-01-02T17:26:15.886+0530] {taskinstance.py:1159} INFO - Dependencies all met for dep_context=requeueable deps ti=<TaskInstance: Cricbuzz_ETL.run_task scheduled__2023-12-28T00:00:00+00:00 [queued]>
[2024-01-02T17:26:15.887+0530] {taskinstance.py:1361} INFO - Starting attempt 1 of 2
[2024-01-02T17:26:15.900+0530] {taskinstance.py:1382} INFO - Executing <Task(BashOperator): run_task> on 2023-12-28 00:00:00+00:00
[2024-01-02T17:26:15.903+0530] {standard_task_runner.py:57} INFO - Started process 14366 to run task
[2024-01-02T17:26:15.907+0530] {standard_task_runner.py:84} INFO - Running: ['airflow', 'tasks', 'run', 'Cricbuzz_ETL', 'run_task', 'scheduled__2023-12-28T00:00:00+00:00', '--job-id', '530', '--raw', '--subdir', 'DAGS_FOLDER/Crickbuzz_dag.py', '--cfg-path', '/tmp/tmp7ltlno72']
[2024-01-02T17:26:15.909+0530] {standard_task_runner.py:85} INFO - Job 530: Subtask run_task
[2024-01-02T17:26:15.942+0530] {task_command.py:416} INFO - Running <TaskInstance: Cricbuzz_ETL.run_task scheduled__2023-12-28T00:00:00+00:00 [running]> on host Iris
[2024-01-02T17:26:15.996+0530] {taskinstance.py:1662} INFO - Exporting env vars: AIRFLOW_CTX_DAG_OWNER='airflow' AIRFLOW_CTX_DAG_ID='Cricbuzz_ETL' AIRFLOW_CTX_TASK_ID='run_task' AIRFLOW_CTX_EXECUTION_DATE='2023-12-28T00:00:00+00:00' AIRFLOW_CTX_TRY_NUMBER='1' AIRFLOW_CTX_DAG_RUN_ID='scheduled__2023-12-28T00:00:00+00:00'
[2024-01-02T17:26:15.997+0530] {subprocess.py:63} INFO - Tmp dir root location: /tmp
[2024-01-02T17:26:15.997+0530] {subprocess.py:75} INFO - Running command: ['/usr/bin/bash', '-c', 'echo "running task"']
[2024-01-02T17:26:16.004+0530] {subprocess.py:86} INFO - Output:
[2024-01-02T17:26:16.005+0530] {subprocess.py:93} INFO - running task
[2024-01-02T17:26:16.005+0530] {subprocess.py:97} INFO - Command exited with return code 0
[2024-01-02T17:26:16.023+0530] {taskinstance.py:1400} INFO - Marking task as SUCCESS. dag_id=Cricbuzz_ETL, task_id=run_task, execution_date=20231228T000000, start_date=20240102T115615, end_date=20240102T115616
[2024-01-02T17:26:16.039+0530] {local_task_job_runner.py:228} INFO - Task exited with return code 0
[2024-01-02T17:26:16.059+0530] {taskinstance.py:2778} INFO - 1 downstream tasks scheduled from follow-on schedule check
[2024-01-02T17:45:05.824+0530] {taskinstance.py:1159} INFO - Dependencies all met for dep_context=non-requeueable deps ti=<TaskInstance: Cricbuzz_ETL.run_task scheduled__2023-12-28T00:00:00+00:00 [queued]>
[2024-01-02T17:45:05.831+0530] {taskinstance.py:1159} INFO - Dependencies all met for dep_context=requeueable deps ti=<TaskInstance: Cricbuzz_ETL.run_task scheduled__2023-12-28T00:00:00+00:00 [queued]>
[2024-01-02T17:45:05.832+0530] {taskinstance.py:1361} INFO - Starting attempt 1 of 2
[2024-01-02T17:45:05.844+0530] {taskinstance.py:1382} INFO - Executing <Task(BashOperator): run_task> on 2023-12-28 00:00:00+00:00
[2024-01-02T17:45:05.847+0530] {standard_task_runner.py:57} INFO - Started process 22483 to run task
[2024-01-02T17:45:05.850+0530] {standard_task_runner.py:84} INFO - Running: ['airflow', 'tasks', 'run', 'Cricbuzz_ETL', 'run_task', 'scheduled__2023-12-28T00:00:00+00:00', '--job-id', '532', '--raw', '--subdir', 'DAGS_FOLDER/Crickbuzz_dag.py', '--cfg-path', '/tmp/tmp4ueudar0']
[2024-01-02T17:45:05.851+0530] {standard_task_runner.py:85} INFO - Job 532: Subtask run_task
[2024-01-02T17:45:05.882+0530] {task_command.py:416} INFO - Running <TaskInstance: Cricbuzz_ETL.run_task scheduled__2023-12-28T00:00:00+00:00 [running]> on host Iris
[2024-01-02T17:45:05.936+0530] {taskinstance.py:1662} INFO - Exporting env vars: AIRFLOW_CTX_DAG_OWNER='airflow' AIRFLOW_CTX_DAG_ID='Cricbuzz_ETL' AIRFLOW_CTX_TASK_ID='run_task' AIRFLOW_CTX_EXECUTION_DATE='2023-12-28T00:00:00+00:00' AIRFLOW_CTX_TRY_NUMBER='1' AIRFLOW_CTX_DAG_RUN_ID='scheduled__2023-12-28T00:00:00+00:00'
[2024-01-02T17:45:05.937+0530] {subprocess.py:63} INFO - Tmp dir root location: /tmp
[2024-01-02T17:45:05.937+0530] {subprocess.py:75} INFO - Running command: ['/usr/bin/bash', '-c', 'echo "running task"']
[2024-01-02T17:45:05.943+0530] {subprocess.py:86} INFO - Output:
[2024-01-02T17:45:05.943+0530] {subprocess.py:93} INFO - running task
[2024-01-02T17:45:05.944+0530] {subprocess.py:97} INFO - Command exited with return code 0
[2024-01-02T17:45:05.960+0530] {taskinstance.py:1400} INFO - Marking task as SUCCESS. dag_id=Cricbuzz_ETL, task_id=run_task, execution_date=20231228T000000, start_date=20240102T121505, end_date=20240102T121505
[2024-01-02T17:45:05.982+0530] {local_task_job_runner.py:228} INFO - Task exited with return code 0
[2024-01-02T17:45:06.004+0530] {taskinstance.py:2778} INFO - 1 downstream tasks scheduled from follow-on schedule check
[2024-01-02T17:54:50.456+0530] {taskinstance.py:1159} INFO - Dependencies all met for dep_context=non-requeueable deps ti=<TaskInstance: Cricbuzz_ETL.run_task scheduled__2023-12-28T00:00:00+00:00 [queued]>
[2024-01-02T17:54:50.462+0530] {taskinstance.py:1159} INFO - Dependencies all met for dep_context=requeueable deps ti=<TaskInstance: Cricbuzz_ETL.run_task scheduled__2023-12-28T00:00:00+00:00 [queued]>
[2024-01-02T17:54:50.462+0530] {taskinstance.py:1361} INFO - Starting attempt 1 of 2
[2024-01-02T17:54:50.476+0530] {taskinstance.py:1382} INFO - Executing <Task(BashOperator): run_task> on 2023-12-28 00:00:00+00:00
[2024-01-02T17:54:50.479+0530] {standard_task_runner.py:57} INFO - Started process 24753 to run task
[2024-01-02T17:54:50.481+0530] {standard_task_runner.py:84} INFO - Running: ['airflow', 'tasks', 'run', 'Cricbuzz_ETL', 'run_task', 'scheduled__2023-12-28T00:00:00+00:00', '--job-id', '535', '--raw', '--subdir', 'DAGS_FOLDER/Crickbuzz_dag.py', '--cfg-path', '/tmp/tmp00f227_t']
[2024-01-02T17:54:50.483+0530] {standard_task_runner.py:85} INFO - Job 535: Subtask run_task
[2024-01-02T17:54:50.512+0530] {task_command.py:416} INFO - Running <TaskInstance: Cricbuzz_ETL.run_task scheduled__2023-12-28T00:00:00+00:00 [running]> on host Iris
[2024-01-02T17:54:50.559+0530] {taskinstance.py:1662} INFO - Exporting env vars: AIRFLOW_CTX_DAG_OWNER='airflow' AIRFLOW_CTX_DAG_ID='Cricbuzz_ETL' AIRFLOW_CTX_TASK_ID='run_task' AIRFLOW_CTX_EXECUTION_DATE='2023-12-28T00:00:00+00:00' AIRFLOW_CTX_TRY_NUMBER='1' AIRFLOW_CTX_DAG_RUN_ID='scheduled__2023-12-28T00:00:00+00:00'
[2024-01-02T17:54:50.560+0530] {subprocess.py:63} INFO - Tmp dir root location: /tmp
[2024-01-02T17:54:50.560+0530] {subprocess.py:75} INFO - Running command: ['/usr/bin/bash', '-c', 'echo "running task"']
[2024-01-02T17:54:50.567+0530] {subprocess.py:86} INFO - Output:
[2024-01-02T17:54:50.568+0530] {subprocess.py:93} INFO - running task
[2024-01-02T17:54:50.568+0530] {subprocess.py:97} INFO - Command exited with return code 0
[2024-01-02T17:54:50.584+0530] {taskinstance.py:1400} INFO - Marking task as SUCCESS. dag_id=Cricbuzz_ETL, task_id=run_task, execution_date=20231228T000000, start_date=20240102T122450, end_date=20240102T122450
[2024-01-02T17:54:50.613+0530] {local_task_job_runner.py:228} INFO - Task exited with return code 0
[2024-01-02T17:54:50.637+0530] {taskinstance.py:2778} INFO - 1 downstream tasks scheduled from follow-on schedule check
[2024-01-02T18:39:53.125+0530] {taskinstance.py:1159} INFO - Dependencies all met for dep_context=non-requeueable deps ti=<TaskInstance: Cricbuzz_ETL.run_task scheduled__2023-12-28T00:00:00+00:00 [queued]>
[2024-01-02T18:39:53.129+0530] {taskinstance.py:1159} INFO - Dependencies all met for dep_context=requeueable deps ti=<TaskInstance: Cricbuzz_ETL.run_task scheduled__2023-12-28T00:00:00+00:00 [queued]>
[2024-01-02T18:39:53.129+0530] {taskinstance.py:1361} INFO - Starting attempt 1 of 2
[2024-01-02T18:39:53.138+0530] {taskinstance.py:1382} INFO - Executing <Task(BashOperator): run_task> on 2023-12-28 00:00:00+00:00
[2024-01-02T18:39:53.140+0530] {standard_task_runner.py:57} INFO - Started process 10729 to run task
[2024-01-02T18:39:53.141+0530] {standard_task_runner.py:84} INFO - Running: ['airflow', 'tasks', 'run', 'Cricbuzz_ETL', 'run_task', 'scheduled__2023-12-28T00:00:00+00:00', '--job-id', '562', '--raw', '--subdir', 'DAGS_FOLDER/Crickbuzz_dag.py', '--cfg-path', '/tmp/tmpzgbi3pnv']
[2024-01-02T18:39:53.142+0530] {standard_task_runner.py:85} INFO - Job 562: Subtask run_task
[2024-01-02T18:39:53.163+0530] {task_command.py:416} INFO - Running <TaskInstance: Cricbuzz_ETL.run_task scheduled__2023-12-28T00:00:00+00:00 [running]> on host Iris
[2024-01-02T18:39:53.198+0530] {taskinstance.py:1662} INFO - Exporting env vars: AIRFLOW_CTX_DAG_OWNER='airflow' AIRFLOW_CTX_DAG_ID='Cricbuzz_ETL' AIRFLOW_CTX_TASK_ID='run_task' AIRFLOW_CTX_EXECUTION_DATE='2023-12-28T00:00:00+00:00' AIRFLOW_CTX_TRY_NUMBER='1' AIRFLOW_CTX_DAG_RUN_ID='scheduled__2023-12-28T00:00:00+00:00'
[2024-01-02T18:39:53.199+0530] {subprocess.py:63} INFO - Tmp dir root location: /tmp
[2024-01-02T18:39:53.199+0530] {subprocess.py:75} INFO - Running command: ['/usr/bin/bash', '-c', 'echo "running task"']
[2024-01-02T18:39:53.203+0530] {subprocess.py:86} INFO - Output:
[2024-01-02T18:39:53.203+0530] {subprocess.py:93} INFO - running task
[2024-01-02T18:39:53.203+0530] {subprocess.py:97} INFO - Command exited with return code 0
[2024-01-02T18:39:53.215+0530] {taskinstance.py:1400} INFO - Marking task as SUCCESS. dag_id=Cricbuzz_ETL, task_id=run_task, execution_date=20231228T000000, start_date=20240102T130953, end_date=20240102T130953
[2024-01-02T18:39:53.233+0530] {local_task_job_runner.py:228} INFO - Task exited with return code 0
[2024-01-02T18:39:53.250+0530] {taskinstance.py:2778} INFO - 1 downstream tasks scheduled from follow-on schedule check
[2024-01-02T18:46:07.834+0530] {taskinstance.py:1159} INFO - Dependencies all met for dep_context=non-requeueable deps ti=<TaskInstance: Cricbuzz_ETL.run_task scheduled__2023-12-28T00:00:00+00:00 [queued]>
[2024-01-02T18:46:07.839+0530] {taskinstance.py:1159} INFO - Dependencies all met for dep_context=requeueable deps ti=<TaskInstance: Cricbuzz_ETL.run_task scheduled__2023-12-28T00:00:00+00:00 [queued]>
[2024-01-02T18:46:07.840+0530] {taskinstance.py:1361} INFO - Starting attempt 1 of 2
[2024-01-02T18:46:07.848+0530] {taskinstance.py:1382} INFO - Executing <Task(BashOperator): run_task> on 2023-12-28 00:00:00+00:00
[2024-01-02T18:46:07.851+0530] {standard_task_runner.py:57} INFO - Started process 15479 to run task
[2024-01-02T18:46:07.854+0530] {standard_task_runner.py:84} INFO - Running: ['airflow', 'tasks', 'run', 'Cricbuzz_ETL', 'run_task', 'scheduled__2023-12-28T00:00:00+00:00', '--job-id', '564', '--raw', '--subdir', 'DAGS_FOLDER/Crickbuzz_dag.py', '--cfg-path', '/tmp/tmp3o7dat6r']
[2024-01-02T18:46:07.855+0530] {standard_task_runner.py:85} INFO - Job 564: Subtask run_task
[2024-01-02T18:46:07.939+0530] {task_command.py:416} INFO - Running <TaskInstance: Cricbuzz_ETL.run_task scheduled__2023-12-28T00:00:00+00:00 [running]> on host Iris
[2024-01-02T18:46:07.975+0530] {taskinstance.py:1662} INFO - Exporting env vars: AIRFLOW_CTX_DAG_OWNER='airflow' AIRFLOW_CTX_DAG_ID='Cricbuzz_ETL' AIRFLOW_CTX_TASK_ID='run_task' AIRFLOW_CTX_EXECUTION_DATE='2023-12-28T00:00:00+00:00' AIRFLOW_CTX_TRY_NUMBER='1' AIRFLOW_CTX_DAG_RUN_ID='scheduled__2023-12-28T00:00:00+00:00'
[2024-01-02T18:46:07.976+0530] {subprocess.py:63} INFO - Tmp dir root location: /tmp
[2024-01-02T18:46:07.976+0530] {subprocess.py:75} INFO - Running command: ['/usr/bin/bash', '-c', 'echo "running task"']
[2024-01-02T18:46:07.980+0530] {subprocess.py:86} INFO - Output:
[2024-01-02T18:46:07.980+0530] {subprocess.py:93} INFO - running task
[2024-01-02T18:46:07.981+0530] {subprocess.py:97} INFO - Command exited with return code 0
[2024-01-02T18:46:07.992+0530] {taskinstance.py:1400} INFO - Marking task as SUCCESS. dag_id=Cricbuzz_ETL, task_id=run_task, execution_date=20231228T000000, start_date=20240102T131607, end_date=20240102T131607
[2024-01-02T18:46:08.026+0530] {local_task_job_runner.py:228} INFO - Task exited with return code 0
[2024-01-02T18:46:08.048+0530] {taskinstance.py:2778} INFO - 1 downstream tasks scheduled from follow-on schedule check
