[2024-01-02T20:04:59.631+0530] {taskinstance.py:1159} INFO - Dependencies all met for dep_context=non-requeueable deps ti=<TaskInstance: Cricbuzz_ETL.Create_balls_table manual__2024-01-02T14:34:34.623493+00:00 [queued]>
[2024-01-02T20:04:59.635+0530] {taskinstance.py:1159} INFO - Dependencies all met for dep_context=requeueable deps ti=<TaskInstance: Cricbuzz_ETL.Create_balls_table manual__2024-01-02T14:34:34.623493+00:00 [queued]>
[2024-01-02T20:04:59.635+0530] {taskinstance.py:1361} INFO - Starting attempt 1 of 0
[2024-01-02T20:04:59.644+0530] {taskinstance.py:1382} INFO - Executing <Task(PostgresOperator): Create_balls_table> on 2024-01-02 14:34:34.623493+00:00
[2024-01-02T20:04:59.647+0530] {standard_task_runner.py:57} INFO - Started process 46874 to run task
[2024-01-02T20:04:59.648+0530] {standard_task_runner.py:84} INFO - Running: ['airflow', 'tasks', 'run', 'Cricbuzz_ETL', 'Create_balls_table', 'manual__2024-01-02T14:34:34.623493+00:00', '--job-id', '642', '--raw', '--subdir', 'DAGS_FOLDER/Crickbuzz_dag.py', '--cfg-path', '/tmp/tmpz_r32poc']
[2024-01-02T20:04:59.649+0530] {standard_task_runner.py:85} INFO - Job 642: Subtask Create_balls_table
[2024-01-02T20:04:59.669+0530] {task_command.py:416} INFO - Running <TaskInstance: Cricbuzz_ETL.Create_balls_table manual__2024-01-02T14:34:34.623493+00:00 [running]> on host Iris
[2024-01-02T20:04:59.705+0530] {taskinstance.py:1662} INFO - Exporting env vars: AIRFLOW_CTX_DAG_OWNER='airflow' AIRFLOW_CTX_DAG_ID='Cricbuzz_ETL' AIRFLOW_CTX_TASK_ID='Create_balls_table' AIRFLOW_CTX_EXECUTION_DATE='2024-01-02T14:34:34.623493+00:00' AIRFLOW_CTX_TRY_NUMBER='1' AIRFLOW_CTX_DAG_RUN_ID='manual__2024-01-02T14:34:34.623493+00:00'
[2024-01-02T20:04:59.706+0530] {sql.py:276} INFO - Executing: 
        CREATE TABLE IF NOT EXISTS Ball_by_ball_data(
            "match_id" NUMERIC ,
            "ball" TEXT,
            "Commentary Text" TEXT,
            "innings" TEXT,
            "batting_team" TEXT,
            "bowling_team"TEXT,      
            "Batsman" TEXT,
            "Bowler" TEXT,
            "runs" TEXT, 
            "extra" TEXT, 
            "ball_length" TEXT, 
            "ball_line" TEXT,
            "ball_speed" TEXT,
            "shot_name" TEXT, 
            "ball_destination" TEXT, 
            "out_type" TEXT 
            )
[2024-01-02T20:04:59.710+0530] {base.py:73} INFO - Using connection ID 'Cricbuzz_db' for task execution.
[2024-01-02T20:04:59.900+0530] {base.py:73} INFO - Using connection ID 'Cricbuzz_db' for task execution.
[2024-01-02T20:04:59.901+0530] {taskinstance.py:1937} ERROR - Task failed with exception
Traceback (most recent call last):
  File "/home/rajabala/Desktop/projects/Airflow/airflow_env/lib/python3.9/site-packages/airflow/providers/common/sql/operators/sql.py", line 282, in execute
    output = hook.run(
  File "/home/rajabala/Desktop/projects/Airflow/airflow_env/lib/python3.9/site-packages/airflow/providers/common/sql/hooks/sql.py", line 385, in run
    with closing(self.get_conn()) as conn:
  File "/home/rajabala/Desktop/projects/Airflow/airflow_env/lib/python3.9/site-packages/airflow/providers/postgres/hooks/postgres.py", line 158, in get_conn
    self.conn = psycopg2.connect(**conn_args)
  File "/home/rajabala/Desktop/projects/Airflow/airflow_env/lib/python3.9/site-packages/psycopg2/__init__.py", line 122, in connect
    conn = _connect(dsn, connection_factory=connection_factory, **kwasync)
psycopg2.OperationalError: connection to server at "127.0.0.1", port 5432 failed: Connection refused
	Is the server running on that host and accepting TCP/IP connections?

[2024-01-02T20:04:59.913+0530] {taskinstance.py:1400} INFO - Marking task as FAILED. dag_id=Cricbuzz_ETL, task_id=Create_balls_table, execution_date=20240102T143434, start_date=20240102T143459, end_date=20240102T143459
[2024-01-02T20:04:59.922+0530] {standard_task_runner.py:104} ERROR - Failed to execute job 642 for task Create_balls_table (connection to server at "127.0.0.1", port 5432 failed: Connection refused
	Is the server running on that host and accepting TCP/IP connections?
; 46874)
[2024-01-02T20:04:59.941+0530] {local_task_job_runner.py:228} INFO - Task exited with return code 1
[2024-01-02T20:04:59.958+0530] {taskinstance.py:2778} INFO - 0 downstream tasks scheduled from follow-on schedule check
