[2024-01-02T23:33:18.776+0530] {taskinstance.py:1159} INFO - Dependencies all met for dep_context=non-requeueable deps ti=<TaskInstance: summa1.copy_files_to_hadoop manual__2024-01-02T18:03:15.195650+00:00 [queued]>
[2024-01-02T23:33:18.782+0530] {taskinstance.py:1159} INFO - Dependencies all met for dep_context=requeueable deps ti=<TaskInstance: summa1.copy_files_to_hadoop manual__2024-01-02T18:03:15.195650+00:00 [queued]>
[2024-01-02T23:33:18.782+0530] {taskinstance.py:1361} INFO - Starting attempt 1 of 2
[2024-01-02T23:33:18.795+0530] {taskinstance.py:1382} INFO - Executing <Task(BashOperator): copy_files_to_hadoop> on 2024-01-02 18:03:15.195650+00:00
[2024-01-02T23:33:18.797+0530] {standard_task_runner.py:57} INFO - Started process 60682 to run task
[2024-01-02T23:33:18.799+0530] {standard_task_runner.py:84} INFO - Running: ['airflow', 'tasks', 'run', 'summa1', 'copy_files_to_hadoop', 'manual__2024-01-02T18:03:15.195650+00:00', '--job-id', '662', '--raw', '--subdir', 'DAGS_FOLDER/summa.py', '--cfg-path', '/tmp/tmpkbowozax']
[2024-01-02T23:33:18.800+0530] {standard_task_runner.py:85} INFO - Job 662: Subtask copy_files_to_hadoop
[2024-01-02T23:33:18.827+0530] {task_command.py:416} INFO - Running <TaskInstance: summa1.copy_files_to_hadoop manual__2024-01-02T18:03:15.195650+00:00 [running]> on host Iris
[2024-01-02T23:33:18.873+0530] {taskinstance.py:1662} INFO - Exporting env vars: AIRFLOW_CTX_DAG_OWNER='your_username' AIRFLOW_CTX_DAG_ID='summa1' AIRFLOW_CTX_TASK_ID='copy_files_to_hadoop' AIRFLOW_CTX_EXECUTION_DATE='2024-01-02T18:03:15.195650+00:00' AIRFLOW_CTX_TRY_NUMBER='1' AIRFLOW_CTX_DAG_RUN_ID='manual__2024-01-02T18:03:15.195650+00:00'
[2024-01-02T23:33:18.874+0530] {subprocess.py:63} INFO - Tmp dir root location: /tmp
[2024-01-02T23:33:18.874+0530] {subprocess.py:75} INFO - Running command: ['/usr/bin/bash', '-c', 'summa.sh ']
[2024-01-02T23:33:18.880+0530] {subprocess.py:86} INFO - Output:
[2024-01-02T23:33:18.880+0530] {subprocess.py:93} INFO - /usr/bin/bash: line 1: summa.sh: command not found
[2024-01-02T23:33:18.880+0530] {subprocess.py:97} INFO - Command exited with return code 127
[2024-01-02T23:33:18.886+0530] {taskinstance.py:1937} ERROR - Task failed with exception
Traceback (most recent call last):
  File "/home/rajabala/Desktop/projects/Airflow/airflow_env/lib/python3.9/site-packages/airflow/operators/bash.py", line 210, in execute
    raise AirflowException(
airflow.exceptions.AirflowException: Bash command failed. The command returned a non-zero exit code 127.
[2024-01-02T23:33:18.890+0530] {taskinstance.py:1400} INFO - Marking task as UP_FOR_RETRY. dag_id=summa1, task_id=copy_files_to_hadoop, execution_date=20240102T180315, start_date=20240102T180318, end_date=20240102T180318
[2024-01-02T23:33:18.899+0530] {standard_task_runner.py:104} ERROR - Failed to execute job 662 for task copy_files_to_hadoop (Bash command failed. The command returned a non-zero exit code 127.; 60682)
[2024-01-02T23:33:18.931+0530] {local_task_job_runner.py:228} INFO - Task exited with return code 1
[2024-01-02T23:33:18.947+0530] {taskinstance.py:2778} INFO - 0 downstream tasks scheduled from follow-on schedule check
