[2024-01-01T12:48:24.528+0530] {taskinstance.py:1159} INFO - Dependencies all met for dep_context=non-requeueable deps ti=<TaskInstance: Cricbuzz_ETL.run_task scheduled__2023-12-31T00:00:00+00:00 [queued]>
[2024-01-01T12:48:24.533+0530] {taskinstance.py:1159} INFO - Dependencies all met for dep_context=requeueable deps ti=<TaskInstance: Cricbuzz_ETL.run_task scheduled__2023-12-31T00:00:00+00:00 [queued]>
[2024-01-01T12:48:24.533+0530] {taskinstance.py:1361} INFO - Starting attempt 1 of 2
[2024-01-01T12:48:24.543+0530] {taskinstance.py:1382} INFO - Executing <Task(BashOperator): run_task> on 2023-12-31 00:00:00+00:00
[2024-01-01T12:48:24.545+0530] {standard_task_runner.py:57} INFO - Started process 6930 to run task
[2024-01-01T12:48:24.546+0530] {standard_task_runner.py:84} INFO - Running: ['airflow', 'tasks', 'run', 'Cricbuzz_ETL', 'run_task', 'scheduled__2023-12-31T00:00:00+00:00', '--job-id', '500', '--raw', '--subdir', 'DAGS_FOLDER/Crickbuzz_dag.py', '--cfg-path', '/tmp/tmp2zmfx_s_']
[2024-01-01T12:48:24.547+0530] {standard_task_runner.py:85} INFO - Job 500: Subtask run_task
[2024-01-01T12:48:24.566+0530] {task_command.py:416} INFO - Running <TaskInstance: Cricbuzz_ETL.run_task scheduled__2023-12-31T00:00:00+00:00 [running]> on host Iris
[2024-01-01T12:48:24.602+0530] {taskinstance.py:1662} INFO - Exporting env vars: AIRFLOW_CTX_DAG_OWNER='airflow' AIRFLOW_CTX_DAG_ID='Cricbuzz_ETL' AIRFLOW_CTX_TASK_ID='run_task' AIRFLOW_CTX_EXECUTION_DATE='2023-12-31T00:00:00+00:00' AIRFLOW_CTX_TRY_NUMBER='1' AIRFLOW_CTX_DAG_RUN_ID='scheduled__2023-12-31T00:00:00+00:00'
[2024-01-01T12:48:24.603+0530] {subprocess.py:63} INFO - Tmp dir root location: /tmp
[2024-01-01T12:48:24.603+0530] {subprocess.py:75} INFO - Running command: ['/usr/bin/bash', '-c', 'echo "running task"']
[2024-01-01T12:48:24.607+0530] {subprocess.py:86} INFO - Output:
[2024-01-01T12:48:24.608+0530] {subprocess.py:93} INFO - running task
[2024-01-01T12:48:24.608+0530] {subprocess.py:97} INFO - Command exited with return code 0
[2024-01-01T12:48:24.619+0530] {taskinstance.py:1400} INFO - Marking task as SUCCESS. dag_id=Cricbuzz_ETL, task_id=run_task, execution_date=20231231T000000, start_date=20240101T071824, end_date=20240101T071824
[2024-01-01T12:48:24.638+0530] {local_task_job_runner.py:228} INFO - Task exited with return code 0
[2024-01-01T12:48:24.654+0530] {taskinstance.py:2778} INFO - 1 downstream tasks scheduled from follow-on schedule check
[2024-01-02T17:20:39.464+0530] {taskinstance.py:1159} INFO - Dependencies all met for dep_context=non-requeueable deps ti=<TaskInstance: Cricbuzz_ETL.run_task scheduled__2023-12-31T00:00:00+00:00 [queued]>
[2024-01-02T17:20:39.473+0530] {taskinstance.py:1159} INFO - Dependencies all met for dep_context=requeueable deps ti=<TaskInstance: Cricbuzz_ETL.run_task scheduled__2023-12-31T00:00:00+00:00 [queued]>
[2024-01-02T17:20:39.473+0530] {taskinstance.py:1361} INFO - Starting attempt 1 of 2
[2024-01-02T17:20:39.489+0530] {taskinstance.py:1382} INFO - Executing <Task(BashOperator): run_task> on 2023-12-31 00:00:00+00:00
[2024-01-02T17:20:39.493+0530] {standard_task_runner.py:57} INFO - Started process 11634 to run task
[2024-01-02T17:20:39.496+0530] {standard_task_runner.py:84} INFO - Running: ['airflow', 'tasks', 'run', 'Cricbuzz_ETL', 'run_task', 'scheduled__2023-12-31T00:00:00+00:00', '--job-id', '535', '--raw', '--subdir', 'DAGS_FOLDER/Crickbuzz_dag.py', '--cfg-path', '/tmp/tmp5k0vqa67']
[2024-01-02T17:20:39.498+0530] {standard_task_runner.py:85} INFO - Job 535: Subtask run_task
[2024-01-02T17:20:39.528+0530] {task_command.py:416} INFO - Running <TaskInstance: Cricbuzz_ETL.run_task scheduled__2023-12-31T00:00:00+00:00 [running]> on host Iris
[2024-01-02T17:20:39.578+0530] {taskinstance.py:1662} INFO - Exporting env vars: AIRFLOW_CTX_DAG_OWNER='airflow' AIRFLOW_CTX_DAG_ID='Cricbuzz_ETL' AIRFLOW_CTX_TASK_ID='run_task' AIRFLOW_CTX_EXECUTION_DATE='2023-12-31T00:00:00+00:00' AIRFLOW_CTX_TRY_NUMBER='1' AIRFLOW_CTX_DAG_RUN_ID='scheduled__2023-12-31T00:00:00+00:00'
[2024-01-02T17:20:39.579+0530] {subprocess.py:63} INFO - Tmp dir root location: /tmp
[2024-01-02T17:20:39.579+0530] {subprocess.py:75} INFO - Running command: ['/usr/bin/bash', '-c', 'echo "running task"']
[2024-01-02T17:20:39.584+0530] {subprocess.py:86} INFO - Output:
[2024-01-02T17:20:39.585+0530] {subprocess.py:93} INFO - running task
[2024-01-02T17:20:39.585+0530] {subprocess.py:97} INFO - Command exited with return code 0
[2024-01-02T17:20:39.602+0530] {taskinstance.py:1400} INFO - Marking task as SUCCESS. dag_id=Cricbuzz_ETL, task_id=run_task, execution_date=20231231T000000, start_date=20240102T115039, end_date=20240102T115039
[2024-01-02T17:20:39.629+0530] {local_task_job_runner.py:228} INFO - Task exited with return code 0
[2024-01-02T17:20:39.653+0530] {taskinstance.py:2778} INFO - 1 downstream tasks scheduled from follow-on schedule check
[2024-01-02T17:26:33.535+0530] {taskinstance.py:1159} INFO - Dependencies all met for dep_context=non-requeueable deps ti=<TaskInstance: Cricbuzz_ETL.run_task scheduled__2023-12-31T00:00:00+00:00 [queued]>
[2024-01-02T17:26:33.544+0530] {taskinstance.py:1159} INFO - Dependencies all met for dep_context=requeueable deps ti=<TaskInstance: Cricbuzz_ETL.run_task scheduled__2023-12-31T00:00:00+00:00 [queued]>
[2024-01-02T17:26:33.544+0530] {taskinstance.py:1361} INFO - Starting attempt 1 of 2
[2024-01-02T17:26:33.556+0530] {taskinstance.py:1382} INFO - Executing <Task(BashOperator): run_task> on 2023-12-31 00:00:00+00:00
[2024-01-02T17:26:33.560+0530] {standard_task_runner.py:57} INFO - Started process 14618 to run task
[2024-01-02T17:26:33.563+0530] {standard_task_runner.py:84} INFO - Running: ['airflow', 'tasks', 'run', 'Cricbuzz_ETL', 'run_task', 'scheduled__2023-12-31T00:00:00+00:00', '--job-id', '539', '--raw', '--subdir', 'DAGS_FOLDER/Crickbuzz_dag.py', '--cfg-path', '/tmp/tmp26_yn_ui']
[2024-01-02T17:26:33.564+0530] {standard_task_runner.py:85} INFO - Job 539: Subtask run_task
[2024-01-02T17:26:33.596+0530] {task_command.py:416} INFO - Running <TaskInstance: Cricbuzz_ETL.run_task scheduled__2023-12-31T00:00:00+00:00 [running]> on host Iris
[2024-01-02T17:26:33.655+0530] {taskinstance.py:1662} INFO - Exporting env vars: AIRFLOW_CTX_DAG_OWNER='airflow' AIRFLOW_CTX_DAG_ID='Cricbuzz_ETL' AIRFLOW_CTX_TASK_ID='run_task' AIRFLOW_CTX_EXECUTION_DATE='2023-12-31T00:00:00+00:00' AIRFLOW_CTX_TRY_NUMBER='1' AIRFLOW_CTX_DAG_RUN_ID='scheduled__2023-12-31T00:00:00+00:00'
[2024-01-02T17:26:33.657+0530] {subprocess.py:63} INFO - Tmp dir root location: /tmp
[2024-01-02T17:26:33.657+0530] {subprocess.py:75} INFO - Running command: ['/usr/bin/bash', '-c', 'echo "running task"']
[2024-01-02T17:26:33.663+0530] {subprocess.py:86} INFO - Output:
[2024-01-02T17:26:33.664+0530] {subprocess.py:93} INFO - running task
[2024-01-02T17:26:33.664+0530] {subprocess.py:97} INFO - Command exited with return code 0
[2024-01-02T17:26:33.680+0530] {taskinstance.py:1400} INFO - Marking task as SUCCESS. dag_id=Cricbuzz_ETL, task_id=run_task, execution_date=20231231T000000, start_date=20240102T115633, end_date=20240102T115633
[2024-01-02T17:26:33.694+0530] {local_task_job_runner.py:228} INFO - Task exited with return code 0
[2024-01-02T17:26:33.716+0530] {taskinstance.py:2778} INFO - 1 downstream tasks scheduled from follow-on schedule check
