[2024-01-02T23:27:17.760+0530] {taskinstance.py:1159} INFO - Dependencies all met for dep_context=non-requeueable deps ti=<TaskInstance: summa1.copy_files_to_hadoop manual__2024-01-02T17:57:14.640204+00:00 [queued]>
[2024-01-02T23:27:17.764+0530] {taskinstance.py:1159} INFO - Dependencies all met for dep_context=requeueable deps ti=<TaskInstance: summa1.copy_files_to_hadoop manual__2024-01-02T17:57:14.640204+00:00 [queued]>
[2024-01-02T23:27:17.765+0530] {taskinstance.py:1361} INFO - Starting attempt 1 of 2
[2024-01-02T23:27:17.779+0530] {taskinstance.py:1382} INFO - Executing <Task(BashOperator): copy_files_to_hadoop> on 2024-01-02 17:57:14.640204+00:00
[2024-01-02T23:27:17.782+0530] {standard_task_runner.py:57} INFO - Started process 58266 to run task
[2024-01-02T23:27:17.786+0530] {standard_task_runner.py:84} INFO - Running: ['airflow', 'tasks', 'run', 'summa1', 'copy_files_to_hadoop', 'manual__2024-01-02T17:57:14.640204+00:00', '--job-id', '654', '--raw', '--subdir', 'DAGS_FOLDER/summa.py', '--cfg-path', '/tmp/tmpol99iwyh']
[2024-01-02T23:27:17.787+0530] {standard_task_runner.py:85} INFO - Job 654: Subtask copy_files_to_hadoop
[2024-01-02T23:27:17.818+0530] {task_command.py:416} INFO - Running <TaskInstance: summa1.copy_files_to_hadoop manual__2024-01-02T17:57:14.640204+00:00 [running]> on host Iris
[2024-01-02T23:27:17.847+0530] {abstractoperator.py:709} ERROR - Exception rendering Jinja template for task 'copy_files_to_hadoop', field 'bash_command'. Template: "bash '{{ summa.sh }}'"
Traceback (most recent call last):
  File "/home/rajabala/Desktop/projects/Airflow/airflow_env/lib/python3.9/site-packages/airflow/models/abstractoperator.py", line 701, in _do_render_template_fields
    rendered_content = self.render_template(
  File "/home/rajabala/Desktop/projects/Airflow/airflow_env/lib/python3.9/site-packages/airflow/template/templater.py", line 155, in render_template
    return self._render(template, context)
  File "/home/rajabala/Desktop/projects/Airflow/airflow_env/lib/python3.9/site-packages/airflow/models/abstractoperator.py", line 655, in _render
    return super()._render(template, context, dag=dag)
  File "/home/rajabala/Desktop/projects/Airflow/airflow_env/lib/python3.9/site-packages/airflow/template/templater.py", line 112, in _render
    return render_template_to_string(template, context)
  File "/home/rajabala/Desktop/projects/Airflow/airflow_env/lib/python3.9/site-packages/airflow/utils/helpers.py", line 289, in render_template_to_string
    return render_template(template, cast(MutableMapping[str, Any], context), native=False)
  File "/home/rajabala/Desktop/projects/Airflow/airflow_env/lib/python3.9/site-packages/airflow/utils/helpers.py", line 284, in render_template
    return "".join(nodes)
  File "<template>", line 13, in root
  File "/home/rajabala/Desktop/projects/Airflow/airflow_env/lib/python3.9/site-packages/jinja2/sandbox.py", line 326, in getattr
    value = getattr(obj, attribute)
  File "/home/rajabala/Desktop/projects/Airflow/airflow_env/lib/python3.9/site-packages/jinja2/runtime.py", line 859, in __getattr__
    return self._fail_with_undefined_error()
  File "/home/rajabala/Desktop/projects/Airflow/airflow_env/lib/python3.9/site-packages/jinja2/runtime.py", line 852, in _fail_with_undefined_error
    raise self._undefined_exception(self._undefined_message)
jinja2.exceptions.UndefinedError: 'summa' is undefined
[2024-01-02T23:27:17.848+0530] {taskinstance.py:1937} ERROR - Task failed with exception
Traceback (most recent call last):
  File "/home/rajabala/Desktop/projects/Airflow/airflow_env/lib/python3.9/site-packages/airflow/models/taskinstance.py", line 1518, in _run_raw_task
    self._execute_task_with_callbacks(context, test_mode, session=session)
  File "/home/rajabala/Desktop/projects/Airflow/airflow_env/lib/python3.9/site-packages/airflow/models/taskinstance.py", line 1647, in _execute_task_with_callbacks
    task_orig = self.render_templates(context=context)
  File "/home/rajabala/Desktop/projects/Airflow/airflow_env/lib/python3.9/site-packages/airflow/models/taskinstance.py", line 2285, in render_templates
    original_task.render_template_fields(context)
  File "/home/rajabala/Desktop/projects/Airflow/airflow_env/lib/python3.9/site-packages/airflow/models/baseoperator.py", line 1243, in render_template_fields
    self._do_render_template_fields(self, self.template_fields, context, jinja_env, set())
  File "/home/rajabala/Desktop/projects/Airflow/airflow_env/lib/python3.9/site-packages/airflow/utils/session.py", line 79, in wrapper
    return func(*args, session=session, **kwargs)
  File "/home/rajabala/Desktop/projects/Airflow/airflow_env/lib/python3.9/site-packages/airflow/models/abstractoperator.py", line 701, in _do_render_template_fields
    rendered_content = self.render_template(
  File "/home/rajabala/Desktop/projects/Airflow/airflow_env/lib/python3.9/site-packages/airflow/template/templater.py", line 155, in render_template
    return self._render(template, context)
  File "/home/rajabala/Desktop/projects/Airflow/airflow_env/lib/python3.9/site-packages/airflow/models/abstractoperator.py", line 655, in _render
    return super()._render(template, context, dag=dag)
  File "/home/rajabala/Desktop/projects/Airflow/airflow_env/lib/python3.9/site-packages/airflow/template/templater.py", line 112, in _render
    return render_template_to_string(template, context)
  File "/home/rajabala/Desktop/projects/Airflow/airflow_env/lib/python3.9/site-packages/airflow/utils/helpers.py", line 289, in render_template_to_string
    return render_template(template, cast(MutableMapping[str, Any], context), native=False)
  File "/home/rajabala/Desktop/projects/Airflow/airflow_env/lib/python3.9/site-packages/airflow/utils/helpers.py", line 284, in render_template
    return "".join(nodes)
  File "<template>", line 13, in root
  File "/home/rajabala/Desktop/projects/Airflow/airflow_env/lib/python3.9/site-packages/jinja2/sandbox.py", line 326, in getattr
    value = getattr(obj, attribute)
  File "/home/rajabala/Desktop/projects/Airflow/airflow_env/lib/python3.9/site-packages/jinja2/runtime.py", line 859, in __getattr__
    return self._fail_with_undefined_error()
  File "/home/rajabala/Desktop/projects/Airflow/airflow_env/lib/python3.9/site-packages/jinja2/runtime.py", line 852, in _fail_with_undefined_error
    raise self._undefined_exception(self._undefined_message)
jinja2.exceptions.UndefinedError: 'summa' is undefined
[2024-01-02T23:27:17.853+0530] {taskinstance.py:1400} INFO - Marking task as UP_FOR_RETRY. dag_id=summa1, task_id=copy_files_to_hadoop, execution_date=20240102T175714, start_date=20240102T175717, end_date=20240102T175717
[2024-01-02T23:27:17.863+0530] {standard_task_runner.py:104} ERROR - Failed to execute job 654 for task copy_files_to_hadoop ('summa' is undefined; 58266)
[2024-01-02T23:27:17.877+0530] {local_task_job_runner.py:228} INFO - Task exited with return code 1
[2024-01-02T23:27:17.887+0530] {taskinstance.py:2778} INFO - 0 downstream tasks scheduled from follow-on schedule check
