[2023-12-09T18:45:09.540+0530] {taskinstance.py:1159} INFO - Dependencies all met for dep_context=non-requeueable deps ti=<TaskInstance: Cricbuzz_ETL.Create_balls_table manual__2023-12-09T13:15:06.306764+00:00 [queued]>
[2023-12-09T18:45:09.548+0530] {taskinstance.py:1159} INFO - Dependencies all met for dep_context=requeueable deps ti=<TaskInstance: Cricbuzz_ETL.Create_balls_table manual__2023-12-09T13:15:06.306764+00:00 [queued]>
[2023-12-09T18:45:09.548+0530] {taskinstance.py:1361} INFO - Starting attempt 1 of 1
[2023-12-09T18:45:09.562+0530] {taskinstance.py:1382} INFO - Executing <Task(PostgresOperator): Create_balls_table> on 2023-12-09 13:15:06.306764+00:00
[2023-12-09T18:45:09.565+0530] {standard_task_runner.py:57} INFO - Started process 39104 to run task
[2023-12-09T18:45:09.568+0530] {standard_task_runner.py:84} INFO - Running: ['airflow', 'tasks', 'run', 'Cricbuzz_ETL', 'Create_balls_table', 'manual__2023-12-09T13:15:06.306764+00:00', '--job-id', '189', '--raw', '--subdir', 'DAGS_FOLDER/Crickbuzz_dag.py', '--cfg-path', '/tmp/tmp059jlmln']
[2023-12-09T18:45:09.569+0530] {standard_task_runner.py:85} INFO - Job 189: Subtask Create_balls_table
[2023-12-09T18:45:09.601+0530] {task_command.py:416} INFO - Running <TaskInstance: Cricbuzz_ETL.Create_balls_table manual__2023-12-09T13:15:06.306764+00:00 [running]> on host Iris
[2023-12-09T18:45:09.658+0530] {taskinstance.py:1662} INFO - Exporting env vars: AIRFLOW_CTX_DAG_OWNER='airflow' AIRFLOW_CTX_DAG_ID='Cricbuzz_ETL' AIRFLOW_CTX_TASK_ID='Create_balls_table' AIRFLOW_CTX_EXECUTION_DATE='2023-12-09T13:15:06.306764+00:00' AIRFLOW_CTX_TRY_NUMBER='1' AIRFLOW_CTX_DAG_RUN_ID='manual__2023-12-09T13:15:06.306764+00:00'
[2023-12-09T18:45:09.659+0530] {sql.py:276} INFO - Executing: 
        CREATE TABLE IF NOT EXISTS Ball_by_ball_data(
            "match_id" NUMERIC PRIMARY KEY,
            "ball" TEXT,
            "Commentary Text" TEXT,
            "innings" TEXT,
            "batting_team" TEXT,
            "bowling_team"TEXT,      
            "Batsman" TEXT,
            "Bowler" TEXT,
            "runs" TEXT, 
            "extra" TEXT, 
            "ball_length" TEXT, 
            "ball_line" TEXT,
            "ball_speed" TEXT,
            "shot_name" TEXT, 
            "ball_destination" TEXT, 
            "out_type" TEXT 
            )
[2023-12-09T18:45:09.663+0530] {base.py:73} INFO - Using connection ID 'Cricbuzz_db' for task execution.
[2023-12-09T18:45:09.933+0530] {base.py:73} INFO - Using connection ID 'Cricbuzz_db' for task execution.
[2023-12-09T18:45:09.938+0530] {sql.py:432} INFO - Running statement: 
        CREATE TABLE IF NOT EXISTS Ball_by_ball_data(
            "match_id" NUMERIC PRIMARY KEY,
            "ball" TEXT,
            "Commentary Text" TEXT,
            "innings" TEXT,
            "batting_team" TEXT,
            "bowling_team"TEXT,      
            "Batsman" TEXT,
            "Bowler" TEXT,
            "runs" TEXT, 
            "extra" TEXT, 
            "ball_length" TEXT, 
            "ball_line" TEXT,
            "ball_speed" TEXT,
            "shot_name" TEXT, 
            "ball_destination" TEXT, 
            "out_type" TEXT 
            ), parameters: None
[2023-12-09T18:45:09.945+0530] {taskinstance.py:1400} INFO - Marking task as SUCCESS. dag_id=Cricbuzz_ETL, task_id=Create_balls_table, execution_date=20231209T131506, start_date=20231209T131509, end_date=20231209T131509
[2023-12-09T18:45:09.981+0530] {local_task_job_runner.py:228} INFO - Task exited with return code 0
[2023-12-09T18:45:09.998+0530] {taskinstance.py:2778} INFO - 0 downstream tasks scheduled from follow-on schedule check
