[2023-12-09T19:29:32.470+0530] {taskinstance.py:1159} INFO - Dependencies all met for dep_context=non-requeueable deps ti=<TaskInstance: Cricbuzz_ETL.transform manual__2023-12-09T13:59:03.683252+00:00 [queued]>
[2023-12-09T19:29:32.476+0530] {taskinstance.py:1159} INFO - Dependencies all met for dep_context=requeueable deps ti=<TaskInstance: Cricbuzz_ETL.transform manual__2023-12-09T13:59:03.683252+00:00 [queued]>
[2023-12-09T19:29:32.476+0530] {taskinstance.py:1361} INFO - Starting attempt 1 of 1
[2023-12-09T19:29:32.489+0530] {taskinstance.py:1382} INFO - Executing <Task(PythonOperator): transform> on 2023-12-09 13:59:03.683252+00:00
[2023-12-09T19:29:32.493+0530] {standard_task_runner.py:57} INFO - Started process 52289 to run task
[2023-12-09T19:29:32.495+0530] {standard_task_runner.py:84} INFO - Running: ['airflow', 'tasks', 'run', 'Cricbuzz_ETL', 'transform', 'manual__2023-12-09T13:59:03.683252+00:00', '--job-id', '215', '--raw', '--subdir', 'DAGS_FOLDER/Crickbuzz_dag.py', '--cfg-path', '/tmp/tmpfm98vdgp']
[2023-12-09T19:29:32.497+0530] {standard_task_runner.py:85} INFO - Job 215: Subtask transform
[2023-12-09T19:29:32.528+0530] {task_command.py:416} INFO - Running <TaskInstance: Cricbuzz_ETL.transform manual__2023-12-09T13:59:03.683252+00:00 [running]> on host Iris
[2023-12-09T19:29:32.583+0530] {taskinstance.py:1662} INFO - Exporting env vars: AIRFLOW_CTX_DAG_OWNER='airflow' AIRFLOW_CTX_DAG_ID='Cricbuzz_ETL' AIRFLOW_CTX_TASK_ID='transform' AIRFLOW_CTX_EXECUTION_DATE='2023-12-09T13:59:03.683252+00:00' AIRFLOW_CTX_TRY_NUMBER='1' AIRFLOW_CTX_DAG_RUN_ID='manual__2023-12-09T13:59:03.683252+00:00'
[2023-12-09T19:29:32.595+0530] {logging_mixin.py:154} INFO - AUS IND
[2023-12-09T19:29:32.595+0530] {logging_mixin.py:154} INFO - hi
[2023-12-09T19:29:32.599+0530] {logging_mixin.py:154} INFO - bat
[2023-12-09T19:29:34.452+0530] {logging_mixin.py:154} INFO - https://www.cricbuzz.com/cricket-scores/75437/ind-vs-aus-5th-match-icc-cricket-world-cup-2023
[2023-12-09T19:29:34.457+0530] {taskinstance.py:1937} ERROR - Task failed with exception
Traceback (most recent call last):
  File "/home/rajabala/Desktop/projects/Airflow/airflow_env/lib/python3.9/site-packages/urllib3/connection.py", line 203, in _new_conn
    sock = connection.create_connection(
  File "/home/rajabala/Desktop/projects/Airflow/airflow_env/lib/python3.9/site-packages/urllib3/util/connection.py", line 60, in create_connection
    for res in socket.getaddrinfo(host, port, family, socket.SOCK_STREAM):
  File "/home/rajabala/anaconda3/lib/python3.9/socket.py", line 954, in getaddrinfo
    for res in _socket.getaddrinfo(host, port, family, type, proto, flags):
socket.gaierror: [Errno -3] Temporary failure in name resolution

The above exception was the direct cause of the following exception:

Traceback (most recent call last):
  File "/home/rajabala/Desktop/projects/Airflow/airflow_env/lib/python3.9/site-packages/urllib3/connectionpool.py", line 790, in urlopen
    response = self._make_request(
  File "/home/rajabala/Desktop/projects/Airflow/airflow_env/lib/python3.9/site-packages/urllib3/connectionpool.py", line 491, in _make_request
    raise new_e
  File "/home/rajabala/Desktop/projects/Airflow/airflow_env/lib/python3.9/site-packages/urllib3/connectionpool.py", line 467, in _make_request
    self._validate_conn(conn)
  File "/home/rajabala/Desktop/projects/Airflow/airflow_env/lib/python3.9/site-packages/urllib3/connectionpool.py", line 1096, in _validate_conn
    conn.connect()
  File "/home/rajabala/Desktop/projects/Airflow/airflow_env/lib/python3.9/site-packages/urllib3/connection.py", line 611, in connect
    self.sock = sock = self._new_conn()
  File "/home/rajabala/Desktop/projects/Airflow/airflow_env/lib/python3.9/site-packages/urllib3/connection.py", line 210, in _new_conn
    raise NameResolutionError(self.host, self, e) from e
urllib3.exceptions.NameResolutionError: <urllib3.connection.HTTPSConnection object at 0x7fc49f54eca0>: Failed to resolve 'www.cricbuzz.com' ([Errno -3] Temporary failure in name resolution)

The above exception was the direct cause of the following exception:

Traceback (most recent call last):
  File "/home/rajabala/Desktop/projects/Airflow/airflow_env/lib/python3.9/site-packages/requests/adapters.py", line 486, in send
    resp = conn.urlopen(
  File "/home/rajabala/Desktop/projects/Airflow/airflow_env/lib/python3.9/site-packages/urllib3/connectionpool.py", line 844, in urlopen
    retries = retries.increment(
  File "/home/rajabala/Desktop/projects/Airflow/airflow_env/lib/python3.9/site-packages/urllib3/util/retry.py", line 515, in increment
    raise MaxRetryError(_pool, url, reason) from reason  # type: ignore[arg-type]
urllib3.exceptions.MaxRetryError: HTTPSConnectionPool(host='www.cricbuzz.com', port=443): Max retries exceeded with url: /cricket-scores/75437/ind-vs-aus-5th-match-icc-cricket-world-cup-2023 (Caused by NameResolutionError("<urllib3.connection.HTTPSConnection object at 0x7fc49f54eca0>: Failed to resolve 'www.cricbuzz.com' ([Errno -3] Temporary failure in name resolution)"))

During handling of the above exception, another exception occurred:

Traceback (most recent call last):
  File "/home/rajabala/Desktop/projects/Airflow/airflow_env/lib/python3.9/site-packages/airflow/operators/python.py", line 192, in execute
    return_value = self.execute_callable()
  File "/home/rajabala/Desktop/projects/Airflow/airflow_env/lib/python3.9/site-packages/airflow/operators/python.py", line 209, in execute_callable
    return self.python_callable(*self.op_args, **self.op_kwargs)
  File "/home/rajabala/Desktop/projects/Airflow/dags/Cricbuzz_files/Transform.py", line 430, in clean
    get_moth()
  File "/home/rajabala/Desktop/projects/Airflow/dags/Cricbuzz_files/Transform.py", line 400, in get_moth
    page=requests.get(cricbuzz_highlights_url)
  File "/home/rajabala/Desktop/projects/Airflow/airflow_env/lib/python3.9/site-packages/requests/api.py", line 73, in get
    return request("get", url, params=params, **kwargs)
  File "/home/rajabala/Desktop/projects/Airflow/airflow_env/lib/python3.9/site-packages/requests/api.py", line 59, in request
    return session.request(method=method, url=url, **kwargs)
  File "/home/rajabala/Desktop/projects/Airflow/airflow_env/lib/python3.9/site-packages/requests/sessions.py", line 589, in request
    resp = self.send(prep, **send_kwargs)
  File "/home/rajabala/Desktop/projects/Airflow/airflow_env/lib/python3.9/site-packages/requests/sessions.py", line 703, in send
    r = adapter.send(request, **kwargs)
  File "/home/rajabala/Desktop/projects/Airflow/airflow_env/lib/python3.9/site-packages/requests/adapters.py", line 519, in send
    raise ConnectionError(e, request=request)
requests.exceptions.ConnectionError: HTTPSConnectionPool(host='www.cricbuzz.com', port=443): Max retries exceeded with url: /cricket-scores/75437/ind-vs-aus-5th-match-icc-cricket-world-cup-2023 (Caused by NameResolutionError("<urllib3.connection.HTTPSConnection object at 0x7fc49f54eca0>: Failed to resolve 'www.cricbuzz.com' ([Errno -3] Temporary failure in name resolution)"))
[2023-12-09T19:29:34.466+0530] {taskinstance.py:1400} INFO - Marking task as FAILED. dag_id=Cricbuzz_ETL, task_id=transform, execution_date=20231209T135903, start_date=20231209T135932, end_date=20231209T135934
[2023-12-09T19:29:34.477+0530] {standard_task_runner.py:104} ERROR - Failed to execute job 215 for task transform (HTTPSConnectionPool(host='www.cricbuzz.com', port=443): Max retries exceeded with url: /cricket-scores/75437/ind-vs-aus-5th-match-icc-cricket-world-cup-2023 (Caused by NameResolutionError("<urllib3.connection.HTTPSConnection object at 0x7fc49f54eca0>: Failed to resolve 'www.cricbuzz.com' ([Errno -3] Temporary failure in name resolution)")); 52289)
[2023-12-09T19:29:34.516+0530] {local_task_job_runner.py:228} INFO - Task exited with return code 1
[2023-12-09T19:29:34.539+0530] {taskinstance.py:2778} INFO - 0 downstream tasks scheduled from follow-on schedule check
