[2023-12-09T08:40:38.193+0530] {taskinstance.py:1159} INFO - Dependencies all met for dep_context=non-requeueable deps ti=<TaskInstance: Cricbuzz_ETL.load manual__2023-12-09T03:10:10.557479+00:00 [queued]>
[2023-12-09T08:40:38.197+0530] {taskinstance.py:1159} INFO - Dependencies all met for dep_context=requeueable deps ti=<TaskInstance: Cricbuzz_ETL.load manual__2023-12-09T03:10:10.557479+00:00 [queued]>
[2023-12-09T08:40:38.197+0530] {taskinstance.py:1361} INFO - Starting attempt 1 of 1
[2023-12-09T08:40:38.207+0530] {taskinstance.py:1382} INFO - Executing <Task(PythonOperator): load> on 2023-12-09 03:10:10.557479+00:00
[2023-12-09T08:40:38.210+0530] {standard_task_runner.py:57} INFO - Started process 37087 to run task
[2023-12-09T08:40:38.212+0530] {standard_task_runner.py:84} INFO - Running: ['airflow', 'tasks', 'run', 'Cricbuzz_ETL', 'load', 'manual__2023-12-09T03:10:10.557479+00:00', '--job-id', '49', '--raw', '--subdir', 'DAGS_FOLDER/Crickbuzz_dag.py', '--cfg-path', '/tmp/tmpyemu2y_9']
[2023-12-09T08:40:38.213+0530] {standard_task_runner.py:85} INFO - Job 49: Subtask load
[2023-12-09T08:40:38.233+0530] {task_command.py:416} INFO - Running <TaskInstance: Cricbuzz_ETL.load manual__2023-12-09T03:10:10.557479+00:00 [running]> on host Iris
[2023-12-09T08:40:38.266+0530] {taskinstance.py:1662} INFO - Exporting env vars: AIRFLOW_CTX_DAG_OWNER='airflow' AIRFLOW_CTX_DAG_ID='Cricbuzz_ETL' AIRFLOW_CTX_TASK_ID='load' AIRFLOW_CTX_EXECUTION_DATE='2023-12-09T03:10:10.557479+00:00' AIRFLOW_CTX_TRY_NUMBER='1' AIRFLOW_CTX_DAG_RUN_ID='manual__2023-12-09T03:10:10.557479+00:00'
[2023-12-09T08:40:38.267+0530] {taskinstance.py:1937} ERROR - Task failed with exception
Traceback (most recent call last):
  File "/home/rajabala/Desktop/projects/Airflow/airflow_env/lib/python3.9/site-packages/airflow/operators/python.py", line 192, in execute
    return_value = self.execute_callable()
  File "/home/rajabala/Desktop/projects/Airflow/airflow_env/lib/python3.9/site-packages/airflow/operators/python.py", line 209, in execute_callable
    return self.python_callable(*self.op_args, **self.op_kwargs)
  File "/home/rajabala/Desktop/projects/Airflow/dags/Cricbuzz_files/Load.py", line 2, in load_to_db
    file_name=url.split('/')[-1]
NameError: name 'url' is not defined
[2023-12-09T08:40:38.269+0530] {taskinstance.py:1400} INFO - Marking task as FAILED. dag_id=Cricbuzz_ETL, task_id=load, execution_date=20231209T031010, start_date=20231209T031038, end_date=20231209T031038
[2023-12-09T08:40:38.279+0530] {standard_task_runner.py:104} ERROR - Failed to execute job 49 for task load (name 'url' is not defined; 37087)
[2023-12-09T08:40:38.304+0530] {local_task_job_runner.py:228} INFO - Task exited with return code 1
[2023-12-09T08:40:38.317+0530] {taskinstance.py:2778} INFO - 0 downstream tasks scheduled from follow-on schedule check
