[2024-01-02T20:01:44.909+0530] {taskinstance.py:1159} INFO - Dependencies all met for dep_context=non-requeueable deps ti=<TaskInstance: Cricbuzz_ETL.Extract manual__2024-01-02T14:31:40.399937+00:00 [queued]>
[2024-01-02T20:01:44.918+0530] {taskinstance.py:1159} INFO - Dependencies all met for dep_context=requeueable deps ti=<TaskInstance: Cricbuzz_ETL.Extract manual__2024-01-02T14:31:40.399937+00:00 [queued]>
[2024-01-02T20:01:44.918+0530] {taskinstance.py:1361} INFO - Starting attempt 1 of 2
[2024-01-02T20:01:44.932+0530] {taskinstance.py:1382} INFO - Executing <Task(PythonOperator): Extract> on 2024-01-02 14:31:40.399937+00:00
[2024-01-02T20:01:44.936+0530] {standard_task_runner.py:57} INFO - Started process 44591 to run task
[2024-01-02T20:01:44.939+0530] {standard_task_runner.py:84} INFO - Running: ['airflow', 'tasks', 'run', 'Cricbuzz_ETL', 'Extract', 'manual__2024-01-02T14:31:40.399937+00:00', '--job-id', '626', '--raw', '--subdir', 'DAGS_FOLDER/Crickbuzz_dag.py', '--cfg-path', '/tmp/tmpzzx6yrr9']
[2024-01-02T20:01:44.940+0530] {standard_task_runner.py:85} INFO - Job 626: Subtask Extract
[2024-01-02T20:01:44.963+0530] {task_command.py:416} INFO - Running <TaskInstance: Cricbuzz_ETL.Extract manual__2024-01-02T14:31:40.399937+00:00 [running]> on host Iris
[2024-01-02T20:01:45.000+0530] {taskinstance.py:1662} INFO - Exporting env vars: AIRFLOW_CTX_DAG_OWNER='airflow' AIRFLOW_CTX_DAG_ID='Cricbuzz_ETL' AIRFLOW_CTX_TASK_ID='Extract' AIRFLOW_CTX_EXECUTION_DATE='2024-01-02T14:31:40.399937+00:00' AIRFLOW_CTX_TRY_NUMBER='1' AIRFLOW_CTX_DAG_RUN_ID='manual__2024-01-02T14:31:40.399937+00:00'
[2024-01-02T20:01:45.004+0530] {logging_mixin.py:154} INFO - ['https://www.cricbuzz.com/cricket-full-commentary/66183/srh-vs-rr-4th-match-indian-premier-league-2023']
[2024-01-02T20:01:45.004+0530] {logging_mixin.py:154} INFO - <class 'list'>
[2024-01-02T20:01:45.004+0530] {logging_mixin.py:154} INFO - 1-link https://www.cricbuzz.com/cricket-full-commentary/66183/srh-vs-rr-4th-match-indian-premier-league-2023
[2024-01-02T20:01:45.004+0530] {logging_mixin.py:154} INFO - Welcome
[2024-01-02T20:01:45.437+0530] {logging_mixin.py:154} INFO - driver created succesfully
[2024-01-02T20:01:49.181+0530] {logging_mixin.py:154} INFO - page loaded
[2024-01-02T20:01:55.106+0530] {logging_mixin.py:154} INFO - RR Inns  Analysed
[2024-01-02T20:02:00.310+0530] {logging_mixin.py:154} INFO - SRH Inns  Analysed
[2024-01-02T20:02:00.311+0530] {logging_mixin.py:154} INFO - Full scraping of key events complete...
[2024-01-02T20:02:00.434+0530] {python.py:194} INFO - Done. Returned value was: None
[2024-01-02T20:02:00.437+0530] {taskinstance.py:1400} INFO - Marking task as SUCCESS. dag_id=Cricbuzz_ETL, task_id=Extract, execution_date=20240102T143140, start_date=20240102T143144, end_date=20240102T143200
[2024-01-02T20:02:00.485+0530] {local_task_job_runner.py:228} INFO - Task exited with return code 0
[2024-01-02T20:02:00.504+0530] {taskinstance.py:2778} INFO - 1 downstream tasks scheduled from follow-on schedule check
