[2024-01-01T14:41:45.611+0530] {taskinstance.py:1159} INFO - Dependencies all met for dep_context=non-requeueable deps ti=<TaskInstance: summa1.manual_trigger scheduled__2023-12-27T00:00:00+00:00 [queued]>
[2024-01-01T14:41:45.619+0530] {taskinstance.py:1159} INFO - Dependencies all met for dep_context=requeueable deps ti=<TaskInstance: summa1.manual_trigger scheduled__2023-12-27T00:00:00+00:00 [queued]>
[2024-01-01T14:41:45.619+0530] {taskinstance.py:1361} INFO - Starting attempt 1 of 2
[2024-01-01T14:41:45.638+0530] {taskinstance.py:1382} INFO - Executing <Task(TriggerDagRunOperator): manual_trigger> on 2023-12-27 00:00:00+00:00
[2024-01-01T14:41:45.640+0530] {standard_task_runner.py:57} INFO - Started process 22918 to run task
[2024-01-01T14:41:45.642+0530] {standard_task_runner.py:84} INFO - Running: ['airflow', 'tasks', 'run', 'summa1', 'manual_trigger', 'scheduled__2023-12-27T00:00:00+00:00', '--job-id', '503', '--raw', '--subdir', 'DAGS_FOLDER/summa.py', '--cfg-path', '/tmp/tmpko4bjq_u']
[2024-01-01T14:41:45.644+0530] {standard_task_runner.py:85} INFO - Job 503: Subtask manual_trigger
[2024-01-01T14:41:45.675+0530] {task_command.py:416} INFO - Running <TaskInstance: summa1.manual_trigger scheduled__2023-12-27T00:00:00+00:00 [running]> on host Iris
[2024-01-01T14:41:45.726+0530] {taskinstance.py:1662} INFO - Exporting env vars: AIRFLOW_CTX_DAG_OWNER='your_username' AIRFLOW_CTX_DAG_ID='summa1' AIRFLOW_CTX_TASK_ID='manual_trigger' AIRFLOW_CTX_EXECUTION_DATE='2023-12-27T00:00:00+00:00' AIRFLOW_CTX_TRY_NUMBER='1' AIRFLOW_CTX_DAG_RUN_ID='scheduled__2023-12-27T00:00:00+00:00'
[2024-01-01T14:41:45.855+0530] {taskinstance.py:1400} INFO - Marking task as SUCCESS. dag_id=summa1, task_id=manual_trigger, execution_date=20231227T000000, start_date=20240101T091145, end_date=20240101T091145
[2024-01-01T14:41:45.895+0530] {local_task_job_runner.py:228} INFO - Task exited with return code 0
[2024-01-01T14:41:45.914+0530] {taskinstance.py:2778} INFO - 0 downstream tasks scheduled from follow-on schedule check
[2024-01-01T14:50:12.178+0530] {taskinstance.py:1159} INFO - Dependencies all met for dep_context=non-requeueable deps ti=<TaskInstance: summa1.manual_trigger scheduled__2023-12-27T00:00:00+00:00 [queued]>
[2024-01-01T14:50:12.182+0530] {taskinstance.py:1159} INFO - Dependencies all met for dep_context=requeueable deps ti=<TaskInstance: summa1.manual_trigger scheduled__2023-12-27T00:00:00+00:00 [queued]>
[2024-01-01T14:50:12.182+0530] {taskinstance.py:1361} INFO - Starting attempt 1 of 2
[2024-01-01T14:50:12.191+0530] {taskinstance.py:1382} INFO - Executing <Task(TriggerDagRunOperator): manual_trigger> on 2023-12-27 00:00:00+00:00
[2024-01-01T14:50:12.193+0530] {standard_task_runner.py:57} INFO - Started process 28184 to run task
[2024-01-01T14:50:12.196+0530] {standard_task_runner.py:84} INFO - Running: ['airflow', 'tasks', 'run', 'summa1', 'manual_trigger', 'scheduled__2023-12-27T00:00:00+00:00', '--job-id', '505', '--raw', '--subdir', 'DAGS_FOLDER/summa.py', '--cfg-path', '/tmp/tmpkke7q0jj']
[2024-01-01T14:50:12.197+0530] {standard_task_runner.py:85} INFO - Job 505: Subtask manual_trigger
[2024-01-01T14:50:12.219+0530] {task_command.py:416} INFO - Running <TaskInstance: summa1.manual_trigger scheduled__2023-12-27T00:00:00+00:00 [running]> on host Iris
[2024-01-01T14:50:12.253+0530] {taskinstance.py:1662} INFO - Exporting env vars: AIRFLOW_CTX_DAG_OWNER='your_username' AIRFLOW_CTX_DAG_ID='summa1' AIRFLOW_CTX_TASK_ID='manual_trigger' AIRFLOW_CTX_EXECUTION_DATE='2023-12-27T00:00:00+00:00' AIRFLOW_CTX_TRY_NUMBER='1' AIRFLOW_CTX_DAG_RUN_ID='scheduled__2023-12-27T00:00:00+00:00'
[2024-01-01T14:50:12.361+0530] {taskinstance.py:1400} INFO - Marking task as SUCCESS. dag_id=summa1, task_id=manual_trigger, execution_date=20231227T000000, start_date=20240101T092012, end_date=20240101T092012
[2024-01-01T14:50:12.408+0530] {local_task_job_runner.py:228} INFO - Task exited with return code 0
[2024-01-01T14:50:12.430+0530] {taskinstance.py:2778} INFO - 0 downstream tasks scheduled from follow-on schedule check
