[2023-12-31T21:37:27.498+0530] {taskinstance.py:1159} INFO - Dependencies all met for dep_context=non-requeueable deps ti=<TaskInstance: trigger.skip_task scheduled__2023-12-30T00:00:00+00:00 [queued]>
[2023-12-31T21:37:27.503+0530] {taskinstance.py:1159} INFO - Dependencies all met for dep_context=requeueable deps ti=<TaskInstance: trigger.skip_task scheduled__2023-12-30T00:00:00+00:00 [queued]>
[2023-12-31T21:37:27.503+0530] {taskinstance.py:1361} INFO - Starting attempt 1 of 2
[2023-12-31T21:37:27.517+0530] {taskinstance.py:1382} INFO - Executing <Task(BashOperator): skip_task> on 2023-12-30 00:00:00+00:00
[2023-12-31T21:37:27.521+0530] {standard_task_runner.py:57} INFO - Started process 26303 to run task
[2023-12-31T21:37:27.524+0530] {standard_task_runner.py:84} INFO - Running: ['airflow', 'tasks', 'run', 'trigger', 'skip_task', 'scheduled__2023-12-30T00:00:00+00:00', '--job-id', '492', '--raw', '--subdir', 'DAGS_FOLDER/summa.py', '--cfg-path', '/tmp/tmpmioy1a9o']
[2023-12-31T21:37:27.525+0530] {standard_task_runner.py:85} INFO - Job 492: Subtask skip_task
[2023-12-31T21:37:27.563+0530] {task_command.py:416} INFO - Running <TaskInstance: trigger.skip_task scheduled__2023-12-30T00:00:00+00:00 [running]> on host Iris
[2023-12-31T21:37:27.627+0530] {taskinstance.py:1662} INFO - Exporting env vars: AIRFLOW_CTX_DAG_OWNER='airflow' AIRFLOW_CTX_DAG_ID='trigger' AIRFLOW_CTX_TASK_ID='skip_task' AIRFLOW_CTX_EXECUTION_DATE='2023-12-30T00:00:00+00:00' AIRFLOW_CTX_TRY_NUMBER='1' AIRFLOW_CTX_DAG_RUN_ID='scheduled__2023-12-30T00:00:00+00:00'
[2023-12-31T21:37:27.628+0530] {subprocess.py:63} INFO - Tmp dir root location: /tmp
[2023-12-31T21:37:27.628+0530] {subprocess.py:75} INFO - Running command: ['/usr/bin/bash', '-c', 'echo "skipped task"']
[2023-12-31T21:37:27.634+0530] {subprocess.py:86} INFO - Output:
[2023-12-31T21:37:27.635+0530] {subprocess.py:93} INFO - skipped task
[2023-12-31T21:37:27.636+0530] {subprocess.py:97} INFO - Command exited with return code 0
[2023-12-31T21:37:27.658+0530] {taskinstance.py:1400} INFO - Marking task as SUCCESS. dag_id=trigger, task_id=skip_task, execution_date=20231230T000000, start_date=20231231T160727, end_date=20231231T160727
[2023-12-31T21:37:27.696+0530] {local_task_job_runner.py:228} INFO - Task exited with return code 0
[2023-12-31T21:37:27.710+0530] {taskinstance.py:2778} INFO - 0 downstream tasks scheduled from follow-on schedule check
[2023-12-31T22:38:42.734+0530] {taskinstance.py:1159} INFO - Dependencies all met for dep_context=non-requeueable deps ti=<TaskInstance: trigger.skip_task scheduled__2023-12-30T00:00:00+00:00 [queued]>
[2023-12-31T22:38:42.738+0530] {taskinstance.py:1159} INFO - Dependencies all met for dep_context=requeueable deps ti=<TaskInstance: trigger.skip_task scheduled__2023-12-30T00:00:00+00:00 [queued]>
[2023-12-31T22:38:42.738+0530] {taskinstance.py:1361} INFO - Starting attempt 1 of 2
[2023-12-31T22:38:42.746+0530] {taskinstance.py:1382} INFO - Executing <Task(BashOperator): skip_task> on 2023-12-30 00:00:00+00:00
[2023-12-31T22:38:42.749+0530] {standard_task_runner.py:57} INFO - Started process 49658 to run task
[2023-12-31T22:38:42.751+0530] {standard_task_runner.py:84} INFO - Running: ['airflow', 'tasks', 'run', 'trigger', 'skip_task', 'scheduled__2023-12-30T00:00:00+00:00', '--job-id', '494', '--raw', '--subdir', 'DAGS_FOLDER/summa.py', '--cfg-path', '/tmp/tmp2z16_wz9']
[2023-12-31T22:38:42.752+0530] {standard_task_runner.py:85} INFO - Job 494: Subtask skip_task
[2023-12-31T22:38:42.772+0530] {task_command.py:416} INFO - Running <TaskInstance: trigger.skip_task scheduled__2023-12-30T00:00:00+00:00 [running]> on host Iris
[2023-12-31T22:38:42.810+0530] {taskinstance.py:1662} INFO - Exporting env vars: AIRFLOW_CTX_DAG_OWNER='airflow' AIRFLOW_CTX_DAG_ID='trigger' AIRFLOW_CTX_TASK_ID='skip_task' AIRFLOW_CTX_EXECUTION_DATE='2023-12-30T00:00:00+00:00' AIRFLOW_CTX_TRY_NUMBER='1' AIRFLOW_CTX_DAG_RUN_ID='scheduled__2023-12-30T00:00:00+00:00'
[2023-12-31T22:38:42.811+0530] {subprocess.py:63} INFO - Tmp dir root location: /tmp
[2023-12-31T22:38:42.811+0530] {subprocess.py:75} INFO - Running command: ['/usr/bin/bash', '-c', 'echo "skipped task"']
[2023-12-31T22:38:42.815+0530] {subprocess.py:86} INFO - Output:
[2023-12-31T22:38:42.816+0530] {subprocess.py:93} INFO - skipped task
[2023-12-31T22:38:42.816+0530] {subprocess.py:97} INFO - Command exited with return code 0
[2023-12-31T22:38:42.828+0530] {taskinstance.py:1400} INFO - Marking task as SUCCESS. dag_id=trigger, task_id=skip_task, execution_date=20231230T000000, start_date=20231231T170842, end_date=20231231T170842
[2023-12-31T22:38:42.843+0530] {local_task_job_runner.py:228} INFO - Task exited with return code 0
[2023-12-31T22:38:42.851+0530] {taskinstance.py:2778} INFO - 0 downstream tasks scheduled from follow-on schedule check
