[2023-12-31T21:03:36.662+0530] {taskinstance.py:1159} INFO - Dependencies all met for dep_context=non-requeueable deps ti=<TaskInstance: Cricbuzz_ETL1.Extract manual__2023-12-31T15:33:30.670941+00:00 [queued]>
[2023-12-31T21:03:36.669+0530] {taskinstance.py:1159} INFO - Dependencies all met for dep_context=requeueable deps ti=<TaskInstance: Cricbuzz_ETL1.Extract manual__2023-12-31T15:33:30.670941+00:00 [queued]>
[2023-12-31T21:03:36.669+0530] {taskinstance.py:1361} INFO - Starting attempt 1 of 2
[2023-12-31T21:03:36.682+0530] {taskinstance.py:1382} INFO - Executing <Task(PythonOperator): Extract> on 2023-12-31 15:33:30.670941+00:00
[2023-12-31T21:03:36.684+0530] {standard_task_runner.py:57} INFO - Started process 17821 to run task
[2023-12-31T21:03:36.687+0530] {standard_task_runner.py:84} INFO - Running: ['airflow', 'tasks', 'run', 'Cricbuzz_ETL1', 'Extract', 'manual__2023-12-31T15:33:30.670941+00:00', '--job-id', '443', '--raw', '--subdir', 'DAGS_FOLDER/summa.py', '--cfg-path', '/tmp/tmp6p2o6bx9']
[2023-12-31T21:03:36.688+0530] {standard_task_runner.py:85} INFO - Job 443: Subtask Extract
[2023-12-31T21:03:36.720+0530] {task_command.py:416} INFO - Running <TaskInstance: Cricbuzz_ETL1.Extract manual__2023-12-31T15:33:30.670941+00:00 [running]> on host Iris
[2023-12-31T21:03:36.782+0530] {taskinstance.py:1662} INFO - Exporting env vars: AIRFLOW_CTX_DAG_OWNER='airflow' AIRFLOW_CTX_DAG_ID='Cricbuzz_ETL1' AIRFLOW_CTX_TASK_ID='Extract' AIRFLOW_CTX_EXECUTION_DATE='2023-12-31T15:33:30.670941+00:00' AIRFLOW_CTX_TRY_NUMBER='1' AIRFLOW_CTX_DAG_RUN_ID='manual__2023-12-31T15:33:30.670941+00:00'
[2023-12-31T21:03:36.783+0530] {taskinstance.py:1937} ERROR - Task failed with exception
Traceback (most recent call last):
  File "/home/rajabala/Desktop/projects/Airflow/airflow_env/lib/python3.9/site-packages/airflow/operators/python.py", line 192, in execute
    return_value = self.execute_callable()
  File "/home/rajabala/Desktop/projects/Airflow/airflow_env/lib/python3.9/site-packages/airflow/operators/python.py", line 209, in execute_callable
    return self.python_callable(*self.op_args, **self.op_kwargs)
TypeError: web_scrap() takes 1 positional argument but 2 were given
[2023-12-31T21:03:36.787+0530] {taskinstance.py:1400} INFO - Marking task as UP_FOR_RETRY. dag_id=Cricbuzz_ETL1, task_id=Extract, execution_date=20231231T153330, start_date=20231231T153336, end_date=20231231T153336
[2023-12-31T21:03:36.799+0530] {standard_task_runner.py:104} ERROR - Failed to execute job 443 for task Extract (web_scrap() takes 1 positional argument but 2 were given; 17821)
[2023-12-31T21:03:36.819+0530] {local_task_job_runner.py:228} INFO - Task exited with return code 1
[2023-12-31T21:03:36.837+0530] {taskinstance.py:2778} INFO - 0 downstream tasks scheduled from follow-on schedule check
