[2024-01-04T10:15:50.169+0530] {taskinstance.py:1159} INFO - Dependencies all met for dep_context=non-requeueable deps ti=<TaskInstance: Cricbuzz_ETL.load_to_postgres scheduled__2024-01-03T00:00:00+00:00 [queued]>
[2024-01-04T10:15:50.176+0530] {taskinstance.py:1159} INFO - Dependencies all met for dep_context=requeueable deps ti=<TaskInstance: Cricbuzz_ETL.load_to_postgres scheduled__2024-01-03T00:00:00+00:00 [queued]>
[2024-01-04T10:15:50.177+0530] {taskinstance.py:1361} INFO - Starting attempt 1 of 1
[2024-01-04T10:15:50.189+0530] {taskinstance.py:1382} INFO - Executing <Task(PythonOperator): load_to_postgres> on 2024-01-03 00:00:00+00:00
[2024-01-04T10:15:50.192+0530] {standard_task_runner.py:57} INFO - Started process 12232 to run task
[2024-01-04T10:15:50.195+0530] {standard_task_runner.py:84} INFO - Running: ['airflow', 'tasks', 'run', 'Cricbuzz_ETL', 'load_to_postgres', 'scheduled__2024-01-03T00:00:00+00:00', '--job-id', '730', '--raw', '--subdir', 'DAGS_FOLDER/Crickbuzz_dag.py', '--cfg-path', '/tmp/tmpxerku31c']
[2024-01-04T10:15:50.196+0530] {standard_task_runner.py:85} INFO - Job 730: Subtask load_to_postgres
[2024-01-04T10:15:50.225+0530] {task_command.py:416} INFO - Running <TaskInstance: Cricbuzz_ETL.load_to_postgres scheduled__2024-01-03T00:00:00+00:00 [running]> on host Iris
[2024-01-04T10:15:50.267+0530] {taskinstance.py:1662} INFO - Exporting env vars: AIRFLOW_CTX_DAG_OWNER='airflow' AIRFLOW_CTX_DAG_ID='Cricbuzz_ETL' AIRFLOW_CTX_TASK_ID='load_to_postgres' AIRFLOW_CTX_EXECUTION_DATE='2024-01-03T00:00:00+00:00' AIRFLOW_CTX_TRY_NUMBER='1' AIRFLOW_CTX_DAG_RUN_ID='scheduled__2024-01-03T00:00:00+00:00'
[2024-01-04T10:15:50.590+0530] {taskinstance.py:1937} ERROR - Task failed with exception
Traceback (most recent call last):
  File "/home/rajabala/Desktop/projects/Airflow/airflow_env/lib/python3.9/site-packages/airflow/operators/python.py", line 192, in execute
    return_value = self.execute_callable()
  File "/home/rajabala/Desktop/projects/Airflow/airflow_env/lib/python3.9/site-packages/airflow/operators/python.py", line 209, in execute_callable
    return self.python_callable(*self.op_args, **self.op_kwargs)
  File "/home/rajabala/Desktop/projects/Airflow/dags/Cricbuzz_files/Load.py", line 9, in load_to_db
    file_name=url.split('/')[-1]
AttributeError: 'list' object has no attribute 'split'
[2024-01-04T10:15:50.595+0530] {taskinstance.py:1400} INFO - Marking task as FAILED. dag_id=Cricbuzz_ETL, task_id=load_to_postgres, execution_date=20240103T000000, start_date=20240104T044550, end_date=20240104T044550
[2024-01-04T10:15:50.608+0530] {standard_task_runner.py:104} ERROR - Failed to execute job 730 for task load_to_postgres ('list' object has no attribute 'split'; 12232)
[2024-01-04T10:15:50.648+0530] {local_task_job_runner.py:228} INFO - Task exited with return code 1
[2024-01-04T10:15:50.663+0530] {taskinstance.py:2778} INFO - 1 downstream tasks scheduled from follow-on schedule check
