[2024-01-01T14:27:09.736+0530] {taskinstance.py:1159} INFO - Dependencies all met for dep_context=non-requeueable deps ti=<TaskInstance: summa1.manual_trigger manual__2024-01-01T08:52:06.579629+00:00 [queued]>
[2024-01-01T14:27:09.741+0530] {taskinstance.py:1159} INFO - Dependencies all met for dep_context=requeueable deps ti=<TaskInstance: summa1.manual_trigger manual__2024-01-01T08:52:06.579629+00:00 [queued]>
[2024-01-01T14:27:09.741+0530] {taskinstance.py:1361} INFO - Starting attempt 2 of 2
[2024-01-01T14:27:09.753+0530] {taskinstance.py:1382} INFO - Executing <Task(TriggerDagRunOperator): manual_trigger> on 2024-01-01 08:52:06.579629+00:00
[2024-01-01T14:27:09.756+0530] {standard_task_runner.py:57} INFO - Started process 15932 to run task
[2024-01-01T14:27:09.758+0530] {standard_task_runner.py:84} INFO - Running: ['airflow', 'tasks', 'run', 'summa1', 'manual_trigger', 'manual__2024-01-01T08:52:06.579629+00:00', '--job-id', '509', '--raw', '--subdir', 'DAGS_FOLDER/summa.py', '--cfg-path', '/tmp/tmp6b3th64c']
[2024-01-01T14:27:09.759+0530] {standard_task_runner.py:85} INFO - Job 509: Subtask manual_trigger
[2024-01-01T14:27:09.786+0530] {task_command.py:416} INFO - Running <TaskInstance: summa1.manual_trigger manual__2024-01-01T08:52:06.579629+00:00 [running]> on host Iris
[2024-01-01T14:27:09.848+0530] {taskinstance.py:1662} INFO - Exporting env vars: AIRFLOW_CTX_DAG_OWNER='your_username' AIRFLOW_CTX_DAG_ID='summa1' AIRFLOW_CTX_TASK_ID='manual_trigger' AIRFLOW_CTX_EXECUTION_DATE='2024-01-01T08:52:06.579629+00:00' AIRFLOW_CTX_TRY_NUMBER='2' AIRFLOW_CTX_DAG_RUN_ID='manual__2024-01-01T08:52:06.579629+00:00'
[2024-01-01T14:27:09.895+0530] {taskinstance.py:1937} ERROR - Task failed with exception
Traceback (most recent call last):
  File "/home/rajabala/Desktop/projects/Airflow/airflow_env/lib/python3.9/site-packages/airflow/operators/trigger_dagrun.py", line 186, in execute
    raise e
  File "/home/rajabala/Desktop/projects/Airflow/airflow_env/lib/python3.9/site-packages/airflow/operators/trigger_dagrun.py", line 163, in execute
    dag_run = trigger_dag(
  File "/home/rajabala/Desktop/projects/Airflow/airflow_env/lib/python3.9/site-packages/airflow/api/common/trigger_dag.py", line 122, in trigger_dag
    triggers = _trigger_dag(
  File "/home/rajabala/Desktop/projects/Airflow/airflow_env/lib/python3.9/site-packages/airflow/api/common/trigger_dag.py", line 78, in _trigger_dag
    raise DagRunAlreadyExists(dag_run=dag_run, execution_date=execution_date, run_id=run_id)
airflow.exceptions.DagRunAlreadyExists: A DAG Run already exists for DAG summa1 at 2024-01-06 00:00:00+00:00 with run id manual__2024-01-06T00:00:00+00:00
[2024-01-01T14:27:09.944+0530] {taskinstance.py:1400} INFO - Marking task as FAILED. dag_id=summa1, task_id=manual_trigger, execution_date=20240101T085206, start_date=20240101T085709, end_date=20240101T085709
[2024-01-01T14:27:09.954+0530] {standard_task_runner.py:104} ERROR - Failed to execute job 509 for task manual_trigger (A DAG Run already exists for DAG summa1 at 2024-01-06 00:00:00+00:00 with run id manual__2024-01-06T00:00:00+00:00; 15932)
[2024-01-01T14:27:09.970+0530] {local_task_job_runner.py:228} INFO - Task exited with return code 1
[2024-01-01T14:27:09.985+0530] {taskinstance.py:2778} INFO - 0 downstream tasks scheduled from follow-on schedule check
