[2023-12-09T17:34:28.518+0530] {taskinstance.py:1159} INFO - Dependencies all met for dep_context=non-requeueable deps ti=<TaskInstance: Cricbuzz_ETL.load manual__2023-12-09T12:04:22.301341+00:00 [queued]>
[2023-12-09T17:34:28.523+0530] {taskinstance.py:1159} INFO - Dependencies all met for dep_context=requeueable deps ti=<TaskInstance: Cricbuzz_ETL.load manual__2023-12-09T12:04:22.301341+00:00 [queued]>
[2023-12-09T17:34:28.523+0530] {taskinstance.py:1361} INFO - Starting attempt 1 of 1
[2023-12-09T17:34:28.535+0530] {taskinstance.py:1382} INFO - Executing <Task(PythonOperator): load> on 2023-12-09 12:04:22.301341+00:00
[2023-12-09T17:34:28.539+0530] {standard_task_runner.py:57} INFO - Started process 24159 to run task
[2023-12-09T17:34:28.541+0530] {standard_task_runner.py:84} INFO - Running: ['airflow', 'tasks', 'run', 'Cricbuzz_ETL', 'load', 'manual__2023-12-09T12:04:22.301341+00:00', '--job-id', '152', '--raw', '--subdir', 'DAGS_FOLDER/Crickbuzz_dag.py', '--cfg-path', '/tmp/tmpqyhy6rel']
[2023-12-09T17:34:28.542+0530] {standard_task_runner.py:85} INFO - Job 152: Subtask load
[2023-12-09T17:34:28.569+0530] {task_command.py:416} INFO - Running <TaskInstance: Cricbuzz_ETL.load manual__2023-12-09T12:04:22.301341+00:00 [running]> on host Iris
[2023-12-09T17:34:28.623+0530] {taskinstance.py:1662} INFO - Exporting env vars: AIRFLOW_CTX_DAG_OWNER='airflow' AIRFLOW_CTX_DAG_ID='Cricbuzz_ETL' AIRFLOW_CTX_TASK_ID='load' AIRFLOW_CTX_EXECUTION_DATE='2023-12-09T12:04:22.301341+00:00' AIRFLOW_CTX_TRY_NUMBER='1' AIRFLOW_CTX_DAG_RUN_ID='manual__2023-12-09T12:04:22.301341+00:00'
[2023-12-09T17:34:28.644+0530] {base.py:73} INFO - Using connection ID 'Cricbuzz_db' for task execution.
[2023-12-09T17:34:28.649+0530] {logging_mixin.py:154} INFO - bala
[2023-12-09T17:34:28.650+0530] {logging_mixin.py:154} INFO - 

---------------------------<class 'psycopg2.extensions.connection'> --------------------------------
[2023-12-09T17:34:28.650+0530] {logging_mixin.py:154} INFO - ---------------------user=postgres password=xxx dbname=postgres host=localhost port=5432-------------------------------------
[2023-12-09T17:34:28.652+0530] {base.py:73} INFO - Using connection ID 'Cricbuzz_db' for task execution.
[2023-12-09T17:34:28.653+0530] {taskinstance.py:1937} ERROR - Task failed with exception
Traceback (most recent call last):
  File "/home/rajabala/Desktop/projects/Airflow/airflow_env/lib/python3.9/site-packages/airflow/operators/python.py", line 192, in execute
    return_value = self.execute_callable()
  File "/home/rajabala/Desktop/projects/Airflow/airflow_env/lib/python3.9/site-packages/airflow/operators/python.py", line 209, in execute_callable
    return self.python_callable(*self.op_args, **self.op_kwargs)
  File "/home/rajabala/Desktop/projects/Airflow/dags/Cricbuzz_files/Load.py", line 42, in load_to_db
    f'postgresql+psycopg2://{conn.user}:{conn.password}@{conn.host}:{conn.port}/{conn.dbname}'
AttributeError: 'psycopg2.extensions.connection' object has no attribute 'user'
[2023-12-09T17:34:28.655+0530] {taskinstance.py:1400} INFO - Marking task as FAILED. dag_id=Cricbuzz_ETL, task_id=load, execution_date=20231209T120422, start_date=20231209T120428, end_date=20231209T120428
[2023-12-09T17:34:28.664+0530] {standard_task_runner.py:104} ERROR - Failed to execute job 152 for task load ('psycopg2.extensions.connection' object has no attribute 'user'; 24159)
[2023-12-09T17:34:28.673+0530] {local_task_job_runner.py:228} INFO - Task exited with return code 1
[2023-12-09T17:34:28.683+0530] {taskinstance.py:2778} INFO - 0 downstream tasks scheduled from follow-on schedule check
