[2023-12-31T21:37:15.453+0530] {taskinstance.py:1159} INFO - Dependencies all met for dep_context=non-requeueable deps ti=<TaskInstance: trigger.run_task scheduled__2023-12-29T00:00:00+00:00 [queued]>
[2023-12-31T21:37:15.458+0530] {taskinstance.py:1159} INFO - Dependencies all met for dep_context=requeueable deps ti=<TaskInstance: trigger.run_task scheduled__2023-12-29T00:00:00+00:00 [queued]>
[2023-12-31T21:37:15.458+0530] {taskinstance.py:1361} INFO - Starting attempt 1 of 2
[2023-12-31T21:37:15.472+0530] {taskinstance.py:1382} INFO - Executing <Task(BashOperator): run_task> on 2023-12-29 00:00:00+00:00
[2023-12-31T21:37:15.475+0530] {standard_task_runner.py:57} INFO - Started process 26153 to run task
[2023-12-31T21:37:15.479+0530] {standard_task_runner.py:84} INFO - Running: ['airflow', 'tasks', 'run', 'trigger', 'run_task', 'scheduled__2023-12-29T00:00:00+00:00', '--job-id', '485', '--raw', '--subdir', 'DAGS_FOLDER/summa.py', '--cfg-path', '/tmp/tmps5vzavf9']
[2023-12-31T21:37:15.480+0530] {standard_task_runner.py:85} INFO - Job 485: Subtask run_task
[2023-12-31T21:37:15.515+0530] {task_command.py:416} INFO - Running <TaskInstance: trigger.run_task scheduled__2023-12-29T00:00:00+00:00 [running]> on host Iris
[2023-12-31T21:37:15.573+0530] {taskinstance.py:1662} INFO - Exporting env vars: AIRFLOW_CTX_DAG_OWNER='airflow' AIRFLOW_CTX_DAG_ID='trigger' AIRFLOW_CTX_TASK_ID='run_task' AIRFLOW_CTX_EXECUTION_DATE='2023-12-29T00:00:00+00:00' AIRFLOW_CTX_TRY_NUMBER='1' AIRFLOW_CTX_DAG_RUN_ID='scheduled__2023-12-29T00:00:00+00:00'
[2023-12-31T21:37:15.574+0530] {subprocess.py:63} INFO - Tmp dir root location: /tmp
[2023-12-31T21:37:15.574+0530] {subprocess.py:75} INFO - Running command: ['/usr/bin/bash', '-c', 'echo "running task"']
[2023-12-31T21:37:15.582+0530] {subprocess.py:86} INFO - Output:
[2023-12-31T21:37:15.583+0530] {subprocess.py:93} INFO - running task
[2023-12-31T21:37:15.583+0530] {subprocess.py:97} INFO - Command exited with return code 0
[2023-12-31T21:37:15.601+0530] {taskinstance.py:1400} INFO - Marking task as SUCCESS. dag_id=trigger, task_id=run_task, execution_date=20231229T000000, start_date=20231231T160715, end_date=20231231T160715
[2023-12-31T21:37:15.651+0530] {local_task_job_runner.py:228} INFO - Task exited with return code 0
[2023-12-31T21:37:15.666+0530] {taskinstance.py:2778} INFO - 0 downstream tasks scheduled from follow-on schedule check
[2023-12-31T22:38:38.883+0530] {taskinstance.py:1159} INFO - Dependencies all met for dep_context=non-requeueable deps ti=<TaskInstance: trigger.run_task scheduled__2023-12-29T00:00:00+00:00 [queued]>
[2023-12-31T22:38:38.887+0530] {taskinstance.py:1159} INFO - Dependencies all met for dep_context=requeueable deps ti=<TaskInstance: trigger.run_task scheduled__2023-12-29T00:00:00+00:00 [queued]>
[2023-12-31T22:38:38.888+0530] {taskinstance.py:1361} INFO - Starting attempt 1 of 2
[2023-12-31T22:38:38.896+0530] {taskinstance.py:1382} INFO - Executing <Task(BashOperator): run_task> on 2023-12-29 00:00:00+00:00
[2023-12-31T22:38:38.899+0530] {standard_task_runner.py:57} INFO - Started process 49585 to run task
[2023-12-31T22:38:38.901+0530] {standard_task_runner.py:84} INFO - Running: ['airflow', 'tasks', 'run', 'trigger', 'run_task', 'scheduled__2023-12-29T00:00:00+00:00', '--job-id', '491', '--raw', '--subdir', 'DAGS_FOLDER/summa.py', '--cfg-path', '/tmp/tmp93ppn2wt']
[2023-12-31T22:38:38.902+0530] {standard_task_runner.py:85} INFO - Job 491: Subtask run_task
[2023-12-31T22:38:38.923+0530] {task_command.py:416} INFO - Running <TaskInstance: trigger.run_task scheduled__2023-12-29T00:00:00+00:00 [running]> on host Iris
[2023-12-31T22:38:38.965+0530] {taskinstance.py:1662} INFO - Exporting env vars: AIRFLOW_CTX_DAG_OWNER='airflow' AIRFLOW_CTX_DAG_ID='trigger' AIRFLOW_CTX_TASK_ID='run_task' AIRFLOW_CTX_EXECUTION_DATE='2023-12-29T00:00:00+00:00' AIRFLOW_CTX_TRY_NUMBER='1' AIRFLOW_CTX_DAG_RUN_ID='scheduled__2023-12-29T00:00:00+00:00'
[2023-12-31T22:38:38.966+0530] {subprocess.py:63} INFO - Tmp dir root location: /tmp
[2023-12-31T22:38:38.966+0530] {subprocess.py:75} INFO - Running command: ['/usr/bin/bash', '-c', 'echo "running task"']
[2023-12-31T22:38:38.970+0530] {subprocess.py:86} INFO - Output:
[2023-12-31T22:38:38.970+0530] {subprocess.py:93} INFO - running task
[2023-12-31T22:38:38.970+0530] {subprocess.py:97} INFO - Command exited with return code 0
[2023-12-31T22:38:38.982+0530] {taskinstance.py:1400} INFO - Marking task as SUCCESS. dag_id=trigger, task_id=run_task, execution_date=20231229T000000, start_date=20231231T170838, end_date=20231231T170838
[2023-12-31T22:38:38.993+0530] {local_task_job_runner.py:228} INFO - Task exited with return code 0
[2023-12-31T22:38:39.001+0530] {taskinstance.py:2778} INFO - 0 downstream tasks scheduled from follow-on schedule check
