[2023-12-31T21:08:05.869+0530] {taskinstance.py:1159} INFO - Dependencies all met for dep_context=non-requeueable deps ti=<TaskInstance: Cricbuzz_ETL.branch_task scheduled__2023-12-30T00:00:00+00:00 [queued]>
[2023-12-31T21:08:05.876+0530] {taskinstance.py:1159} INFO - Dependencies all met for dep_context=requeueable deps ti=<TaskInstance: Cricbuzz_ETL.branch_task scheduled__2023-12-30T00:00:00+00:00 [queued]>
[2023-12-31T21:08:05.876+0530] {taskinstance.py:1361} INFO - Starting attempt 1 of 2
[2023-12-31T21:08:05.889+0530] {taskinstance.py:1382} INFO - Executing <Task(BranchPythonOperator): branch_task> on 2023-12-30 00:00:00+00:00
[2023-12-31T21:08:05.892+0530] {standard_task_runner.py:57} INFO - Started process 20690 to run task
[2023-12-31T21:08:05.895+0530] {standard_task_runner.py:84} INFO - Running: ['airflow', 'tasks', 'run', 'Cricbuzz_ETL', 'branch_task', 'scheduled__2023-12-30T00:00:00+00:00', '--job-id', '464', '--raw', '--subdir', 'DAGS_FOLDER/Crickbuzz_dag.py', '--cfg-path', '/tmp/tmpb2pmf63v']
[2023-12-31T21:08:05.895+0530] {standard_task_runner.py:85} INFO - Job 464: Subtask branch_task
[2023-12-31T21:08:05.927+0530] {task_command.py:416} INFO - Running <TaskInstance: Cricbuzz_ETL.branch_task scheduled__2023-12-30T00:00:00+00:00 [running]> on host Iris
[2023-12-31T21:08:05.981+0530] {taskinstance.py:1662} INFO - Exporting env vars: AIRFLOW_CTX_DAG_OWNER='airflow' AIRFLOW_CTX_DAG_ID='Cricbuzz_ETL' AIRFLOW_CTX_TASK_ID='branch_task' AIRFLOW_CTX_EXECUTION_DATE='2023-12-30T00:00:00+00:00' AIRFLOW_CTX_TRY_NUMBER='1' AIRFLOW_CTX_DAG_RUN_ID='scheduled__2023-12-30T00:00:00+00:00'
[2023-12-31T21:08:05.981+0530] {logging_mixin.py:154} INFO - execution_date = 2023-12-30
[2023-12-31T21:08:05.982+0530] {python.py:194} INFO - Done. Returned value was: skip_task
[2023-12-31T21:08:05.982+0530] {python.py:227} INFO - Branch callable return skip_task
[2023-12-31T21:08:05.982+0530] {skipmixin.py:173} INFO - Following branch skip_task
[2023-12-31T21:08:05.989+0530] {skipmixin.py:239} INFO - Skipping tasks [('run_task', -1), ('trigger_task', -1)]
[2023-12-31T21:08:06.017+0530] {taskinstance.py:1400} INFO - Marking task as SUCCESS. dag_id=Cricbuzz_ETL, task_id=branch_task, execution_date=20231230T000000, start_date=20231231T153805, end_date=20231231T153806
[2023-12-31T21:08:06.066+0530] {local_task_job_runner.py:228} INFO - Task exited with return code 0
[2023-12-31T21:08:06.096+0530] {taskinstance.py:2778} INFO - 1 downstream tasks scheduled from follow-on schedule check
[2024-01-02T17:20:22.640+0530] {taskinstance.py:1159} INFO - Dependencies all met for dep_context=non-requeueable deps ti=<TaskInstance: Cricbuzz_ETL.branch_task scheduled__2023-12-30T00:00:00+00:00 [queued]>
[2024-01-02T17:20:22.645+0530] {taskinstance.py:1159} INFO - Dependencies all met for dep_context=requeueable deps ti=<TaskInstance: Cricbuzz_ETL.branch_task scheduled__2023-12-30T00:00:00+00:00 [queued]>
[2024-01-02T17:20:22.646+0530] {taskinstance.py:1361} INFO - Starting attempt 1 of 2
[2024-01-02T17:20:22.658+0530] {taskinstance.py:1382} INFO - Executing <Task(BranchPythonOperator): branch_task> on 2023-12-30 00:00:00+00:00
[2024-01-02T17:20:22.660+0530] {standard_task_runner.py:57} INFO - Started process 11409 to run task
[2024-01-02T17:20:22.663+0530] {standard_task_runner.py:84} INFO - Running: ['airflow', 'tasks', 'run', 'Cricbuzz_ETL', 'branch_task', 'scheduled__2023-12-30T00:00:00+00:00', '--job-id', '527', '--raw', '--subdir', 'DAGS_FOLDER/Crickbuzz_dag.py', '--cfg-path', '/tmp/tmpqto62czf']
[2024-01-02T17:20:22.663+0530] {standard_task_runner.py:85} INFO - Job 527: Subtask branch_task
[2024-01-02T17:20:22.692+0530] {task_command.py:416} INFO - Running <TaskInstance: Cricbuzz_ETL.branch_task scheduled__2023-12-30T00:00:00+00:00 [running]> on host Iris
[2024-01-02T17:20:22.739+0530] {taskinstance.py:1662} INFO - Exporting env vars: AIRFLOW_CTX_DAG_OWNER='airflow' AIRFLOW_CTX_DAG_ID='Cricbuzz_ETL' AIRFLOW_CTX_TASK_ID='branch_task' AIRFLOW_CTX_EXECUTION_DATE='2023-12-30T00:00:00+00:00' AIRFLOW_CTX_TRY_NUMBER='1' AIRFLOW_CTX_DAG_RUN_ID='scheduled__2023-12-30T00:00:00+00:00'
[2024-01-02T17:20:22.740+0530] {logging_mixin.py:154} INFO - execution_date = 2023-12-30
[2024-01-02T17:20:22.740+0530] {python.py:194} INFO - Done. Returned value was: skip_task
[2024-01-02T17:20:22.740+0530] {python.py:227} INFO - Branch callable return skip_task
[2024-01-02T17:20:22.740+0530] {skipmixin.py:173} INFO - Following branch skip_task
[2024-01-02T17:20:22.746+0530] {skipmixin.py:239} INFO - Skipping tasks [('run_task', -1)]
[2024-01-02T17:20:22.770+0530] {taskinstance.py:1400} INFO - Marking task as SUCCESS. dag_id=Cricbuzz_ETL, task_id=branch_task, execution_date=20231230T000000, start_date=20240102T115022, end_date=20240102T115022
[2024-01-02T17:20:22.794+0530] {local_task_job_runner.py:228} INFO - Task exited with return code 0
[2024-01-02T17:20:22.823+0530] {taskinstance.py:2778} INFO - 1 downstream tasks scheduled from follow-on schedule check
[2024-01-02T17:26:17.656+0530] {taskinstance.py:1159} INFO - Dependencies all met for dep_context=non-requeueable deps ti=<TaskInstance: Cricbuzz_ETL.branch_task scheduled__2023-12-30T00:00:00+00:00 [queued]>
[2024-01-02T17:26:17.661+0530] {taskinstance.py:1159} INFO - Dependencies all met for dep_context=requeueable deps ti=<TaskInstance: Cricbuzz_ETL.branch_task scheduled__2023-12-30T00:00:00+00:00 [queued]>
[2024-01-02T17:26:17.661+0530] {taskinstance.py:1361} INFO - Starting attempt 1 of 2
[2024-01-02T17:26:17.675+0530] {taskinstance.py:1382} INFO - Executing <Task(BranchPythonOperator): branch_task> on 2023-12-30 00:00:00+00:00
[2024-01-02T17:26:17.677+0530] {standard_task_runner.py:57} INFO - Started process 14405 to run task
[2024-01-02T17:26:17.680+0530] {standard_task_runner.py:84} INFO - Running: ['airflow', 'tasks', 'run', 'Cricbuzz_ETL', 'branch_task', 'scheduled__2023-12-30T00:00:00+00:00', '--job-id', '531', '--raw', '--subdir', 'DAGS_FOLDER/Crickbuzz_dag.py', '--cfg-path', '/tmp/tmpxtphm92k']
[2024-01-02T17:26:17.681+0530] {standard_task_runner.py:85} INFO - Job 531: Subtask branch_task
[2024-01-02T17:26:17.712+0530] {task_command.py:416} INFO - Running <TaskInstance: Cricbuzz_ETL.branch_task scheduled__2023-12-30T00:00:00+00:00 [running]> on host Iris
[2024-01-02T17:26:17.762+0530] {taskinstance.py:1662} INFO - Exporting env vars: AIRFLOW_CTX_DAG_OWNER='airflow' AIRFLOW_CTX_DAG_ID='Cricbuzz_ETL' AIRFLOW_CTX_TASK_ID='branch_task' AIRFLOW_CTX_EXECUTION_DATE='2023-12-30T00:00:00+00:00' AIRFLOW_CTX_TRY_NUMBER='1' AIRFLOW_CTX_DAG_RUN_ID='scheduled__2023-12-30T00:00:00+00:00'
[2024-01-02T17:26:17.763+0530] {logging_mixin.py:154} INFO - execution_date = 2023-12-30
[2024-01-02T17:26:17.763+0530] {python.py:194} INFO - Done. Returned value was: skip_task
[2024-01-02T17:26:17.763+0530] {python.py:227} INFO - Branch callable return skip_task
[2024-01-02T17:26:17.763+0530] {skipmixin.py:173} INFO - Following branch skip_task
[2024-01-02T17:26:17.771+0530] {skipmixin.py:239} INFO - Skipping tasks [('run_task', -1)]
[2024-01-02T17:26:17.798+0530] {taskinstance.py:1400} INFO - Marking task as SUCCESS. dag_id=Cricbuzz_ETL, task_id=branch_task, execution_date=20231230T000000, start_date=20240102T115617, end_date=20240102T115617
[2024-01-02T17:26:17.812+0530] {local_task_job_runner.py:228} INFO - Task exited with return code 0
[2024-01-02T17:26:17.836+0530] {taskinstance.py:2778} INFO - 1 downstream tasks scheduled from follow-on schedule check
[2024-01-02T17:45:07.438+0530] {taskinstance.py:1159} INFO - Dependencies all met for dep_context=non-requeueable deps ti=<TaskInstance: Cricbuzz_ETL.branch_task scheduled__2023-12-30T00:00:00+00:00 [queued]>
[2024-01-02T17:45:07.443+0530] {taskinstance.py:1159} INFO - Dependencies all met for dep_context=requeueable deps ti=<TaskInstance: Cricbuzz_ETL.branch_task scheduled__2023-12-30T00:00:00+00:00 [queued]>
[2024-01-02T17:45:07.443+0530] {taskinstance.py:1361} INFO - Starting attempt 1 of 2
[2024-01-02T17:45:07.457+0530] {taskinstance.py:1382} INFO - Executing <Task(BranchPythonOperator): branch_task> on 2023-12-30 00:00:00+00:00
[2024-01-02T17:45:07.459+0530] {standard_task_runner.py:57} INFO - Started process 22522 to run task
[2024-01-02T17:45:07.462+0530] {standard_task_runner.py:84} INFO - Running: ['airflow', 'tasks', 'run', 'Cricbuzz_ETL', 'branch_task', 'scheduled__2023-12-30T00:00:00+00:00', '--job-id', '533', '--raw', '--subdir', 'DAGS_FOLDER/Crickbuzz_dag.py', '--cfg-path', '/tmp/tmp18nr6g1y']
[2024-01-02T17:45:07.463+0530] {standard_task_runner.py:85} INFO - Job 533: Subtask branch_task
[2024-01-02T17:45:07.492+0530] {task_command.py:416} INFO - Running <TaskInstance: Cricbuzz_ETL.branch_task scheduled__2023-12-30T00:00:00+00:00 [running]> on host Iris
[2024-01-02T17:45:07.548+0530] {taskinstance.py:1662} INFO - Exporting env vars: AIRFLOW_CTX_DAG_OWNER='airflow' AIRFLOW_CTX_DAG_ID='Cricbuzz_ETL' AIRFLOW_CTX_TASK_ID='branch_task' AIRFLOW_CTX_EXECUTION_DATE='2023-12-30T00:00:00+00:00' AIRFLOW_CTX_TRY_NUMBER='1' AIRFLOW_CTX_DAG_RUN_ID='scheduled__2023-12-30T00:00:00+00:00'
[2024-01-02T17:45:07.548+0530] {logging_mixin.py:154} INFO - execution_date = 2023-12-30
[2024-01-02T17:45:07.548+0530] {python.py:194} INFO - Done. Returned value was: skip_task
[2024-01-02T17:45:07.549+0530] {python.py:227} INFO - Branch callable return skip_task
[2024-01-02T17:45:07.549+0530] {skipmixin.py:173} INFO - Following branch skip_task
[2024-01-02T17:45:07.557+0530] {skipmixin.py:239} INFO - Skipping tasks [('run_task', -1)]
[2024-01-02T17:45:07.587+0530] {taskinstance.py:1400} INFO - Marking task as SUCCESS. dag_id=Cricbuzz_ETL, task_id=branch_task, execution_date=20231230T000000, start_date=20240102T121507, end_date=20240102T121507
[2024-01-02T17:45:07.634+0530] {local_task_job_runner.py:228} INFO - Task exited with return code 0
[2024-01-02T17:45:07.663+0530] {taskinstance.py:2778} INFO - 1 downstream tasks scheduled from follow-on schedule check
[2024-01-02T17:54:53.780+0530] {taskinstance.py:1159} INFO - Dependencies all met for dep_context=non-requeueable deps ti=<TaskInstance: Cricbuzz_ETL.branch_task scheduled__2023-12-30T00:00:00+00:00 [queued]>
[2024-01-02T17:54:53.788+0530] {taskinstance.py:1159} INFO - Dependencies all met for dep_context=requeueable deps ti=<TaskInstance: Cricbuzz_ETL.branch_task scheduled__2023-12-30T00:00:00+00:00 [queued]>
[2024-01-02T17:54:53.788+0530] {taskinstance.py:1361} INFO - Starting attempt 1 of 2
[2024-01-02T17:54:53.802+0530] {taskinstance.py:1382} INFO - Executing <Task(BranchPythonOperator): branch_task> on 2023-12-30 00:00:00+00:00
[2024-01-02T17:54:53.805+0530] {standard_task_runner.py:57} INFO - Started process 24822 to run task
[2024-01-02T17:54:53.807+0530] {standard_task_runner.py:84} INFO - Running: ['airflow', 'tasks', 'run', 'Cricbuzz_ETL', 'branch_task', 'scheduled__2023-12-30T00:00:00+00:00', '--job-id', '537', '--raw', '--subdir', 'DAGS_FOLDER/Crickbuzz_dag.py', '--cfg-path', '/tmp/tmplq0jg_rl']
[2024-01-02T17:54:53.808+0530] {standard_task_runner.py:85} INFO - Job 537: Subtask branch_task
[2024-01-02T17:54:53.838+0530] {task_command.py:416} INFO - Running <TaskInstance: Cricbuzz_ETL.branch_task scheduled__2023-12-30T00:00:00+00:00 [running]> on host Iris
[2024-01-02T17:54:53.893+0530] {taskinstance.py:1662} INFO - Exporting env vars: AIRFLOW_CTX_DAG_OWNER='airflow' AIRFLOW_CTX_DAG_ID='Cricbuzz_ETL' AIRFLOW_CTX_TASK_ID='branch_task' AIRFLOW_CTX_EXECUTION_DATE='2023-12-30T00:00:00+00:00' AIRFLOW_CTX_TRY_NUMBER='1' AIRFLOW_CTX_DAG_RUN_ID='scheduled__2023-12-30T00:00:00+00:00'
[2024-01-02T17:54:53.894+0530] {logging_mixin.py:154} INFO - execution_date = 2023-12-30
[2024-01-02T17:54:53.894+0530] {python.py:194} INFO - Done. Returned value was: skip_task
[2024-01-02T17:54:53.894+0530] {python.py:227} INFO - Branch callable return skip_task
[2024-01-02T17:54:53.894+0530] {skipmixin.py:173} INFO - Following branch skip_task
[2024-01-02T17:54:53.900+0530] {skipmixin.py:239} INFO - Skipping tasks [('run_task', -1)]
[2024-01-02T17:54:53.930+0530] {taskinstance.py:1400} INFO - Marking task as SUCCESS. dag_id=Cricbuzz_ETL, task_id=branch_task, execution_date=20231230T000000, start_date=20240102T122453, end_date=20240102T122453
[2024-01-02T17:54:53.979+0530] {local_task_job_runner.py:228} INFO - Task exited with return code 0
[2024-01-02T17:54:54.010+0530] {taskinstance.py:2778} INFO - 1 downstream tasks scheduled from follow-on schedule check
[2024-01-02T18:39:54.236+0530] {taskinstance.py:1159} INFO - Dependencies all met for dep_context=non-requeueable deps ti=<TaskInstance: Cricbuzz_ETL.branch_task scheduled__2023-12-30T00:00:00+00:00 [queued]>
[2024-01-02T18:39:54.240+0530] {taskinstance.py:1159} INFO - Dependencies all met for dep_context=requeueable deps ti=<TaskInstance: Cricbuzz_ETL.branch_task scheduled__2023-12-30T00:00:00+00:00 [queued]>
[2024-01-02T18:39:54.241+0530] {taskinstance.py:1361} INFO - Starting attempt 1 of 2
[2024-01-02T18:39:54.249+0530] {taskinstance.py:1382} INFO - Executing <Task(BranchPythonOperator): branch_task> on 2023-12-30 00:00:00+00:00
[2024-01-02T18:39:54.251+0530] {standard_task_runner.py:57} INFO - Started process 10739 to run task
[2024-01-02T18:39:54.253+0530] {standard_task_runner.py:84} INFO - Running: ['airflow', 'tasks', 'run', 'Cricbuzz_ETL', 'branch_task', 'scheduled__2023-12-30T00:00:00+00:00', '--job-id', '563', '--raw', '--subdir', 'DAGS_FOLDER/Crickbuzz_dag.py', '--cfg-path', '/tmp/tmpdb1ocow4']
[2024-01-02T18:39:54.254+0530] {standard_task_runner.py:85} INFO - Job 563: Subtask branch_task
[2024-01-02T18:39:54.275+0530] {task_command.py:416} INFO - Running <TaskInstance: Cricbuzz_ETL.branch_task scheduled__2023-12-30T00:00:00+00:00 [running]> on host Iris
[2024-01-02T18:39:54.309+0530] {taskinstance.py:1662} INFO - Exporting env vars: AIRFLOW_CTX_DAG_OWNER='airflow' AIRFLOW_CTX_DAG_ID='Cricbuzz_ETL' AIRFLOW_CTX_TASK_ID='branch_task' AIRFLOW_CTX_EXECUTION_DATE='2023-12-30T00:00:00+00:00' AIRFLOW_CTX_TRY_NUMBER='1' AIRFLOW_CTX_DAG_RUN_ID='scheduled__2023-12-30T00:00:00+00:00'
[2024-01-02T18:39:54.310+0530] {logging_mixin.py:154} INFO - execution_date = 2023-12-30
[2024-01-02T18:39:54.310+0530] {python.py:194} INFO - Done. Returned value was: skip_task
[2024-01-02T18:39:54.310+0530] {python.py:227} INFO - Branch callable return skip_task
[2024-01-02T18:39:54.310+0530] {skipmixin.py:173} INFO - Following branch skip_task
[2024-01-02T18:39:54.314+0530] {skipmixin.py:239} INFO - Skipping tasks [('run_task', -1)]
[2024-01-02T18:39:54.335+0530] {taskinstance.py:1400} INFO - Marking task as SUCCESS. dag_id=Cricbuzz_ETL, task_id=branch_task, execution_date=20231230T000000, start_date=20240102T130954, end_date=20240102T130954
[2024-01-02T18:39:54.344+0530] {local_task_job_runner.py:228} INFO - Task exited with return code 0
[2024-01-02T18:39:54.361+0530] {taskinstance.py:2778} INFO - 1 downstream tasks scheduled from follow-on schedule check
[2024-01-02T18:46:09.094+0530] {taskinstance.py:1159} INFO - Dependencies all met for dep_context=non-requeueable deps ti=<TaskInstance: Cricbuzz_ETL.branch_task scheduled__2023-12-30T00:00:00+00:00 [queued]>
[2024-01-02T18:46:09.098+0530] {taskinstance.py:1159} INFO - Dependencies all met for dep_context=requeueable deps ti=<TaskInstance: Cricbuzz_ETL.branch_task scheduled__2023-12-30T00:00:00+00:00 [queued]>
[2024-01-02T18:46:09.098+0530] {taskinstance.py:1361} INFO - Starting attempt 1 of 2
[2024-01-02T18:46:09.107+0530] {taskinstance.py:1382} INFO - Executing <Task(BranchPythonOperator): branch_task> on 2023-12-30 00:00:00+00:00
[2024-01-02T18:46:09.109+0530] {standard_task_runner.py:57} INFO - Started process 15512 to run task
[2024-01-02T18:46:09.111+0530] {standard_task_runner.py:84} INFO - Running: ['airflow', 'tasks', 'run', 'Cricbuzz_ETL', 'branch_task', 'scheduled__2023-12-30T00:00:00+00:00', '--job-id', '565', '--raw', '--subdir', 'DAGS_FOLDER/Crickbuzz_dag.py', '--cfg-path', '/tmp/tmpsziela3g']
[2024-01-02T18:46:09.111+0530] {standard_task_runner.py:85} INFO - Job 565: Subtask branch_task
[2024-01-02T18:46:09.142+0530] {task_command.py:416} INFO - Running <TaskInstance: Cricbuzz_ETL.branch_task scheduled__2023-12-30T00:00:00+00:00 [running]> on host Iris
[2024-01-02T18:46:09.192+0530] {taskinstance.py:1662} INFO - Exporting env vars: AIRFLOW_CTX_DAG_OWNER='airflow' AIRFLOW_CTX_DAG_ID='Cricbuzz_ETL' AIRFLOW_CTX_TASK_ID='branch_task' AIRFLOW_CTX_EXECUTION_DATE='2023-12-30T00:00:00+00:00' AIRFLOW_CTX_TRY_NUMBER='1' AIRFLOW_CTX_DAG_RUN_ID='scheduled__2023-12-30T00:00:00+00:00'
[2024-01-02T18:46:09.193+0530] {logging_mixin.py:154} INFO - execution_date = 2023-12-30
[2024-01-02T18:46:09.193+0530] {python.py:194} INFO - Done. Returned value was: skip_task
[2024-01-02T18:46:09.193+0530] {python.py:227} INFO - Branch callable return skip_task
[2024-01-02T18:46:09.193+0530] {skipmixin.py:173} INFO - Following branch skip_task
[2024-01-02T18:46:09.198+0530] {skipmixin.py:239} INFO - Skipping tasks [('run_task', -1)]
[2024-01-02T18:46:09.222+0530] {taskinstance.py:1400} INFO - Marking task as SUCCESS. dag_id=Cricbuzz_ETL, task_id=branch_task, execution_date=20231230T000000, start_date=20240102T131609, end_date=20240102T131609
[2024-01-02T18:46:09.242+0530] {local_task_job_runner.py:228} INFO - Task exited with return code 0
[2024-01-02T18:46:09.264+0530] {taskinstance.py:2778} INFO - 1 downstream tasks scheduled from follow-on schedule check
